iagent-buyan АМЫР-ПК 02/09/2015 14:39:51
iagent-kizil1 TYVA1 02/09/2015 14:56:34
iagent-kizil3 MICROSOF-7018BB 02/09/2015 15:16:02
iagent-buyan АМЫР-ПК 02/09/2015 16:01:39
iagent-buyan АМЫР-ПК 02/09/2015 16:34:52
abk_arm_krepost CREDIT 02/09/2015 16:45:24
abk_arm_anugin KASSA 02/09/2015 16:49:49
iagent-kizil3 MICROSOF-7018BB 02/10/2015 09:30:20
iagent-buyan АМЫР-ПК 02/10/2015 10:00:15
abk_arm_anugin KASSA 02/10/2015 10:07:44
iagent-kizil1 TYVA1 02/10/2015 11:41:23
iagent-buyan АМЫР-ПК 02/10/2015 12:18:31
iagent-kizil3 MICROSOF-7018BB 02/10/2015 13:03:53
iagent-buyan АМЫР-ПК 02/10/2015 14:16:13
iagent-buyan АМЫР-ПК 02/10/2015 15:26:38
iagent-kizil3 MICROSOF-7018BB 02/10/2015 16:03:34
abk_arm_anugin KASSA 02/10/2015 16:40:55
abk_arm_anugin KASSA 02/11/2015 09:30:08
iagent-kizil3 MICROSOF-7018BB 02/11/2015 10:22:52
iagent-kizil3 MICROSOF-7018BB 02/11/2015 10:55:51
iagent-kizil1 TYVA1 02/11/2015 11:35:01
abk_arm_krepost CREDIT 02/11/2015 11:57:06
iagent-kizil3 E-MACHINES-ПК 02/11/2015 14:10:21
iagent-kizil3 E-MACHINES-ПК 02/11/2015 14:32:45
iagent-kizil3 E-MACHINES-ПК 02/11/2015 15:14:50
iagent-kizil1 TYVA1 02/11/2015 16:01:52
abk_arm_anugin KASSA 02/11/2015 16:05:25
abk_arm_redut PC7 02/11/2015 16:11:08
iagent-buyan АМЫР-ПК 02/11/2015 17:09:46
iagent-kizil3 MICROSOF-7018BB 02/11/2015 17:16:10
abk_arm_krepost CREDIT 02/11/2015 18:07:01
iagent-kizil1 TYVA1 02/12/2015 09:02:34
iagent-kizil3 MICROSOF-7018BB 02/12/2015 10:22:42
iagent-kizil1 TYVA1 02/12/2015 12:22:03
abk_arm_krepost CREDIT 02/12/2015 12:27:14
iagent-kizil1 TYVA1 02/12/2015 13:46:41
abk_arm_anugin KASSA 02/12/2015 14:25:46
iagent-kizil1 TYVA1 02/13/2015 09:09:44
iagent-buyan АМЫР-ПК 02/13/2015 09:38:25
iagent-kizil3 MICROSOF-7018BB 02/13/2015 09:57:57
iagent-buyan АМЫР-ПК 02/13/2015 12:16:22
abk_arm_krepost CREDIT 02/13/2015 12:29:25
iagent-kizil1 TYVA1 02/13/2015 13:28:44
iagent-kizil3 E-MACHINES-ПК 02/13/2015 13:51:57
iagent-buyan АМЫР-ПК 02/13/2015 14:51:58
iagent-kizil3 MICROSOF-7018BB 02/13/2015 15:11:48
abk_arm_anugin KASSA 02/13/2015 16:45:12
abk_arm_krepost CREDIT 02/14/2015 11:36:24
iagent-buyan АМЫР-ПК 02/14/2015 12:44:56
abk_arm_krepost CREDIT 02/14/2015 12:47:12
iagent-kizil1 TYVA1 02/14/2015 12:55:03
iagent-buyan АМЫР-ПК 02/14/2015 14:04:41
iagent-buyan АМЫР-ПК 02/14/2015 15:11:54
abk_arm_anugin KASSA 02/16/2015 09:08:09
iagent-kizil1 TYVA1 02/16/2015 09:21:09
abk_arm_krepost CREDIT 02/16/2015 10:47:57
abk_arm_redut FCA-RECEPTION-1 02/16/2015 14:09:52
abk_arm_anugin KASSA 02/16/2015 14:20:27
iagent-kizil1 TYVA1 02/16/2015 16:29:04
iagent-buyan АМЫР-ПК 02/16/2015 16:32:38
iagent-kizil1 TYVA1 02/16/2015 18:24:32
iagent-buyan АМЫР-ПК 02/17/2015 09:21:32
iagent-kizil3 E-MACHINES-ПК 02/17/2015 09:23:16
iagent-buyan АМЫР-ПК 02/17/2015 09:52:14
iagent-kizil3 E-MACHINES-ПК 02/17/2015 10:02:51
abk_arm_anugin KASSA 02/17/2015 10:19:15
iagent-buyan АМЫР-ПК 02/17/2015 10:46:11
iagent-kizil3 E-MACHINES-ПК 02/17/2015 11:08:39
abk_arm_krepost CREDIT 02/17/2015 11:23:14
iagent-kizil1 TYVA1 02/17/2015 11:46:41
iagent-buyan АМЫР-ПК 02/17/2015 12:42:37
abk_arm_anugin KASSA 02/17/2015 13:15:14
iagent-buyan АМЫР-ПК 02/17/2015 14:23:17
iagent-buyan АМЫР-ПК 02/17/2015 14:40:09
iagent-buyan АМЫР-ПК 02/17/2015 15:33:35
iagent-buyan АМЫР-ПК 02/17/2015 16:09:01
abk_arm_anugin KASSA 02/18/2015 09:17:50
iagent-buyan АМЫР-ПК 02/18/2015 09:34:18
iagent-kizil1 TYVA1 02/18/2015 09:37:00
iagent-buyan АМЫР-ПК 02/18/2015 10:17:37
iagent-buyan АМЫР-ПК 02/18/2015 11:43:07
iagent-buyan АМЫР-ПК 02/18/2015 11:52:43
iagent-buyan АМЫР-ПК 02/18/2015 12:48:43
abk_arm_anugin KASSA 02/19/2015 10:47:15
iagent-kizil1 TYVA1 02/19/2015 13:35:15
abk_arm_anugin KASSA 02/19/2015 15:01:46
iagent-kizil1 TYVA1 02/19/2015 17:09:33
abk_arm_anugin KASSA 02/20/2015 11:09:03
iagent-kizil1 TYVA1 02/20/2015 11:35:15
iagent-buyan АМЫР-ПК 02/20/2015 12:42:11
iagent-kizil1 TYVA1 02/20/2015 14:22:48
iagent-buyan АМЫР-ПК 02/20/2015 14:49:25
abk_arm_anugin KASSA 02/20/2015 16:40:58
iagent-buyan АМЫР-ПК 02/20/2015 17:17:09
iagent-buyan АМЫР-ПК 02/21/2015 09:45:12
iagent-buyan АМЫР-ПК 02/21/2015 10:13:06
iagent-kizil2 BRUCE 02/21/2015 10:16:59
iagent-kizil1 TYVA1 02/21/2015 15:07:26
abk_arm_anugin KASSA 02/24/2015 12:08:30
iagent-kizil2 BRUCE 02/24/2015 12:13:46
abk_arm_krepost CREDIT 02/24/2015 12:24:31
iagent-kizil3 MICROSOF-7018BB 02/24/2015 12:32:02
iagent-kizil2 BRUCE 02/24/2015 12:39:15
iagent-kizil2 BRUCE 02/24/2015 13:39:48
iagent-kizil2 BRUCE 02/24/2015 14:25:58
abk_arm_anugin KASSA 02/24/2015 15:25:17
abk_arm_anugin KASSA 02/24/2015 16:56:27
abk_arm_anugin KASSA 02/25/2015 08:16:41
abk_arm_krepost CREDIT 02/25/2015 09:16:38
iagent-kizil1 TYVA1 02/25/2015 09:37:35
iagent-kizil3 MICROSOF-7018BB 02/25/2015 09:45:37
iagent-kizil2 BRUCE 02/25/2015 11:34:08
iagent-kizil3 E-MACHINES-ПК 02/25/2015 12:16:59
abk_arm_anugin KASSA 02/25/2015 12:53:50
iagent-kizil1 TYVA1 02/25/2015 13:17:36
iagent-kizil3 MICROSOF-7018BB 02/25/2015 14:21:40
iagent-kizil3 E-MACHINES-ПК 02/25/2015 14:35:49
iagent-kizil3 E-MACHINES-ПК 02/25/2015 16:24:45
iagent-kizil3 E-MACHINES-ПК 02/25/2015 16:42:37
abk_arm_anugin KASSA 02/26/2015 09:08:50
abk_arm_krepost CREDIT 02/26/2015 09:29:11
iagent-kizil1 TYVA1 02/26/2015 10:04:50
iagent-kizil3 MICROSOF-7018BB 02/26/2015 10:07:16
iagent-buyan АМЫР-ПК 02/26/2015 10:15:07
iagent-buyan АМЫР-ПК 02/26/2015 11:16:45
iagent-buyan АМЫР-ПК 02/26/2015 12:20:38
abk_arm_krepost CREDIT 02/26/2015 13:24:55
abk_arm_krepost CREDIT 02/26/2015 13:37:45
abk_arm_krepost CREDIT 02/26/2015 14:14:54
iagent-kizil3 MICROSOF-7018BB 02/26/2015 14:16:47
abk_arm_krepost CREDIT 02/26/2015 14:31:05
iagent-buyan АМЫР-ПК 02/26/2015 14:34:38
iagent-kizil3 E-MACHINES-ПК 02/26/2015 14:47:28
abk_arm_krepost CREDIT 02/26/2015 15:11:10
iagent-buyan АМЫР-ПК 02/26/2015 15:19:57
iagent-kizil1 TYVA1 02/26/2015 15:43:18
iagent-buyan АМЫР-ПК 02/26/2015 16:00:20
iagent-kizil1 TYVA1 02/26/2015 16:07:00
iagent-buyan АМЫР-ПК 02/26/2015 16:09:03
iagent-buyan АМЫР-ПК 02/26/2015 16:24:59
abk_arm_anugin KASSA 02/26/2015 16:28:29
iagent-kizil3 MICROSOF-7018BB 02/26/2015 16:39:12
iagent-buyan АМЫР-ПК 02/26/2015 16:48:33
abk_arm_anugin KASSA 02/26/2015 16:56:41
iagent-kizil1 TYVA1 02/26/2015 16:59:29
abk_arm_krepost CREDIT 02/26/2015 17:20:22
iagent-kizil1 TYVA1 02/26/2015 17:41:41
iagent-kizil3 MICROSOF-7018BB 02/26/2015 17:56:22
abk_arm_anugin KASSA 02/27/2015 08:09:52
iagent-kizil3 MICROSOF-7018BB 02/27/2015 08:38:45
iagent-kizil3 E-MACHINES-ПК 02/27/2015 08:47:21
iagent-kizil1 TYVA1 02/27/2015 09:13:44
iagent-buyan АМЫР-ПК 02/27/2015 09:27:29
iagent-buyan АМЫР-ПК 02/27/2015 10:24:36
abk_arm_anugin KASSA 02/27/2015 13:09:22
iagent-kizil3 MICROSOF-7018BB 02/27/2015 13:35:36
iagent-buyan АМЫР-ПК 02/27/2015 15:56:19
iagent-kizil1 TYVA1 02/27/2015 16:48:37
iagent-buyan АМЫР-ПК 02/27/2015 16:48:59
iagent-buyan АМЫР-ПК 02/28/2015 10:12:18
iagent-buyan АМЫР-ПК 02/28/2015 10:52:44
iagent-buyan АМЫР-ПК 02/28/2015 12:51:36
iagent-kizil1 TYVA1 02/28/2015 13:14:16
iagent-buyan АМЫР-ПК 02/28/2015 14:06:51
iagent-kizil1 TYVA1 03/02/2015 09:10:21
abk_arm_krepost CREDIT 03/02/2015 10:34:58
iagent-buyan АМЫР-ПК 03/02/2015 10:46:36
iagent-kizil3 E-MACHINES-ПК 03/02/2015 10:56:30
iagent-buyan АМЫР-ПК 03/02/2015 11:01:30
abk_arm_anugin KASSA 03/02/2015 11:06:58
iagent-buyan АМЫР-ПК 03/02/2015 11:18:25
iagent-kizil1 TYVA1 03/02/2015 11:51:34
iagent-buyan АМЫР-ПК 03/02/2015 12:35:14
iagent-buyan АМЫР-ПК 03/02/2015 13:04:41
abk_arm_anugin KASSA 03/02/2015 13:05:12
iagent-kizil3 E-MACHINES-ПК 03/02/2015 14:09:37
iagent-buyan АМЫР-ПК 03/02/2015 14:09:38
iagent-buyan АМЫР-ПК 03/02/2015 15:12:48
iagent-buyan АМЫР-ПК 03/02/2015 16:05:41
iagent-kizil3 E-MACHINES-ПК 03/02/2015 16:15:54
iagent-buyan АМЫР-ПК 03/02/2015 16:56:22
abk_arm_krepost CREDIT 03/02/2015 17:01:41
iagent-kizil1 TYVA1 03/03/2015 09:48:56
iagent-kizil3 MICROSOF-7018BB 03/03/2015 10:24:18
abk_arm_anugin KASSA 03/03/2015 10:38:07
iagent-kizil3 E-MACHINES-ПК 03/03/2015 13:55:45
iagent-kizil1 TYVA1 03/03/2015 14:14:59
iagent-kizil3 MICROSOF-7018BB 03/03/2015 15:46:03
abk_arm_krepost CREDIT 03/03/2015 15:56:55
iagent-kizil1 TYVA1 03/03/2015 16:49:49
iagent-kizil3 E-MACHINES-ПК 03/03/2015 17:04:09
iagent-kizil1 TYVA1 03/03/2015 18:06:54
abk_arm_krepost CREDIT 03/04/2015 09:09:52
iagent-kizil3 E-MACHINES-ПК 03/04/2015 09:16:10
abk_arm_redut PC7 03/04/2015 10:04:22
iagent-buyan АМЫР-ПК 03/04/2015 11:03:53
abk_arm_anugin KASSA 03/04/2015 11:41:08
iagent-buyan АМЫР-ПК 03/04/2015 11:57:55
iagent-buyan АМЫР-ПК 03/04/2015 14:23:57
iagent-buyan АМЫР-ПК 03/04/2015 14:27:16
iagent-buyan АМЫР-ПК 03/04/2015 15:36:38
iagent-buyan АМЫР-ПК 03/04/2015 16:33:51
abk_arm_krepost CREDIT 03/04/2015 18:03:14
iagent-buyan АМЫР-ПК 03/05/2015 09:36:55
iagent-kizil2 BRUCE 03/05/2015 09:45:50
iagent-kizil2 BRUCE 03/05/2015 10:00:07
iagent-kizil1 TYVA1 03/05/2015 10:11:24
iagent-buyan АМЫР-ПК 03/05/2015 10:12:39
iagent-kizil2 BRUCE 03/05/2015 10:53:07
abk_arm_anugin KASSA 03/05/2015 11:52:07
iagent-buyan АМЫР-ПК 03/05/2015 12:32:50
iagent-buyan АМЫР-ПК 03/05/2015 13:03:10
iagent-buyan АМЫР-ПК 03/05/2015 15:30:20
iagent-buyan АМЫР-ПК 03/05/2015 16:02:19
iagent-buyan АМЫР-ПК 03/05/2015 18:22:51
iagent-kizil1 TYVA1 03/06/2015 09:31:04
iagent-buyan АМЫР-ПК 03/06/2015 10:17:18
iagent-kizil2 BRUCE 03/06/2015 10:49:33
iagent-kizil2 BRUCE 03/06/2015 11:25:33
iagent-buyan АМЫР-ПК 03/06/2015 13:08:02
iagent-buyan АМЫР-ПК 03/06/2015 14:19:20
iagent-kizil2 BRUCE 03/06/2015 15:07:00
iagent-kizil2 BRUCE 03/06/2015 15:20:20
iagent-buyan АМЫР-ПК 03/06/2015 16:11:00
iagent-kizil2 BRUCE 03/07/2015 10:54:25
iagent-kizil2 BRUCE 03/07/2015 12:03:54
iagent-kizil2 BRUCE 03/07/2015 13:17:15
iagent-kizil2 BRUCE 03/07/2015 14:30:24
iagent-kizil2 BRUCE 03/07/2015 15:09:11
iagent-kizil2 BRUCE 03/07/2015 15:36:20
iagent-kizil2 BRUCE 03/09/2015 11:46:12
abk_arm_krepost CREDIT 03/09/2015 14:49:15
iagent-buyan АМЫР-ПК 03/10/2015 09:19:12
iagent-kizil2 BRUCE 03/10/2015 09:22:11
iagent-kizil1 TYVA1 03/10/2015 09:36:29
iagent-kizil2 BRUCE 03/10/2015 09:49:23
iagent-buyan АМЫР-ПК 03/10/2015 10:20:14
abk_arm_anugin KASSA 03/10/2015 13:03:06
abk_arm_krepost CREDIT 03/10/2015 13:28:24
iagent-kizil1 TYVA1 03/10/2015 16:17:08
iagent-kizil1 TYVA1 03/10/2015 16:57:25
abk_arm_anugin KASSA 03/11/2015 09:43:49
iagent-kizil1 TYVA1 03/11/2015 09:47:03
iagent-kizil1 TYVA1 03/11/2015 10:10:17
iagent-buyan АМЫР-ПК 03/11/2015 10:14:58
iagent-buyan АМЫР-ПК 03/11/2015 11:31:23
abk_arm_krepost CREDIT 03/11/2015 12:45:04
abk_arm_redut PC7 03/11/2015 12:45:11
iagent-kizil1 TYVA1 03/11/2015 12:57:47
iagent-kizil1 TYVA1 03/11/2015 14:30:57
iagent-buyan АМЫР-ПК 03/11/2015 15:06:57
iagent-buyan АМЫР-ПК 03/11/2015 15:37:22
abk_arm_redut PC7 03/11/2015 16:15:04
abk_arm_krepost CREDIT 03/11/2015 17:57:42
iagent-buyan АМЫР-ПК 03/12/2015 09:56:29
iagent-buyan АМЫР-ПК 03/12/2015 10:25:44
abk_arm_anugin KASSA 03/12/2015 10:33:12
iagent-kizil2 BRUCE 03/12/2015 10:44:20
iagent-kizil2 BRUCE 03/12/2015 10:52:43
iagent-kizil2 BRUCE 03/12/2015 11:21:45
abk_arm_krepost CREDIT 03/12/2015 11:55:13
iagent-kizil2 BRUCE 03/12/2015 12:00:21
iagent-kizil2 BRUCE 03/12/2015 12:13:48
iagent-buyan АМЫР-ПК 03/12/2015 12:37:29
iagent-kizil2 BRUCE 03/12/2015 13:01:55
iagent-buyan АМЫР-ПК 03/12/2015 13:22:26
abk_arm_anugin KASSA 03/12/2015 13:29:08
abk_arm_redut PC7 03/12/2015 13:42:35
iagent-kizil2 BRUCE 03/12/2015 15:49:24
abk_arm_redut PC7 03/12/2015 16:10:15
abk_arm_redut PC7 03/12/2015 17:08:03
abk_arm_redut PC7 03/12/2015 17:12:17
abk_arm_redut PC7 03/12/2015 17:13:41
abk_arm_anugin KASSA 03/13/2015 08:40:29
abk_arm_redut PC7 03/13/2015 08:50:35
iagent-kizil1 TYVA1 03/13/2015 09:14:30
iagent-kizil2 BRUCE 03/13/2015 09:21:59
iagent-buyan АМЫР-ПК 03/13/2015 09:37:41
iagent-kizil2 BRUCE 03/13/2015 10:15:50
iagent-kizil2 BRUCE 03/13/2015 11:29:57
abk_arm_anugin KASSA 03/13/2015 12:25:54
iagent-kizil2 E-MACHINES-ПК 03/13/2015 12:38:10
iagent-buyan АМЫР-ПК 03/13/2015 12:55:49
iagent-kizil2 E-MACHINES-ПК 03/13/2015 13:06:07
abk_arm_krepost CREDIT 03/13/2015 13:40:28
abk_arm_redut PC7 03/13/2015 14:12:44
iagent-kizil2 BRUCE 03/13/2015 15:26:33
abk_arm_anugin KASSA 03/13/2015 16:24:04
iagent-buyan АМЫР-ПК 03/13/2015 16:24:34
iagent-buyan АМЫР-ПК 03/13/2015 17:18:15
iagent-kizil1 TYVA1 03/13/2015 18:08:20
iagent-kizil2 E-MACHINES-ПК 03/14/2015 09:55:16
iagent-buyan АМЫР-ПК 03/14/2015 10:23:22
iagent-kizil2 E-MACHINES-ПК 03/14/2015 10:32:31
iagent-buyan АМЫР-ПК 03/14/2015 10:34:15
iagent-buyan АМЫР-ПК 03/14/2015 11:22:39
iagent-buyan АМЫР-ПК 03/14/2015 12:45:33
iagent-kizil2 E-MACHINES-ПК 03/14/2015 13:19:44
iagent-kizil1 TYVA1 03/14/2015 14:02:37
iagent-buyan АМЫР-ПК 03/14/2015 14:13:37
iagent-kizil1 TYVA1 03/14/2015 16:58:38
abk_arm_anugin KASSA 03/16/2015 08:23:24
abk_arm_krepost CREDIT 03/16/2015 08:56:51
iagent-kizil1 TYVA1 03/16/2015 09:49:46
iagent-buyan АМЫР-ПК 03/16/2015 10:42:35
abk_arm_krepost CREDIT 03/16/2015 10:44:14
iagent-buyan АМЫР-ПК 03/16/2015 11:13:37
iagent-buyan АМЫР-ПК 03/16/2015 13:54:09
iagent-kizil1 TYVA1 03/16/2015 14:03:01
iagent-buyan АМЫР-ПК 03/16/2015 16:19:07
abk_arm_anugin KASSA 03/17/2015 10:29:39
abk_arm_krepost CREDIT 03/17/2015 11:45:57
iagent-kizil1 TYVA1 03/17/2015 12:22:24
abk_arm_anugin KASSA 03/17/2015 14:35:39
iagent-kizil1 TYVA1 03/17/2015 15:30:11
abk_arm_anugin KASSA 03/18/2015 09:10:16
iagent-kizil2 E-MACHINES-ПК 03/18/2015 09:39:22
abk_arm_krepost CREDIT 03/18/2015 09:39:51
iagent-buyan АМЫР-ПК 03/18/2015 10:11:50
iagent-kizil1 TYVA1 03/18/2015 10:18:46
iagent-buyan АМЫР-ПК 03/18/2015 12:46:49
iagent-buyan АМЫР-ПК 03/18/2015 15:09:17
iagent-buyan АМЫР-ПК 03/18/2015 15:58:31
abk_arm_krepost CREDIT 03/18/2015 16:23:03
abk_arm_krepost CREDIT 03/18/2015 16:53:00
iagent-kizil2 E-MACHINES-ПК 03/18/2015 17:20:09
iagent-kizil1 TYVA1 03/19/2015 08:38:55
iagent-buyan АМЫР-ПК 03/19/2015 09:06:52
abk_arm_anugin KASSA 03/19/2015 09:38:21
iagent-kizil2 E-MACHINES-ПК 03/19/2015 10:12:13
iagent-buyan АМЫР-ПК 03/19/2015 10:21:08
iagent-kizil2 BRUCE 03/19/2015 10:57:48
iagent-buyan АМЫР-ПК 03/19/2015 11:31:52
iagent-kizil2 BRUCE 03/19/2015 11:40:41
abk_arm_redut PC7 03/19/2015 11:50:54
iagent-buyan АМЫР-ПК 03/19/2015 12:00:09
iagent-buyan АМЫР-ПК 03/19/2015 13:45:25
iagent-kizil2 E-MACHINES-ПК 03/19/2015 15:56:37
abk_arm_anugin KASSA 03/20/2015 08:52:39
iagent-buyan АМЫР-ПК 03/20/2015 09:30:57
iagent-buyan АМЫР-ПК 03/20/2015 10:00:53
iagent-kizil2 E-MACHINES-ПК 03/20/2015 10:10:07
iagent-buyan АМЫР-ПК 03/20/2015 10:27:47
iagent-buyan АМЫР-ПК 03/20/2015 11:26:01
iagent-kizil2 E-MACHINES-ПК 03/20/2015 13:41:56
iagent-buyan АМЫР-ПК 03/20/2015 14:37:36
iagent-kizil2 E-MACHINES-ПК 03/20/2015 15:34:45
abk_arm_anugin KASSA 03/20/2015 16:33:02
iagent-kizil2 E-MACHINES-ПК 03/21/2015 09:00:37
iagent-kizil2 E-MACHINES-ПК 03/21/2015 09:30:15
iagent-buyan АМЫР-ПК 03/21/2015 10:02:17
iagent-buyan АМЫР-ПК 03/21/2015 10:38:35
iagent-kizil2 E-MACHINES-ПК 03/21/2015 11:10:00
iagent-buyan АМЫР-ПК 03/21/2015 11:18:36
iagent-buyan АМЫР-ПК 03/21/2015 12:11:25
iagent-buyan АМЫР-ПК 03/21/2015 12:43:01
iagent-buyan АМЫР-ПК 03/21/2015 14:08:17
iagent-buyan АМЫР-ПК 03/21/2015 15:14:56
iagent-buyan АМЫР-ПК 03/21/2015 16:03:46
iagent-buyan АМЫР-ПК 03/21/2015 16:25:59
abk_arm_anugin KASSA 03/23/2015 08:37:17
iagent-kizil1 TYVA1 03/23/2015 09:16:07
iagent-buyan АМЫР-ПК 03/23/2015 09:24:16
iagent-buyan АМЫР-ПК 03/23/2015 10:25:03
iagent-buyan АМЫР-ПК 03/23/2015 11:57:19
abk_arm_anugin KASSA 03/23/2015 12:02:35
iagent-buyan АМЫР-ПК 03/23/2015 14:03:29
iagent-buyan АМЫР-ПК 03/23/2015 14:39:21
abk_arm_krepost CREDIT 03/23/2015 17:37:16
iagent-buyan АМЫР-ПК 03/23/2015 18:43:55
abk_arm_anugin KASSA 03/24/2015 08:36:25
iagent-kizil1 TYVA1 03/24/2015 08:45:34
iagent-kizil2 E-MACHINES-ПК 03/24/2015 09:20:17
iagent-buyan АМЫР-ПК 03/24/2015 09:26:02
iagent-kizil2 E-MACHINES-ПК 03/24/2015 09:50:40
iagent-kizil2 E-MACHINES-ПК 03/24/2015 10:19:48
abk_arm_krepost CREDIT 03/24/2015 10:25:36
iagent-buyan АМЫР-ПК 03/24/2015 11:44:29
iagent-buyan АМЫР-ПК 03/24/2015 12:10:55
iagent-kizil2 E-MACHINES-ПК 03/24/2015 12:22:49
iagent-kizil2 E-MACHINES-ПК 03/24/2015 13:46:05
iagent-buyan АМЫР-ПК 03/24/2015 14:13:46
abk_arm_krepost CREDIT 03/24/2015 14:21:24
iagent-kizil2 E-MACHINES-ПК 03/24/2015 14:33:13
iagent-kizil2 E-MACHINES-ПК 03/24/2015 14:56:51
iagent-buyan АМЫР-ПК 03/24/2015 15:15:41
iagent-buyan АМЫР-ПК 03/24/2015 15:46:58
abk_arm_anugin KASSA 03/24/2015 15:53:03
iagent-kizil1 TYVA1 03/25/2015 09:16:55
abk_arm_anugin KASSA 03/25/2015 09:27:06
abk_arm_anugin KASSA 03/25/2015 10:24:41
iagent-kizil1 TYVA1 03/25/2015 10:41:00
abk_arm_anugin KASSA 03/25/2015 13:55:50
abk_arm_krepost CREDIT 03/25/2015 15:38:46
iagent-kizil1 TYVA1 03/25/2015 16:27:23
abk_arm_krepost CREDIT 03/25/2015 16:35:50
iagent-kizil1 TYVA1 03/26/2015 10:31:34
iagent-kizil1 TYVA1 03/26/2015 11:24:49
abk_arm_anugin KASSA 03/26/2015 11:26:42
iagent-buyan АМЫР-ПК 03/26/2015 11:36:53
iagent-kizil2 E-MACHINES-ПК 03/26/2015 13:05:09
iagent-buyan АМЫР-ПК 03/26/2015 13:07:34
iagent-buyan АМЫР-ПК 03/26/2015 14:21:24
iagent-kizil2 E-MACHINES-ПК 03/26/2015 14:38:47
iagent-buyan АМЫР-ПК 03/26/2015 14:56:05
abk_arm_anugin KASSA 03/26/2015 15:35:53
iagent-kizil2 E-MACHINES-ПК 03/26/2015 16:05:46
abk_arm_anugin KASSA 03/27/2015 08:29:16
iagent-buyan АМЫР-ПК 03/27/2015 09:12:36
iagent-buyan АМЫР-ПК 03/27/2015 09:32:05
iagent-kizil2 E-MACHINES-ПК 03/27/2015 11:15:59
iagent-kizil2 E-MACHINES-ПК 03/27/2015 11:37:51
iagent-buyan АМЫР-ПК 03/27/2015 13:48:25
iagent-kizil2 E-MACHINES-ПК 03/27/2015 14:14:07
iagent-buyan АМЫР-ПК 03/27/2015 14:14:07
abk_arm_anugin KASSA 03/27/2015 14:33:19
iagent-buyan АМЫР-ПК 03/27/2015 14:48:56
iagent-kizil2 E-MACHINES-ПК 03/27/2015 14:58:20
iagent-buyan АМЫР-ПК 03/27/2015 15:09:44
iagent-buyan АМЫР-ПК 03/27/2015 16:26:41
iagent-buyan АМЫР-ПК 03/28/2015 09:30:27
abk_arm_krepost CREDIT 03/28/2015 09:47:11
iagent-kizil2 E-MACHINES-ПК 03/28/2015 13:07:19
iagent-kizil2 E-MACHINES-ПК 03/28/2015 13:52:27
iagent-kizil2 E-MACHINES-ПК 03/28/2015 14:19:48
iagent-buyan АМЫР-ПК 03/28/2015 14:46:18
iagent-buyan АМЫР-ПК 03/28/2015 15:18:08
iagent-buyan АМЫР-ПК 03/28/2015 15:46:09
iagent-buyan АМЫР-ПК 03/28/2015 16:08:49
iagent-buyan АМЫР-ПК 03/30/2015 10:00:33
abk_arm_anugin KASSA 03/30/2015 10:15:09
abk_arm_krepost CREDIT 03/30/2015 10:26:15
abk_arm_anugin KASSA 03/30/2015 10:34:41
abk_arm_anugin KASSA 03/30/2015 10:59:27
iagent-buyan АМЫР-ПК 03/30/2015 11:40:30
abk_arm_krepost CREDIT 03/30/2015 11:58:55
abk_arm_anugin KASSA 03/30/2015 12:18:43
iagent-buyan АМЫР-ПК 03/30/2015 12:32:06
iagent-buyan АМЫР-ПК 03/30/2015 12:44:21
iagent-buyan АМЫР-ПК 03/30/2015 14:24:25
abk_arm_anugin KASSA 03/30/2015 14:45:50
iagent-buyan АМЫР-ПК 03/30/2015 15:30:56
iagent-buyan АМЫР-ПК 03/30/2015 16:16:38
abk_arm_krepost CREDIT 03/30/2015 16:23:15
iagent-buyan АМЫР-ПК 03/30/2015 16:48:03
iagent-buyan АМЫР-ПК 03/30/2015 17:10:58
iagent-buyan АМЫР-ПК 03/30/2015 18:26:38
iagent-buyan АМЫР-ПК 03/30/2015 18:31:44
abk_arm_anugin KASSA 03/31/2015 07:56:04
iagent-kizil1 TYVA1 03/31/2015 08:55:32
iagent-buyan АМЫР-ПК 03/31/2015 09:09:18
iagent-buyan АМЫР-ПК 03/31/2015 09:47:38
iagent-kizil2 E-MACHINES-ПК 03/31/2015 09:59:49
abk_arm_krepost CREDIT 03/31/2015 10:40:43
iagent-buyan АМЫР-ПК 03/31/2015 11:03:38
iagent-kizil2 E-MACHINES-ПК 03/31/2015 11:09:40
iagent-buyan АМЫР-ПК 03/31/2015 11:34:33
iagent-kizil2 E-MACHINES-ПК 03/31/2015 12:42:52
abk_arm_anugin KASSA 03/31/2015 13:08:15
iagent-buyan АМЫР-ПК 03/31/2015 14:12:06
iagent-kizil2 E-MACHINES-ПК 03/31/2015 14:45:09
iagent-buyan АМЫР-ПК 03/31/2015 14:59:18
iagent-kizil1 TYVA1 03/31/2015 15:44:45
abk_arm_krepost CREDIT 03/31/2015 15:48:07
abk_arm_anugin KASSA 03/31/2015 15:52:53
abk_arm_anugin KASSA 04/01/2015 08:18:00
iagent-kizil2 E-MACHINES-ПК 04/01/2015 09:02:07
iagent-kizil1 TYVA1 04/01/2015 09:02:53
abk_arm_krepost CREDIT 04/01/2015 09:19:18
iagent-kizil2 E-MACHINES-ПК 04/01/2015 09:39:46
iagent-kizil2 E-MACHINES-ПК 04/01/2015 10:25:37
iagent-kizil2 E-MACHINES-ПК 04/01/2015 11:03:41
iagent-kizil2 E-MACHINES-ПК 04/01/2015 12:06:41
iagent-kizil2 E-MACHINES-ПК 04/01/2015 13:28:07
iagent-kizil2 E-MACHINES-ПК 04/01/2015 13:44:25
iagent-kizil2 E-MACHINES-ПК 04/01/2015 14:36:10
iagent-kizil1 TYVA1 04/01/2015 14:37:50
iagent-kizil1 TYVA1 04/01/2015 16:14:12
abk_arm_anugin KASSA 04/02/2015 08:28:52
iagent-kizil1 TYVA1 04/02/2015 09:37:59
abk_arm_anugin KASSA 04/02/2015 11:47:17
abk_arm_krepost CREDIT 04/02/2015 16:08:29
iagent-kizil1 TYVA1 04/02/2015 16:14:22
iagent-kizil2 E-MACHINES-ПК 04/02/2015 21:49:34
abk_arm_anugin KASSA 04/03/2015 07:54:29
iagent-kizil1 TYVA1 04/03/2015 09:00:14
abk_arm_krepost CREDIT 04/03/2015 09:07:57
abk_arm_anugin KASSA 04/03/2015 10:44:21
abk_arm_anugin KASSA 04/03/2015 14:09:01
abk_arm_krepost CREDIT 04/03/2015 14:20:32
abk_arm_anugin KASSA 04/03/2015 16:02:27
abk_arm_krepost CREDIT 04/04/2015 09:33:41
iagent-kizil1 TYVA1 04/04/2015 10:07:28
iagent-kizil1 TYVA1 04/04/2015 12:44:28
abk_arm_krepost CREDIT 04/04/2015 17:01:18
iagent-kizil1 TYVA1 04/04/2015 20:33:14
iagent-kizil2 E-MACHINES-ПК 04/05/2015 17:03:48
iagent-kizil2 E-MACHINES-ПК 04/05/2015 20:50:09
abk_arm_anugin KASSA 04/06/2015 07:54:47
abk_arm_krepost CREDIT 04/06/2015 08:57:14
iagent-kizil1 TYVA1 04/06/2015 09:10:21
iagent-kizil2 E-MACHINES-ПК 04/06/2015 09:30:14
iagent-buyan АМЫР-ПК 04/06/2015 09:40:32
iagent-kizil2 E-MACHINES-ПК 04/06/2015 10:33:24
iagent-buyan АМЫР-ПК 04/06/2015 10:42:33
iagent-buyan АМЫР-ПК 04/06/2015 10:55:40
iagent-kizil2 E-MACHINES-ПК 04/06/2015 10:59:44
iagent-buyan АМЫР-ПК 04/06/2015 11:32:14
abk_arm_krepost CREDIT 04/06/2015 11:40:31
iagent-kizil2 E-MACHINES-ПК 04/06/2015 13:16:46
iagent-kizil2 E-MACHINES-ПК 04/06/2015 13:45:12
iagent-buyan АМЫР-ПК 04/06/2015 14:05:18
abk_arm_anugin KASSA 04/06/2015 14:42:56
iagent-kizil2 E-MACHINES-ПК 04/06/2015 15:17:03
iagent-kizil1 TYVA1 04/06/2015 16:33:25
iagent-buyan АМЫР-ПК 04/06/2015 16:37:39
iagent-kizil1 TYVA1 04/06/2015 16:43:42
iagent-buyan АМЫР-ПК 04/06/2015 17:38:32
iagent-kizil2 E-MACHINES-ПК 04/07/2015 08:47:20
abk_arm_anugin KASSA 04/07/2015 09:12:41
iagent-kizil2 E-MACHINES-ПК 04/07/2015 09:16:29
iagent-buyan АМЫР-ПК 04/07/2015 09:35:47
iagent-buyan АМЫР-ПК 04/07/2015 09:53:57
iagent-kizil2 E-MACHINES-ПК 04/07/2015 10:05:22
iagent-kizil1 TYVA1 04/07/2015 10:45:29
iagent-kizil2 E-MACHINES-ПК 04/07/2015 10:47:57
iagent-buyan АМЫР-ПК 04/07/2015 11:10:51
abk_arm_anugin KASSA 04/07/2015 11:51:44
abk_arm_krepost CREDIT 04/07/2015 12:24:52
iagent-kizil1 TYVA1 04/07/2015 12:50:06
iagent-buyan АМЫР-ПК 04/07/2015 13:03:48
iagent-kizil2 E-MACHINES-ПК 04/07/2015 13:41:35
iagent-kizil2 E-MACHINES-ПК 04/07/2015 14:49:43
iagent-buyan АМЫР-ПК 04/07/2015 14:53:21
iagent-kizil1 TYVA1 04/07/2015 15:09:19
iagent-buyan АМЫР-ПК 04/07/2015 16:24:49
iagent-kizil1 TYVA1 04/07/2015 17:17:30
iagent-buyan АМЫР-ПК 04/07/2015 17:37:08
iagent-kizil1 TYVA1 04/07/2015 18:39:28
abk_arm_anugin KASSA 04/08/2015 08:16:48
iagent-buyan АМЫР-ПК 04/08/2015 09:11:44
iagent-kizil1 TYVA1 04/08/2015 09:53:47
iagent-buyan АМЫР-ПК 04/08/2015 11:02:26
abk_arm_anugin KASSA 04/08/2015 11:47:57
abk_arm_anugin KASSA 04/08/2015 12:18:39
iagent-buyan АМЫР-ПК 04/08/2015 14:18:31
iagent-kizil1 TYVA1 04/08/2015 14:45:20
iagent-buyan АМЫР-ПК 04/08/2015 15:17:39
abk_arm_anugin KASSA 04/08/2015 15:21:47
iagent-kizil1 TYVA1 04/08/2015 15:25:10
abk_arm_anugin KASSA 04/08/2015 15:36:40
iagent-buyan АМЫР-ПК 04/08/2015 15:38:07
abk_arm_anugin KASSA 04/08/2015 15:57:59
iagent-kizil1 TYVA1 04/08/2015 16:01:33
iagent-kizil1 TYVA1 04/08/2015 17:28:28
abk_arm_anugin KASSA 04/09/2015 08:06:39
iagent-buyan АМЫР-ПК 04/09/2015 09:10:14
iagent-kizil1 TYVA1 04/09/2015 10:11:04
abk_arm_anugin KASSA 04/09/2015 12:15:39
iagent-kizil2 E-MACHINES-ПК 04/09/2015 13:41:45
abk_arm_anugin KASSA 04/09/2015 13:55:18
abk_arm_anugin KASSA 04/09/2015 14:26:17
iagent-kizil1 TYVA1 04/09/2015 15:51:43
abk_arm_anugin KASSA 04/09/2015 16:05:54
iagent-kizil1 TYVA1 04/09/2015 17:42:57
abk_arm_anugin KASSA 04/10/2015 08:16:18
abk_arm_anugin KASSA 04/10/2015 08:52:19
iagent-kizil1 TYVA1 04/10/2015 09:32:38
iagent-buyan АМЫР-ПК 04/10/2015 09:51:03
iagent-buyan АМЫР-ПК 04/10/2015 10:04:59
iagent-kizil2 E-MACHINES-ПК 04/10/2015 10:30:19
iagent-buyan АМЫР-ПК 04/10/2015 10:54:37
iagent-kizil2 E-MACHINES-ПК 04/10/2015 11:06:43
iagent-kizil2 E-MACHINES-ПК 04/10/2015 11:16:51
abk_arm_anugin KASSA 04/10/2015 11:26:24
iagent-kizil1 TYVA1 04/10/2015 12:00:57
iagent-buyan АМЫР-ПК 04/10/2015 12:12:31
iagent-buyan АМЫР-ПК 04/10/2015 12:45:49
abk_arm_anugin KASSA 04/10/2015 12:51:10
iagent-buyan АМЫР-ПК 04/10/2015 14:31:59
abk_arm_anugin KASSA 04/10/2015 15:48:23
iagent-buyan АМЫР-ПК 04/10/2015 16:18:57
iagent-kizil1 TYVA1 04/10/2015 16:20:07
abk_arm_anugin KASSA 04/13/2015 07:57:25
iagent-kizil2 E-MACHINES-ПК 04/13/2015 09:03:04
iagent-kizil1 TYVA1 04/13/2015 09:38:36
abk_arm_anugin KASSA 04/13/2015 12:35:09
iagent-kizil1 TYVA1 04/13/2015 14:12:53
iagent-kizil1 TYVA1 04/13/2015 14:27:49
iagent-kizil1 TYVA1 04/13/2015 14:56:30
abk_arm_anugin KASSA 04/13/2015 16:14:33
iagent-kizil1 TYVA1 04/14/2015 09:05:24
iagent-buyan АМЫР-ПК 04/14/2015 09:12:57
iagent-buyan АМЫР-ПК 04/14/2015 09:39:52
iagent-kizil2 E-MACHINES-ПК 04/14/2015 09:54:24
iagent-buyan АМЫР-ПК 04/14/2015 10:30:05
iagent-kizil2 E-MACHINES-ПК 04/14/2015 10:35:28
abk_arm_anugin KASSA 04/14/2015 10:56:09
iagent-kizil1 TYVA1 04/14/2015 11:29:13
iagent-buyan АМЫР-ПК 04/14/2015 12:14:33
iagent-buyan АМЫР-ПК 04/14/2015 14:09:40
iagent-buyan АМЫР-ПК 04/14/2015 15:16:15
iagent-kizil1 TYVA1 04/14/2015 16:27:05
abk_arm_anugin KASSA 04/15/2015 08:20:15
iagent-kizil2 E-MACHINES-ПК 04/15/2015 09:19:48
iagent-buyan АМЫР-ПК 04/15/2015 09:35:31
iagent-kizil2 E-MACHINES-ПК 04/15/2015 09:47:47
iagent-buyan АМЫР-ПК 04/15/2015 11:03:11
iagent-kizil1 TYVA1 04/15/2015 11:29:25
iagent-buyan АМЫР-ПК 04/15/2015 11:48:25
iagent-kizil2 E-MACHINES-ПК 04/15/2015 13:29:00
iagent-buyan АМЫР-ПК 04/15/2015 13:33:56
iagent-kizil1 TYVA1 04/15/2015 13:50:09
iagent-buyan АМЫР-ПК 04/15/2015 14:35:25
iagent-buyan АМЫР-ПК 04/15/2015 15:47:47
abk_arm_anugin KASSA 04/15/2015 16:05:52
iagent-buyan АМЫР-ПК 04/15/2015 16:16:37
iagent-kizil1 TYVA1 04/15/2015 16:47:04
iagent-buyan АМЫР-ПК 04/15/2015 17:01:46
iagent-buyan АМЫР-ПК 04/15/2015 17:18:39
iagent-buyan АМЫР-ПК 04/16/2015 09:17:44
iagent-buyan АМЫР-ПК 04/16/2015 10:10:07
iagent-kizil1 TYVA1 04/16/2015 10:16:21
iagent-buyan АМЫР-ПК 04/16/2015 11:18:02
iagent-buyan АМЫР-ПК 04/16/2015 12:03:41
