iagent-bogotol USER-ПК 02/09/2015 14:56:53
iagent-kozulka C2D9F1E181E141A 02/09/2015 15:02:37
iagent-ujur SAMSUNG 02/09/2015 15:09:23
ach-arm-korenko KORENKO 02/09/2015 15:24:08
iagent-smirnova USER-027DDAB311 02/09/2015 15:28:44
iagent-kozulka C2D9F1E181E141A 02/09/2015 15:39:46
iagent-isaeva ZAOSO 02/09/2015 15:40:52
iagent-kluev USER-824AA86396 02/09/2015 15:54:11
iagent-dubinino NAD 02/09/2015 16:27:23
iagent-dubinino NAD 02/09/2015 17:00:54
iagent-isaeva ZAOSO 02/09/2015 17:38:04
iagent-kakaulina ENTER 02/09/2015 17:41:44
ach-arm-kuyan KUYAN1 02/10/2015 08:20:41
ach-arm-korenko KORENKO 02/10/2015 08:32:20
iagent-bolshoyuluy BUL 02/10/2015 08:42:03
iagent-tuhtet PP1 02/10/2015 08:49:12
ach-arm-korenko KORENKO 02/10/2015 09:05:06
iagent-molina USER-ПК 02/10/2015 09:13:22
iagent-novoberiluss NOVOBIRILUS 02/10/2015 09:13:57
iagent-ujur SAMSUNG 02/10/2015 09:14:34
iagent-smirnova USER-027DDAB311 02/10/2015 09:15:29
iagent-bogotol USER-ПК 02/10/2015 09:48:44
iagent-tuhtet PP1 02/10/2015 09:56:29
iagent-kozulka C2D9F1E181E141A 02/10/2015 10:30:22
iagent-ujur SAMSUNG 02/10/2015 10:33:58
iagent-isaeva ZAOSO 02/10/2015 10:41:35
iagent-kluev USER-824AA86396 02/10/2015 10:56:15
iagent-molina USER-ПК 02/10/2015 11:46:26
iagent-dubinino NAD 02/10/2015 12:22:20
iagent-bogotol USER-ПК 02/10/2015 12:23:55
ach-arm-kuyan KUYAN1 02/10/2015 12:26:37
iagent-isaeva ZAOSO 02/10/2015 12:34:00
ach-arm-kuyan KUYAN1 02/10/2015 12:44:20
ach-arm-kuyan KUYAN1 02/10/2015 12:55:21
iagent-bolshoyuluy BUL 02/10/2015 13:02:07
iagent-molina USER-ПК 02/10/2015 13:10:42
iagent-kozulka C2D9F1E181E141A 02/10/2015 13:42:44
iagent-ujur SAMSUNG 02/10/2015 13:59:39
iagent-bogotol USER-ПК 02/10/2015 14:04:03
ach-arm-kuyan KUYAN1 02/10/2015 14:40:52
iagent-kozulka C2D9F1E181E141A 02/10/2015 14:41:17
iagent-dubinino NAD 02/10/2015 15:04:52
iagent-kluev USER-824AA86396 02/10/2015 15:08:23
iagent-ujur SAMSUNG 02/10/2015 15:23:32
iagent-kakaulina ENTER 02/10/2015 15:48:58
iagent-kozulka C2D9F1E181E141A 02/10/2015 15:54:03
iagent-dubinino NAD 02/10/2015 15:58:44
iagent-bolshoyuluy BUL 02/10/2015 16:08:50
ach-arm-kuyan KUYAN1 02/10/2015 16:43:20
iagent-molina USER-ПК 02/10/2015 16:48:34
ach-arm-korenko KORENKO 02/10/2015 17:29:52
iagent-molina USER-ПК 02/10/2015 17:40:59
iagent-kakaulina ENTER 02/10/2015 17:41:17
ach-arm-kuyan KUYAN1 02/11/2015 08:23:18
ach-arm-korenko KORENKO 02/11/2015 08:28:20
iagent-kozulka C2D9F1E181E141A 02/11/2015 08:34:21
iagent-rostur HOME-PC 02/11/2015 08:43:44
iagent-kozulka C2D9F1E181E141A 02/11/2015 09:10:03
iagent-smirnova USER-027DDAB311 02/11/2015 09:18:32
iagent-tuhtet PP1 02/11/2015 09:25:55
iagent-novoberiluss NOVOBIRILUS 02/11/2015 09:27:03
iagent-dubinino NAD 02/11/2015 09:34:10
iagent-bolshoyuluy BUL 02/11/2015 09:36:13
ach-arm-kuyan KUYAN1 02/11/2015 09:37:37
iagent-ujur SAMSUNG 02/11/2015 09:43:29
iagent-kluev USER-824AA86396 02/11/2015 09:53:54
iagent-molina USER-ПК 02/11/2015 10:01:52
iagent-kozulka C2D9F1E181E141A 02/11/2015 10:32:16
iagent-kakaulina ENTER 02/11/2015 10:41:57
iagent-isaeva ZAOSO 02/11/2015 11:12:18
ach-arm-korenko KORENKO 02/11/2015 11:16:09
iagent-bogotol USER-ПК 02/11/2015 11:23:04
iagent-bolshoyuluy BUL 02/11/2015 11:50:20
ach-arm-kuyan KUYAN1 02/11/2015 12:10:10
iagent-kozulka C2D9F1E181E141A 02/11/2015 12:57:33
ach-arm-krivencova KRIVENCOVA 02/11/2015 13:04:34
iagent-isaeva ZAOSO 02/11/2015 13:36:15
iagent-tuhtet PP1 02/11/2015 13:36:41
iagent-rostur HOME-PC 02/11/2015 13:36:55
iagent-kluev USER-824AA86396 02/11/2015 13:40:12
iagent-molina USER-ПК 02/11/2015 13:40:58
iagent-novoberiluss NOVOBIRILUS 02/11/2015 13:59:47
iagent-kakaulina ENTER 02/11/2015 14:05:18
iagent-ujur SAMSUNG 02/11/2015 14:31:35
iagent-tuhtet PP1 02/11/2015 14:35:35
iagent-bogotol USER-ПК 02/11/2015 14:45:26
iagent-bogotol USER-ПК 02/11/2015 14:46:43
iagent-kozulka C2D9F1E181E141A 02/11/2015 15:06:59
iagent-ujur SAMSUNG 02/11/2015 15:14:51
iagent-ujur SAMSUNG 02/11/2015 15:55:36
ach-arm-korenko KORENKO 02/11/2015 16:34:03
iagent-isaeva ZAOSO 02/11/2015 17:32:40
ach-arm-korenko KORENKO 02/12/2015 08:13:07
ach-arm-kuyan KUYAN1 02/12/2015 08:20:58
ach-arm-kuyan KUYAN1 02/12/2015 08:35:07
iagent-kozulka C2D9F1E181E141A 02/12/2015 08:38:56
iagent-kozulka C2D9F1E181E141A 02/12/2015 08:59:00
iagent-rostur HOME-PC 02/12/2015 09:26:23
iagent-novoberiluss NOVOBIRILUS 02/12/2015 09:51:08
ach-arm-kuyan KUYAN1 02/12/2015 09:55:50
iagent-molina USER-ПК 02/12/2015 10:08:57
iagent-molina USER-ПК 02/12/2015 10:18:51
iagent-isaeva ZAOSO 02/12/2015 10:30:40
ach-arm-kuyan KUYAN1 02/12/2015 10:40:48
iagent-kakaulina ENTER 02/12/2015 10:41:25
iagent-novoberiluss NOVOBIRILUS 02/12/2015 11:33:32
iagent-kozulka C2D9F1E181E141A 02/12/2015 11:46:12
iagent-bogotol USER-ПК 02/12/2015 11:50:54
iagent-dubinino NAD 02/12/2015 12:32:32
iagent-bolshoyuluy BUL 02/12/2015 12:38:40
iagent-isaeva ZAOSO 02/12/2015 12:38:46
iagent-kluev USER-824AA86396 02/12/2015 12:43:31
iagent-kozulka C2D9F1E181E141A 02/12/2015 12:49:30
ach-arm-kuyan KUYAN1 02/12/2015 13:01:29
iagent-kozulka C2D9F1E181E141A 02/12/2015 13:48:41
iagent-bogotol USER-ПК 02/12/2015 14:07:03
iagent-bolshoyuluy BUL 02/12/2015 14:13:55
iagent-smirnova USER-027DDAB311 02/12/2015 14:15:14
iagent-ujur SAMSUNG 02/12/2015 14:25:53
iagent-dubinino NAD 02/12/2015 14:45:12
iagent-ujur SAMSUNG 02/12/2015 14:47:19
iagent-ujur SAMSUNG 02/12/2015 15:31:50
ach-arm-korenko KORENKO 02/12/2015 15:32:00
iagent-kozulka C2D9F1E181E141A 02/12/2015 15:44:21
iagent-smirnova USER-027DDAB311 02/12/2015 15:47:50
iagent-isaeva ZAOSO 02/12/2015 16:00:26
iagent-molina USER-ПК 02/12/2015 16:10:02
iagent-kozulka C2D9F1E181E141A 02/12/2015 16:14:12
iagent-ujur SAMSUNG 02/12/2015 16:17:15
iagent-kakaulina ENTER 02/12/2015 17:21:09
iagent-kakaulina ENTER 02/12/2015 19:42:44
iagent-kakaulina ENTER 02/12/2015 21:20:54
ach-arm-kuyan KUYAN1 02/13/2015 08:32:04
iagent-novoberiluss NOVOBIRILUS 02/13/2015 08:54:34
iagent-ujur SAMSUNG 02/13/2015 09:13:42
iagent-tuhtet PP1 02/13/2015 09:27:22
iagent-ujur SAMSUNG 02/13/2015 09:32:34
ach-arm-kuyan KUYAN1 02/13/2015 09:34:00
iagent-bogotol USER-ПК 02/13/2015 09:47:08
iagent-rostur HOME-PC 02/13/2015 09:54:17
iagent-kakaulina ENTER 02/13/2015 10:04:31
iagent-kakaulina ENTER 02/13/2015 11:01:02
iagent-isaeva ZAOSO 02/13/2015 11:10:27
ach-arm-korenko KORENKO 02/13/2015 11:59:07
iagent-isaeva ZAOSO 02/13/2015 12:29:18
ach-arm-kuyan KUYAN1 02/13/2015 12:37:07
ach-arm-kuyan KUYAN1 02/13/2015 12:51:06
iagent-isaeva ZAOSO 02/13/2015 13:37:23
iagent-bogotol USER-ПК 02/13/2015 14:08:22
iagent-kakaulina ENTER 02/13/2015 15:00:17
iagent-isaeva ZAOSO 02/13/2015 15:04:25
ach-arm-krivencova KRIVENCOVA 02/13/2015 15:15:17
ach-arm-krivencova KRIVENCOVA 02/13/2015 15:18:02
ach-arm-krivencova KRIVENCOVA 02/13/2015 15:22:10
iagent-ujur SAMSUNG 02/13/2015 15:43:19
iagent-bogotol USER-ПК 02/13/2015 15:46:03
iagent-isaeva ZAOSO 02/13/2015 16:18:10
iagent-tuhtet PP1 02/13/2015 16:32:01
ach-arm-korenko KORENKO 02/13/2015 16:58:17
iagent-dubinino NAD 02/13/2015 17:14:51
iagent-kluev USER-824AA86396 02/13/2015 17:33:49
iagent-molina USER-ПК 02/13/2015 17:40:32
iagent-smirnova USER-027DDAB311 02/14/2015 08:42:32
iagent-tuhtet PP1 02/14/2015 09:43:28
iagent-dubinino NAD 02/14/2015 11:35:50
iagent-kakaulina ENTER 02/14/2015 15:22:49
iagent-kakaulina ENTER 02/14/2015 16:11:02
ach-arm-korenko KORENKO 02/16/2015 08:13:00
ach-arm-kuyan KUYAN1 02/16/2015 08:17:17
iagent-ujur SAMSUNG 02/16/2015 09:01:18
iagent-bogotol USER-ПК 02/16/2015 09:17:04
iagent-bolshoyuluy BUL 02/16/2015 09:20:16
iagent-kozulka C2D9F1E181E141A 02/16/2015 09:35:43
iagent-rostur HOME-PC 02/16/2015 10:06:47
iagent-novoberiluss NOVOBIRILUS 02/16/2015 10:12:02
iagent-dubinino NAD 02/16/2015 10:18:20
iagent-kozulka C2D9F1E181E141A 02/16/2015 11:01:00
iagent-isaeva ZAOSO 02/16/2015 11:16:15
ach-arm-korenko KORENKO 02/16/2015 11:53:53
iagent-isaeva ZAOSO 02/16/2015 14:01:58
iagent-bolshoyuluy BUL 02/16/2015 14:20:22
iagent-kozulka C2D9F1E181E141A 02/16/2015 14:42:10
iagent-bogotol USER-ПК 02/16/2015 14:56:45
iagent-tuhtet PP1 02/16/2015 15:12:51
iagent-dubinino NAD 02/16/2015 15:36:13
iagent-isaeva ZAOSO 02/16/2015 16:16:14
iagent-kakaulina ENTER 02/16/2015 17:01:41
iagent-kakaulina ENTER 02/16/2015 17:07:14
ach-arm-korenko KORENKO 02/16/2015 17:13:53
iagent-isaeva ZAOSO 02/16/2015 17:59:13
iagent-kakaulina ENTER 02/16/2015 18:39:52
ach-arm-kuyan KUYAN1 02/17/2015 08:03:11
ach-arm-korenko KORENKO 02/17/2015 08:09:42
iagent-bogotol USER-ПК 02/17/2015 09:20:53
iagent-kozulka C2D9F1E181E141A 02/17/2015 09:27:09
iagent-rostur HOME-PC 02/17/2015 09:36:50
iagent-novoberiluss NOVOBIRILUS 02/17/2015 10:09:27
iagent-dubinino NAD 02/17/2015 10:11:27
iagent-isaeva ZAOSO 02/17/2015 10:16:04
iagent-kluev USER-824AA86396 02/17/2015 10:31:55
ach-arm-kuyan KUYAN1 02/17/2015 10:47:54
iagent-bogotol USER-ПК 02/17/2015 11:11:56
ach-arm-korenko KORENKO 02/17/2015 11:18:18
ach-arm-kuyan KUYAN1 02/17/2015 11:20:52
iagent-bolshoyuluy BUL 02/17/2015 11:39:22
ach-arm-korenko KORENKO 02/17/2015 11:50:38
iagent-dubinino NAD 02/17/2015 13:02:57
iagent-molina USER-ПК 02/17/2015 13:15:02
iagent-tuhtet PP1 02/17/2015 13:21:22
iagent-kakaulina ENTER 02/17/2015 13:22:08
iagent-dubinino NAD 02/17/2015 13:59:53
iagent-bogotol USER-ПК 02/17/2015 13:59:56
ach-arm-kuyan KUYAN1 02/17/2015 14:09:20
iagent-bolshoyuluy BUL 02/17/2015 14:36:04
iagent-kakaulina ENTER 02/17/2015 14:48:59
ach-arm-korenko KORENKO 02/17/2015 14:50:46
iagent-kakaulina ENTER 02/17/2015 14:52:21
iagent-bogotol USER-ПК 02/17/2015 14:53:28
iagent-molina USER-ПК 02/17/2015 14:55:03
ach-arm-korenko KORENKO 02/17/2015 15:00:39
iagent-bogotol USER-ПК 02/17/2015 15:05:21
ach-arm-kuyan KUYAN1 02/17/2015 15:18:16
iagent-rostur HOME-PC 02/17/2015 15:30:15
iagent-novoberiluss NOVOBIRILUS 02/17/2015 15:37:40
ach-arm-korenko KORENKO 02/17/2015 15:52:03
iagent-dubinino NAD 02/17/2015 15:59:09
iagent-bogotol USER-ПК 02/17/2015 16:23:19
ach-arm-korenko KORENKO 02/17/2015 16:32:51
iagent-kakaulina ENTER 02/17/2015 16:59:33
iagent-dubinino NAD 02/17/2015 17:03:06
iagent-dubinino NAD 02/17/2015 17:42:51
iagent-molina USER-ПК 02/17/2015 17:57:15
iagent-dubinino NAD 02/17/2015 18:10:03
ach-arm-korenko KORENKO 02/18/2015 08:20:58
iagent-bogotol USER-ПК 02/18/2015 08:48:20
iagent-kakaulina ENTER 02/18/2015 08:57:49
ach-arm-kuyan KUYAN1 02/18/2015 09:14:20
iagent-kozulka C2D9F1E181E141A 02/18/2015 09:19:17
iagent-molina USER-ПК 02/18/2015 09:19:47
ach-arm-korenko KORENKO 02/18/2015 09:26:00
ach-arm-korenko KORENKO 02/18/2015 09:42:43
iagent-novoberiluss NOVOBIRILUS 02/18/2015 10:11:32
iagent-bogotol USER-ПК 02/18/2015 10:16:30
ach-arm-kuyan KUYAN1 02/18/2015 10:55:04
iagent-tuhtet PP1 02/18/2015 11:07:35
iagent-rostur HOME-PC 02/18/2015 11:15:46
iagent-isaeva ZAOSO 02/18/2015 12:16:59
iagent-bolshoyuluy BUL 02/18/2015 12:25:16
ach-arm-kuyan KUYAN1 02/18/2015 13:25:16
iagent-bolshoyuluy BUL 02/18/2015 14:30:01
iagent-dubinino NAD 02/18/2015 14:30:31
iagent-novoberiluss NOVOBIRILUS 02/18/2015 15:07:13
ach-arm-korenko KORENKO 02/18/2015 15:11:37
iagent-isaeva ZAOSO 02/18/2015 15:24:31
iagent-bogotol USER-ПК 02/18/2015 15:45:53
iagent-molina USER-ПК 02/18/2015 16:36:26
iagent-dubinino NAD 02/18/2015 18:00:37
ach-arm-kuyan KUYAN1 02/19/2015 08:07:39
ach-arm-korenko KORENKO 02/19/2015 08:13:33
ach-arm-kuyan KUYAN1 02/19/2015 08:24:29
iagent-rostur HOME-PC 02/19/2015 08:57:33
ach-arm-krivencova KRIVENCOVA 02/19/2015 09:00:38
iagent-bolshoyuluy BUL 02/19/2015 09:02:43
iagent-tuhtet PP1 02/19/2015 09:05:58
ach-arm-krivencova KRIVENCOVA 02/19/2015 09:12:34
ach-arm-krivencova KRIVENCOVA 02/19/2015 09:22:10
iagent-dubinino NAD 02/19/2015 09:31:09
iagent-kakaulina ENTER 02/19/2015 09:32:05
iagent-kluev USER-824AA86396 02/19/2015 09:52:35
iagent-kozulka C2D9F1E181E141A 02/19/2015 09:56:45
ach-arm-korenko KORENKO 02/19/2015 11:02:28
iagent-dubinino NAD 02/19/2015 11:12:06
ach-arm-korenko KORENKO 02/19/2015 11:30:48
iagent-bolshoyuluy BUL 02/19/2015 12:51:59
ach-arm-korenko KORENKO 02/19/2015 14:08:11
iagent-kakaulina ENTER 02/19/2015 14:08:36
iagent-isaeva ZAOSO 02/19/2015 15:15:08
ach-arm-kuyan KUYAN1 02/19/2015 16:09:25
iagent-kluev USER-824AA86396 02/19/2015 16:34:21
iagent-kakaulina ENTER 02/19/2015 17:54:41
iagent-kozulka C2D9F1E181E141A 02/20/2015 08:00:12
ach-arm-korenko KORENKO 02/20/2015 08:11:59
ach-arm-kuyan KUYAN1 02/20/2015 08:17:21
iagent-tuhtet PP1 02/20/2015 08:28:18
iagent-bogotol USER-ПК 02/20/2015 08:39:08
iagent-novoberiluss NOVOBIRILUS 02/20/2015 09:28:59
iagent-rostur HOME-PC 02/20/2015 09:45:12
iagent-dubinino NAD 02/20/2015 09:49:43
iagent-molina USER-ПК 02/20/2015 09:51:23
ach-arm-krivencova KRIVENCOVA 02/20/2015 10:13:50
ach-arm-korenko KORENKO 02/20/2015 10:27:01
iagent-isaeva ZAOSO 02/20/2015 10:59:45
iagent-dubinino NAD 02/20/2015 11:39:53
iagent-bolshoyuluy BUL 02/20/2015 12:22:02
ach-arm-korenko KORENKO 02/20/2015 12:56:32
iagent-novoberiluss NOVOBIRILUS 02/20/2015 13:01:24
iagent-kozulka C2D9F1E181E141A 02/20/2015 13:05:50
iagent-bogotol USER-ПК 02/20/2015 13:16:16
iagent-dubinino NAD 02/20/2015 13:32:12
iagent-bolshoyuluy BUL 02/20/2015 14:04:51
ach-arm-kuyan KUYAN1 02/20/2015 14:22:15
iagent-kakaulina ENTER 02/20/2015 14:29:29
ach-arm-korenko KORENKO 02/20/2015 15:08:01
ach-arm-krivencova KRIVENCOVA 02/20/2015 15:22:11
ach-arm-krivencova KRIVENCOVA 02/20/2015 15:50:43
iagent-kluev USER-824AA86396 02/20/2015 16:22:58
iagent-novoberiluss NOVOBIRILUS 02/20/2015 16:23:00
iagent-bolshoyuluy BUL 02/20/2015 16:26:30
ach-arm-kuyan KUYAN1 02/20/2015 16:32:30
ach-arm-kuyan KUYAN1 02/20/2015 16:59:17
ach-arm-kuyan KUYAN1 02/20/2015 17:13:04
iagent-kakaulina ENTER 02/20/2015 17:52:32
iagent-kakaulina ENTER 02/20/2015 17:55:53
iagent-kakaulina ENTER 02/20/2015 18:01:22
iagent-kakaulina ENTER 02/20/2015 18:06:16
iagent-kakaulina ENTER 02/20/2015 18:08:35
iagent-kakaulina ENTER 02/20/2015 18:12:54
iagent-kakaulina ENTER 02/20/2015 18:14:33
iagent-kakaulina ENTER 02/21/2015 08:25:21
iagent-tuhtet PP1 02/21/2015 08:42:35
iagent-kluev USER-824AA86396 02/21/2015 09:55:34
iagent-bolshoyuluy BUL 02/21/2015 10:20:32
iagent-dubinino NAD 02/21/2015 10:22:45
iagent-kakaulina ENTER 02/21/2015 10:54:22
iagent-dubinino NAD 02/21/2015 11:00:35
iagent-kakaulina ENTER 02/21/2015 13:46:46
iagent-novoberiluss NOVOBIRILUS 02/21/2015 13:52:24
ach-arm-korenko KORENKO 02/21/2015 14:29:08
iagent-kakaulina ENTER 02/21/2015 15:26:06
iagent-smirnova USER-027DDAB311 02/22/2015 12:40:47
iagent-kakaulina ENTER 02/23/2015 09:48:13
iagent-smirnova USER-027DDAB311 02/23/2015 10:16:17
iagent-kozulka C2D9F1E181E141A 02/24/2015 08:14:45
ach-arm-korenko KORENKO 02/24/2015 08:16:18
ach-arm-kuyan KUYAN1 02/24/2015 08:19:03
iagent-tuhtet PP1 02/24/2015 08:54:35
iagent-novoberiluss NOVOBIRILUS 02/24/2015 08:56:05
iagent-bolshoyuluy BUL 02/24/2015 08:59:39
ach-arm-kuyan KUYAN1 02/24/2015 09:07:58
iagent-bogotol USER-ПК 02/24/2015 09:20:16
iagent-kozulka C2D9F1E181E141A 02/24/2015 09:24:49
iagent-tuhtet PP1 02/24/2015 09:32:42
ach-arm-korenko KORENKO 02/24/2015 09:42:26
ach-arm-kuyan KUYAN1 02/24/2015 09:45:24
iagent-tuhtet PP1 02/24/2015 09:46:09
iagent-rostur HOME-PC 02/24/2015 09:50:11
iagent-bolshoyuluy BUL 02/24/2015 09:50:36
iagent-kozulka C2D9F1E181E141A 02/24/2015 09:55:13
iagent-bogotol USER-ПК 02/24/2015 10:09:00
ach-arm-kuyan KUYAN1 02/24/2015 10:10:34
iagent-novoberiluss NOVOBIRILUS 02/24/2015 10:14:25
iagent-molina USER-ПК 02/24/2015 11:23:11
ach-arm-kuyan KUYAN1 02/24/2015 11:55:26
iagent-kluev USER-824AA86396 02/24/2015 11:57:15
iagent-dubinino NAD 02/24/2015 12:13:32
iagent-novoberiluss NOVOBIRILUS 02/24/2015 13:04:22
ach-arm-krivencova KRIVENCOVA 02/24/2015 13:04:48
iagent-kozulka C2D9F1E181E141A 02/24/2015 13:16:17
iagent-dubinino NAD 02/24/2015 13:29:40
iagent-bogotol USER-ПК 02/24/2015 14:00:41
iagent-bolshoyuluy BUL 02/24/2015 14:03:23
iagent-dubinino NAD 02/24/2015 14:36:33
ach-arm-korenko KORENKO 02/24/2015 14:40:40
ach-arm-korenko KORENKO 02/24/2015 14:56:30
iagent-kakaulina ENTER 02/24/2015 14:56:54
iagent-smirnova USER-027DDAB311 02/24/2015 15:06:53
ach-arm-korenko KORENKO 02/24/2015 15:12:10
iagent-kozulka C2D9F1E181E141A 02/24/2015 15:22:09
iagent-kozulka C2D9F1E181E141A 02/24/2015 16:25:22
iagent-kakaulina ENTER 02/24/2015 17:27:17
iagent-kakaulina ENTER 02/24/2015 19:04:41
iagent-kakaulina ENTER 02/24/2015 19:31:15
ach-arm-kuyan KUYAN1 02/25/2015 07:48:11
ach-arm-korenko KORENKO 02/25/2015 08:01:53
iagent-kozulka C2D9F1E181E141A 02/25/2015 08:14:05
iagent-smirnova USER-027DDAB311 02/25/2015 08:56:50
iagent-tuhtet PP1 02/25/2015 08:57:44
iagent-bolshoyuluy BUL 02/25/2015 08:58:56
iagent-bogotol USER-ПК 02/25/2015 09:25:21
iagent-kluev USER-824AA86396 02/25/2015 09:30:49
iagent-bogotol USER-ПК 02/25/2015 09:54:45
iagent-novoberiluss NOVOBIRILUS 02/25/2015 10:11:02
ach-arm-krivencova KRIVENCOVA 02/25/2015 10:33:06
iagent-bogotol USER-ПК 02/25/2015 11:03:08
iagent-rostur HOME-PC 02/25/2015 11:34:23
iagent-kluev USER-824AA86396 02/25/2015 11:43:16
iagent-dubinino NAD 02/25/2015 11:47:39
ach-arm-krivencova KRIVENCOVA 02/25/2015 11:53:45
iagent-novoberiluss NOVOBIRILUS 02/25/2015 12:42:02
iagent-bogotol USER-ПК 02/25/2015 14:19:59
ach-arm-korenko KORENKO 02/25/2015 14:29:27
ach-arm-krivencova KRIVENCOVA 02/25/2015 14:36:05
ach-arm-korenko KORENKO 02/25/2015 14:38:14
iagent-molina USER-ПК 02/25/2015 14:43:34
iagent-isaeva ZAOSO 02/25/2015 15:21:26
iagent-bolshoyuluy BUL 02/25/2015 15:31:09
iagent-kozulka C2D9F1E181E141A 02/25/2015 15:49:05
iagent-tuhtet PP1 02/25/2015 16:11:57
iagent-isaeva ZAOSO 02/25/2015 17:31:30
iagent-kozulka C2D9F1E181E141A 02/26/2015 07:57:03
ach-arm-kuyan KUYAN1 02/26/2015 08:02:10
ach-arm-korenko KORENKO 02/26/2015 08:04:18
iagent-bogotol USER-ПК 02/26/2015 08:43:45
iagent-bolshoyuluy BUL 02/26/2015 08:55:09
iagent-kluev USER-824AA86396 02/26/2015 09:02:59
iagent-tuhtet PP1 02/26/2015 09:03:05
ach-arm-kuyan KUYAN1 02/26/2015 09:14:45
iagent-kozulka C2D9F1E181E141A 02/26/2015 09:15:26
ach-arm-korenko KORENKO 02/26/2015 09:22:04
iagent-bogotol USER-ПК 02/26/2015 09:30:21
iagent-bolshoyuluy BUL 02/26/2015 09:35:49
iagent-rostur HOME-PC 02/26/2015 09:51:12
iagent-isaeva ZAOSO 02/26/2015 10:21:49
iagent-ujur SAMSUNG 02/26/2015 10:57:20
iagent-kluev USER-824AA86396 02/26/2015 11:02:48
iagent-novoberiluss NOVOBIRILUS 02/26/2015 11:03:53
iagent-isaeva ZAOSO 02/26/2015 11:06:55
iagent-isaeva ZAOSO 02/26/2015 11:55:16
iagent-dubinino NAD 02/26/2015 12:01:09
ach-arm-krivencova KRIVENCOVA 02/26/2015 12:22:37
iagent-kozulka C2D9F1E181E141A 02/26/2015 13:11:38
iagent-isaeva ZAOSO 02/26/2015 13:17:55
iagent-smirnova USER-027DDAB311 02/26/2015 13:41:25
iagent-kozulka C2D9F1E181E141A 02/26/2015 14:01:13
iagent-bogotol USER-ПК 02/26/2015 14:13:24
ach-arm-krivencova KRIVENCOVA 02/26/2015 14:15:29
iagent-dubinino NAD 02/26/2015 14:20:21
iagent-kozulka C2D9F1E181E141A 02/26/2015 14:21:41
iagent-bolshoyuluy BUL 02/26/2015 14:27:59
iagent-dubinino NAD 02/26/2015 14:32:07
ach-arm-korenko KORENKO 02/26/2015 14:41:12
iagent-ujur SAMSUNG 02/26/2015 14:41:43
iagent-bolshoyuluy BUL 02/26/2015 14:46:43
iagent-bolshoyuluy BUL 02/26/2015 14:47:19
iagent-kozulka C2D9F1E181E141A 02/26/2015 14:51:31
ach-arm-krivencova KRIVENCOVA 02/26/2015 14:53:43
iagent-ujur SAMSUNG 02/26/2015 14:54:20
iagent-smirnova USER-027DDAB311 02/26/2015 15:04:13
iagent-ujur SAMSUNG 02/26/2015 15:04:44
iagent-bogotol USER-ПК 02/26/2015 15:06:13
iagent-isaeva ZAOSO 02/26/2015 15:12:41
iagent-bolshoyuluy BUL 02/26/2015 15:20:25
iagent-kozulka C2D9F1E181E141A 02/26/2015 15:25:38
iagent-molina USER-ПК 02/26/2015 15:34:35
iagent-bogotol USER-ПК 02/26/2015 15:52:54
iagent-kozulka C2D9F1E181E141A 02/26/2015 15:56:45
ach-arm-kuyan KUYAN1 02/26/2015 16:00:09
ach-arm-kuyan KUYAN1 02/26/2015 16:02:31
iagent-dubinino NAD 02/26/2015 16:07:13
iagent-kozulka C2D9F1E181E141A 02/26/2015 16:07:29
iagent-kozulka C2D9F1E181E141A 02/26/2015 16:23:35
iagent-rostur HOME-PC 02/26/2015 16:36:26
iagent-kozulka C2D9F1E181E141A 02/26/2015 16:38:00
iagent-dubinino NAD 02/26/2015 16:41:27
iagent-rostur HOME-PC 02/26/2015 16:47:30
iagent-kozulka C2D9F1E181E141A 02/26/2015 16:47:45
ach-arm-korenko KORENKO 02/26/2015 16:49:41
ach-arm-kuyan KUYAN1 02/26/2015 16:51:56
iagent-kluev USER-824AA86396 02/26/2015 16:52:15
iagent-dubinino NAD 02/26/2015 16:56:05
ach-arm-krivencova KRIVENCOVA 02/26/2015 17:00:27
ach-arm-korenko KORENKO 02/26/2015 17:02:13
iagent-molina USER-ПК 02/26/2015 17:03:36
iagent-bogotol USER-ПК 02/26/2015 17:13:54
iagent-bogotol USER-ПК 02/26/2015 17:33:34
iagent-isaeva ZAOSO 02/26/2015 17:45:52
iagent-kozulka C2D9F1E181E141A 02/27/2015 07:59:51
ach-arm-kuyan KUYAN1 02/27/2015 08:13:38
ach-arm-korenko KORENKO 02/27/2015 08:35:47
iagent-ujur SAMSUNG 02/27/2015 08:54:09
iagent-smirnova USER-027DDAB311 02/27/2015 08:57:59
iagent-novoberiluss NOVOBIRILUS 02/27/2015 09:02:58
iagent-tuhtet PP1 02/27/2015 09:07:45
iagent-bolshoyuluy BUL 02/27/2015 09:14:39
ach-arm-kuyan KUYAN1 02/27/2015 09:15:57
iagent-bogotol USER-ПК 02/27/2015 09:16:46
iagent-dubinino NAD 02/27/2015 09:19:19
iagent-kozulka C2D9F1E181E141A 02/27/2015 09:32:49
ach-arm-krivencova KRIVENCOVA 02/27/2015 10:03:27
ach-arm-krivencova KRIVENCOVA 02/27/2015 10:04:36
iagent-ujur SAMSUNG 02/27/2015 10:07:29
iagent-novoberiluss NOVOBIRILUS 02/27/2015 10:10:40
iagent-rostur HOME-PC 02/27/2015 10:14:53
iagent-kluev USER-824AA86396 02/27/2015 10:19:34
iagent-isaeva ZAOSO 02/27/2015 10:24:06
iagent-dubinino NAD 02/27/2015 10:52:43
ach-arm-korenko KORENKO 02/27/2015 11:03:42
iagent-kozulka C2D9F1E181E141A 02/27/2015 11:06:25
iagent-ujur SAMSUNG 02/27/2015 11:09:55
iagent-kluev USER-824AA86396 02/27/2015 11:31:15
iagent-novoberiluss NOVOBIRILUS 02/27/2015 11:34:35
iagent-bolshoyuluy BUL 02/27/2015 11:38:59
ach-arm-kuyan KUYAN1 02/27/2015 11:39:24
iagent-kozulka C2D9F1E181E141A 02/27/2015 11:40:12
ach-arm-korenko KORENKO 02/27/2015 11:40:20
iagent-tuhtet PP1 02/27/2015 11:41:06
iagent-bogotol USER-ПК 02/27/2015 11:55:01
iagent-dubinino NAD 02/27/2015 12:16:44
iagent-kozulka C2D9F1E181E141A 02/27/2015 13:00:38
iagent-bogotol USER-ПК 02/27/2015 13:34:03
ach-arm-krivencova KRIVENCOVA 02/27/2015 13:53:10
iagent-bolshoyuluy BUL 02/27/2015 13:56:17
ach-arm-kuyan KUYAN1 02/27/2015 14:02:41
iagent-novoberiluss NOVOBIRILUS 02/27/2015 14:09:28
ach-arm-krivencova KRIVENCOVA 02/27/2015 14:14:06
ach-arm-krivencova KRIVENCOVA 02/27/2015 14:20:28
iagent-ujur SAMSUNG 02/27/2015 14:24:51
iagent-kozulka C2D9F1E181E141A 02/27/2015 14:31:11
ach-arm-kuyan KUYAN1 02/27/2015 14:34:35
ach-arm-korenko KORENKO 02/27/2015 14:46:47
ach-arm-kuyan KUYAN1 02/27/2015 14:47:43
ach-arm-korenko KORENKO 02/27/2015 16:45:51
ach-arm-krivencova KRIVENCOVA 02/27/2015 16:46:27
iagent-bogotol USER-ПК 02/27/2015 16:52:31
ach-arm-kuyan KUYAN1 02/27/2015 16:53:19
ach-arm-korenko KORENKO 02/27/2015 16:54:07
ach-arm-krivencova KRIVENCOVA 02/27/2015 17:15:53
iagent-kakaulina ENTER 02/28/2015 08:32:05
ach-arm-krivencova KRIVENCOVA 02/28/2015 09:17:07
ach-arm-korenko KORENKO 02/28/2015 09:23:57
iagent-tuhtet PP1 02/28/2015 09:44:34
ach-arm-kuyan KUYAN1 02/28/2015 10:29:00
iagent-molina USER-ПК 02/28/2015 10:58:01
iagent-dubinino NAD 02/28/2015 11:02:35
iagent-bolshoyuluy BUL 02/28/2015 11:34:25
iagent-bolshoyuluy BUL 02/28/2015 11:36:16
iagent-smirnova USER-027DDAB311 02/28/2015 12:29:50
iagent-smirnova USER-027DDAB311 02/28/2015 13:47:42
iagent-kakaulina ENTER 02/28/2015 15:27:13
iagent-kakaulina ENTER 02/28/2015 15:28:40
iagent-molina USER-ПК 02/28/2015 16:06:12
iagent-smirnova USER-027DDAB311 02/28/2015 18:25:17
iagent-kakaulina ENTER 03/01/2015 08:51:09
iagent-kakaulina ENTER 03/01/2015 09:24:48
iagent-kakaulina ENTER 03/01/2015 13:41:30
ach-arm-kuyan KUYAN1 03/02/2015 08:04:54
ach-arm-korenko KORENKO 03/02/2015 08:12:17
ach-arm-krivencova KRIVENCOVA 03/02/2015 08:29:46
iagent-kozulka C2D9F1E181E141A 03/02/2015 08:56:29
iagent-novoberiluss NOVOBIRILUS 03/02/2015 09:06:50
iagent-tuhtet PP1 03/02/2015 09:19:27
ach-arm-korenko KORENKO 03/02/2015 09:28:21
iagent-molina USER-ПК 03/02/2015 09:31:49
iagent-ujur SAMSUNG 03/02/2015 09:44:04
iagent-bolshoyuluy BUL 03/02/2015 09:49:41
iagent-isaeva ZAOSO 03/02/2015 10:08:06
iagent-bogotol USER-ПК 03/02/2015 10:33:41
iagent-ujur SAMSUNG 03/02/2015 10:43:57
iagent-ujur SAMSUNG 03/02/2015 11:08:38
iagent-ujur SAMSUNG 03/02/2015 11:34:29
ach-arm-kuyan KUYAN1 03/02/2015 11:45:16
ach-arm-korenko KORENKO 03/02/2015 12:56:47
iagent-tuhtet PP1 03/02/2015 13:05:33
ach-arm-kuyan KUYAN1 03/02/2015 14:29:54
iagent-bolshoyuluy BUL 03/02/2015 14:31:44
iagent-kakaulina ENTER 03/02/2015 14:32:39
iagent-kakaulina ENTER 03/02/2015 14:33:48
iagent-ujur SAMSUNG 03/02/2015 14:34:44
iagent-kakaulina ENTER 03/02/2015 14:34:58
iagent-kozulka C2D9F1E181E141A 03/02/2015 14:38:29
iagent-novoberiluss NOVOBIRILUS 03/02/2015 14:40:41
ach-arm-korenko KORENKO 03/02/2015 14:44:04
ach-arm-krivencova KRIVENCOVA 03/02/2015 14:52:05
ach-arm-krivencova KRIVENCOVA 03/02/2015 14:53:11
iagent-kozulka C2D9F1E181E141A 03/02/2015 14:54:51
ach-arm-korenko KORENKO 03/02/2015 15:01:17
iagent-dubinino NAD 03/02/2015 15:28:08
iagent-ujur SAMSUNG 03/02/2015 15:47:29
iagent-isaeva ZAOSO 03/02/2015 16:02:22
iagent-ujur SAMSUNG 03/02/2015 16:19:19
iagent-kakaulina ENTER 03/02/2015 17:17:50
iagent-kozulka C2D9F1E181E141A 03/03/2015 08:06:04
ach-arm-korenko KORENKO 03/03/2015 08:18:40
iagent-kozulka C2D9F1E181E141A 03/03/2015 08:31:36
ach-arm-kuyan KUYAN1 03/03/2015 08:33:31
iagent-tuhtet PP1 03/03/2015 08:45:29
iagent-bogotol USER-ПК 03/03/2015 08:49:40
iagent-ujur SAMSUNG 03/03/2015 09:12:21
iagent-novoberiluss NOVOBIRILUS 03/03/2015 09:26:16
iagent-molina USER-ПК 03/03/2015 09:36:31
iagent-smirnova USER-027DDAB311 03/03/2015 09:50:24
iagent-kozulka C2D9F1E181E141A 03/03/2015 10:01:21
iagent-rostur HOME-PC 03/03/2015 10:40:09
iagent-smirnova USER-027DDAB311 03/03/2015 10:47:12
ach-arm-korenko KORENKO 03/03/2015 10:48:16
ach-arm-korenko KORENKO 03/03/2015 10:49:20
iagent-dubinino NAD 03/03/2015 11:13:49
ach-arm-korenko KORENKO 03/03/2015 11:14:43
ach-arm-korenko KORENKO 03/03/2015 11:30:25
iagent-dubinino NAD 03/03/2015 11:37:11
iagent-bogotol USER-ПК 03/03/2015 12:30:08
iagent-bolshoyuluy BUL 03/03/2015 12:43:22
iagent-dubinino NAD 03/03/2015 13:26:27
ach-arm-kuyan KUYAN1 03/03/2015 13:50:33
iagent-ujur SAMSUNG 03/03/2015 14:03:42
iagent-bolshoyuluy BUL 03/03/2015 14:17:24
iagent-smirnova USER-027DDAB311 03/03/2015 14:46:43
iagent-bogotol USER-ПК 03/03/2015 14:48:04
iagent-bolshoyuluy BUL 03/03/2015 15:27:26
iagent-bolshoyuluy BUL 03/03/2015 15:28:57
iagent-kozulka C2D9F1E181E141A 03/03/2015 15:35:15
iagent-novoberiluss NOVOBIRILUS 03/03/2015 15:36:40
iagent-tuhtet PP1 03/03/2015 15:42:14
ach-arm-krivencova KRIVENCOVA 03/03/2015 16:00:58
iagent-ujur SAMSUNG 03/03/2015 16:08:26
iagent-kozulka C2D9F1E181E141A 03/03/2015 16:24:09
ach-arm-kuyan KUYAN1 03/03/2015 16:26:38
iagent-bogotol USER-ПК 03/03/2015 16:58:24
ach-arm-krivencova KRIVENCOVA 03/04/2015 08:22:22
iagent-ujur SAMSUNG 03/04/2015 09:04:04
iagent-molina USER-ПК 03/04/2015 09:14:53
ach-arm-korenko KORENKO 03/04/2015 09:15:47
ach-arm-korenko KORENKO 03/04/2015 09:19:41
iagent-bolshoyuluy BUL 03/04/2015 09:20:02
iagent-kozulka C2D9F1E181E141A 03/04/2015 09:25:37
ach-arm-korenko KORENKO 03/04/2015 09:33:50
ach-arm-krivencova KRIVENCOVA 03/04/2015 09:33:50
iagent-kakaulina ENTER 03/04/2015 09:33:57
iagent-kozulka C2D9F1E181E141A 03/04/2015 09:35:12
iagent-tuhtet PP1 03/04/2015 10:16:58
iagent-rostur HOME-PC 03/04/2015 10:43:58
iagent-dubinino NAD 03/04/2015 10:59:57
ach-arm-kuyan KUYAN1 03/04/2015 11:03:03
iagent-kozulka C2D9F1E181E141A 03/04/2015 11:30:07
iagent-bolshoyuluy BUL 03/04/2015 11:34:58
iagent-ujur SAMSUNG 03/04/2015 11:40:30
iagent-smirnova USER-027DDAB311 03/04/2015 12:08:54
ach-arm-korenko KORENKO 03/04/2015 12:47:07
iagent-tuhtet PP1 03/04/2015 13:02:43
ach-arm-kuyan KUYAN1 03/04/2015 14:04:41
iagent-ujur SAMSUNG 03/04/2015 14:05:41
iagent-dubinino NAD 03/04/2015 14:38:20
ach-arm-korenko KORENKO 03/04/2015 15:41:52
iagent-bogotol USER-ПК 03/04/2015 16:06:11
iagent-molina USER-ПК 03/04/2015 16:14:32
iagent-ujur SAMSUNG 03/04/2015 16:29:33
iagent-bogotol USER-ПК 03/04/2015 17:24:41
iagent-kozulka C2D9F1E181E141A 03/05/2015 07:53:48
iagent-kakaulina ENTER 03/05/2015 08:01:05
ach-arm-kuyan KUYAN1 03/05/2015 08:08:46
ach-arm-kuyan KUYAN1 03/05/2015 08:24:14
iagent-kakaulina ENTER 03/05/2015 08:25:34
ach-arm-kuyan KUYAN1 03/05/2015 08:34:36
iagent-tuhtet PP1 03/05/2015 09:14:20
ach-arm-korenko KORENKO 03/05/2015 09:26:09
iagent-molina USER-ПК 03/05/2015 09:34:06
iagent-novoberiluss NOVOBIRILUS 03/05/2015 09:40:53
iagent-smirnova USER-027DDAB311 03/05/2015 09:50:09
iagent-kozulka C2D9F1E181E141A 03/05/2015 09:56:28
iagent-smirnova USER-027DDAB311 03/05/2015 10:13:38
iagent-bolshoyuluy BUL 03/05/2015 10:21:01
iagent-bogotol USER-ПК 03/05/2015 10:45:26
iagent-rostur HOME-PC 03/05/2015 10:47:35
iagent-tuhtet PP1 03/05/2015 11:11:20
iagent-molina USER-ПК 03/05/2015 11:15:55
iagent-isaeva ZAOSO 03/05/2015 11:27:52
iagent-molina USER-ПК 03/05/2015 11:31:28
iagent-dubinino NAD 03/05/2015 11:32:44
ach-arm-kuyan KUYAN1 03/05/2015 11:47:54
iagent-kluev USER-824AA86396 03/05/2015 11:48:17
iagent-smirnova USER-027DDAB311 03/05/2015 11:53:48
iagent-kozulka C2D9F1E181E141A 03/05/2015 12:58:11
iagent-molina USER-ПК 03/05/2015 13:04:12
iagent-isaeva ZAOSO 03/05/2015 13:12:22
iagent-smirnova USER-027DDAB311 03/05/2015 13:17:46
iagent-novoberiluss NOVOBIRILUS 03/05/2015 13:24:31
iagent-molina USER-ПК 03/05/2015 13:44:38
iagent-tuhtet PP1 03/05/2015 13:55:51
iagent-bolshoyuluy BUL 03/05/2015 14:07:20
iagent-dubinino NAD 03/05/2015 14:21:33
iagent-novoberiluss NOVOBIRILUS 03/05/2015 14:52:14
iagent-isaeva ZAOSO 03/05/2015 15:03:05
iagent-dubinino NAD 03/05/2015 15:28:42
ach-arm-krivencova KRIVENCOVA 03/05/2015 15:50:56
iagent-dubinino NAD 03/05/2015 16:14:33
ach-arm-korenko KORENKO 03/05/2015 16:43:47
iagent-kakaulina ENTER 03/05/2015 16:45:27
ach-arm-korenko KORENKO 03/05/2015 16:58:58
iagent-isaeva ZAOSO 03/05/2015 18:21:46
iagent-kakaulina ENTER 03/05/2015 19:00:39
iagent-kakaulina ENTER 03/05/2015 19:35:05
iagent-kakaulina ENTER 03/05/2015 19:41:45
iagent-kakaulina ENTER 03/05/2015 19:46:02
ach-arm-kuyan KUYAN1 03/06/2015 08:28:35
iagent-novoberiluss NOVOBIRILUS 03/06/2015 08:54:14
ach-arm-korenko KORENKO 03/06/2015 09:03:00
iagent-bolshoyuluy BUL 03/06/2015 09:40:11
iagent-tuhtet PP1 03/06/2015 09:41:28
iagent-dubinino GFG 03/06/2015 09:46:09
iagent-dubinino GFG 03/06/2015 09:46:41
iagent-ujur SAMSUNG 03/06/2015 09:49:55
iagent-kluev USER-824AA86396 03/06/2015 09:53:28
iagent-dubinino GFG 03/06/2015 10:01:02
iagent-dubinino GFG 03/06/2015 10:09:22
iagent-isaeva ZAOSO 03/06/2015 10:12:26
iagent-dubinino GFG 03/06/2015 10:22:55
iagent-rostur HOME-PC 03/06/2015 10:45:33
iagent-dubinino NAD 03/06/2015 10:52:53
iagent-ujur SAMSUNG 03/06/2015 11:02:05
iagent-dubinino NAD 03/06/2015 11:08:37
iagent-dubinino NAD 03/06/2015 11:34:26
iagent-kozulka C2D9F1E181E141A 03/06/2015 11:34:40
iagent-dubinino NAD 03/06/2015 11:44:56
ach-arm-korenko KORENKO 03/06/2015 11:48:11
iagent-ujur SAMSUNG 03/06/2015 11:59:29
iagent-bogotol USER-ПК 03/06/2015 12:08:25
iagent-bolshoyuluy BUL 03/06/2015 12:09:18
iagent-kozulka C2D9F1E181E141A 03/06/2015 13:21:30
iagent-isaeva ZAOSO 03/06/2015 14:58:42
iagent-molina USER-ПК 03/06/2015 15:40:50
iagent-molina USER-ПК 03/06/2015 16:48:05
iagent-smirnova USER-027DDAB311 03/07/2015 09:07:22
iagent-kakaulina ENTER 03/07/2015 09:19:00
iagent-kluev USER-824AA86396 03/07/2015 10:54:55
iagent-molina USER-ПК 03/07/2015 11:30:56
iagent-dubinino NAD 03/07/2015 11:36:50
iagent-kakaulina ENTER 03/07/2015 14:08:47
iagent-molina USER-ПК 03/07/2015 14:36:18
iagent-molina USER-ПК 03/07/2015 16:32:52
iagent-kakaulina ENTER 03/08/2015 10:29:14
iagent-kakaulina ENTER 03/08/2015 13:22:55
iagent-kakaulina ENTER 03/08/2015 18:04:26
iagent-kakaulina ENTER 03/08/2015 18:04:44
iagent-kakaulina ENTER 03/08/2015 18:08:04
iagent-kakaulina ENTER 03/08/2015 18:09:12
iagent-kakaulina ENTER 03/08/2015 18:10:22
iagent-kakaulina ENTER 03/08/2015 18:47:08
iagent-kakaulina ENTER 03/09/2015 00:31:12
iagent-kakaulina ENTER 03/09/2015 00:31:30
iagent-kakaulina ENTER 03/09/2015 00:32:45
iagent-kakaulina ENTER 03/09/2015 00:36:28
iagent-kakaulina ENTER 03/09/2015 08:31:51
iagent-kakaulina ENTER 03/09/2015 09:53:39
iagent-kluev USER-824AA86396 03/09/2015 10:26:50
iagent-kluev USER-824AA86396 03/09/2015 10:45:43
iagent-kluev USER-824AA86396 03/09/2015 10:46:42
iagent-kluev USER-824AA86396 03/09/2015 10:53:11
iagent-dubinino GFG 03/09/2015 11:33:37
iagent-isaeva ZAOSO 03/09/2015 12:15:32
iagent-dubinino GFG 03/09/2015 12:28:50
iagent-dubinino GFG 03/09/2015 13:21:19
iagent-kozulka C2D9F1E181E141A 03/10/2015 08:15:14
ach-arm-kuyan KUYAN1 03/10/2015 08:30:56
ach-arm-korenko KORENKO 03/10/2015 08:34:08
ach-arm-kuyan KUYAN1 03/10/2015 08:36:38
iagent-kozulka C2D9F1E181E141A 03/10/2015 08:44:45
ach-arm-kuyan KUYAN1 03/10/2015 08:45:30
iagent-kakaulina ENTER 03/10/2015 08:51:04
ach-arm-korenko KORENKO 03/10/2015 08:51:33
iagent-novoberiluss NOVOBIRILUS 03/10/2015 08:51:57
iagent-kluev USER-824AA86396 03/10/2015 09:05:58
iagent-bolshoyuluy BUL 03/10/2015 09:13:21
iagent-molina USER-ПК 03/10/2015 09:17:59
iagent-tuhtet PP1 03/10/2015 09:22:15
iagent-rostur HOME-PC 03/10/2015 09:24:08
iagent-bogotol USER-ПК 03/10/2015 09:29:32
iagent-bogotol USER-ПК 03/10/2015 09:54:39
iagent-molina USER-ПК 03/10/2015 09:57:14
ach-arm-krivencova KRIVENCOVA 03/10/2015 10:08:19
iagent-isaeva ZAOSO 03/10/2015 10:09:34
iagent-ujur SAMSUNG 03/10/2015 10:20:58
ach-arm-korenko KORENKO 03/10/2015 11:04:58
iagent-bogotol USER-ПК 03/10/2015 11:35:44
iagent-bogotol USER-ПК 03/10/2015 11:51:46
iagent-ujur SAMSUNG 03/10/2015 12:17:51
iagent-molina USER-ПК 03/10/2015 13:06:58
iagent-bogotol USER-ПК 03/10/2015 13:33:08
iagent-ujur SAMSUNG 03/10/2015 14:04:25
iagent-novoberiluss NOVOBIRILUS 03/10/2015 14:18:04
iagent-kluev USER-824AA86396 03/10/2015 15:02:22
iagent-kakaulina ENTER 03/10/2015 15:02:46
iagent-ujur SAMSUNG 03/10/2015 15:12:01
iagent-bogotol USER-ПК 03/10/2015 15:20:43
ach-arm-krivencova KRIVENCOVA 03/10/2015 15:40:56
ach-arm-korenko KORENKO 03/10/2015 15:43:18
iagent-dubinino NAD 03/10/2015 16:10:26
ach-arm-kuyan KUYAN1 03/10/2015 16:10:59
iagent-molina USER-ПК 03/10/2015 16:12:03
iagent-isaeva ZAOSO 03/10/2015 16:22:46
iagent-ujur SAMSUNG 03/10/2015 16:39:44
ach-arm-kuyan KUYAN1 03/10/2015 16:58:30
iagent-dubinino NAD 03/10/2015 17:08:23
iagent-isaeva ZAOSO 03/10/2015 17:40:27
iagent-molina USER-ПК 03/10/2015 18:12:47
iagent-kakaulina ENTER 03/10/2015 19:27:52
iagent-kozulka C2D9F1E181E141A 03/11/2015 07:56:37
ach-arm-kuyan KUYAN1 03/11/2015 08:15:41
iagent-bolshoyuluy BUL 03/11/2015 08:45:26
iagent-tuhtet PP1 03/11/2015 08:46:01
iagent-kozulka C2D9F1E181E141A 03/11/2015 08:49:54
iagent-kozulka C2D9F1E181E141A 03/11/2015 08:57:42
iagent-dubinino GFG 03/11/2015 08:58:43
iagent-bogotol USER-ПК 03/11/2015 09:16:38
iagent-molina USER-ПК 03/11/2015 09:23:38
iagent-kakaulina ENTER 03/11/2015 09:26:56
iagent-ujur SAMSUNG 03/11/2015 09:28:48
iagent-kluev USER-824AA86396 03/11/2015 09:38:29
iagent-smirnova USER-027DDAB311 03/11/2015 09:47:18
iagent-isaeva ZAOSO 03/11/2015 10:04:08
iagent-dubinino NAD 03/11/2015 10:11:13
iagent-kakaulina ENTER 03/11/2015 10:14:07
iagent-kakaulina ENTER 03/11/2015 10:15:19
iagent-kozulka C2D9F1E181E141A 03/11/2015 10:19:03
iagent-rostur HOME-PC 03/11/2015 10:21:37
iagent-bogotol USER-ПК 03/11/2015 11:49:22
iagent-isaeva ZAOSO 03/11/2015 12:13:15
iagent-kozulka C2D9F1E181E141A 03/11/2015 12:56:24
iagent-tuhtet PP1 03/11/2015 13:06:21
iagent-dubinino NAD 03/11/2015 13:07:17
iagent-kluev USER-824AA86396 03/11/2015 13:24:14
ach-arm-korenko KORENKO 03/11/2015 13:29:17
iagent-ujur SAMSUNG 03/11/2015 13:35:28
iagent-molina USER-ПК 03/11/2015 13:41:26
iagent-kozulka C2D9F1E181E141A 03/11/2015 13:44:44
iagent-ujur SAMSUNG 03/11/2015 13:53:59
iagent-bolshoyuluy BUL 03/11/2015 14:45:33
iagent-kozulka C2D9F1E181E141A 03/11/2015 15:03:27
iagent-isaeva ZAOSO 03/11/2015 15:08:05
iagent-kozulka C2D9F1E181E141A 03/11/2015 15:18:30
iagent-kozulka C2D9F1E181E141A 03/11/2015 15:32:42
iagent-smirnova USER-027DDAB311 03/11/2015 15:37:34
iagent-kakaulina ENTER 03/11/2015 16:14:55
iagent-kakaulina ENTER 03/11/2015 16:17:32
ach-arm-kuyan KUYAN1 03/11/2015 16:41:56
ach-arm-korenko KORENKO 03/11/2015 17:39:26
iagent-bogotol USER-ПК 03/11/2015 17:42:57
iagent-smirnova USER-027DDAB311 03/11/2015 17:52:49
iagent-isaeva ZAOSO 03/11/2015 18:05:53
iagent-kakaulina ENTER 03/11/2015 18:49:40
ach-arm-kuyan KUYAN1 03/12/2015 07:28:22
iagent-kozulka C2D9F1E181E141A 03/12/2015 07:55:18
ach-arm-korenko KORENKO 03/12/2015 08:07:17
iagent-kakaulina ENTER 03/12/2015 08:51:12
iagent-tuhtet PP1 03/12/2015 08:53:05
iagent-bolshoyuluy BUL 03/12/2015 09:12:54
iagent-rostur HOME-PC 03/12/2015 09:14:06
iagent-molina USER-ПК 03/12/2015 09:20:29
iagent-ujur SAMSUNG 03/12/2015 09:25:16
iagent-kozulka C2D9F1E181E141A 03/12/2015 10:16:50
ach-arm-krivencova KRIVENCOVA 03/12/2015 10:32:01
iagent-dubinino NAD 03/12/2015 10:35:49
iagent-kluev USER-824AA86396 03/12/2015 10:38:33
iagent-ujur SAMSUNG 03/12/2015 11:14:03
iagent-bolshoyuluy BUL 03/12/2015 11:39:17
iagent-novoberiluss NOVOBIRILUS 03/12/2015 11:55:37
ach-arm-korenko KORENKO 03/12/2015 13:16:04
iagent-molina USER-ПК 03/12/2015 13:56:05
iagent-bogotol USER-ПК 03/12/2015 14:08:39
iagent-ujur SAMSUNG 03/12/2015 14:13:30
iagent-dubinino NAD 03/12/2015 14:18:44
iagent-bolshoyuluy BUL 03/12/2015 14:36:09
iagent-molina USER-ПК 03/12/2015 14:52:54
iagent-isaeva ZAOSO 03/12/2015 15:04:24
iagent-kluev USER-824AA86396 03/12/2015 15:57:01
ach-arm-krivencova KRIVENCOVA 03/12/2015 16:04:25
ach-arm-korenko KORENKO 03/12/2015 16:05:18
iagent-novoberiluss NOVOBIRILUS 03/12/2015 16:13:50
iagent-kakaulina ENTER 03/12/2015 17:15:49
ach-arm-krivencova KRIVENCOVA 03/12/2015 17:18:32
iagent-isaeva ZAOSO 03/12/2015 17:58:05
iagent-dubinino GFG 03/12/2015 19:50:34
iagent-dubinino GFG 03/12/2015 21:11:18
ach-arm-kuyan KUYAN1 03/13/2015 07:26:20
iagent-kozulka C2D9F1E181E141A 03/13/2015 07:55:55
iagent-kozulka C2D9F1E181E141A 03/13/2015 08:06:45
ach-arm-krivencova KRIVENCOVA 03/13/2015 08:37:22
iagent-tuhtet PP1 03/13/2015 08:38:01
ach-arm-kuyan KUYAN1 03/13/2015 08:42:06
iagent-bolshoyuluy BUL 03/13/2015 08:46:08
iagent-novoberiluss NOVOBIRILUS 03/13/2015 08:56:42
ach-arm-korenko KORENKO 03/13/2015 09:11:49
iagent-kluev USER-824AA86396 03/13/2015 09:18:57
iagent-bogotol USER-ПК 03/13/2015 09:26:43
iagent-ujur SAMSUNG 03/13/2015 09:34:33
iagent-rostur HOME-PC 03/13/2015 09:46:25
iagent-molina USER-ПК 03/13/2015 09:51:34
ach-arm-kuyan KUYAN1 03/13/2015 09:53:40
iagent-dubinino NAD 03/13/2015 11:23:15
iagent-molina USER-ПК 03/13/2015 12:33:45
iagent-dubinino NAD 03/13/2015 12:36:01
iagent-bolshoyuluy BUL 03/13/2015 12:37:41
iagent-dubinino NAD 03/13/2015 13:05:35
iagent-tuhtet PP1 03/13/2015 13:13:32
iagent-isaeva ZAOSO 03/13/2015 13:14:37
iagent-kozulka C2D9F1E181E141A 03/13/2015 13:32:06
iagent-novoberiluss NOVOBIRILUS 03/13/2015 13:47:05
ach-arm-krivencova KRIVENCOVA 03/13/2015 13:47:38
iagent-smirnova USER-027DDAB311 03/13/2015 14:13:40
iagent-dubinino NAD 03/13/2015 14:18:38
iagent-bogotol USER-ПК 03/13/2015 14:25:29
ach-arm-kuyan KUYAN1 03/13/2015 14:54:51
ach-arm-korenko KORENKO 03/13/2015 15:00:37
iagent-isaeva ZAOSO 03/13/2015 15:10:54
ach-arm-kuyan KUYAN1 03/13/2015 15:39:23
iagent-molina USER-ПК 03/13/2015 16:32:31
iagent-dubinino NAD 03/13/2015 18:30:32
iagent-kakaulina ENTER 03/13/2015 18:42:13
iagent-dubinino GFG 03/14/2015 00:38:06
iagent-dubinino GFG 03/14/2015 01:13:31
iagent-kakaulina ENTER 03/14/2015 08:58:55
ach-arm-kuyan KUYAN1 03/14/2015 09:03:48
ach-arm-krivencova KRIVENCOVA 03/14/2015 09:20:42
iagent-tuhtet PP1 03/14/2015 09:29:09
iagent-molina USER-ПК 03/14/2015 09:37:37
iagent-smirnova USER-027DDAB311 03/14/2015 09:41:17
iagent-kakaulina ENTER 03/14/2015 10:19:19
iagent-molina USER-ПК 03/14/2015 10:31:29
iagent-bolshoyuluy BUL 03/14/2015 10:35:50
iagent-smirnova USER-027DDAB311 03/14/2015 10:37:12
iagent-smirnova USER-027DDAB311 03/14/2015 11:54:43
iagent-dubinino NAD 03/14/2015 11:57:04
iagent-smirnova USER-027DDAB311 03/14/2015 13:37:01
iagent-molina USER-ПК 03/14/2015 14:04:59
iagent-dubinino GFG 03/14/2015 15:59:48
iagent-molina USER-ПК 03/14/2015 16:20:56
iagent-kakaulina ENTER 03/14/2015 19:13:43
iagent-kakaulina ENTER 03/15/2015 11:57:05
iagent-kakaulina ENTER 03/15/2015 13:32:51
iagent-tuhtet PP1 03/15/2015 15:24:47
iagent-kakaulina ENTER 03/15/2015 19:28:57
iagent-kakaulina ENTER 03/15/2015 19:59:52
ach-arm-kuyan KUYAN1 03/16/2015 08:03:32
ach-arm-korenko KORENKO 03/16/2015 08:14:38
iagent-kozulka C2D9F1E181E141A 03/16/2015 08:15:17
iagent-tuhtet PP1 03/16/2015 08:35:59
ach-arm-kuyan KUYAN1 03/16/2015 08:56:49
ach-arm-korenko KORENKO 03/16/2015 09:06:00
iagent-rostur HOME-PC 03/16/2015 09:20:36
iagent-ujur SAMSUNG 03/16/2015 09:21:57
iagent-bolshoyuluy BUL 03/16/2015 09:27:22
iagent-bogotol USER-ПК 03/16/2015 09:33:47
iagent-smirnova USER-027DDAB311 03/16/2015 09:53:16
iagent-isaeva ZAOSO 03/16/2015 10:08:05
ach-arm-krivencova KRIVENCOVA 03/16/2015 10:15:03
iagent-dubinino NAD 03/16/2015 10:53:17
iagent-ujur SAMSUNG 03/16/2015 11:11:45
iagent-bolshoyuluy BUL 03/16/2015 11:20:01
ach-arm-korenko KORENKO 03/16/2015 11:32:15
ach-arm-korenko KORENKO 03/16/2015 11:33:20
ach-arm-kuyan KUYAN1 03/16/2015 11:33:36
iagent-bogotol USER-ПК 03/16/2015 11:38:17
iagent-novoberiluss NOVOBIRILUS 03/16/2015 11:42:23
iagent-molina USER-ПК 03/16/2015 12:24:12
iagent-kozulka C2D9F1E181E141A 03/16/2015 12:57:55
iagent-isaeva ZAOSO 03/16/2015 13:01:39
iagent-tuhtet PP1 03/16/2015 13:09:21
ach-arm-kuyan KUYAN1 03/16/2015 13:52:13
iagent-kozulka C2D9F1E181E141A 03/16/2015 14:04:32
iagent-bolshoyuluy BUL 03/16/2015 14:05:59
iagent-bogotol USER-ПК 03/16/2015 14:07:28
iagent-kakaulina ENTER 03/16/2015 14:09:06
iagent-ujur SAMSUNG 03/16/2015 14:37:47
iagent-dubinino NAD 03/16/2015 14:52:35
iagent-smirnova USER-027DDAB311 03/16/2015 15:08:17
iagent-kakaulina ENTER 03/16/2015 15:17:30
ach-arm-krivencova KRIVENCOVA 03/16/2015 15:32:54
iagent-kozulka C2D9F1E181E141A 03/16/2015 15:40:37
iagent-kluev USER-824AA86396 03/16/2015 15:47:29
ach-arm-korenko KORENKO 03/16/2015 16:02:32
iagent-dubinino NAD 03/16/2015 16:16:01
ach-arm-kuyan KUYAN1 03/16/2015 16:19:57
iagent-bolshoyuluy BUL 03/16/2015 16:30:35
ach-arm-kuyan KUYAN1 03/16/2015 16:55:04
ach-arm-krivencova KRIVENCOVA 03/16/2015 17:10:28
iagent-isaeva ZAOSO 03/16/2015 17:22:01
iagent-kakaulina ENTER 03/16/2015 17:25:59
iagent-kakaulina ENTER 03/16/2015 18:59:10
iagent-kakaulina ENTER 03/16/2015 18:59:47
ach-arm-kuyan KUYAN1 03/17/2015 08:33:36
iagent-bolshoyuluy BUL 03/17/2015 08:57:48
iagent-tuhtet PP1 03/17/2015 09:00:32
iagent-bogotol USER-ПК 03/17/2015 09:04:57
iagent-novoberiluss NOVOBIRILUS 03/17/2015 09:15:47
iagent-molina USER-ПК 03/17/2015 09:16:12
iagent-kluev USER-824AA86396 03/17/2015 09:16:19
iagent-kozulka C2D9F1E181E141A 03/17/2015 09:30:12
iagent-ujur SAMSUNG 03/17/2015 09:30:21
iagent-isaeva ZAOSO 03/17/2015 10:05:03
iagent-rostur HOME-PC 03/17/2015 10:16:28
iagent-molina USER-ПК 03/17/2015 10:24:07
iagent-molina USER-ПК 03/17/2015 10:51:54
iagent-dubinino NAD 03/17/2015 10:54:34
iagent-ujur SAMSUNG 03/17/2015 11:18:15
iagent-ujur SAMSUNG 03/17/2015 11:28:55
ach-arm-korenko KORENKO 03/17/2015 11:56:51
iagent-smirnova USER-027DDAB311 03/17/2015 11:58:01
iagent-ujur SAMSUNG 03/17/2015 12:03:52
iagent-kozulka C2D9F1E181E141A 03/17/2015 12:47:33
iagent-molina USER-ПК 03/17/2015 13:10:56
iagent-smirnova USER-027DDAB311 03/17/2015 13:16:13
iagent-bogotol USER-ПК 03/17/2015 13:22:23
ach-arm-kuyan KUYAN1 03/17/2015 13:25:35
iagent-isaeva ZAOSO 03/17/2015 13:35:06
iagent-kakaulina ENTER 03/17/2015 13:40:57
iagent-kluev USER-824AA86396 03/17/2015 13:42:01
ach-arm-korenko KORENKO 03/17/2015 13:45:39
iagent-dubinino NAD 03/17/2015 14:13:21
iagent-dubinino NAD 03/17/2015 14:38:43
iagent-isaeva ZAOSO 03/17/2015 15:02:18
ach-arm-krivencova KRIVENCOVA 03/17/2015 15:12:57
iagent-tuhtet PP1 03/17/2015 15:24:55
iagent-bolshoyuluy BUL 03/17/2015 15:30:43
iagent-molina USER-ПК 03/17/2015 15:42:34
iagent-smirnova USER-027DDAB311 03/17/2015 16:15:44
iagent-kakaulina ENTER 03/17/2015 16:22:07
iagent-molina USER-ПК 03/17/2015 16:22:10
iagent-smirnova USER-027DDAB311 03/17/2015 16:38:32
iagent-kakaulina ENTER 03/17/2015 17:03:15
ach-arm-krivencova KRIVENCOVA 03/17/2015 17:10:29
iagent-bogotol USER-ПК 03/17/2015 17:43:17
iagent-isaeva ZAOSO 03/17/2015 17:50:45
iagent-smirnova USER-027DDAB311 03/17/2015 18:12:07
iagent-isaeva ZAOSO 03/17/2015 18:48:48
iagent-kakaulina ENTER 03/18/2015 07:27:30
ach-arm-korenko KORENKO 03/18/2015 08:09:54
ach-arm-kuyan KUYAN1 03/18/2015 08:12:56
iagent-smirnova USER-027DDAB311 03/18/2015 08:44:34
iagent-tuhtet PP1 03/18/2015 08:58:06
iagent-bolshoyuluy BUL 03/18/2015 09:14:38
iagent-kluev USER-824AA86396 03/18/2015 09:16:02
ach-arm-korenko KORENKO 03/18/2015 09:16:18
iagent-kozulka C2D9F1E181E141A 03/18/2015 09:20:09
iagent-bogotol USER-ПК 03/18/2015 09:29:50
iagent-rostur HOME-PC 03/18/2015 09:57:42
iagent-ujur SAMSUNG 03/18/2015 10:01:16
iagent-dubinino NAD 03/18/2015 10:27:30
ach-arm-kuyan KUYAN1 03/18/2015 10:28:35
iagent-kozulka C2D9F1E181E141A 03/18/2015 10:35:51
iagent-dubinino NAD 03/18/2015 11:08:45
ach-arm-kuyan KUYAN1 03/18/2015 12:02:55
iagent-kozulka C2D9F1E181E141A 03/18/2015 12:06:22
iagent-dubinino NAD 03/18/2015 12:09:15
ach-arm-kuyan KUYAN1 03/18/2015 13:11:08
ach-arm-korenko KORENKO 03/18/2015 13:21:12
iagent-novoberiluss NOVOBIRILUS 03/18/2015 13:29:49
iagent-bogotol USER-ПК 03/18/2015 13:51:33
iagent-dubinino NAD 03/18/2015 14:05:14
iagent-molina USER-ПК 03/18/2015 14:28:29
iagent-novoberiluss NOVOBIRILUS 03/18/2015 14:34:48
ach-arm-kuyan KUYAN1 03/18/2015 14:49:39
iagent-smirnova USER-027DDAB311 03/18/2015 15:03:59
iagent-isaeva ZAOSO 03/18/2015 15:09:50
ach-arm-krivencova KRIVENCOVA 03/18/2015 15:11:49
iagent-bogotol USER-ПК 03/18/2015 15:30:51
iagent-kozulka C2D9F1E181E141A 03/18/2015 15:44:49
ach-arm-kuyan KUYAN1 03/18/2015 16:33:43
iagent-smirnova USER-027DDAB311 03/18/2015 16:39:00
ach-arm-korenko KORENKO 03/18/2015 16:46:07
iagent-isaeva ZAOSO 03/18/2015 16:48:22
iagent-isaeva ZAOSO 03/18/2015 17:57:29
iagent-smirnova USER-027DDAB311 03/18/2015 19:13:30
ach-arm-korenko KORENKO 03/19/2015 08:05:54
ach-arm-kuyan KUYAN1 03/19/2015 08:08:15
iagent-tuhtet PP1 03/19/2015 08:34:45
iagent-kakaulina ENTER 03/19/2015 09:02:00
iagent-kluev USER-824AA86396 03/19/2015 09:17:57
iagent-kozulka C2D9F1E181E141A 03/19/2015 09:17:59
iagent-bolshoyuluy BUL 03/19/2015 09:20:14
iagent-smirnova USER-027DDAB311 03/19/2015 09:23:57
ach-arm-kuyan KUYAN1 03/19/2015 09:25:14
iagent-novoberiluss NOVOBIRILUS 03/19/2015 09:29:25
iagent-rostur HOME-PC 03/19/2015 09:34:30
iagent-molina USER-ПК 03/19/2015 09:57:52
iagent-bogotol USER-ПК 03/19/2015 10:19:18
ach-arm-kuyan KUYAN1 03/19/2015 10:54:07
iagent-dubinino NAD 03/19/2015 10:56:37
iagent-novoberiluss NOVOBIRILUS 03/19/2015 11:19:48
iagent-kozulka C2D9F1E181E141A 03/19/2015 11:27:30
iagent-isaeva ZAOSO 03/19/2015 11:33:58
iagent-molina USER-ПК 03/19/2015 11:34:09
iagent-smirnova USER-027DDAB311 03/19/2015 12:00:13
iagent-molina USER-ПК 03/19/2015 12:03:50
iagent-dubinino NAD 03/19/2015 12:42:40
iagent-tuhtet PP1 03/19/2015 13:21:13
iagent-kozulka C2D9F1E181E141A 03/19/2015 13:31:42
iagent-smirnova USER-027DDAB311 03/19/2015 13:32:11
iagent-tuhtet PP1 03/19/2015 13:47:32
iagent-ujur SAMSUNG 03/19/2015 14:02:56
iagent-smirnova USER-027DDAB311 03/19/2015 14:11:54
iagent-ujur SAMSUNG 03/19/2015 14:16:42
iagent-molina USER-ПК 03/19/2015 14:20:26
ach-arm-kuyan KUYAN1 03/19/2015 14:34:16
ach-arm-korenko KORENKO 03/19/2015 14:47:37
iagent-molina USER-ПК 03/19/2015 14:49:17
ach-arm-kuyan KUYAN1 03/19/2015 14:53:37
ach-arm-krivencova KRIVENCOVA 03/19/2015 15:04:19
iagent-dubinino NAD 03/19/2015 15:04:29
iagent-isaeva ZAOSO 03/19/2015 15:14:57
iagent-kakaulina ENTER 03/19/2015 16:05:26
iagent-ujur SAMSUNG 03/19/2015 16:18:45
iagent-molina USER-ПК 03/19/2015 16:23:07
iagent-dubinino NAD 03/19/2015 16:34:09
iagent-bogotol USER-ПК 03/19/2015 16:40:40
ach-arm-krivencova KRIVENCOVA 03/19/2015 16:50:16
iagent-smirnova USER-027DDAB311 03/19/2015 19:01:27
iagent-smirnova USER-027DDAB311 03/20/2015 08:11:47
iagent-bogotol USER-ПК 03/20/2015 08:40:41
iagent-kozulka C2D9F1E181E141A 03/20/2015 08:42:34
iagent-novoberiluss NOVOBIRILUS 03/20/2015 08:52:11
iagent-tuhtet PP1 03/20/2015 08:58:56
iagent-bolshoyuluy BUL 03/20/2015 09:05:04
iagent-rostur HOME-PC 03/20/2015 09:26:41
iagent-smirnova USER-027DDAB311 03/20/2015 09:29:35
iagent-kluev USER-824AA86396 03/20/2015 09:35:53
iagent-isaeva ZAOSO 03/20/2015 10:05:18
iagent-novoberiluss NOVOBIRILUS 03/20/2015 10:11:39
iagent-bogotol USER-ПК 03/20/2015 10:26:44
iagent-bolshoyuluy BUL 03/20/2015 10:29:52
iagent-dubinino NAD 03/20/2015 10:32:07
iagent-ujur SAMSUNG 03/20/2015 10:45:28
iagent-tuhtet PP1 03/20/2015 10:49:05
iagent-ujur SAMSUNG 03/20/2015 11:07:23
iagent-smirnova USER-027DDAB311 03/20/2015 11:12:31
iagent-ujur SAMSUNG 03/20/2015 11:23:52
iagent-kozulka C2D9F1E181E141A 03/20/2015 11:32:39
iagent-dubinino NAD 03/20/2015 12:05:04
iagent-smirnova USER-027DDAB311 03/20/2015 12:15:16
iagent-smirnova USER-027DDAB311 03/20/2015 12:46:51
iagent-kluev USER-824AA86396 03/20/2015 14:02:56
iagent-bolshoyuluy BUL 03/20/2015 14:03:50
iagent-ujur SAMSUNG 03/20/2015 14:08:25
iagent-molina USER-ПК 03/20/2015 14:28:12
iagent-kakaulina ENTER 03/20/2015 14:47:30
iagent-novoberiluss NOVOBIRILUS 03/20/2015 14:51:55
iagent-tuhtet PP1 03/20/2015 14:59:07
iagent-ujur SAMSUNG 03/20/2015 15:03:18
iagent-dubinino NAD 03/20/2015 15:08:25
iagent-smirnova USER-027DDAB311 03/20/2015 15:41:31
iagent-bogotol USER-ПК 03/20/2015 15:49:16
iagent-isaeva ZAOSO 03/20/2015 16:57:47
iagent-kakaulina ENTER 03/20/2015 18:09:56
iagent-smirnova USER-027DDAB311 03/20/2015 18:41:30
iagent-kakaulina ENTER 03/20/2015 19:34:27
iagent-kakaulina ENTER 03/21/2015 08:14:08
iagent-smirnova USER-027DDAB311 03/21/2015 08:32:12
iagent-dubinino GFG 03/21/2015 08:41:19
iagent-kluev USER-824AA86396 03/21/2015 10:03:53
iagent-kakaulina ENTER 03/21/2015 11:16:28
iagent-molina USER-ПК 03/21/2015 11:36:56
iagent-smirnova USER-027DDAB311 03/21/2015 12:48:13
iagent-dubinino NAD 03/21/2015 13:00:39
iagent-rostur HOME-PC 03/21/2015 13:12:45
iagent-smirnova USER-027DDAB311 03/21/2015 13:52:33
iagent-dubinino NAD 03/21/2015 14:57:44
iagent-smirnova USER-027DDAB311 03/21/2015 16:21:00
iagent-smirnova USER-027DDAB311 03/21/2015 17:15:43
iagent-kakaulina ENTER 03/21/2015 18:06:08
iagent-kakaulina ENTER 03/22/2015 09:43:30
iagent-kakaulina ENTER 03/22/2015 12:14:42
iagent-smirnova USER-027DDAB311 03/22/2015 12:46:13
iagent-smirnova USER-027DDAB311 03/22/2015 16:59:27
iagent-smirnova USER-027DDAB311 03/22/2015 19:18:45
ach-arm-kuyan KUYAN1 03/23/2015 07:59:26
iagent-bolshoyuluy BUL 03/23/2015 08:50:26
iagent-rostur HOME-PC 03/23/2015 08:59:52
iagent-kozulka C2D9F1E181E141A 03/23/2015 09:01:02
iagent-bogotol USER-ПК 03/23/2015 09:10:37
iagent-novoberiluss NOVOBIRILUS 03/23/2015 09:12:37
iagent-kluev USER-824AA86396 03/23/2015 09:20:43
ach-arm-krivencova KRIVENCOVA 03/23/2015 09:24:32
iagent-tuhtet PP1 03/23/2015 09:32:11
iagent-molina USER-ПК 03/23/2015 09:35:11
iagent-tuhtet PP1 03/23/2015 09:47:17
iagent-isaeva ZAOSO 03/23/2015 10:09:12
ach-arm-kuyan KUYAN1 03/23/2015 10:22:37
iagent-smirnova USER-027DDAB311 03/23/2015 10:24:59
iagent-kozulka C2D9F1E181E141A 03/23/2015 10:44:06
iagent-dubinino NAD 03/23/2015 10:59:26
iagent-ujur SAMSUNG 03/23/2015 11:04:17
iagent-bogotol USER-ПК 03/23/2015 11:09:23
iagent-smirnova USER-027DDAB311 03/23/2015 11:10:17
iagent-molina USER-ПК 03/23/2015 11:23:21
iagent-ujur SAMSUNG 03/23/2015 11:36:19
iagent-molina USER-ПК 03/23/2015 11:38:33
iagent-novoberiluss NOVOBIRILUS 03/23/2015 12:11:28
iagent-smirnova USER-027DDAB311 03/23/2015 12:35:02
ach-arm-korenko KORENKO 03/23/2015 12:37:19
iagent-isaeva ZAOSO 03/23/2015 12:44:47
iagent-tuhtet PP1 03/23/2015 12:57:42
iagent-kakaulina ENTER 03/23/2015 13:21:18
iagent-smirnova USER-027DDAB311 03/23/2015 14:06:05
iagent-bolshoyuluy BUL 03/23/2015 14:07:07
iagent-bogotol USER-ПК 03/23/2015 14:15:52
iagent-molina USER-ПК 03/23/2015 14:16:37
iagent-ujur SAMSUNG 03/23/2015 14:54:16
iagent-smirnova USER-027DDAB311 03/23/2015 15:02:04
iagent-isaeva ZAOSO 03/23/2015 15:05:23
ach-arm-kuyan KUYAN1 03/23/2015 15:11:16
iagent-kakaulina ENTER 03/23/2015 16:16:24
iagent-isaeva ZAOSO 03/23/2015 16:24:19
ach-arm-krivencova KRIVENCOVA 03/23/2015 16:35:39
iagent-isaeva ZAOSO 03/23/2015 16:53:05
iagent-molina USER-ПК 03/23/2015 17:24:21
iagent-kluev USER-824AA86396 03/23/2015 18:01:06
ach-arm-korenko KORENKO 03/23/2015 18:25:59
iagent-kakaulina ENTER 03/23/2015 20:38:31
ach-arm-kuyan KUYAN1 03/24/2015 07:45:10
iagent-kakaulina ENTER 03/24/2015 07:59:39
iagent-ujur SAMSUNG 03/24/2015 09:01:56
iagent-novoberiluss NOVOBIRILUS 03/24/2015 09:06:19
iagent-kluev USER-824AA86396 03/24/2015 09:07:20
iagent-tuhtet PP1 03/24/2015 09:10:45
iagent-dubinino NAD 03/24/2015 09:19:39
iagent-molina USER-ПК 03/24/2015 09:28:07
ach-arm-krivencova KRIVENCOVA 03/24/2015 09:30:27
iagent-bolshoyuluy BUL 03/24/2015 09:42:17
iagent-rostur HOME-PC 03/24/2015 09:48:53
iagent-dubinino NAD 03/24/2015 10:16:24
ach-arm-kuyan KUYAN1 03/24/2015 10:17:34
iagent-ujur SAMSUNG 03/24/2015 10:38:31
iagent-kozulka C2D9F1E181E141A 03/24/2015 10:59:03
iagent-ujur SAMSUNG 03/24/2015 11:02:17
iagent-bolshoyuluy BUL 03/24/2015 11:11:45
iagent-kozulka C2D9F1E181E141A 03/24/2015 11:45:42
iagent-isaeva ZAOSO 03/24/2015 11:48:48
iagent-ujur SAMSUNG 03/24/2015 12:00:15
iagent-dubinino NAD 03/24/2015 12:09:50
iagent-smirnova USER-027DDAB311 03/24/2015 12:19:35
iagent-kakaulina ENTER 03/24/2015 12:42:24
ach-arm-korenko KORENKO 03/24/2015 13:12:43
iagent-isaeva ZAOSO 03/24/2015 13:15:12
iagent-dubinino NAD 03/24/2015 13:20:52
iagent-tuhtet PP1 03/24/2015 13:27:17
iagent-dubinino NAD 03/24/2015 13:44:12
iagent-ujur SAMSUNG 03/24/2015 14:15:45
iagent-bolshoyuluy BUL 03/24/2015 14:16:58
iagent-dubinino NAD 03/24/2015 14:20:57
iagent-kakaulina ENTER 03/24/2015 14:35:18
iagent-molina USER-ПК 03/24/2015 14:48:43
iagent-novoberiluss NOVOBIRILUS 03/24/2015 15:07:12
iagent-isaeva ZAOSO 03/24/2015 15:15:53
iagent-molina USER-ПК 03/24/2015 15:31:53
ach-arm-krivencova KRIVENCOVA 03/24/2015 15:48:16
iagent-bogotol USER-ПК 03/24/2015 15:52:30
iagent-dubinino NAD 03/24/2015 16:19:01
iagent-molina USER-ПК 03/24/2015 16:23:09
iagent-molina USER-ПК 03/24/2015 17:13:31
iagent-dubinino NAD 03/24/2015 17:36:56
iagent-molina USER-ПК 03/24/2015 17:51:29
iagent-kakaulina ENTER 03/24/2015 18:16:52
iagent-kakaulina ENTER 03/24/2015 20:52:08
ach-arm-kuyan KUYAN1 03/25/2015 07:57:11
ach-arm-korenko KORENKO 03/25/2015 08:11:31
iagent-kakaulina ENTER 03/25/2015 08:13:25
iagent-smirnova USER-027DDAB311 03/25/2015 08:21:49
iagent-kakaulina ENTER 03/25/2015 08:48:23
ach-arm-korenko KORENKO 03/25/2015 09:26:56
iagent-molina USER-ПК 03/25/2015 09:27:12
iagent-rostur HOME-PC 03/25/2015 09:38:11
iagent-kluev USER-824AA86396 03/25/2015 09:40:36
iagent-smirnova USER-027DDAB311 03/25/2015 09:44:00
iagent-ujur SAMSUNG 03/25/2015 10:05:25
iagent-bolshoyuluy BUL 03/25/2015 10:07:50
iagent-novoberiluss NOVOBIRILUS 03/25/2015 10:12:33
iagent-dubinino NAD 03/25/2015 10:20:25
iagent-smirnova USER-027DDAB311 03/25/2015 10:27:44
iagent-isaeva ZAOSO 03/25/2015 10:53:34
iagent-ujur SAMSUNG 03/25/2015 11:46:41
iagent-isaeva ZAOSO 03/25/2015 12:10:12
iagent-ujur SAMSUNG 03/25/2015 12:17:50
iagent-molina USER-ПК 03/25/2015 13:05:26
iagent-ujur SAMSUNG 03/25/2015 13:59:42
iagent-dubinino NAD 03/25/2015 14:04:45
iagent-molina USER-ПК 03/25/2015 14:21:33
iagent-ujur SAMSUNG 03/25/2015 14:37:44
iagent-ujur SAMSUNG 03/25/2015 15:46:07
iagent-dubinino NAD 03/25/2015 15:48:22
iagent-kakaulina ENTER 03/25/2015 17:01:07
iagent-dubinino NAD 03/25/2015 17:32:12
iagent-molina USER-ПК 03/25/2015 17:44:24
iagent-kozulka C2D9F1E181E141A 03/26/2015 07:58:42
iagent-smirnova USER-027DDAB311 03/26/2015 08:38:03
iagent-kozulka C2D9F1E181E141A 03/26/2015 08:54:01
iagent-ujur SAMSUNG 03/26/2015 09:05:35
iagent-smirnova USER-027DDAB311 03/26/2015 09:10:06
iagent-tuhtet PP1 03/26/2015 09:33:18
iagent-ujur SAMSUNG 03/26/2015 09:47:22
iagent-ujur SAMSUNG 03/26/2015 10:03:59
iagent-novoberiluss NOVOBIRILUS 03/26/2015 10:09:50
iagent-molina USER-ПК 03/26/2015 10:34:14
iagent-rostur HOME-PC 03/26/2015 10:37:07
iagent-ujur SAMSUNG 03/26/2015 11:08:56
iagent-isaeva ZAOSO 03/26/2015 11:12:20
iagent-bogotol USER-ПК 03/26/2015 11:17:18
iagent-ujur SAMSUNG 03/26/2015 11:32:14
iagent-bolshoyuluy BUL 03/26/2015 11:45:07
iagent-molina USER-ПК 03/26/2015 12:52:28
iagent-ujur SAMSUNG 03/26/2015 14:08:24
ach-arm-kuyan KUYAN1 03/26/2015 14:16:02
iagent-bolshoyuluy BUL 03/26/2015 14:17:24
iagent-tuhtet PP1 03/26/2015 14:29:36
iagent-kakaulina ENTER 03/26/2015 14:31:22
ach-arm-kuyan KUYAN1 03/26/2015 14:31:40
iagent-molina USER-ПК 03/26/2015 14:34:47
ach-arm-krivencova KRIVENCOVA 03/26/2015 14:40:34
iagent-ujur SAMSUNG 03/26/2015 15:22:43
iagent-isaeva ZAOSO 03/26/2015 16:46:32
iagent-kakaulina ENTER 03/26/2015 17:43:15
iagent-smirnova USER-027DDAB311 03/26/2015 18:30:52
iagent-kakaulina ENTER 03/26/2015 20:29:24
iagent-novoberiluss NOVOBIRILUS 03/27/2015 08:58:58
iagent-ujur SAMSUNG 03/27/2015 09:00:51
iagent-molina USER-ПК 03/27/2015 09:11:12
iagent-rostur HOME-PC 03/27/2015 09:16:03
iagent-bolshoyuluy BUL 03/27/2015 09:56:05
ach-arm-korenko KORENKO 03/27/2015 10:06:43
iagent-bogotol USER-ПК 03/27/2015 10:29:59
ach-arm-krivencova KRIVENCOVA 03/27/2015 10:43:28
iagent-novoberiluss NOVOBIRILUS 03/27/2015 11:38:20
iagent-bogotol USER-ПК 03/27/2015 12:00:36
ach-arm-kuyan KUYAN1 03/27/2015 12:01:25
ach-arm-korenko KORENKO 03/27/2015 12:05:46
ach-arm-kuyan KUYAN1 03/27/2015 12:19:58
ach-arm-korenko KORENKO 03/27/2015 13:12:55
iagent-kozulka C2D9F1E181E141A 03/27/2015 13:36:24
iagent-bogotol USER-ПК 03/27/2015 13:58:23
iagent-ujur SAMSUNG 03/27/2015 13:58:57
iagent-novoberiluss NOVOBIRILUS 03/27/2015 14:02:42
iagent-molina USER-ПК 03/27/2015 14:11:21
iagent-tuhtet PP1 03/27/2015 14:33:04
iagent-kluev USER-824AA86396 03/27/2015 14:45:39
iagent-tuhtet PP1 03/27/2015 15:06:07
iagent-bolshoyuluy BUL 03/27/2015 15:07:42
ach-arm-korenko KORENKO 03/27/2015 18:00:09
iagent-kakaulina ENTER 03/27/2015 20:22:20
iagent-molina USER-ПК 03/28/2015 10:23:58
iagent-molina USER-ПК 03/28/2015 12:05:31
iagent-kakaulina ENTER 03/28/2015 14:19:52
iagent-kakaulina ENTER 03/28/2015 14:20:35
iagent-kakaulina ENTER 03/28/2015 14:21:42
iagent-molina USER-ПК 03/28/2015 17:10:50
iagent-molina USER-ПК 03/28/2015 17:35:10
iagent-molina USER-ПК 03/28/2015 18:52:03
iagent-kakaulina ENTER 03/29/2015 08:44:51
iagent-kakaulina ENTER 03/29/2015 11:45:39
iagent-kakaulina ENTER 03/29/2015 11:47:40
iagent-kakaulina ENTER 03/29/2015 11:48:54
iagent-kakaulina ENTER 03/29/2015 11:53:48
iagent-kakaulina ENTER 03/29/2015 14:12:28
iagent-kakaulina ENTER 03/30/2015 08:25:37
ach-arm-kuyan KUYAN1 03/30/2015 08:25:55
iagent-novoberiluss NOVOBIRILUS 03/30/2015 08:53:44
iagent-kluev USER-824AA86396 03/30/2015 08:57:12
iagent-kluev USER-824AA86396 03/30/2015 09:13:42
iagent-novoberiluss NOVOBIRILUS 03/30/2015 09:14:37
iagent-bogotol USER-ПК 03/30/2015 09:26:45
iagent-kozulka C2D9F1E181E141A 03/30/2015 09:28:28
iagent-ujur SAMSUNG 03/30/2015 09:29:05
iagent-kluev USER-824AA86396 03/30/2015 09:29:43
ach-arm-kuyan KUYAN1 03/30/2015 09:41:29
iagent-novoberiluss NOVOBIRILUS 03/30/2015 09:57:27
iagent-bolshoyuluy BUL 03/30/2015 10:00:11
iagent-rostur HOME-PC 03/30/2015 10:03:23
iagent-tuhtet PP1 03/30/2015 10:03:52
iagent-isaeva ZAOSO 03/30/2015 10:06:16
iagent-kluev USER-824AA86396 03/30/2015 10:21:20
iagent-novoberiluss NOVOBIRILUS 03/30/2015 10:25:33
iagent-isaeva ZAOSO 03/30/2015 10:36:12
iagent-kluev USER-824AA86396 03/30/2015 10:36:28
iagent-kozulka C2D9F1E181E141A 03/30/2015 10:47:54
ach-arm-kuyan KUYAN1 03/30/2015 10:54:51
iagent-isaeva ZAOSO 03/30/2015 10:54:56
iagent-kluev USER-824AA86396 03/30/2015 11:07:42
iagent-novoberiluss NOVOBIRILUS 03/30/2015 11:12:59
iagent-isaeva ZAOSO 03/30/2015 11:18:35
iagent-isaeva ZAOSO 03/30/2015 11:26:41
iagent-kluev USER-824AA86396 03/30/2015 11:27:27
iagent-tuhtet PP1 03/30/2015 11:28:01
iagent-bogotol USER-ПК 03/30/2015 11:32:27
iagent-bogotol USER-ПК 03/30/2015 11:35:01
iagent-isaeva ZAOSO 03/30/2015 11:35:03
iagent-bogotol USER-ПК 03/30/2015 11:35:49
iagent-kluev USER-824AA86396 03/30/2015 11:37:45
ach-arm-kuyan KUYAN1 03/30/2015 11:41:46
iagent-kluev USER-824AA86396 03/30/2015 11:45:47
iagent-isaeva ZAOSO 03/30/2015 11:53:27
iagent-kluev USER-824AA86396 03/30/2015 11:55:47
iagent-kluev USER-824AA86396 03/30/2015 12:02:40
iagent-bogotol USER-ПК 03/30/2015 12:08:18
ach-arm-kuyan KUYAN1 03/30/2015 12:08:53
iagent-novoberiluss NOVOBIRILUS 03/30/2015 12:09:23
iagent-rostur HOME-PC 03/30/2015 12:14:11
iagent-isaeva ZAOSO 03/30/2015 12:37:30
ach-arm-kuyan KUYAN1 03/30/2015 12:57:07
ach-arm-kuyan KUYAN1 03/30/2015 13:18:05
iagent-novoberiluss NOVOBIRILUS 03/30/2015 13:28:41
ach-arm-kuyan KUYAN1 03/30/2015 13:31:28
iagent-tuhtet PP1 03/30/2015 13:35:09
iagent-ujur SAMSUNG 03/30/2015 13:45:34
iagent-novoberiluss NOVOBIRILUS 03/30/2015 13:52:12
ach-arm-kuyan KUYAN1 03/30/2015 13:52:15
ach-arm-korenko KORENKO 03/30/2015 14:12:07
iagent-bolshoyuluy BUL 03/30/2015 14:19:35
iagent-bogotol USER-ПК 03/30/2015 14:23:07
iagent-kluev USER-824AA86396 03/30/2015 14:39:00
iagent-ujur SAMSUNG 03/30/2015 14:43:17
iagent-ujur SAMSUNG 03/30/2015 14:45:08
iagent-kluev USER-824AA86396 03/30/2015 14:46:04
iagent-rostur HOME-PC 03/30/2015 14:55:54
iagent-novoberiluss NOVOBIRILUS 03/30/2015 14:57:29
ach-arm-kuyan KUYAN1 03/30/2015 14:58:43
iagent-bogotol USER-ПК 03/30/2015 15:01:19
iagent-kluev USER-824AA86396 03/30/2015 15:04:19
ach-arm-kuyan KUYAN1 03/30/2015 15:05:09
iagent-bogotol USER-ПК 03/30/2015 15:08:31
iagent-kluev USER-824AA86396 03/30/2015 15:17:07
iagent-bogotol USER-ПК 03/30/2015 15:19:33
iagent-kluev USER-824AA86396 03/30/2015 15:37:52
ach-arm-kuyan KUYAN1 03/30/2015 15:39:44
ach-arm-krivencova KRIVENCOVA 03/30/2015 15:44:19
ach-arm-korenko KORENKO 03/30/2015 15:44:52
iagent-bogotol USER-ПК 03/30/2015 15:46:15
iagent-isaeva ZAOSO 03/30/2015 15:46:22
iagent-kluev USER-824AA86396 03/30/2015 15:47:42
ach-arm-korenko KORENKO 03/30/2015 15:53:53
iagent-bogotol USER-ПК 03/30/2015 15:54:23
ach-arm-korenko KORENKO 03/30/2015 15:55:40
iagent-novoberiluss NOVOBIRILUS 03/30/2015 15:59:05
iagent-kluev USER-824AA86396 03/30/2015 16:02:15
iagent-kluev USER-824AA86396 03/30/2015 16:09:19
iagent-ujur SAMSUNG 03/30/2015 16:12:57
iagent-kluev USER-824AA86396 03/30/2015 16:22:23
iagent-kakaulina ENTER 03/30/2015 16:23:38
iagent-bogotol USER-ПК 03/30/2015 16:27:43
iagent-isaeva ZAOSO 03/30/2015 16:29:57
ach-arm-kuyan KUYAN1 03/30/2015 16:30:48
iagent-novoberiluss NOVOBIRILUS 03/30/2015 16:32:03
iagent-bogotol USER-ПК 03/30/2015 16:33:08
iagent-kluev USER-824AA86396 03/30/2015 16:33:57
ach-arm-krivencova KRIVENCOVA 03/30/2015 16:34:58
iagent-dubinino NAD 03/30/2015 16:43:54
iagent-bogotol USER-ПК 03/30/2015 16:55:47
ach-arm-korenko KORENKO 03/30/2015 17:18:00
iagent-kakaulina ENTER 03/30/2015 17:36:11
iagent-dubinino GFG 03/30/2015 20:56:23
ach-arm-kuyan KUYAN1 03/31/2015 07:46:40
iagent-kakaulina ENTER 03/31/2015 07:53:06
iagent-kozulka C2D9F1E181E141A 03/31/2015 07:59:20
iagent-dubinino NAD 03/31/2015 08:08:24
ach-arm-kuyan KUYAN1 03/31/2015 08:11:41
ach-arm-krivencova KRIVENCOVA 03/31/2015 08:28:30
ach-arm-kuyan KUYAN1 03/31/2015 08:42:30
iagent-bogotol USER-ПК 03/31/2015 08:46:53
iagent-novoberiluss NOVOBIRILUS 03/31/2015 08:54:51
iagent-kluev USER-824AA86396 03/31/2015 09:00:00
iagent-molina USER-ПК 03/31/2015 09:03:39
ach-arm-korenko KORENKO 03/31/2015 09:16:24
iagent-dubinino NAD 03/31/2015 09:24:30
iagent-bolshoyuluy BUL 03/31/2015 09:29:50
iagent-smirnova USER-027DDAB311 03/31/2015 09:31:00
iagent-ujur SAMSUNG 03/31/2015 09:40:45
iagent-dubinino NAD 03/31/2015 09:47:23
iagent-isaeva ZAOSO 03/31/2015 09:58:41
iagent-kakaulina ENTER 03/31/2015 10:01:54
ach-arm-kuyan KUYAN1 03/31/2015 10:17:04
ach-arm-korenko KORENKO 03/31/2015 10:38:41
iagent-bogotol USER-ПК 03/31/2015 10:53:41
iagent-smirnova USER-027DDAB311 03/31/2015 10:54:07
iagent-kakaulina ENTER 03/31/2015 11:03:37
iagent-kakaulina ENTER 03/31/2015 11:04:23
ach-arm-kuyan KUYAN1 03/31/2015 11:15:04
iagent-bogotol USER-ПК 03/31/2015 11:22:30
iagent-bolshoyuluy BUL 03/31/2015 11:46:59
iagent-bogotol USER-ПК 03/31/2015 11:53:31
iagent-isaeva ZAOSO 03/31/2015 11:53:51
iagent-kakaulina ENTER 03/31/2015 11:54:02
iagent-kozulka C2D9F1E181E141A 03/31/2015 11:55:01
iagent-ujur SAMSUNG 03/31/2015 11:55:23
ach-arm-kuyan KUYAN1 03/31/2015 12:01:33
iagent-dubinino NAD 03/31/2015 12:02:05
iagent-bogotol USER-ПК 03/31/2015 12:14:44
iagent-smirnova USER-027DDAB311 03/31/2015 12:18:51
iagent-bogotol USER-ПК 03/31/2015 12:20:34
iagent-kozulka C2D9F1E181E141A 03/31/2015 12:23:01
iagent-isaeva ZAOSO 03/31/2015 12:23:09
iagent-isaeva ZAOSO 03/31/2015 12:48:50
iagent-kluev USER-824AA86396 03/31/2015 12:48:52
ach-arm-kuyan KUYAN1 03/31/2015 12:49:33
iagent-kozulka C2D9F1E181E141A 03/31/2015 12:50:53
ach-arm-krivencova KRIVENCOVA 03/31/2015 12:52:13
ach-arm-korenko KORENKO 03/31/2015 12:53:27
iagent-molina USER-ПК 03/31/2015 12:53:32
iagent-dubinino NAD 03/31/2015 13:01:32
iagent-kozulka C2D9F1E181E141A 03/31/2015 13:04:45
iagent-novoberiluss NOVOBIRILUS 03/31/2015 13:10:03
iagent-kluev USER-824AA86396 03/31/2015 13:17:47
iagent-smirnova USER-027DDAB311 03/31/2015 13:24:56
iagent-ujur SAMSUNG 03/31/2015 14:26:23
ach-arm-kuyan KUYAN1 03/31/2015 14:36:01
iagent-molina USER-ПК 03/31/2015 14:55:50
iagent-isaeva ZAOSO 03/31/2015 15:02:58
ach-arm-korenko KORENKO 03/31/2015 15:06:06
iagent-dubinino NAD 03/31/2015 15:06:29
ach-arm-kuyan KUYAN1 03/31/2015 15:10:46
iagent-kakaulina ENTER 03/31/2015 15:16:42
iagent-kakaulina ENTER 03/31/2015 15:17:30
ach-arm-kuyan KUYAN1 03/31/2015 15:18:46
iagent-bogotol USER-ПК 03/31/2015 15:56:08
iagent-molina USER-ПК 03/31/2015 15:57:09
iagent-kozulka C2D9F1E181E141A 03/31/2015 16:12:44
iagent-kluev USER-824AA86396 03/31/2015 17:10:21
iagent-smirnova USER-027DDAB311 03/31/2015 17:14:31
iagent-dubinino NAD 03/31/2015 17:15:10
ach-arm-kuyan KUYAN1 03/31/2015 17:22:58
ach-arm-korenko KORENKO 03/31/2015 17:24:58
iagent-kakaulina ENTER 03/31/2015 17:28:21
iagent-dubinino NAD 03/31/2015 17:33:30
iagent-kakaulina ENTER 04/01/2015 07:35:04
ach-arm-kuyan KUYAN1 04/01/2015 07:42:36
iagent-kozulka C2D9F1E181E141A 04/01/2015 08:20:36
iagent-kozulka C2D9F1E181E141A 04/01/2015 08:30:40
iagent-tuhtet PP1 04/01/2015 08:44:08
iagent-kozulka C2D9F1E181E141A 04/01/2015 08:46:41
iagent-molina USER-ПК 04/01/2015 08:54:12
ach-arm-korenko KORENKO 04/01/2015 08:57:14
iagent-kluev USER-824AA86396 04/01/2015 09:22:09
iagent-molina USER-ПК 04/01/2015 09:32:28
iagent-isaeva ZAOSO 04/01/2015 09:37:52
iagent-kozulka C2D9F1E181E141A 04/01/2015 09:40:16
iagent-rostur HOME-PC 04/01/2015 09:51:59
iagent-molina USER-ПК 04/01/2015 11:31:39
iagent-smirnova USER-027DDAB311 04/01/2015 11:59:28
ach-arm-kuyan KUYAN1 04/01/2015 12:08:39
ach-arm-korenko KORENKO 04/01/2015 12:17:47
iagent-kluev USER-824AA86396 04/01/2015 13:15:30
iagent-isaeva ZAOSO 04/01/2015 13:15:55
iagent-tuhtet PP1 04/01/2015 13:16:26
ach-arm-korenko KORENKO 04/01/2015 13:43:21
ach-arm-kuyan KUYAN1 04/01/2015 13:43:34
iagent-molina USER-ПК 04/01/2015 13:54:41
iagent-rostur HOME-PC 04/01/2015 14:02:53
ach-arm-korenko KORENKO 04/01/2015 14:04:52
iagent-smirnova USER-027DDAB311 04/01/2015 14:18:08
iagent-molina USER-ПК 04/01/2015 14:54:35
ach-arm-krivencova KRIVENCOVA 04/01/2015 15:18:00
ach-arm-kuyan KUYAN1 04/01/2015 15:32:03
iagent-kakaulina ENTER 04/01/2015 15:37:15
iagent-molina USER-ПК 04/01/2015 16:11:39
iagent-molina USER-ПК 04/01/2015 16:53:51
ach-arm-korenko KORENKO 04/01/2015 17:06:06
ach-arm-krivencova KRIVENCOVA 04/02/2015 08:25:42
iagent-bogotol USER-ПК 04/02/2015 08:31:37
ach-arm-kuyan KUYAN1 04/02/2015 08:42:21
iagent-ujur SAMSUNG 04/02/2015 08:51:05
iagent-tuhtet PP1 04/02/2015 08:51:11
iagent-smirnova USER-027DDAB311 04/02/2015 09:04:56
iagent-bolshoyuluy BUL 04/02/2015 09:08:47
iagent-kozulka C2D9F1E181E141A 04/02/2015 09:13:33
iagent-kluev USER-824AA86396 04/02/2015 09:14:59
iagent-molina USER-ПК 04/02/2015 09:19:10
iagent-rostur HOME-PC 04/02/2015 09:34:38
iagent-kozulka C2D9F1E181E141A 04/02/2015 09:47:54
ach-arm-korenko KORENKO 04/02/2015 09:52:16
iagent-smirnova USER-027DDAB311 04/02/2015 09:59:41
iagent-ujur SAMSUNG 04/02/2015 10:06:12
iagent-kluev USER-824AA86396 04/02/2015 10:06:54
iagent-novoberiluss NOVOBIRILUS 04/02/2015 10:16:08
iagent-smirnova USER-027DDAB311 04/02/2015 10:27:47
iagent-kozulka C2D9F1E181E141A 04/02/2015 10:28:53
iagent-isaeva ZAOSO 04/02/2015 10:34:57
iagent-kakaulina ENTER 04/02/2015 10:37:51
iagent-kozulka C2D9F1E181E141A 04/02/2015 10:44:01
iagent-molina USER-ПК 04/02/2015 11:01:13
iagent-molina USER-ПК 04/02/2015 11:34:34
iagent-smirnova USER-027DDAB311 04/02/2015 11:51:19
iagent-ujur SAMSUNG 04/02/2015 11:53:40
ach-arm-korenko KORENKO 04/02/2015 12:12:43
ach-arm-krivencova KRIVENCOVA 04/02/2015 12:19:20
iagent-bogotol USER-ПК 04/02/2015 12:33:24
ach-arm-korenko KORENKO 04/02/2015 12:55:22
iagent-novoberiluss NOVOBIRILUS 04/02/2015 12:56:26
iagent-tuhtet PP1 04/02/2015 13:07:14
iagent-tuhtet PP1 04/02/2015 13:23:40
iagent-kozulka C2D9F1E181E141A 04/02/2015 13:32:46
iagent-ujur SAMSUNG 04/02/2015 13:46:27
iagent-kakaulina ENTER 04/02/2015 13:56:49
iagent-bogotol USER-ПК 04/02/2015 14:01:53
ach-arm-korenko KORENKO 04/02/2015 14:11:28
ach-arm-kuyan KUYAN1 04/02/2015 14:20:57
iagent-novoberiluss NOVOBIRILUS 04/02/2015 14:29:55
ach-arm-korenko KORENKO 04/02/2015 14:46:29
iagent-kluev USER-824AA86396 04/02/2015 14:58:55
iagent-dubinino NAD 04/02/2015 15:09:49
ach-arm-korenko KORENKO 04/02/2015 15:15:53
ach-arm-korenko KORENKO 04/02/2015 15:16:11
ach-arm-krivencova KRIVENCOVA 04/02/2015 15:29:56
iagent-rostur HOME-PC 04/02/2015 15:39:52
iagent-bogotol USER-ПК 04/02/2015 16:11:16
iagent-isaeva ZAOSO 04/02/2015 16:27:49
iagent-kakaulina ENTER 04/02/2015 16:32:49
ach-arm-kuyan KUYAN1 04/02/2015 16:56:51
ach-arm-korenko KORENKO 04/02/2015 17:02:47
iagent-smirnova USER-027DDAB311 04/02/2015 17:03:56
ach-arm-korenko KORENKO 04/02/2015 17:15:28
ach-arm-kuyan KUYAN1 04/03/2015 07:45:39
ach-arm-korenko KORENKO 04/03/2015 08:10:25
iagent-bogotol USER-ПК 04/03/2015 08:13:30
iagent-bogotol USER-ПК 04/03/2015 08:32:15
iagent-smirnova USER-027DDAB311 04/03/2015 08:36:59
ach-arm-korenko KORENKO 04/03/2015 08:49:58
iagent-bolshoyuluy BUL 04/03/2015 09:01:07
iagent-novoberiluss NOVOBIRILUS 04/03/2015 09:07:05
iagent-ujur SAMSUNG 04/03/2015 09:08:54
iagent-tuhtet PP1 04/03/2015 09:11:21
iagent-bolshoyuluy BUL 04/03/2015 09:35:45
iagent-isaeva ZAOSO 04/03/2015 10:08:06
iagent-rostur HOME-PC 04/03/2015 10:08:21
iagent-bolshoyuluy BUL 04/03/2015 10:32:40
iagent-bogotol USER-ПК 04/03/2015 10:41:21
ach-arm-korenko KORENKO 04/03/2015 11:11:57
ach-arm-kuyan KUYAN1 04/03/2015 11:12:46
ach-arm-krivencova KRIVENCOVA 04/03/2015 11:49:35
iagent-bolshoyuluy BUL 04/03/2015 11:50:19
iagent-tuhtet PP1 04/03/2015 11:56:35
iagent-smirnova USER-027DDAB311 04/03/2015 12:13:22
ach-arm-kuyan KUYAN1 04/03/2015 12:24:32
iagent-bogotol USER-ПК 04/03/2015 12:48:45
ach-arm-kuyan KUYAN1 04/03/2015 12:51:06
iagent-kluev USER-824AA86396 04/03/2015 13:02:35
iagent-tuhtet PP1 04/03/2015 13:39:55
iagent-isaeva ZAOSO 04/03/2015 13:45:47
iagent-dubinino NAD 04/03/2015 13:51:46
iagent-ujur SAMSUNG 04/03/2015 14:05:36
iagent-bogotol USER-ПК 04/03/2015 14:16:05
iagent-bolshoyuluy BUL 04/03/2015 14:28:51
iagent-molina USER-ПК 04/03/2015 14:32:07
iagent-bogotol USER-ПК 04/03/2015 14:43:39
iagent-smirnova USER-027DDAB311 04/03/2015 14:59:40
ach-arm-kuyan KUYAN1 04/03/2015 15:02:18
iagent-ujur SAMSUNG 04/03/2015 15:12:27
iagent-novoberiluss NOVOBIRILUS 04/03/2015 15:21:16
iagent-molina USER-ПК 04/03/2015 15:29:24
ach-arm-krivencova KRIVENCOVA 04/03/2015 15:33:00
iagent-kakaulina ENTER 04/03/2015 15:41:41
iagent-kakaulina ENTER 04/03/2015 15:43:57
iagent-kakaulina ENTER 04/03/2015 15:45:56
iagent-tuhtet PP1 04/03/2015 16:14:41
iagent-isaeva ZAOSO 04/03/2015 16:14:57
iagent-kluev USER-824AA86396 04/03/2015 16:48:53
iagent-bogotol USER-ПК 04/03/2015 17:31:23
iagent-dubinino GFG 04/04/2015 08:17:16
iagent-kakaulina ENTER 04/04/2015 09:29:33
iagent-kakaulina ENTER 04/04/2015 09:33:34
iagent-kluev USER-824AA86396 04/04/2015 09:34:27
iagent-molina USER-ПК 04/04/2015 09:57:27
iagent-smirnova USER-027DDAB311 04/04/2015 09:57:36
iagent-bolshoyuluy BUL 04/04/2015 10:13:44
iagent-dubinino NAD 04/04/2015 11:02:06
iagent-dubinino NAD 04/04/2015 11:07:12
iagent-smirnova USER-027DDAB311 04/04/2015 12:04:15
iagent-molina USER-ПК 04/04/2015 14:10:56
iagent-smirnova USER-027DDAB311 04/04/2015 14:19:57
iagent-smirnova USER-027DDAB311 04/04/2015 16:43:27
iagent-kakaulina ENTER 04/05/2015 08:53:18
iagent-kakaulina ENTER 04/05/2015 08:59:29
iagent-kakaulina ENTER 04/05/2015 09:01:36
iagent-kakaulina ENTER 04/05/2015 09:11:09
iagent-kakaulina ENTER 04/05/2015 09:16:10
iagent-kakaulina ENTER 04/05/2015 12:38:42
iagent-kakaulina ENTER 04/05/2015 12:40:51
iagent-kakaulina ENTER 04/05/2015 12:41:10
iagent-dubinino NAD 04/05/2015 15:32:04
iagent-kakaulina ENTER 04/05/2015 20:00:33
iagent-kozulka C2D9F1E181E141A 04/06/2015 07:49:06
iagent-kozulka C2D9F1E181E141A 04/06/2015 08:09:53
ach-arm-kuyan KUYAN1 04/06/2015 08:17:43
ach-arm-korenko KORENKO 04/06/2015 08:26:42
iagent-bogotol USER-ПК 04/06/2015 08:30:45
iagent-molina USER-ПК 04/06/2015 08:51:54
iagent-novoberiluss NOVOBIRILUS 04/06/2015 09:13:13
iagent-bolshoyuluy BUL 04/06/2015 09:27:30
iagent-ujur SAMSUNG 04/06/2015 09:46:09
iagent-rostur HOME-PC 04/06/2015 09:46:15
iagent-isaeva ZAOSO 04/06/2015 09:59:25
iagent-kluev USER-824AA86396 04/06/2015 09:59:25
iagent-dubinino NAD 04/06/2015 10:28:52
iagent-kozulka C2D9F1E181E141A 04/06/2015 10:29:50
iagent-bogotol USER-ПК 04/06/2015 10:35:09
iagent-bolshoyuluy BUL 04/06/2015 10:41:27
iagent-ujur SAMSUNG 04/06/2015 11:07:10
iagent-kozulka C2D9F1E181E141A 04/06/2015 11:49:03
iagent-dubinino NAD 04/06/2015 11:51:39
iagent-bolshoyuluy BUL 04/06/2015 11:59:02
iagent-novoberiluss NOVOBIRILUS 04/06/2015 12:17:47
ach-arm-korenko KORENKO 04/06/2015 12:18:20
ach-arm-kuyan KUYAN1 04/06/2015 12:19:25
iagent-bolshoyuluy BUL 04/06/2015 12:25:46
iagent-isaeva ZAOSO 04/06/2015 13:17:43
ach-arm-korenko KORENKO 04/06/2015 13:24:47
iagent-novoberiluss NOVOBIRILUS 04/06/2015 13:41:29
ach-arm-krivencova KRIVENCOVA 04/06/2015 13:43:01
iagent-dubinino NAD 04/06/2015 13:47:41
iagent-kozulka C2D9F1E181E141A 04/06/2015 13:50:34
iagent-ujur SAMSUNG 04/06/2015 13:59:46
iagent-kozulka C2D9F1E181E141A 04/06/2015 14:07:36
iagent-bolshoyuluy BUL 04/06/2015 14:24:20
iagent-bogotol USER-ПК 04/06/2015 14:27:27
iagent-bogotol USER-ПК 04/06/2015 14:28:29
iagent-novoberiluss NOVOBIRILUS 04/06/2015 14:32:43
iagent-kakaulina ENTER 04/06/2015 14:34:39
iagent-tuhtet PP1 04/06/2015 14:53:35
ach-arm-krivencova KRIVENCOVA 04/06/2015 14:55:20
iagent-novoberiluss NOVOBIRILUS 04/06/2015 15:03:08
ach-arm-kuyan KUYAN1 04/06/2015 15:15:00
iagent-molina USER-ПК 04/06/2015 15:30:50
iagent-kozulka C2D9F1E181E141A 04/06/2015 15:34:31
iagent-isaeva ZAOSO 04/06/2015 15:46:48
iagent-novoberiluss NOVOBIRILUS 04/06/2015 15:49:37
iagent-kozulka C2D9F1E181E141A 04/06/2015 16:26:50
ach-arm-krivencova KRIVENCOVA 04/06/2015 16:28:10
iagent-dubinino NAD 04/06/2015 17:46:08
iagent-smirnova USER-027DDAB311 04/06/2015 18:34:14
iagent-dubinino GFG 04/06/2015 22:23:46
ach-arm-kuyan KUYAN1 04/07/2015 07:34:29
iagent-kozulka C2D9F1E181E141A 04/07/2015 08:21:29
iagent-bogotol USER-ПК 04/07/2015 08:53:35
iagent-kozulka C2D9F1E181E141A 04/07/2015 08:55:11
iagent-bogotol USER-ПК 04/07/2015 08:57:22
iagent-ujur SAMSUNG 04/07/2015 09:05:54
iagent-smirnova USER-027DDAB311 04/07/2015 09:06:18
iagent-rostur HOME-PC 04/07/2015 09:13:26
iagent-molina USER-ПК 04/07/2015 09:19:03
iagent-novoberiluss NOVOBIRILUS 04/07/2015 09:24:05
iagent-kakaulina ENTER 04/07/2015 09:26:43
iagent-tuhtet PP1 04/07/2015 09:29:40
iagent-bolshoyuluy BUL 04/07/2015 09:40:58
iagent-kakaulina ENTER 04/07/2015 09:48:50
iagent-kluev USER-824AA86396 04/07/2015 09:49:56
iagent-molina USER-ПК 04/07/2015 09:50:21
iagent-isaeva ZAOSO 04/07/2015 09:57:27
ach-arm-kuyan KUYAN1 04/07/2015 10:05:58
ach-arm-korenko KORENKO 04/07/2015 10:15:11
iagent-dubinino NAD 04/07/2015 10:17:57
iagent-kakaulina ENTER 04/07/2015 10:42:28
iagent-bolshoyuluy BUL 04/07/2015 11:22:29
iagent-kluev USER-824AA86396 04/07/2015 11:29:22
iagent-ujur SAMSUNG 04/07/2015 11:30:57
ach-arm-korenko KORENKO 04/07/2015 11:54:42
iagent-ujur SAMSUNG 04/07/2015 11:59:53
iagent-smirnova USER-027DDAB311 04/07/2015 12:07:54
ach-arm-kuyan KUYAN1 04/07/2015 12:22:55
iagent-kozulka C2D9F1E181E141A 04/07/2015 12:56:02
iagent-dubinino NAD 04/07/2015 12:56:19
ach-arm-korenko KORENKO 04/07/2015 13:01:29
iagent-molina USER-ПК 04/07/2015 13:02:09
ach-arm-krivencova KRIVENCOVA 04/07/2015 13:11:42
iagent-kozulka C2D9F1E181E141A 04/07/2015 13:12:55
iagent-kozulka C2D9F1E181E141A 04/07/2015 13:25:03
iagent-ujur SAMSUNG 04/07/2015 14:01:38
iagent-bogotol USER-ПК 04/07/2015 14:09:29
iagent-bolshoyuluy BUL 04/07/2015 14:11:13
iagent-bogotol USER-ПК 04/07/2015 14:28:06
iagent-kozulka C2D9F1E181E141A 04/07/2015 14:40:01
iagent-tuhtet PP1 04/07/2015 14:51:22
ach-arm-kuyan KUYAN1 04/07/2015 15:02:03
iagent-novoberiluss NOVOBIRILUS 04/07/2015 15:07:10
ach-arm-kuyan KUYAN1 04/07/2015 15:10:11
iagent-isaeva ZAOSO 04/07/2015 15:32:59
iagent-bolshoyuluy BUL 04/07/2015 15:42:26
iagent-kozulka C2D9F1E181E141A 04/07/2015 15:45:51
iagent-smirnova USER-027DDAB311 04/07/2015 15:58:44
iagent-dubinino NAD 04/07/2015 16:13:34
iagent-kakaulina ENTER 04/07/2015 17:04:54
iagent-molina USER-ПК 04/07/2015 17:23:07
ach-arm-kuyan KUYAN1 04/07/2015 17:32:21
iagent-kozulka C2D9F1E181E141A 04/08/2015 07:44:46
ach-arm-krivencova KRIVENCOVA 04/08/2015 08:01:45
iagent-tuhtet PP1 04/08/2015 08:03:40
ach-arm-kuyan KUYAN1 04/08/2015 08:07:30
iagent-bogotol USER-ПК 04/08/2015 08:42:20
ach-arm-kuyan KUYAN1 04/08/2015 08:49:34
iagent-smirnova USER-027DDAB311 04/08/2015 08:54:31
iagent-bolshoyuluy BUL 04/08/2015 08:55:51
iagent-novoberiluss NOVOBIRILUS 04/08/2015 08:57:25
ach-arm-krivencova KRIVENCOVA 04/08/2015 09:00:34
ach-arm-korenko KORENKO 04/08/2015 09:00:51
iagent-kozulka C2D9F1E181E141A 04/08/2015 09:07:31
ach-arm-krivencova KRIVENCOVA 04/08/2015 09:08:39
iagent-kluev USER-824AA86396 04/08/2015 09:14:09
iagent-rostur HOME-PC 04/08/2015 09:27:00
iagent-isaeva ZAOSO 04/08/2015 09:58:18
iagent-molina USER-ПК 04/08/2015 10:41:52
iagent-dubinino NAD 04/08/2015 10:54:09
iagent-kozulka C2D9F1E181E141A 04/08/2015 11:29:20
iagent-smirnova USER-027DDAB311 04/08/2015 11:35:10
iagent-isaeva ZAOSO 04/08/2015 11:49:01
iagent-novoberiluss NOVOBIRILUS 04/08/2015 11:53:21
iagent-smirnova USER-027DDAB311 04/08/2015 12:14:58
ach-arm-krivencova KRIVENCOVA 04/08/2015 12:50:35
ach-arm-korenko KORENKO 04/08/2015 13:03:46
iagent-ujur SAMSUNG 04/08/2015 13:40:28
iagent-kozulka C2D9F1E181E141A 04/08/2015 13:51:48
iagent-kluev USER-824AA86396 04/08/2015 13:58:00
ach-arm-kuyan KUYAN1 04/08/2015 14:09:47
ach-arm-krivencova KRIVENCOVA 04/08/2015 14:28:34
iagent-tuhtet PP1 04/08/2015 14:35:33
iagent-ujur SAMSUNG 04/08/2015 14:44:35
iagent-bolshoyuluy BUL 04/08/2015 14:50:25
iagent-smirnova USER-027DDAB311 04/08/2015 15:02:43
iagent-bogotol USER-ПК 04/08/2015 15:06:23
iagent-molina USER-ПК 04/08/2015 15:06:55
ach-arm-kuyan KUYAN1 04/08/2015 15:23:26
ach-arm-korenko KORENKO 04/08/2015 15:28:07
ach-arm-kuyan KUYAN1 04/08/2015 16:03:19
iagent-tuhtet PP1 04/08/2015 16:04:24
iagent-smirnova USER-027DDAB311 04/08/2015 16:10:50
iagent-isaeva ZAOSO 04/08/2015 16:38:51
iagent-kakaulina ENTER 04/08/2015 16:41:11
iagent-kluev USER-824AA86396 04/08/2015 17:05:00
iagent-molina USER-ПК 04/08/2015 17:11:00
ach-arm-kuyan KUYAN1 04/09/2015 07:48:10
iagent-kozulka C2D9F1E181E141A 04/09/2015 07:52:28
iagent-tuhtet PP1 04/09/2015 08:15:32
iagent-smirnova USER-027DDAB311 04/09/2015 08:33:23
iagent-bogotol USER-ПК 04/09/2015 08:44:11
ach-arm-korenko KORENKO 04/09/2015 08:49:11
iagent-bolshoyuluy BUL 04/09/2015 08:59:36
iagent-kluev USER-824AA86396 04/09/2015 09:04:02
iagent-smirnova USER-027DDAB311 04/09/2015 09:23:16
iagent-rostur HOME-PC 04/09/2015 09:37:42
iagent-novoberiluss NOVOBIRILUS 04/09/2015 09:42:24
iagent-dubinino NAD 04/09/2015 09:48:22
iagent-smirnova USER-027DDAB311 04/09/2015 09:55:36
iagent-isaeva ZAOSO 04/09/2015 10:06:26
iagent-kozulka C2D9F1E181E141A 04/09/2015 10:07:10
iagent-molina USER-ПК 04/09/2015 10:25:37
iagent-smirnova USER-027DDAB311 04/09/2015 10:31:09
ach-arm-krivencova KRIVENCOVA 04/09/2015 10:34:49
iagent-kakaulina ENTER 04/09/2015 11:06:48
iagent-smirnova USER-027DDAB311 04/09/2015 11:20:41
iagent-molina USER-ПК 04/09/2015 11:21:14
iagent-novoberiluss NOVOBIRILUS 04/09/2015 11:39:09
iagent-novoberiluss NOVOBIRILUS 04/09/2015 11:51:50
iagent-dubinino NAD 04/09/2015 12:21:21
iagent-tuhtet PP1 04/09/2015 13:04:15
iagent-kozulka C2D9F1E181E141A 04/09/2015 14:06:37
iagent-smirnova USER-027DDAB311 04/09/2015 14:19:27
iagent-bolshoyuluy BUL 04/09/2015 14:22:34
iagent-kakaulina ENTER 04/09/2015 14:55:41
ach-arm-kuyan KUYAN1 04/09/2015 15:03:31
iagent-isaeva ZAOSO 04/09/2015 15:04:09
iagent-molina USER-ПК 04/09/2015 15:34:32
ach-arm-kuyan KUYAN1 04/09/2015 16:00:13
ach-arm-korenko KORENKO 04/09/2015 16:27:57
iagent-tuhtet PP1 04/09/2015 16:31:08
ach-arm-korenko KORENKO 04/09/2015 16:36:04
iagent-bogotol USER-ПК 04/09/2015 16:47:39
iagent-bogotol USER-ПК 04/09/2015 17:10:30
iagent-kakaulina ENTER 04/09/2015 21:05:37
ach-arm-kuyan KUYAN1 04/10/2015 07:56:26
iagent-kozulka C2D9F1E181E141A 04/10/2015 08:16:44
ach-arm-kuyan KUYAN1 04/10/2015 08:23:06
iagent-bogotol USER-ПК 04/10/2015 08:37:54
iagent-novoberiluss NOVOBIRILUS 04/10/2015 08:51:59
ach-arm-korenko KORENKO 04/10/2015 08:59:44
iagent-bolshoyuluy BUL 04/10/2015 09:06:58
iagent-tuhtet PP1 04/10/2015 09:10:02
iagent-kluev USER-824AA86396 04/10/2015 09:25:01
iagent-bogotol USER-ПК 04/10/2015 09:25:20
iagent-molina USER-ПК 04/10/2015 10:05:12
iagent-dubinino NAD 04/10/2015 10:13:12
ach-arm-kuyan KUYAN1 04/10/2015 10:22:36
iagent-molina USER-ПК 04/10/2015 10:26:32
iagent-rostur HOME-PC 04/10/2015 10:44:20
ach-arm-korenko KORENKO 04/10/2015 10:47:12
iagent-isaeva ZAOSO 04/10/2015 11:04:08
iagent-smirnova USER-027DDAB311 04/10/2015 11:24:00
iagent-smirnova USER-027DDAB311 04/10/2015 12:02:09
iagent-kozulka C2D9F1E181E141A 04/10/2015 12:04:06
ach-arm-kuyan KUYAN1 04/10/2015 12:06:20
ach-arm-krivencova KRIVENCOVA 04/10/2015 12:21:12
iagent-kozulka C2D9F1E181E141A 04/10/2015 12:21:42
iagent-tuhtet PP1 04/10/2015 13:26:15
iagent-rostur HOME-PC 04/10/2015 13:51:44
iagent-bogotol USER-ПК 04/10/2015 13:56:31
ach-arm-korenko KORENKO 04/10/2015 14:02:18
iagent-molina USER-ПК 04/10/2015 14:10:22
iagent-dubinino NAD 04/10/2015 14:13:30
iagent-bolshoyuluy BUL 04/10/2015 14:14:19
ach-arm-krivencova KRIVENCOVA 04/10/2015 14:16:04
iagent-kakaulina ENTER 04/10/2015 14:42:05
iagent-smirnova USER-027DDAB311 04/10/2015 14:44:21
iagent-novoberiluss NOVOBIRILUS 04/10/2015 14:54:04
iagent-isaeva ZAOSO 04/10/2015 15:01:59
iagent-kozulka C2D9F1E181E141A 04/10/2015 15:27:51
ach-arm-kuyan KUYAN1 04/10/2015 16:06:54
iagent-bogotol USER-ПК 04/10/2015 16:11:36
ach-arm-kuyan KUYAN1 04/10/2015 16:15:49
ach-arm-krivencova KRIVENCOVA 04/10/2015 16:23:24
iagent-bolshoyuluy BUL 04/10/2015 16:34:23
ach-arm-kuyan KUYAN1 04/10/2015 16:41:11
ach-arm-korenko KORENKO 04/10/2015 16:44:17
ach-arm-kuyan KUYAN1 04/10/2015 16:53:20
iagent-molina USER-ПК 04/10/2015 16:59:58
iagent-kakaulina ENTER 04/10/2015 17:14:19
iagent-dubinino NAD 04/10/2015 17:18:00
iagent-isaeva ZAOSO 04/10/2015 17:37:06
iagent-kluev USER-824AA86396 04/10/2015 17:53:33
iagent-novoberiluss NOVOBIRILUS 04/11/2015 09:37:40
iagent-kakaulina ENTER 04/12/2015 10:10:31
iagent-kakaulina ENTER 04/12/2015 12:34:06
iagent-kakaulina ENTER 04/12/2015 13:51:37
iagent-kakaulina ENTER 04/12/2015 15:47:58
iagent-kluev USER-824AA86396 04/12/2015 16:05:41
iagent-kakaulina ENTER 04/12/2015 19:29:18
iagent-kakaulina ENTER 04/12/2015 19:42:59
iagent-kakaulina ENTER 04/12/2015 19:47:51
iagent-kozulka C2D9F1E181E141A 04/13/2015 08:10:12
iagent-kakaulina ENTER 04/13/2015 08:25:05
ach-arm-kuyan KUYAN1 04/13/2015 08:30:48
iagent-tuhtet PP1 04/13/2015 08:45:07
iagent-bolshoyuluy BUL 04/13/2015 08:51:48
ach-arm-krivencova KRIVENCOVA 04/13/2015 08:52:18
iagent-novoberiluss NOVOBIRILUS 04/13/2015 09:03:13
iagent-bogotol USER-ПК 04/13/2015 09:04:34
iagent-kluev USER-824AA86396 04/13/2015 09:07:20
iagent-rostur HOME-PC 04/13/2015 09:12:08
iagent-molina USER-ПК 04/13/2015 09:31:27
iagent-isaeva ZAOSO 04/13/2015 10:02:25
iagent-bogotol USER-ПК 04/13/2015 10:22:39
iagent-dubinino NAD 04/13/2015 10:31:55
ach-arm-kuyan KUYAN1 04/13/2015 11:00:41
iagent-bogotol USER-ПК 04/13/2015 11:26:23
ach-arm-krivencova KRIVENCOVA 04/13/2015 11:39:37
ach-arm-kuyan KUYAN1 04/13/2015 11:49:05
iagent-bolshoyuluy BUL 04/13/2015 11:50:07
iagent-tuhtet PP1 04/13/2015 11:53:35
iagent-dubinino NAD 04/13/2015 12:15:47
ach-arm-korenko KORENKO 04/13/2015 12:16:20
ach-arm-krivencova KRIVENCOVA 04/13/2015 13:13:46
ach-arm-korenko KORENKO 04/13/2015 13:18:29
iagent-novoberiluss NOVOBIRILUS 04/13/2015 13:22:50
iagent-tuhtet PP1 04/13/2015 13:44:08
ach-arm-kuyan KUYAN1 04/13/2015 14:13:25
iagent-bolshoyuluy BUL 04/13/2015 14:28:51
iagent-dubinino NAD 04/13/2015 14:28:58
iagent-kozulka C2D9F1E181E141A 04/13/2015 14:33:18
ach-arm-kuyan KUYAN1 04/13/2015 15:02:12
iagent-molina USER-ПК 04/13/2015 15:18:08
ach-arm-korenko KORENKO 04/13/2015 15:33:03
iagent-tuhtet PP1 04/13/2015 15:41:38
iagent-bogotol USER-ПК 04/13/2015 15:43:12
iagent-tuhtet PP1 04/13/2015 15:56:09
iagent-kakaulina ENTER 04/13/2015 16:27:27
iagent-smirnova USER-027DDAB311 04/13/2015 16:27:33
iagent-dubinino NAD 04/13/2015 16:41:27
iagent-bolshoyuluy BUL 04/13/2015 16:45:50
iagent-isaeva ZAOSO 04/13/2015 16:57:15
ach-arm-krivencova KRIVENCOVA 04/13/2015 17:46:11
ach-arm-krivencova KRIVENCOVA 04/13/2015 17:47:42
iagent-kozulka C2D9F1E181E141A 04/14/2015 07:44:15
ach-arm-korenko KORENKO 04/14/2015 08:33:46
ach-arm-korenko KORENKO 04/14/2015 08:39:08
iagent-smirnova USER-027DDAB311 04/14/2015 08:43:21
iagent-novoberiluss NOVOBIRILUS 04/14/2015 08:51:45
iagent-kluev USER-824AA86396 04/14/2015 09:06:19
iagent-molina USER-ПК 04/14/2015 09:18:00
iagent-bolshoyuluy BUL 04/14/2015 09:36:27
iagent-rostur HOME-PC 04/14/2015 09:58:21
iagent-kozulka C2D9F1E181E141A 04/14/2015 10:00:56
ach-arm-korenko KORENKO 04/14/2015 10:04:30
iagent-isaeva ZAOSO 04/14/2015 10:19:47
iagent-dubinino NAD 04/14/2015 10:20:21
iagent-smirnova USER-027DDAB311 04/14/2015 11:29:05
iagent-kozulka C2D9F1E181E141A 04/14/2015 11:29:50
iagent-bogotol USER-ПК 04/14/2015 11:34:41
ach-arm-krivencova KRIVENCOVA 04/14/2015 12:10:21
iagent-dubinino NAD 04/14/2015 12:25:38
iagent-tuhtet PP1 04/14/2015 12:27:50
iagent-smirnova USER-027DDAB311 04/14/2015 12:29:30
iagent-molina USER-ПК 04/14/2015 13:05:01
iagent-kluev USER-824AA86396 04/14/2015 14:02:15
iagent-smirnova USER-027DDAB311 04/14/2015 14:04:44
iagent-dubinino NAD 04/14/2015 14:09:54
ach-arm-krivencova KRIVENCOVA 04/14/2015 14:17:43
iagent-dubinino NAD 04/14/2015 14:18:29
iagent-kakaulina ENTER 04/14/2015 14:20:13
iagent-kozulka C2D9F1E181E141A 04/14/2015 14:39:33
ach-arm-korenko KORENKO 04/14/2015 14:44:10
iagent-kakaulina ENTER 04/14/2015 14:45:33
iagent-molina USER-ПК 04/14/2015 14:59:36
iagent-kozulka C2D9F1E181E141A 04/14/2015 15:08:06
iagent-bolshoyuluy BUL 04/14/2015 15:28:47
ach-arm-krivencova KRIVENCOVA 04/14/2015 15:57:23
iagent-bogotol USER-ПК 04/14/2015 15:58:25
iagent-rostur HOME-PC 04/14/2015 16:02:13
iagent-dubinino NAD 04/14/2015 16:33:25
iagent-molina USER-ПК 04/14/2015 17:12:29
iagent-kakaulina ENTER 04/14/2015 18:27:14
iagent-kozulka C2D9F1E181E141A 04/15/2015 08:02:18
ach-arm-kuyan KUYAN1 04/15/2015 08:08:06
iagent-kozulka C2D9F1E181E141A 04/15/2015 08:40:39
iagent-bogotol USER-ПК 04/15/2015 08:44:45
ach-arm-krivencova KRIVENCOVA 04/15/2015 09:08:30
ach-arm-korenko KORENKO 04/15/2015 09:34:07
iagent-smirnova USER-027DDAB311 04/15/2015 09:45:12
iagent-bolshoyuluy BUL 04/15/2015 09:46:43
ach-arm-korenko KORENKO 04/15/2015 09:49:08
iagent-rostur HOME-PC 04/15/2015 09:50:29
iagent-tuhtet PP1 04/15/2015 09:50:29
iagent-bogotol USER-ПК 04/15/2015 09:59:03
iagent-molina USER-ПК 04/15/2015 10:01:54
iagent-isaeva ZAOSO 04/15/2015 10:02:59
iagent-dubinino NAD 04/15/2015 10:17:35
iagent-novoberiluss NOVOBIRILUS 04/15/2015 10:34:59
iagent-kluev USER-824AA86396 04/15/2015 11:13:19
iagent-smirnova USER-027DDAB311 04/15/2015 11:33:32
iagent-dubinino NAD 04/15/2015 11:54:27
ach-arm-korenko KORENKO 04/15/2015 12:08:12
iagent-kakaulina ENTER 04/15/2015 12:42:58
iagent-kakaulina ENTER 04/15/2015 12:54:36
iagent-kozulka C2D9F1E181E141A 04/15/2015 13:01:31
ach-arm-korenko KORENKO 04/15/2015 13:01:51
iagent-dubinino NAD 04/15/2015 13:02:46
iagent-kluev USER-824AA86396 04/15/2015 13:04:24
iagent-tuhtet PP1 04/15/2015 13:05:36
ach-arm-korenko KORENKO 04/15/2015 13:10:24
iagent-molina USER-ПК 04/15/2015 13:49:13
iagent-dubinino NAD 04/15/2015 13:52:17
iagent-bolshoyuluy BUL 04/15/2015 14:18:31
iagent-molina USER-ПК 04/15/2015 15:02:59
iagent-isaeva ZAOSO 04/15/2015 15:07:17
ach-arm-kuyan KUYAN1 04/15/2015 15:28:52
ach-arm-kuyan KUYAN1 04/15/2015 15:50:49
iagent-bolshoyuluy BUL 04/15/2015 16:12:43
ach-arm-kuyan KUYAN1 04/15/2015 16:22:05
ach-arm-korenko KORENKO 04/15/2015 16:53:31
iagent-kakaulina ENTER 04/15/2015 18:00:13
iagent-dubinino GFG 04/15/2015 22:02:10
iagent-kakaulina ENTER 04/16/2015 07:29:31
ach-arm-kuyan KUYAN1 04/16/2015 07:47:31
iagent-kozulka C2D9F1E181E141A 04/16/2015 07:58:20
ach-arm-korenko KORENKO 04/16/2015 08:21:55
iagent-bogotol USER-ПК 04/16/2015 08:43:09
iagent-tuhtet PP1 04/16/2015 08:50:55
iagent-molina USER-ПК 04/16/2015 09:00:49
iagent-kluev USER-824AA86396 04/16/2015 09:03:18
iagent-bolshoyuluy BUL 04/16/2015 09:26:11
iagent-novoberiluss NOVOBIRILUS 04/16/2015 09:27:28
iagent-isaeva ZAOSO 04/16/2015 10:02:39
iagent-rostur HOME-PC 04/16/2015 10:04:10
iagent-dubinino NAD 04/16/2015 10:22:56
iagent-smirnova USER-027DDAB311 04/16/2015 10:48:02
ach-arm-krivencova KRIVENCOVA 04/16/2015 11:19:55
iagent-molina USER-ПК 04/16/2015 11:23:57
iagent-novoberiluss NOVOBIRILUS 04/16/2015 11:46:21
iagent-kozulka C2D9F1E181E141A 04/16/2015 11:52:52
iagent-novoberiluss NOVOBIRILUS 04/16/2015 12:26:27
iagent-kozulka C2D9F1E181E141A 04/16/2015 12:55:07
iagent-kozulka C2D9F1E181E141A 04/16/2015 13:17:11
