iagent-zaporojec ДОМ-ПК 02/09/2015 14:03:40
iagent-kot KOT 02/09/2015 14:41:55
iagent-kosatkina VALERYKASATKIN 02/09/2015 14:53:16
iagent-gavrilovmp2 USER-PK 02/09/2015 14:59:07
iagent-kot KOT 02/09/2015 16:08:24
iagent-zaporojec ДОМ-ПК 02/09/2015 17:29:10
iagent-gavrilovmp1 A-STRAHOVANIE 02/09/2015 17:40:48
iagent-ciomenko F17301EB6DDD44C 02/09/2015 18:28:16
iagent-zaporojec ДОМ-ПК 02/09/2015 18:50:40
iagent-gavrilovmp1 A-STRAHOVANIE 02/09/2015 18:58:58
iagent-zavalishina ВЛАДЕЛЕЦ-DNS 02/09/2015 19:50:30
iagent-gavro FOMINA 02/10/2015 08:47:31
iagent-rudneva STOL-ПК 02/10/2015 09:02:06
iagent-gnevanova ИННА-ПК 02/10/2015 09:49:07
iagent-ciomenko F17301EB6DDD44C 02/10/2015 09:52:33
iagent-zavalishina ВЛАДЕЛЕЦ-DNS 02/10/2015 10:07:56
iagent-kosatkina VALERYKASATKIN 02/10/2015 10:11:11
iagent-zaporojec WINDOWS-DTSA7AR 02/10/2015 10:13:37
iagent-sokolov AGENT-3 02/10/2015 10:41:07
iagent-tishenko WORK 02/10/2015 10:42:54
iagent-skoreva ЦЕНТРУСЛУГ4-ПК 02/10/2015 10:44:11
iagent-kot KOT 02/10/2015 10:44:20
iagent-gavrilovmp1 A-STRAHOVANIE 02/10/2015 11:00:04
iagent-tishenko WORK 02/10/2015 11:52:27
iagent-zavalishina ВЛАДЕЛЕЦ-DNS 02/10/2015 12:04:10
iagent-gnevanova ИННА-ПК 02/10/2015 15:03:51
iagent-gavrilovmp1 A-STRAHOVANIE 02/10/2015 15:48:13
iagent-gavrilovmp2 USER-PK 02/10/2015 15:55:45
iagent-tishenko WORK 02/10/2015 15:57:59
iagent-zaporojec WINDOWS-DTSA7AR 02/10/2015 17:49:47
iagent-gavrilovmp1 A-STRAHOVANIE 02/10/2015 18:55:51
iagent-zaporojec ДОМ-ПК 02/10/2015 22:40:07
iagent-tishenko WORK 02/11/2015 08:58:44
iagent-gavro FOMINA 02/11/2015 09:01:49
iagent-gnevanova ИННА-ПК 02/11/2015 09:18:54
iagent-rudneva STOL-ПК 02/11/2015 09:19:50
iagent-kosatkina VALERYKASATKIN 02/11/2015 09:47:21
iagent-zavalishina ВЛАДЕЛЕЦ-DNS 02/11/2015 10:14:16
iagent-gavrilovmp2 USER-PK 02/11/2015 10:20:15
iagent-narzukovse SA-ZAL2 02/11/2015 10:29:36
iagent-narzukovse SA-ZAL2 02/11/2015 10:31:20
iagent-zaporojec ДОМ-ПК 02/11/2015 11:04:54
iagent-ciomenko F17301EB6DDD44C 02/11/2015 11:28:54
iagent-gavro FOMINA 02/11/2015 11:31:03
iagent-zaporojec ДОМ-ПК 02/11/2015 11:32:39
iagent-gavrilovmp3 DNS-ПК 02/11/2015 11:47:54
iagent-gavrilovmp1 A-STRAHOVANIE 02/11/2015 12:39:19
iagent-muhina SUPER-PC 02/11/2015 13:08:22
iagent-narzukovse SA-ZAL2 02/11/2015 13:41:04
iagent-zavalishina ВЛАДЕЛЕЦ-DNS 02/11/2015 15:17:09
iagent-narzukovse SA-ZAL2 02/11/2015 15:59:53
iagent-narzukovse SA-ZAL2 02/11/2015 16:00:33
iagent-gnevanova ИННА-ПК 02/11/2015 16:00:49
iagent-narzukovse SA-ZAL2 02/11/2015 16:00:58
iagent-narzukovse SA-ZAL2 02/11/2015 16:01:30
iagent-narzukovse SA-ZAL2 02/11/2015 16:08:26
iagent-narzukovse SA-ZAL3 02/11/2015 16:21:17
iagent-kosatkina VALERYKASATKIN 02/11/2015 16:58:25
iagent-ciomenko F17301EB6DDD44C 02/11/2015 17:47:11
iagent-muhina SUPER-PC 02/11/2015 17:53:45
iagent-gavrilovmp1 A-STRAHOVANIE 02/11/2015 17:56:04
iagent-gavrilovmp2 USER-PK 02/11/2015 18:18:29
iagent-zavalishina ВЛАДЕЛЕЦ-DNS 02/11/2015 19:50:58
iagent-zaporojec ДОМ-ПК 02/11/2015 20:41:18
iagent-gavro FOMINA 02/12/2015 09:02:26
iagent-zavalishina ВЛАДЕЛЕЦ-DNS 02/12/2015 09:18:01
iagent-kosatkina VALERYKASATKIN 02/12/2015 09:31:48
iagent-tishenko WORK 02/12/2015 09:50:20
iagent-skoreva ЦЕНТРУСЛУГ4-ПК 02/12/2015 10:53:31
iagent-zaporojec WINDOWS-DTSA7AR 02/12/2015 10:57:08
iagent-rudneva STOL-ПК 02/12/2015 11:19:56
iagent-gnevanova ИННА-ПК 02/12/2015 11:30:34
iagent-tishenko WORK 02/12/2015 13:31:18
iagent-gavrilovmp1 A-STRAHOVANIE 02/12/2015 13:46:02
iagent-gnevanova ИННА-ПК 02/12/2015 14:00:02
iagent-gnevanova ИННА-ПК 02/12/2015 14:17:50
iagent-kosatkina VALERYKASATKIN 02/12/2015 14:54:31
iagent-muhina ИННА-ПК 02/12/2015 14:55:41
iagent-gnevanova ИННА-ПК 02/12/2015 14:58:43
iagent-gavrilovmp1 A-STRAHOVANIE 02/12/2015 15:03:33
iagent-zaporojec WINDOWS-DTSA7AR 02/12/2015 15:04:03
iagent-gnevanova ИННА-ПК 02/12/2015 15:22:49
iagent-gavro FOMINA 02/12/2015 15:23:09
iagent-gavrilovmp1 A-STRAHOVANIE 02/12/2015 15:41:43
iagent-gavro FOMINA 02/12/2015 15:57:48
iagent-gavro FOMINA 02/12/2015 16:25:55
iagent-tishenko WORK 02/12/2015 16:36:29
iagent-zaporojec WINDOWS-DTSA7AR 02/12/2015 16:37:10
iagent-sokolov AGENT-3 02/12/2015 18:00:18
iagent-zavalishina ВЛАДЕЛЕЦ-DNS 02/12/2015 20:15:15
iagent-gavro FOMINA 02/13/2015 07:37:25
iagent-tishenko WORK 02/13/2015 08:57:09
iagent-zavalishina ВЛАДЕЛЕЦ-DNS 02/13/2015 09:04:55
iagent-kosatkina VALERYKASATKIN 02/13/2015 09:16:40
iagent-gnevanova ИННА-ПК 02/13/2015 09:18:45
iagent-sokolov AGENT-3 02/13/2015 09:31:16
iagent-zaporojec WINDOWS-DTSA7AR 02/13/2015 09:55:57
iagent-rudneva STOL-ПК 02/13/2015 10:14:54
iagent-muhina IDEA-PC 02/13/2015 10:29:44
iagent-gavrilovmp2 USER-PK 02/13/2015 10:31:25
iagent-tishenko WORK 02/13/2015 11:03:10
iagent-muhina IDEA-PC 02/13/2015 11:10:10
iagent-zaporojec WINDOWS-DTSA7AR 02/13/2015 12:03:31
iagent-rudneva STOL-ПК 02/13/2015 12:38:01
iagent-ciomenko F17301EB6DDD44C 02/13/2015 12:55:08
iagent-kosatkina VALERYKASATKIN 02/13/2015 14:15:08
iagent-gavrilovmp3 DNS-ПК 02/13/2015 15:02:56
iagent-muhina SUPER-PC 02/13/2015 15:43:54
iagent-zavalishina ВЛАДЕЛЕЦ-DNS 02/13/2015 16:12:01
iagent-gavrilovmp2 USER-PK 02/13/2015 16:13:40
iagent-zaporojec WINDOWS-DTSA7AR 02/13/2015 16:47:23
iagent-zavalishina ВЛАДЕЛЕЦ-DNS 02/13/2015 20:12:15
iagent-zavalishina ВЛАДЕЛЕЦ-DNS 02/14/2015 09:28:18
iagent-zaporojec WINDOWS-DTSA7AR 02/14/2015 09:37:59
iagent-muhina SUPER-PC 02/14/2015 10:00:00
iagent-gavrilovmp3 DNS-ПК 02/14/2015 10:29:24
iagent-narzukovse SA-ZAL2 02/14/2015 10:32:17
iagent-gnevanova ИННА-ПК 02/14/2015 10:42:39
iagent-narzukovse SA-ZAL2 02/14/2015 10:58:16
iagent-narzukovse SA-ZAL2 02/14/2015 11:28:53
iagent-narzukovse SA-ZAL4 02/14/2015 12:22:06
iagent-zavalishina ВЛАДЕЛЕЦ-DNS 02/14/2015 12:22:28
iagent-narzukovse SA-ZAL4 02/14/2015 12:34:11
iagent-gavrilovmp3 DNS-ПК 02/14/2015 12:43:45
iagent-muhina TEH-3-PC 02/14/2015 12:46:55
iagent-gavrilovmp2 USER-PK 02/14/2015 13:04:24
iagent-narzukovse SA-ZAL2 02/14/2015 13:08:17
iagent-narzukovse SA-ZAL2 02/14/2015 13:22:23
iagent-muhina PC 02/14/2015 13:53:45
iagent-zavalishina ВЛАДЕЛЕЦ-DNS 02/14/2015 13:57:47
iagent-narzukovse SA-ZAL2 02/14/2015 14:00:16
iagent-gavro FOMINA 02/14/2015 14:04:18
iagent-narzukovse SA-ZAL2 02/14/2015 14:50:21
iagent-ciomenko F17301EB6DDD44C 02/14/2015 15:15:35
iagent-narzukovse SA-ZAL2 02/14/2015 15:16:38
iagent-gavrilovmp1 A-STRAHOVANIE 02/14/2015 18:24:16
iagent-zaporojec ДОМ-ПК 02/14/2015 20:17:24
iagent-servicetraid РАБОЧИЙ 02/15/2015 11:59:21
iagent-servicetraid РАБОЧИЙ 02/15/2015 12:39:07
iagent-gavrilovmp1 A-STRAHOVANIE 02/15/2015 13:06:56
iagent-gavrilovmp3 DNS-ПК 02/15/2015 13:11:26
iagent-servicetraid РАБОЧИЙ 02/15/2015 13:17:35
iagent-gavrilovmp1 A-STRAHOVANIE 02/15/2015 15:37:51
iagent-zaporojec ДОМ-ПК 02/15/2015 19:08:35
iagent-zavalishina ВЛАДЕЛЕЦ-DNS 02/15/2015 19:15:11
iagent-zavalishina ВЛАДЕЛЕЦ-DNS 02/16/2015 07:23:50
iagent-tishenko WORK 02/16/2015 09:02:47
iagent-gavro FOMINA 02/16/2015 09:22:04
iagent-zavalishina ВЛАДЕЛЕЦ-DNS 02/16/2015 09:45:44
iagent-gnevanova ИННА-ПК 02/16/2015 09:58:20
iagent-serkova ULANOV-2 02/16/2015 10:12:55
iagent-kosatkina VALERYKASATKIN 02/16/2015 10:26:55
iagent-gavrilovmp2 USER-PK 02/16/2015 13:35:55
iagent-kosatkina VALERYKASATKIN 02/16/2015 14:19:08
iagent-zaporojec WINDOWS-DTSA7AR 02/16/2015 14:34:33
iagent-zavalishina ВЛАДЕЛЕЦ-DNS 02/16/2015 14:54:56
iagent-gavrilovmp3 DNS-ПК 02/16/2015 15:12:50
iagent-tishenko WORK 02/16/2015 16:21:45
iagent-gavrilovmp1 A-STRAHOVANIE 02/16/2015 19:07:50
iagent-zavalishina ВЛАДЕЛЕЦ-DNS 02/16/2015 19:54:44
iagent-zavalishina ВЛАДЕЛЕЦ-DNS 02/16/2015 22:32:40
iagent-gavro FOMINA 02/17/2015 08:17:21
iagent-muhina PC 02/17/2015 08:56:39
iagent-kosatkina VALERYKASATKIN 02/17/2015 09:04:49
iagent-tishenko WORK 02/17/2015 09:07:39
iagent-zaporojec ДОМ-ПК 02/17/2015 09:11:36
iagent-rudneva STOL-ПК 02/17/2015 09:20:06
iagent-gnevanova ИННА-ПК 02/17/2015 10:11:52
iagent-skoreva ЦЕНТРУСЛУГ4-ПК 02/17/2015 10:30:50
iagent-ciomenko F17301EB6DDD44C 02/17/2015 10:36:25
iagent-zaporojec ДОМ-ПК 02/17/2015 10:45:44
iagent-zaporojec WINDOWS-DTSA7AR 02/17/2015 11:11:12
iagent-tishenko WORK 02/17/2015 11:24:43
iagent-servicetraid РАБОЧИЙ 02/17/2015 12:30:56
iagent-muhina PC 02/17/2015 13:49:43
iagent-muhina TEH-3-PC 02/17/2015 14:13:57
iagent-gavrilovmp3 DNS-ПК 02/17/2015 14:17:18
iagent-gavro FOMINA 02/17/2015 14:35:35
iagent-muhina TEH-3-PC 02/17/2015 16:37:35
iagent-gavro FOMINA 02/17/2015 17:01:39
iagent-narzukovse SA-ZAL2 02/17/2015 17:52:05
iagent-narzukovse SA-ZAL2 02/17/2015 18:05:47
iagent-ciomenko F17301EB6DDD44C 02/17/2015 18:08:16
iagent-gavrilovmp1 A-STRAHOVANIE 02/17/2015 18:28:09
iagent-narzukovse SA-ZAL1 02/17/2015 18:43:07
iagent-narzukovse SA-ZAL1 02/17/2015 18:58:12
iagent-narzukovse SA-ZAL2 02/17/2015 19:20:40
iagent-zaporojec ДОМ-ПК 02/17/2015 19:34:06
iagent-zavalishina ВЛАДЕЛЕЦ-DNS 02/17/2015 21:52:39
iagent-rudneva STOL-ПК 02/18/2015 08:57:13
iagent-tishenko WORK 02/18/2015 09:07:15
iagent-zavalishina ВЛАДЕЛЕЦ-DNS 02/18/2015 09:25:37
iagent-kosatkina VALERYKASATKIN 02/18/2015 09:40:17
iagent-gavrilovmp1 A-STRAHOVANIE 02/18/2015 09:54:19
iagent-zavalishina ВЛАДЕЛЕЦ-DNS 02/18/2015 09:54:31
iagent-gavro FOMINA 02/18/2015 09:57:48
iagent-zaporojec WINDOWS-DTSA7AR 02/18/2015 10:01:06
iagent-gavrilovmp2 USER-PK 02/18/2015 10:05:37
iagent-muhina TEH-3-PC 02/18/2015 10:36:27
iagent-kosatkina VALERYKASATKIN 02/18/2015 10:46:38
iagent-skoreva ЦЕНТРУСЛУГ4-ПК 02/18/2015 11:03:47
iagent-gnevanova ИННА-ПК 02/18/2015 11:46:22
iagent-gnevanova ИННА-ПК 02/18/2015 13:24:39
iagent-ciomenko F17301EB6DDD44C 02/18/2015 13:28:34
iagent-zaporojec WINDOWS-DTSA7AR 02/18/2015 13:46:29
iagent-rudneva STOL-ПК 02/18/2015 14:06:30
iagent-gavrilovmp3 DNS-ПК 02/18/2015 14:55:14
iagent-tishenko WORK 02/18/2015 15:01:56
iagent-kosatkina VALERYKASATKIN 02/18/2015 15:15:39
iagent-muhina PC 02/18/2015 15:22:59
iagent-zaporojec ИННА-ПК 02/18/2015 16:59:33
iagent-zavalishina ВЛАДЕЛЕЦ-DNS 02/19/2015 07:58:04
iagent-gavro FOMINA 02/19/2015 08:24:15
iagent-zavalishina ВЛАДЕЛЕЦ-DNS 02/19/2015 09:02:28
iagent-zaporojec WINDOWS-DTSA7AR 02/19/2015 09:16:09
iagent-tishenko WORK 02/19/2015 10:12:51
iagent-rudneva STOL-ПК 02/19/2015 10:14:56
iagent-kosatkina VALERYKASATKIN 02/19/2015 10:25:30
iagent-servicetraid РАБОЧИЙ 02/19/2015 10:57:43
iagent-ciomenko F17301EB6DDD44C 02/19/2015 11:05:28
iagent-muhina TEH-3-PC 02/19/2015 11:12:03
iagent-gavrilovmp1 A-STRAHOVANIE 02/19/2015 11:15:41
iagent-gnevanova ИННА-НОУТ 02/19/2015 11:23:10
iagent-tishenko WORK 02/19/2015 12:27:59
iagent-gnevanova ИННА-ПК 02/19/2015 12:39:24
iagent-servicetraid РАБОЧИЙ 02/19/2015 12:47:21
iagent-gavrilovmp3 DNS-ПК 02/19/2015 14:57:17
iagent-muhina PC 02/19/2015 14:59:19
iagent-tishenko WORK 02/19/2015 14:59:48
iagent-gnevanova SUPER-PC 02/19/2015 15:00:42
iagent-kosatkina VALERYKASATKIN 02/19/2015 15:08:49
iagent-zaporojec WINDOWS-DTSA7AR 02/19/2015 16:17:41
iagent-gavrilovmp2 USER-PK 02/19/2015 17:47:39
iagent-sokolov AGENT-3 02/19/2015 18:38:02
iagent-gavrilovmp1 A-STRAHOVANIE 02/19/2015 18:46:31
iagent-ciomenko F17301EB6DDD44C 02/19/2015 19:28:32
iagent-zavalishina ВЛАДЕЛЕЦ-DNS 02/19/2015 20:00:07
iagent-gavro FOMINA 02/20/2015 09:01:34
iagent-zaporojec WINDOWS-DTSA7AR 02/20/2015 09:02:53
iagent-tishenko WORK 02/20/2015 09:16:38
iagent-zavalishina ВЛАДЕЛЕЦ-DNS 02/20/2015 09:32:01
iagent-kosatkina VALERYKASATKIN 02/20/2015 09:36:56
iagent-gavrilovmp3 DNS-ПК 02/20/2015 09:48:23
iagent-gnevanova ИННА-ПК 02/20/2015 10:09:43
iagent-zavalishina ВЛАДЕЛЕЦ-DNS 02/20/2015 12:31:09
iagent-gavro FOMINA 02/20/2015 13:08:43
iagent-gavro FOMINA 02/20/2015 13:38:02
iagent-sokolov AGENT-3 02/20/2015 13:45:53
iagent-tishenko WORK 02/20/2015 14:09:10
iagent-kosatkina VALERYKASATKIN 02/20/2015 14:27:30
iagent-gavrilovmp1 A-STRAHOVANIE 02/20/2015 15:09:54
iagent-muhina PC 02/20/2015 15:53:41
iagent-zaporojec WINDOWS-DTSA7AR 02/20/2015 17:03:47
iagent-servicetraid РАБОЧИЙ 02/21/2015 09:05:39
iagent-zaporojec WINDOWS-DTSA7AR 02/21/2015 09:08:03
iagent-gnevanova SUPER-PC 02/21/2015 09:20:21
iagent-rudneva STOL-ПК 02/21/2015 09:21:30
iagent-ciomenko F17301EB6DDD44C 02/21/2015 10:06:59
iagent-gavrilovmp3 DNS-ПК 02/21/2015 10:22:06
iagent-gnevanova SUPER-PC 02/21/2015 10:24:57
iagent-ciomenko F17301EB6DDD44C 02/21/2015 12:58:19
iagent-gavrilovmp2 USER-PK 02/21/2015 13:15:22
iagent-rudneva STOL-ПК 02/21/2015 14:10:15
iagent-gnevanova ИННА-ПК 02/21/2015 14:40:35
iagent-zavalishina ВЛАДЕЛЕЦ-DNS 02/21/2015 14:52:07
iagent-gavrilovmp1 A-STRAHOVANIE 02/21/2015 14:58:21
iagent-gavrilovmp1 A-STRAHOVANIE 02/22/2015 11:24:54
iagent-gavrilovmp1 A-STRAHOVANIE 02/22/2015 13:15:40
iagent-gnevanova SUPER-PC 02/22/2015 13:44:15
iagent-zavalishina ВЛАДЕЛЕЦ-DNS 02/22/2015 15:06:08
iagent-gnevanova SUPER-PC 02/22/2015 16:00:02
iagent-gnevanova SUPER-PC 02/22/2015 16:34:06
iagent-zavalishina ВЛАДЕЛЕЦ-DNS 02/23/2015 15:35:40
iagent-gavro FOMINA 02/24/2015 07:48:29
iagent-ciomenko F17301EB6DDD44C 02/24/2015 09:01:10
iagent-gavro FOMINA 02/24/2015 09:01:39
iagent-rudneva STOL-ПК 02/24/2015 09:02:01
iagent-zavalishina ВЛАДЕЛЕЦ-DNS 02/24/2015 09:02:28
iagent-zaporojec WINDOWS-DTSA7AR 02/24/2015 09:11:42
iagent-kosatkina VALERYKASATKIN 02/24/2015 09:52:46
iagent-skoreva ЦЕНТРУСЛУГ4-ПК 02/24/2015 10:11:06
iagent-gavrilovmp2 USER-PK 02/24/2015 10:44:48
iagent-tishenko WORK 02/24/2015 11:14:50
iagent-gnevanova ИННА-ПК 02/24/2015 12:56:57
iagent-muhina PC 02/24/2015 13:13:16
iagent-ciomenko F17301EB6DDD44C 02/24/2015 13:50:02
iagent-gnevanova ИННА-НОУТ 02/24/2015 14:22:32
iagent-kosatkina VALERYKASATKIN 02/24/2015 14:36:57
iagent-gavrilovmp3 DNS-ПК 02/24/2015 14:45:17
iagent-gavrilovmp2 USER-PK 02/24/2015 15:56:13
iagent-gavrilovmp3 DNS-ПК 02/24/2015 16:15:44
iagent-gavrilovmp1 A-STRAHOVANIE 02/24/2015 16:57:14
iagent-gnevanova SUPER-PC 02/24/2015 18:26:43
iagent-zavalishina ВЛАДЕЛЕЦ-DNS 02/24/2015 20:49:02
iagent-zavalishina ВЛАДЕЛЕЦ-DNS 02/25/2015 06:10:46
iagent-kot KOT 02/25/2015 08:38:29
iagent-kot KOT 02/25/2015 09:00:51
iagent-tishenko WORK 02/25/2015 09:16:27
iagent-zaporojec WINDOWS-DTSA7AR 02/25/2015 09:26:33
iagent-gnevanova ИННА-ПК 02/25/2015 09:33:36
iagent-kosatkina VALERYKASATKIN 02/25/2015 09:54:08
iagent-gavro FOMINA 02/25/2015 10:11:16
iagent-servicetraid РАБОЧИЙ 02/25/2015 11:10:32
iagent-bruhanova MYCOMP 02/25/2015 11:17:14
iagent-gavrilovmp2 USER-PK 02/25/2015 11:36:56
iagent-zaporojec WINDOWS-DTSA7AR 02/25/2015 12:05:03
iagent-gnevanova ИННА-ПК 02/25/2015 12:58:18
iagent-rudneva STOL-ПК 02/25/2015 13:03:54
iagent-servicetraid РАБОЧИЙ 02/25/2015 13:25:26
iagent-muhina PC 02/25/2015 13:30:09
iagent-gavro FOMINA 02/25/2015 14:18:48
iagent-narzukovse SA-ZAL1 02/25/2015 15:14:04
iagent-gavro FOMINA 02/25/2015 16:15:52
iagent-narzukovse SA-ZAL1 02/25/2015 16:27:22
iagent-rudneva STOL-ПК 02/25/2015 16:31:16
iagent-gavrilovmp1 A-STRAHOVANIE 02/25/2015 16:46:24
iagent-kosatkina VALERYKASATKIN 02/25/2015 17:03:13
iagent-gnevanova ИННА-ПК 02/25/2015 17:12:34
iagent-zavalishina ВЛАДЕЛЕЦ-DNS 02/25/2015 17:27:15
iagent-gavrilovmp1 A-STRAHOVANIE 02/25/2015 20:20:05
iagent-zavalishina ВЛАДЕЛЕЦ-DNS 02/25/2015 21:15:07
iagent-zavalishina ВЛАДЕЛЕЦ-DNS 02/26/2015 07:17:12
iagent-gavro FOMINA 02/26/2015 09:13:20
iagent-zavalishina ВЛАДЕЛЕЦ-DNS 02/26/2015 09:16:29
iagent-gavrilovmp1 A-STRAHOVANIE 02/26/2015 09:19:16
iagent-tishenko WORK 02/26/2015 09:23:33
iagent-rudneva STOL-ПК 02/26/2015 09:25:36
iagent-kosatkina VALERYKASATKIN 02/26/2015 09:26:14
iagent-zaporojec WINDOWS-DTSA7AR 02/26/2015 09:37:53
iagent-narzukovse SA-ZAL1 02/26/2015 09:46:04
iagent-gavrilovmp2 USER-PK 02/26/2015 10:03:36
iagent-kosatkina VALERYKASATKIN 02/26/2015 10:47:04
iagent-gnevanova SUPER-PC 02/26/2015 11:06:09
iagent-gavro FOMINA 02/26/2015 11:29:16
iagent-gavrilovmp3 DNS-ПК 02/26/2015 11:32:54
iagent-gnevanova ИННА-ПК 02/26/2015 11:42:40
iagent-gavrilovmp3 DNS-ПК 02/26/2015 12:09:56
iagent-gnevanova ИННА-ПК 02/26/2015 13:51:17
iagent-kosatkina VALERYKASATKIN 02/26/2015 14:22:31
iagent-gavrilovmp2 USER-PK 02/26/2015 14:36:44
iagent-bruhanova MYCOMP 02/26/2015 15:34:26
iagent-tishenko WORK 02/26/2015 16:39:22
iagent-gnevanova ИННА-ПК 02/26/2015 18:46:27
iagent-ciomenko F17301EB6DDD44C 02/26/2015 18:47:02
iagent-zavalishina ВЛАДЕЛЕЦ-DNS 02/26/2015 20:57:24
iagent-gavro FOMINA 02/27/2015 08:01:09
iagent-tishenko WORK 02/27/2015 09:06:57
iagent-gnevanova ИННА-ПК 02/27/2015 09:15:02
iagent-zaporojec WINDOWS-DTSA7AR 02/27/2015 09:38:05
iagent-gavrilovmp2 USER-PK 02/27/2015 10:14:58
iagent-gavrilovmp3 DNS-ПК 02/27/2015 10:24:38
iagent-kosatkina VALERYKASATKIN 02/27/2015 10:48:35
iagent-rudneva STOL-ПК 02/27/2015 10:54:45
iagent-sokolov AGENT-3 02/27/2015 10:55:39
iagent-servicetraid РАБОЧИЙ 02/27/2015 11:33:55
iagent-tishenko WORK 02/27/2015 12:02:57
iagent-skoreva ЦЕНТРУСЛУГ4-ПК 02/27/2015 12:10:07
iagent-gavrilovmp1 A-STRAHOVANIE 02/27/2015 13:38:16
iagent-gavro FOMINA 02/27/2015 13:54:44
iagent-kosatkina VALERYKASATKIN 02/27/2015 14:37:24
iagent-skoreva ЦЕНТРУСЛУГ4-ПК 02/27/2015 14:39:17
iagent-narzukovse SA-ZAL1 02/27/2015 15:13:34
iagent-zaporojec WINDOWS-DTSA7AR 02/27/2015 15:15:06
iagent-gavrilovmp1 A-STRAHOVANIE 02/27/2015 15:36:05
iagent-gavrilovmp3 DNS-ПК 02/27/2015 16:16:47
iagent-narzukovse SA-ZAL1 02/27/2015 17:28:10
iagent-ciomenko F17301EB6DDD44C 02/27/2015 18:27:26
iagent-gavrilovmp2 USER-PK 02/27/2015 18:48:38
iagent-zavalishina ВЛАДЕЛЕЦ-DNS 02/27/2015 19:24:16
iagent-zaporojec WINDOWS-DTSA7AR 02/28/2015 09:20:14
iagent-gnevanova ИННА-ПК 02/28/2015 09:25:40
iagent-ciomenko F17301EB6DDD44C 02/28/2015 09:32:25
iagent-gavrilovmp2 USER-PK 02/28/2015 09:56:23
iagent-gavrilovmp3 DNS-ПК 02/28/2015 10:00:39
iagent-narzukovse SA-ZAL1 02/28/2015 10:02:01
iagent-gavrilovmp1 A-STRAHOVANIE 02/28/2015 10:17:04
iagent-rudneva STOL-ПК 02/28/2015 11:54:29
iagent-gavrilovmp2 USER-PK 02/28/2015 11:59:17
iagent-gnevanova SUPER-PC 02/28/2015 12:12:21
iagent-gavrilovmp3 DNS-ПК 02/28/2015 13:27:26
iagent-rudneva STOL-ПК 02/28/2015 14:23:39
iagent-rudneva STOL-ПК 02/28/2015 16:18:42
iagent-gnevanova SUPER-PC 02/28/2015 19:20:29
iagent-zavalishina ВЛАДЕЛЕЦ-DNS 02/28/2015 19:22:51
iagent-zavalishina ВЛАДЕЛЕЦ-DNS 02/28/2015 20:49:29
iagent-zavalishina ВЛАДЕЛЕЦ-DNS 03/01/2015 07:00:32
iagent-ciomenko F17301EB6DDD44C 03/01/2015 08:11:59
iagent-zaporojec WINDOWS-DTSA7AR 03/01/2015 08:46:10
iagent-narzukovse SA-ZAL1 03/01/2015 13:03:43
iagent-gavrilovmp1 A-STRAHOVANIE 03/01/2015 13:47:26
iagent-zavalishina ВЛАДЕЛЕЦ-DNS 03/01/2015 16:38:09
iagent-gavrilovmp3 DNS-ПК 03/01/2015 16:57:05
iagent-zavalishina ВЛАДЕЛЕЦ-DNS 03/02/2015 08:37:28
iagent-gnevanova SUPER-PC 03/02/2015 09:03:21
iagent-gavro FOMINA 03/02/2015 09:42:53
iagent-tishenko WORK 03/02/2015 09:44:34
iagent-zavalishina ВЛАДЕЛЕЦ-DNS 03/02/2015 10:02:48
iagent-narzukovse SA-ZAL1 03/02/2015 10:30:50
iagent-gavrilovmp2 USER-PK 03/02/2015 10:32:10
iagent-gnevanova SUPER-PC 03/02/2015 11:01:11
iagent-kosatkina VALERYKASATKIN 03/02/2015 11:02:38
iagent-ciomenko F17301EB6DDD44C 03/02/2015 11:40:45
iagent-gavrilovmp3 DNS-ПК 03/02/2015 11:45:30
iagent-gnevanova ИННА-ПК 03/02/2015 12:22:04
iagent-narzukovse SA-ZAL1 03/02/2015 13:51:24
iagent-gavrilovmp1 A-STRAHOVANIE 03/02/2015 14:11:10
iagent-gavrilovmp2 USER-PK 03/02/2015 14:32:23
iagent-skoreva ЦЕНТРУСЛУГ4-ПК 03/02/2015 14:32:32
iagent-gnevanova ИННА-ПК 03/02/2015 15:01:07
iagent-zavalishina ВЛАДЕЛЕЦ-DNS 03/02/2015 16:17:09
iagent-gavro FOMINA 03/02/2015 16:53:05
iagent-narzukovse SA-ZAL1 03/02/2015 18:29:04
iagent-ciomenko F17301EB6DDD44C 03/02/2015 19:26:52
iagent-gnevanova SUPER-PC 03/02/2015 20:04:33
iagent-zavalishina ВЛАДЕЛЕЦ-DNS 03/02/2015 20:07:32
iagent-zavalishina ВЛАДЕЛЕЦ-DNS 03/03/2015 08:09:21
iagent-zavalishina ВЛАДЕЛЕЦ-DNS 03/03/2015 08:30:22
iagent-rudneva STOL-ПК 03/03/2015 08:36:30
iagent-tishenko WORK 03/03/2015 08:56:05
iagent-skoreva ЦЕНТРУСЛУГ4-ПК 03/03/2015 09:02:19
iagent-zaporojec WINDOWS-DTSA7AR 03/03/2015 09:08:30
iagent-gnevanova ИННА-ПК 03/03/2015 09:08:39
iagent-gavro FOMINA 03/03/2015 09:11:36
iagent-narzukovse SA-ZAL1 03/03/2015 09:16:58
iagent-kosatkina VALERYKASATKIN 03/03/2015 09:56:16
iagent-ciomenko F17301EB6DDD44C 03/03/2015 10:20:07
iagent-muhina PC 03/03/2015 10:21:10
iagent-gavrilovmp3 DNS-ПК 03/03/2015 11:17:15
iagent-gnevanova1 VIRTUALPC 03/03/2015 11:47:26
iagent-gnevanova1 SUPER-PC 03/03/2015 11:51:08
iagent-gnevanova1 SUPER-PC 03/03/2015 12:01:58
iagent-gavrilovmp1 A-STRAHOVANIE 03/03/2015 12:29:06
iagent-serkova ULANOV-2 03/03/2015 13:02:37
iagent-servicetraid РАБОЧИЙ 03/03/2015 14:25:46
iagent-kosatkina VALERYKASATKIN 03/03/2015 15:49:22
iagent-servicetraid РАБОЧИЙ 03/03/2015 16:02:59
iagent-sokolov AGENT-3 03/03/2015 16:16:30
iagent-zaporojec WINDOWS-DTSA7AR 03/03/2015 17:16:48
iagent-gavro FOMINA 03/03/2015 17:35:11
iagent-gavrilovmp2 USER-PK 03/03/2015 18:09:45
iagent-zavalishina ВЛАДЕЛЕЦ-DNS 03/03/2015 19:18:11
iagent-skoreva ЦЕНТРУСЛУГ4-ПК 03/04/2015 09:20:53
iagent-zaporojec WINDOWS-DTSA7AR 03/04/2015 09:30:08
iagent-gavro FOMINA 03/04/2015 09:57:28
iagent-narzukovse SA-ZAL1 03/04/2015 10:02:54
iagent-kosatkina VALERYKASATKIN 03/04/2015 10:32:34
iagent-tishenko WORK 03/04/2015 10:32:41
iagent-gnevanova ИННА-ПК 03/04/2015 11:39:51
iagent-gnevanova2 ДОМ-ПК 03/04/2015 11:46:31
iagent-gnevanova2 ДОМ-ПК 03/04/2015 11:47:41
iagent-gnevanova2 ДОМ-ПК 03/04/2015 12:00:18
iagent-gavrilovmp2 USER-PK 03/04/2015 12:35:15
iagent-gavrilovmp3 DNS-ПК 03/04/2015 13:15:12
iagent-narzukovse SA-ZAL1 03/04/2015 13:23:21
iagent-gnevanova ИННА-ПК 03/04/2015 13:29:10
iagent-kosatkina VALERYKASATKIN 03/04/2015 14:02:45
iagent-rudneva STOL-ПК 03/04/2015 14:15:01
iagent-zaporojec WINDOWS-DTSA7AR 03/04/2015 14:38:16
iagent-zavalishina ВЛАДЕЛЕЦ-DNS 03/04/2015 14:54:15
iagent-muhina PC 03/04/2015 15:14:44
iagent-zavalishina ВЛАДЕЛЕЦ-DNS 03/04/2015 16:01:41
iagent-gavrilovmp1 A-STRAHOVANIE 03/04/2015 16:48:52
iagent-zaporojec WINDOWS-DTSA7AR 03/04/2015 17:27:54
iagent-gavrilovmp3 DNS-ПК 03/04/2015 17:36:21
iagent-gavrilovmp2 USER-PK 03/04/2015 18:06:38
iagent-gavrilovmp2 USER-PK 03/04/2015 18:12:11
iagent-gnevanova2 ДОМ-ПК 03/04/2015 19:27:32
iagent-gavrilovmp1 A-STRAHOVANIE 03/05/2015 08:01:18
iagent-gavro FOMINA 03/05/2015 08:33:25
iagent-gavrilovmp1 A-STRAHOVANIE 03/05/2015 09:01:02
iagent-gnevanova ИННА-ПК 03/05/2015 09:03:11
iagent-gnevanova1 SUPER-PC 03/05/2015 09:32:32
iagent-kosatkina VALERYKASATKIN 03/05/2015 09:33:37
iagent-gavrilovmp2 USER-PK 03/05/2015 09:50:40
iagent-gavrilovmp1 A-STRAHOVANIE 03/05/2015 10:38:46
iagent-ciomenko F17301EB6DDD44C 03/05/2015 10:50:25
iagent-tishenko WORK 03/05/2015 10:51:51
iagent-servicetraid РАБОЧИЙ 03/05/2015 11:19:11
iagent-gavrilovmp3 DNS-ПК 03/05/2015 11:33:52
iagent-gavrilovmp2 USER-PK 03/05/2015 13:14:46
iagent-gavrilovmp2 USER-PK 03/05/2015 13:16:41
iagent-zaporojec WINDOWS-DTSA7AR 03/05/2015 13:52:42
iagent-servicetraid РАБОЧИЙ 03/05/2015 14:06:28
iagent-gnevanova ИННА-ПК 03/05/2015 14:16:35
iagent-kosatkina VALERYKASATKIN 03/05/2015 14:16:52
iagent-narzukovse SA-ZAL1 03/05/2015 14:31:07
iagent-gavrilovmp1 A-STRAHOVANIE 03/05/2015 15:21:35
iagent-servicetraid РАБОЧИЙ 03/05/2015 15:35:46
iagent-zaporojec WINDOWS-DTSA7AR 03/05/2015 15:48:16
iagent-gavro FOMINA 03/05/2015 15:54:08
iagent-zavalishina ВЛАДЕЛЕЦ-DNS 03/05/2015 16:58:28
iagent-gnevanova ИННА-ПК 03/05/2015 17:22:55
iagent-zavalishina ВЛАДЕЛЕЦ-DNS 03/05/2015 17:56:10
iagent-narzukovse SA-ZAL1 03/05/2015 17:59:16
iagent-ciomenko F17301EB6DDD44C 03/05/2015 18:06:02
iagent-gavrilovmp1 A-STRAHOVANIE 03/05/2015 18:09:47
iagent-tishenko WORK 03/05/2015 19:31:28
iagent-gavro FOMINA 03/06/2015 09:02:04
iagent-gavrilovmp2 USER-PK 03/06/2015 09:12:11
iagent-sokolov AGENT-3 03/06/2015 09:24:26
iagent-rudneva STOL-ПК 03/06/2015 09:28:30
iagent-gnevanova ИННА-ПК 03/06/2015 09:40:22
iagent-zaporojec WINDOWS-DTSA7AR 03/06/2015 09:41:29
iagent-tishenko WORK 03/06/2015 09:52:40
iagent-gavrilovmp1 A-STRAHOVANIE 03/06/2015 10:20:15
iagent-kosatkina VALERYKASATKIN 03/06/2015 10:38:11
iagent-gnevanova2 ДОМ-ПК 03/06/2015 10:40:14
iagent-gavrilovmp3 DNS-ПК 03/06/2015 10:56:35
iagent-gnevanova ИННА-ПК 03/06/2015 11:01:53
iagent-gavrilovmp1 A-STRAHOVANIE 03/06/2015 12:14:00
iagent-gavrilovmp2 USER-PK 03/06/2015 12:43:47
iagent-gavrilovmp1 A-STRAHOVANIE 03/06/2015 12:52:22
iagent-gnevanova1 SUPER-PC 03/06/2015 13:49:37
iagent-narzukovse SA-ZAL1 03/06/2015 14:09:26
iagent-gavrilovmp3 DNS-ПК 03/06/2015 14:17:39
iagent-gavrilovmp1 A-STRAHOVANIE 03/06/2015 14:31:38
iagent-gavrilovmp3 DNS-ПК 03/06/2015 15:12:26
iagent-gavro FOMINA 03/06/2015 15:24:03
iagent-gavrilovmp1 A-STRAHOVANIE 03/06/2015 15:36:13
iagent-ciomenko F17301EB6DDD44C 03/06/2015 15:43:57
iagent-tishenko WORK 03/06/2015 15:55:48
iagent-gnevanova ИННА-ПК 03/06/2015 16:02:21
iagent-gavrilovmp3 DNS-ПК 03/06/2015 17:16:14
iagent-tishenko WORK 03/06/2015 17:27:10
iagent-gavrilovmp3 DNS-ПК 03/06/2015 17:27:50
iagent-gnevanova1 SUPER-PC 03/06/2015 18:15:35
iagent-gnevanova1 SUPER-PC 03/06/2015 19:33:30
iagent-gnevanova ИННА-ПК 03/07/2015 09:19:19
iagent-gnevanova1 SUPER-PC 03/07/2015 09:49:50
iagent-zaporojec WINDOWS-DTSA7AR 03/07/2015 09:52:10
iagent-rudneva STOL-ПК 03/07/2015 09:59:22
iagent-gnevanova ИННА-ПК 03/07/2015 10:04:06
iagent-tishenko WORK 03/07/2015 12:09:51
iagent-gnevanova1 SUPER-PC 03/07/2015 12:22:17
iagent-rudneva STOL-ПК 03/07/2015 12:22:33
iagent-narzukovse SA-ZAL1 03/07/2015 12:32:12
iagent-sokolov AGENT-3 03/07/2015 13:03:16
iagent-gavrilovmp3 DNS-ПК 03/07/2015 13:18:36
iagent-kosatkina VALERYKASATKIN 03/07/2015 13:37:23
iagent-ciomenko F17301EB6DDD44C 03/07/2015 13:56:44
iagent-gavrilovmp3 DNS-ПК 03/07/2015 14:36:23
iagent-gavrilovmp3 DNS-ПК 03/07/2015 14:39:08
iagent-gavrilovmp3 DNS-ПК 03/07/2015 14:48:07
iagent-gavrilovmp3 DNS-ПК 03/07/2015 14:49:06
iagent-gavrilovmp3 DNS-ПК 03/07/2015 15:20:40
iagent-gavrilovmp3 DNS-ПК 03/07/2015 15:36:48
iagent-zaporojec WINDOWS-DTSA7AR 03/07/2015 15:37:52
iagent-gnevanova1 SUPER-PC 03/07/2015 16:49:51
iagent-gavrilovmp3 DNS-ПК 03/07/2015 17:14:03
iagent-gnevanova1 SUPER-PC 03/07/2015 17:16:22
iagent-gnevanova1 SUPER-PC 03/07/2015 17:53:26
iagent-ciomenko F17301EB6DDD44C 03/07/2015 18:18:10
iagent-gnevanova2 ДОМ-ПК 03/07/2015 18:32:13
iagent-gnevanova2 ДОМ-ПК 03/07/2015 19:51:43
iagent-zavalishina ВЛАДЕЛЕЦ-DNS 03/08/2015 07:09:03
iagent-ciomenko F17301EB6DDD44C 03/08/2015 08:58:28
iagent-gnevanova1 SUPER-PC 03/08/2015 09:08:13
iagent-ciomenko F17301EB6DDD44C 03/08/2015 13:08:01
iagent-gavrilovmp3 DNS-ПК 03/08/2015 14:39:43
iagent-zavalishina ВЛАДЕЛЕЦ-DNS 03/08/2015 14:46:41
iagent-gavrilovmp3 DNS-ПК 03/08/2015 17:28:27
iagent-zavalishina ВЛАДЕЛЕЦ-DNS 03/09/2015 08:04:19
iagent-zavalishina ВЛАДЕЛЕЦ-DNS 03/09/2015 10:18:22
iagent-gnevanova2 ДОМ-ПК 03/09/2015 10:46:08
iagent-narzukovse SA-ZAL1 03/09/2015 11:40:59
iagent-gavrilovmp1 A-STRAHOVANIE 03/09/2015 11:41:48
iagent-narzukovse SA-ZAL1 03/09/2015 13:48:07
iagent-zavalishina ВЛАДЕЛЕЦ-DNS 03/09/2015 19:20:09
iagent-skoreva ЦЕНТРУСЛУГ4-ПК 03/10/2015 08:24:28
iagent-gavro FOMINA 03/10/2015 08:25:34
iagent-zaporojec WINDOWS-DTSA7AR 03/10/2015 08:26:46
iagent-zavalishina ВЛАДЕЛЕЦ-DNS 03/10/2015 08:48:55
iagent-gnevanova ИННА-НОУТ 03/10/2015 09:16:44
iagent-rudneva STOL-ПК 03/10/2015 09:35:21
iagent-tishenko WORK 03/10/2015 09:38:29
iagent-ciomenko F17301EB6DDD44C 03/10/2015 09:51:53
iagent-gnevanova ИННА-НОУТ 03/10/2015 09:52:51
iagent-gavrilovmp1 A-STRAHOVANIE 03/10/2015 10:56:11
iagent-zavalishina ВЛАДЕЛЕЦ-DNS 03/10/2015 11:02:15
iagent-kosatkina VALERYKASATKIN 03/10/2015 11:06:47
iagent-gavrilovmp2 USER-PK 03/10/2015 11:07:39
iagent-servicetraid РАБОЧИЙ 03/10/2015 11:21:56
iagent-gavrilovmp2 USER-PK 03/10/2015 11:41:01
iagent-gavrilovmp3 DNS-ПК 03/10/2015 12:41:48
iagent-narzukovse SA-ZAL1 03/10/2015 12:49:29
iagent-gnevanova ИННА-ПК 03/10/2015 13:10:44
iagent-rudneva STOL-ПК 03/10/2015 13:47:23
iagent-gavrilovmp2 USER-PK 03/10/2015 13:59:56
iagent-gnevanova ИННА-ПК 03/10/2015 14:01:06
iagent-zaporojec WINDOWS-DTSA7AR 03/10/2015 14:43:48
iagent-gnevanova2 ДОМ-ПК 03/10/2015 15:13:09
iagent-gavrilovmp3 DNS-ПК 03/10/2015 15:15:17
iagent-gnevanova ИННА-ПК 03/10/2015 16:36:00
iagent-gavrilovmp3 DNS-ПК 03/10/2015 18:15:25
iagent-gnevanova2 ДОМ-ПК 03/10/2015 20:23:16
iagent-gavrilovmp3 DNS-ПК 03/10/2015 21:15:59
iagent-gavro FOMINA 03/11/2015 08:29:56
iagent-zaporojec WINDOWS-DTSA7AR 03/11/2015 09:23:14
iagent-skoreva ЦЕНТРУСЛУГ4-ПК 03/11/2015 09:33:18
iagent-rudneva STOL-ПК 03/11/2015 09:56:34
iagent-kosatkina VALERYKASATKIN 03/11/2015 10:03:32
iagent-servicetraid РАБОЧИЙ 03/11/2015 10:11:05
iagent-gavro FOMINA 03/11/2015 10:35:57
iagent-ciomenko F17301EB6DDD44C 03/11/2015 10:39:50
iagent-tishenko WORK 03/11/2015 10:42:29
iagent-gnevanova ИННА-ПК 03/11/2015 10:49:53
iagent-tishenko WORK 03/11/2015 12:06:44
iagent-gnevanova ИННА-ПК 03/11/2015 12:39:47
iagent-tishenko WORK 03/11/2015 13:49:06
iagent-gnevanova ИННА-ПК 03/11/2015 13:50:32
iagent-servicetraid РАБОЧИЙ 03/11/2015 13:56:18
iagent-kosatkina VALERYKASATKIN 03/11/2015 14:10:51
iagent-servicetraid РАБОЧИЙ 03/11/2015 16:05:51
iagent-gavrilovmp2 USER-PK 03/11/2015 17:25:48
iagent-gnevanova2 ДОМ-ПК 03/11/2015 17:41:17
iagent-ciomenko F17301EB6DDD44C 03/11/2015 18:20:50
iagent-zavalishina ВЛАДЕЛЕЦ-DNS 03/11/2015 19:27:33
iagent-zavalishina ВЛАДЕЛЕЦ-DNS 03/11/2015 21:18:43
iagent-zavalishina ВЛАДЕЛЕЦ-DNS 03/12/2015 06:50:01
iagent-gavro FOMINA 03/12/2015 08:36:22
iagent-gavrilovmp1 A-STRAHOVANIE 03/12/2015 09:05:11
iagent-zaporojec WINDOWS-DTSA7AR 03/12/2015 09:27:51
iagent-kosatkina VALERYKASATKIN 03/12/2015 09:32:47
iagent-gavrilovmp3 DNS-ПК 03/12/2015 09:47:21
iagent-rudneva STOL-ПК 03/12/2015 09:59:57
iagent-servicetraid РАБОЧИЙ 03/12/2015 10:43:52
iagent-tishenko WORK 03/12/2015 10:46:39
iagent-gavrilovmp1 A-STRAHOVANIE 03/12/2015 11:19:57
iagent-sokolov AGENT-3 03/12/2015 11:36:44
iagent-servicetraid РАБОЧИЙ 03/12/2015 12:11:07
iagent-gnevanova2 ДОМ-ПК 03/12/2015 12:20:04
iagent-kosatkina VALERYKASATKIN 03/12/2015 12:55:18
iagent-gnevanova ИННА-ПК 03/12/2015 13:15:28
iagent-narzukovse SA-ZAL1 03/12/2015 13:17:42
iagent-servicetraid РАБОЧИЙ 03/12/2015 13:21:02
iagent-gavrilovmp3 DNS-ПК 03/12/2015 13:54:19
iagent-tishenko WORK 03/12/2015 14:32:32
iagent-gavrilovmp1 A-STRAHOVANIE 03/12/2015 14:39:24
iagent-narzukovse SA-ZAL1 03/12/2015 14:47:40
iagent-gavrilovmp2 USER-PK 03/12/2015 15:12:40
iagent-rudneva STOL-ПК 03/12/2015 15:41:04
iagent-servicetraid РАБОЧИЙ 03/12/2015 16:11:49
iagent-narzukovse SA-ZAL1 03/12/2015 16:31:32
iagent-gavrilovmp3 DNS-ПК 03/12/2015 17:23:51
iagent-sokolov AGENT-3 03/12/2015 17:32:58
iagent-zavalishina ВЛАДЕЛЕЦ-DNS 03/12/2015 20:02:03
iagent-gnevanova2 ДОМ-ПК 03/12/2015 20:26:32
iagent-zavalishina ВЛАДЕЛЕЦ-DNS 03/12/2015 20:46:02
iagent-zavalishina ВЛАДЕЛЕЦ-DNS 03/13/2015 07:44:12
iagent-gnevanova2 ДОМ-ПК 03/13/2015 07:52:54
iagent-tishenko WORK 03/13/2015 08:53:29
iagent-zaporojec WINDOWS-DTSA7AR 03/13/2015 09:05:15
iagent-gavro FOMINA 03/13/2015 09:11:29
iagent-gnevanova1 SUPER-PC 03/13/2015 09:34:39
iagent-kosatkina VALERYKASATKIN 03/13/2015 09:40:45
iagent-bruhanova MYCOMP 03/13/2015 09:46:05
iagent-gavrilovmp1 A-STRAHOVANIE 03/13/2015 09:56:00
iagent-gnevanova ИННА-ПК 03/13/2015 10:02:46
iagent-narzukovse SA-ZAL1 03/13/2015 10:11:50
iagent-skoreva ЦЕНТРУСЛУГ4-ПК 03/13/2015 10:13:54
iagent-zaporojec WINDOWS-DTSA7AR 03/13/2015 10:31:29
iagent-gnevanova ИННА-НОУТ 03/13/2015 10:44:37
iagent-ciomenko F17301EB6DDD44C 03/13/2015 10:50:45
iagent-gavrilovmp3 DNS-ПК 03/13/2015 11:00:52
iagent-bruhanova MYCOMP 03/13/2015 11:06:01
iagent-gavrilovmp2 USER-PK 03/13/2015 11:11:58
iagent-rudneva STOL-ПК 03/13/2015 11:19:32
iagent-gnevanova ИННА-НОУТ 03/13/2015 11:39:26
iagent-narzukovse SA-ZAL1 03/13/2015 12:01:26
iagent-gavrilovmp1 A-STRAHOVANIE 03/13/2015 13:34:01
iagent-kosatkina VALERYKASATKIN 03/13/2015 14:22:23
iagent-gavrilovmp3 DNS-ПК 03/13/2015 14:37:28
iagent-rudneva STOL-ПК 03/13/2015 14:52:10
iagent-gavrilovmp3 DNS-ПК 03/13/2015 14:58:17
iagent-narzukovse SA-ZAL1 03/13/2015 15:06:48
iagent-bruhanova MYCOMP 03/13/2015 15:31:42
iagent-gnevanova1 SUPER-PC 03/13/2015 15:38:04
iagent-zavalishina ВЛАДЕЛЕЦ-DNS 03/13/2015 15:38:09
iagent-tishenko WORK 03/13/2015 15:42:15
iagent-rudneva STOL-ПК 03/13/2015 15:48:52
iagent-gnevanova1 SUPER-PC 03/13/2015 17:00:53
iagent-gnevanova2 ДОМ-ПК 03/13/2015 18:31:49
iagent-ciomenko F17301EB6DDD44C 03/13/2015 19:14:26
iagent-zaporojec WINDOWS-DTSA7AR 03/14/2015 09:25:23
iagent-gnevanova1 SUPER-PC 03/14/2015 09:40:27
iagent-gavrilovmp1 A-STRAHOVANIE 03/14/2015 09:59:20
iagent-servicetraid РАБОЧИЙ 03/14/2015 10:10:29
iagent-ciomenko F17301EB6DDD44C 03/14/2015 10:37:57
iagent-gnevanova ИННА-ПК 03/14/2015 10:49:33
iagent-tishenko WORK 03/14/2015 10:58:50
iagent-servicetraid РАБОЧИЙ 03/14/2015 11:27:35
iagent-gavrilovmp3 DNS-ПК 03/14/2015 11:46:23
iagent-narzukovse SA-ZAL1 03/14/2015 11:54:27
iagent-gavrilovmp2 USER-PK 03/14/2015 12:15:11
iagent-narzukovse SA-ZAL1 03/14/2015 12:19:51
iagent-sokolov AGENT-3 03/14/2015 12:21:58
iagent-gnevanova ИННА-ПК 03/14/2015 13:16:51
iagent-servicetraid РАБОЧИЙ 03/14/2015 13:30:39
iagent-gavrilovmp1 A-STRAHOVANIE 03/14/2015 13:52:12
iagent-gnevanova2 ДОМ-ПК 03/14/2015 13:59:10
iagent-servicetraid РАБОЧИЙ 03/14/2015 14:16:31
iagent-gavrilovmp3 DNS-ПК 03/14/2015 15:10:28
iagent-gnevanova ИННА-ПК 03/14/2015 15:50:09
iagent-tishenko WORK 03/14/2015 16:06:02
iagent-muhina PC 03/14/2015 16:37:06
iagent-gavrilovmp3 DNS-ПК 03/14/2015 18:49:51
iagent-zavalishina ВЛАДЕЛЕЦ-DNS 03/14/2015 20:40:47
iagent-zavalishina ВЛАДЕЛЕЦ-DNS 03/14/2015 21:42:44
iagent-gnevanova2 ДОМ-ПК 03/14/2015 23:10:13
iagent-gnevanova2 ДОМ-ПК 03/15/2015 09:19:44
iagent-narzukovse SA-ZAL1 03/15/2015 09:40:15
iagent-ciomenko F17301EB6DDD44C 03/15/2015 11:25:12
iagent-gnevanova2 ДОМ-ПК 03/15/2015 11:36:02
iagent-gnevanova1 SUPER-PC 03/15/2015 11:59:39
iagent-gavro FOMINA 03/15/2015 14:29:37
iagent-gnevanova1 SUPER-PC 03/15/2015 16:30:20
iagent-ciomenko F17301EB6DDD44C 03/15/2015 17:16:53
iagent-gavrilovmp3 DNS-ПК 03/15/2015 18:05:34
iagent-gavrilovmp1 A-STRAHOVANIE 03/15/2015 18:06:58
iagent-gnevanova2 ДОМ-ПК 03/15/2015 18:39:08
iagent-gnevanova2 ДОМ-ПК 03/15/2015 19:46:27
iagent-gavro FOMINA 03/16/2015 07:56:23
iagent-tishenko WORK 03/16/2015 09:05:17
iagent-gavrilovmp2 USER-PK 03/16/2015 09:20:31
iagent-gavrilovmp1 A-STRAHOVANIE 03/16/2015 09:21:53
iagent-narzukovse SA-ZAL1 03/16/2015 09:42:27
iagent-kosatkina VALERYKASATKIN 03/16/2015 09:50:53
iagent-gnevanova ИННА-ПК 03/16/2015 09:51:12
iagent-gavrilovmp3 DNS-ПК 03/16/2015 10:26:47
iagent-gnevanova ИННА-ПК 03/16/2015 11:37:46
iagent-gnevanova ИННА-ПК 03/16/2015 11:42:35
iagent-gavrilovmp1 A-STRAHOVANIE 03/16/2015 11:50:40
iagent-servicetraid РАБОЧИЙ 03/16/2015 12:22:36
iagent-skoreva ЦЕНТРУСЛУГ4-ПК 03/16/2015 12:34:57
iagent-ciomenko F17301EB6DDD44C 03/16/2015 12:51:34
iagent-kosatkina VALERYKASATKIN 03/16/2015 13:34:01
iagent-narzukovse SA-ZAL1 03/16/2015 14:01:51
iagent-gnevanova ИННА-ПК 03/16/2015 14:35:52
iagent-servicetraid РАБОЧИЙ 03/16/2015 15:48:17
iagent-gnevanova2 ДОМ-ПК 03/16/2015 16:28:11
iagent-gavrilovmp1 A-STRAHOVANIE 03/16/2015 16:36:34
iagent-gavrilovmp2 USER-PK 03/16/2015 16:41:20
iagent-narzukovse SA-ZAL1 03/16/2015 16:59:41
iagent-gavrilovmp3 DNS-ПК 03/16/2015 17:27:52
iagent-gavrilovmp2 USER-PK 03/16/2015 17:32:27
iagent-ciomenko F17301EB6DDD44C 03/16/2015 18:04:04
iagent-gnevanova1 SUPER-PC 03/16/2015 18:05:34
iagent-gnevanova2 ДОМ-ПК 03/16/2015 19:02:59
iagent-zavalishina ВЛАДЕЛЕЦ-DNS 03/16/2015 20:00:28
iagent-tishenko VLB01 03/16/2015 21:40:22
iagent-tishenko VLB01 03/16/2015 22:04:33
iagent-gnevanova2 ДОМ-ПК 03/16/2015 22:27:13
iagent-gavro FOMINA 03/17/2015 08:06:00
iagent-tishenko WORK 03/17/2015 08:31:31
iagent-zaporojec WINDOWS-DTSA7AR 03/17/2015 08:58:52
iagent-gavrilovmp2 USER-PK 03/17/2015 09:07:41
iagent-gnevanova2 ДОМ-ПК 03/17/2015 09:17:36
iagent-gavrilovmp1 A-STRAHOVANIE 03/17/2015 09:35:41
iagent-gavrilovmp3 DNS-ПК 03/17/2015 10:36:00
iagent-kosatkina VALERYKASATKIN 03/17/2015 10:59:11
iagent-narzukovse SA-ZAL1 03/17/2015 12:08:42
iagent-gnevanova ИННА-ПК 03/17/2015 12:16:08
iagent-gnevanova1 SUPER-PC 03/17/2015 12:17:16
iagent-zavalishina ВЛАДЕЛЕЦ-DNS 03/17/2015 12:32:17
iagent-gnevanova1 SUPER-PC 03/17/2015 12:49:48
iagent-gnevanova1 SUPER-PC 03/17/2015 12:52:33
iagent-gavrilovmp3 DNS-ПК 03/17/2015 14:01:39
iagent-gavrilovmp1 A-STRAHOVANIE 03/17/2015 14:02:07
iagent-rudneva STOL-ПК 03/17/2015 14:59:31
iagent-skoreva ЦЕНТРУСЛУГ4-ПК 03/17/2015 15:01:56
iagent-gnevanova1 SUPER-PC 03/17/2015 15:16:50
iagent-muhina PC 03/17/2015 15:46:51
iagent-tishenko VLB01 03/17/2015 16:18:39
iagent-skoreva ЦЕНТРУСЛУГ4-ПК 03/17/2015 16:33:14
iagent-gnevanova1 SUPER-PC 03/17/2015 17:03:11
iagent-zaporojec WINDOWS-DTSA7AR 03/17/2015 17:17:53
iagent-gnevanova1 SUPER-PC 03/17/2015 17:31:22
iagent-ciomenko F17301EB6DDD44C 03/17/2015 17:31:25
iagent-gnevanova1 SUPER-PC 03/17/2015 18:17:50
iagent-gavrilovmp1 A-STRAHOVANIE 03/17/2015 18:46:58
iagent-zavalishina ВЛАДЕЛЕЦ-DNS 03/17/2015 19:08:15
iagent-gavro FOMINA 03/18/2015 08:25:44
iagent-zavalishina ВЛАДЕЛЕЦ-DNS 03/18/2015 08:36:32
iagent-rudneva STOL-ПК 03/18/2015 08:49:32
iagent-gavrilovmp2 USER-PK 03/18/2015 09:06:02
iagent-muhina PC 03/18/2015 09:19:41
iagent-gavrilovmp1 A-STRAHOVANIE 03/18/2015 09:21:20
iagent-skoreva ЦЕНТРУСЛУГ4-ПК 03/18/2015 09:34:00
iagent-tishenko WORK 03/18/2015 09:36:30
iagent-narzukovse SA-ZAL1 03/18/2015 09:40:09
iagent-gnevanova ИННА-ПК 03/18/2015 09:54:17
iagent-zaporojec WINDOWS-DTSA7AR 03/18/2015 09:58:48
iagent-servicetraid РАБОЧИЙ 03/18/2015 10:06:19
iagent-sokolov AGENT-3 03/18/2015 10:23:47
iagent-ciomenko F17301EB6DDD44C 03/18/2015 10:50:31
iagent-zaporojec WINDOWS-DTSA7AR 03/18/2015 10:59:21
iagent-servicetraid РАБОЧИЙ 03/18/2015 11:01:31
iagent-gavrilovmp3 DNS-ПК 03/18/2015 11:04:03
iagent-gnevanova ИННА-ПК 03/18/2015 11:10:56
iagent-kosatkina VALERYKASATKIN 03/18/2015 11:12:31
iagent-rudneva STOL-ПК 03/18/2015 11:24:17
iagent-gnevanova1 SUPER-PC 03/18/2015 11:36:49
iagent-gnevanova2 ДОМ-ПК 03/18/2015 11:45:27
iagent-servicetraid РАБОЧИЙ 03/18/2015 11:48:11
iagent-zaporojec WINDOWS-DTSA7AR 03/18/2015 11:49:56
iagent-muhina PC 03/18/2015 12:59:25
iagent-gnevanova2 ДОМ-ПК 03/18/2015 13:22:15
iagent-gavrilovmp3 DNS-ПК 03/18/2015 13:31:48
iagent-servicetraid РАБОЧИЙ 03/18/2015 13:36:34
iagent-gnevanova ИННА-ПК 03/18/2015 14:16:08
iagent-narzukovse SA-ZAL1 03/18/2015 14:18:11
iagent-servicetraid РАБОЧИЙ 03/18/2015 14:24:23
iagent-muhina PC 03/18/2015 14:31:26
iagent-tishenko WORK 03/18/2015 14:35:53
iagent-kosatkina VALERYKASATKIN 03/18/2015 14:44:06
iagent-servicetraid РАБОЧИЙ 03/18/2015 15:28:07
iagent-gavro FOMINA 03/18/2015 15:29:40
iagent-gnevanova2 ДОМ-ПК 03/18/2015 15:29:50
iagent-gnevanova ИННА-ПК 03/18/2015 15:31:29
iagent-rudneva STOL-ПК 03/18/2015 15:32:09
iagent-gnevanova1 SUPER-PC 03/18/2015 17:34:01
iagent-gavrilovmp1 A-STRAHOVANIE 03/18/2015 17:47:31
iagent-gavrilovmp2 USER-PK 03/18/2015 17:56:06
iagent-ciomenko F17301EB6DDD44C 03/18/2015 18:44:00
iagent-gnevanova2 ДОМ-ПК 03/18/2015 20:18:53
iagent-gnevanova2 ДОМ-ПК 03/18/2015 21:06:32
iagent-zavalishina ВЛАДЕЛЕЦ-DNS 03/18/2015 21:58:40
iagent-zavalishina ВЛАДЕЛЕЦ-DNS 03/19/2015 06:20:37
iagent-zavalishina ВЛАДЕЛЕЦ-DNS 03/19/2015 07:07:41
iagent-gavro FOMINA 03/19/2015 07:45:24
iagent-gnevanova ИННА-ПК 03/19/2015 08:32:32
iagent-zavalishina ВЛАДЕЛЕЦ-DNS 03/19/2015 08:34:43
iagent-kosatkina VALERYKASATKIN 03/19/2015 09:20:34
iagent-rudneva STOL-ПК 03/19/2015 09:23:57
iagent-gnevanova ИННА-ПК 03/19/2015 09:42:30
iagent-zaporojec WINDOWS-DTSA7AR 03/19/2015 09:50:46
iagent-tishenko WORK 03/19/2015 10:06:49
iagent-gnevanova ИННА-ПК 03/19/2015 10:10:30
iagent-gavrilovmp1 A-STRAHOVANIE 03/19/2015 10:26:49
iagent-rudneva STOL-ПК 03/19/2015 10:48:27
iagent-narzukovse SA-ZAL1 03/19/2015 12:00:08
iagent-gavrilovmp2 USER-PK 03/19/2015 12:00:42
iagent-gnevanova ИННА-ПК 03/19/2015 12:40:36
iagent-tishenko WORK 03/19/2015 13:38:29
iagent-gnevanova ИННА-ПК 03/19/2015 13:42:04
iagent-zaporojec WINDOWS-DTSA7AR 03/19/2015 13:46:18
iagent-gavrilovmp3 DNS-ПК 03/19/2015 13:55:05
iagent-rudneva STOL-ПК 03/19/2015 13:56:25
iagent-kosatkina VALERYKASATKIN 03/19/2015 15:03:44
iagent-gavrilovmp2 USER-PK 03/19/2015 15:15:36
iagent-gnevanova1 SUPER-PC 03/19/2015 15:26:59
iagent-gavro FOMINA 03/19/2015 15:35:57
iagent-gavrilovmp1 A-STRAHOVANIE 03/19/2015 16:38:16
iagent-tishenko WORK 03/19/2015 21:56:37
iagent-gnevanova2 ДОМ-ПК 03/19/2015 23:28:03
iagent-rudneva STOL-ПК 03/20/2015 08:38:43
iagent-tishenko WORK 03/20/2015 08:47:55
iagent-gnevanova2 ДОМ-ПК 03/20/2015 08:56:06
iagent-gavro FOMINA 03/20/2015 09:15:13
iagent-zaporojec WINDOWS-DTSA7AR 03/20/2015 09:55:24
iagent-gavrilovmp1 A-STRAHOVANIE 03/20/2015 10:00:27
iagent-servicetraid РАБОЧИЙ 03/20/2015 10:01:27
iagent-kot KOT 03/20/2015 10:14:21
iagent-gnevanova ИННА-ПК 03/20/2015 10:27:10
iagent-gavrilovmp2 USER-PK 03/20/2015 10:42:16
iagent-muhina PC 03/20/2015 10:44:30
iagent-gavro FOMINA 03/20/2015 10:53:59
iagent-servicetraid РАБОЧИЙ 03/20/2015 11:22:18
iagent-kosatkina VALERYKASATKIN 03/20/2015 11:45:34
iagent-muhina PC 03/20/2015 13:15:47
iagent-gnevanova ИННА-ПК 03/20/2015 13:26:24
iagent-gavrilovmp2 USER-PK 03/20/2015 13:31:04
iagent-gavrilovmp3 DNS-ПК 03/20/2015 14:18:30
iagent-rudneva STOL-ПК 03/20/2015 14:51:29
iagent-muhina PC 03/20/2015 14:56:08
iagent-narzukovse SA-ZAL1 03/20/2015 15:13:05
iagent-kosatkina VALERYKASATKIN 03/20/2015 15:15:19
iagent-gavrilovmp2 USER-PK 03/20/2015 16:10:50
iagent-servicetraid РАБОЧИЙ 03/20/2015 16:30:00
iagent-gavrilovmp1 A-STRAHOVANIE 03/20/2015 17:18:07
iagent-narzukovse SA-ZAL1 03/20/2015 17:57:16
iagent-bruhanova MYCOMP 03/20/2015 18:16:29
iagent-ciomenko F17301EB6DDD44C 03/20/2015 19:06:04
iagent-zavalishina ВЛАДЕЛЕЦ-DNS 03/20/2015 19:49:20
iagent-zavalishina ВЛАДЕЛЕЦ-DNS 03/20/2015 23:54:43
iagent-tishenko WORK 03/21/2015 08:46:24
iagent-gnevanova ИННА-ПК 03/21/2015 09:06:49
iagent-zaporojec WINDOWS-DTSA7AR 03/21/2015 09:12:30
iagent-gavrilovmp1 A-STRAHOVANIE 03/21/2015 09:13:20
iagent-rudneva STOL-ПК 03/21/2015 09:17:35
iagent-gavrilovmp2 USER-PK 03/21/2015 09:37:10
iagent-muhina PC 03/21/2015 09:40:48
iagent-zavalishina ВЛАДЕЛЕЦ-DNS 03/21/2015 09:46:01
iagent-gnevanova1 SUPER-PC 03/21/2015 10:04:55
iagent-kot KOT 03/21/2015 10:18:37
iagent-gnevanova1 SUPER-PC 03/21/2015 10:48:54
iagent-narzukovse SA-ZAL1 03/21/2015 10:58:39
iagent-zavalishina ВЛАДЕЛЕЦ-DNS 03/21/2015 11:32:02
iagent-sokolov AGENT-3 03/21/2015 11:37:23
iagent-gnevanova1 SUPER-PC 03/21/2015 11:45:27
iagent-gavrilovmp2 USER-PK 03/21/2015 12:17:14
iagent-zavalishina ВЛАДЕЛЕЦ-DNS 03/21/2015 12:26:11
iagent-gavrilovmp3 DNS-ПК 03/21/2015 13:03:51
iagent-tishenko WORK 03/21/2015 13:10:40
iagent-gnevanova1 SUPER-PC 03/21/2015 13:30:56
iagent-rudneva STOL-ПК 03/21/2015 13:40:17
iagent-gnevanova ИННА-ПК 03/21/2015 13:56:34
iagent-gavrilovmp1 A-STRAHOVANIE 03/21/2015 13:58:03
iagent-gavrilovmp2 USER-PK 03/21/2015 14:28:47
iagent-narzukovse SA-ZAL1 03/21/2015 14:29:24
iagent-rudneva STOL-ПК 03/21/2015 15:35:45
iagent-gnevanova1 SUPER-PC 03/21/2015 16:15:27
iagent-sokolov AGENT-3 03/21/2015 17:22:12
iagent-ciomenko F17301EB6DDD44C 03/21/2015 18:04:40
iagent-zavalishina ВЛАДЕЛЕЦ-DNS 03/21/2015 18:33:53
iagent-zavalishina ВЛАДЕЛЕЦ-DNS 03/22/2015 08:11:07
iagent-gavro FOMINA 03/22/2015 09:04:37
iagent-gnevanova1 SUPER-PC 03/22/2015 09:10:37
iagent-gnevanova1 SUPER-PC 03/22/2015 09:56:05
iagent-gnevanova2 ДОМ-ПК 03/22/2015 10:19:11
iagent-sokolov AGENT-3 03/22/2015 11:09:56
iagent-gavrilovmp1 A-STRAHOVANIE 03/22/2015 12:14:04
iagent-servicetraid РАБОЧИЙ 03/22/2015 12:25:19
iagent-sokolov AGENT-3 03/22/2015 12:49:41
iagent-gnevanova2 ДОМ-ПК 03/22/2015 13:14:28
iagent-gavrilovmp3 DNS-ПК 03/22/2015 13:16:25
iagent-gnevanova ИННА-ПК 03/22/2015 14:30:03
iagent-gnevanova1 SUPER-PC 03/22/2015 14:46:42
iagent-zavalishina ВЛАДЕЛЕЦ-DNS 03/22/2015 16:30:57
iagent-gnevanova1 SUPER-PC 03/22/2015 16:50:40
iagent-gavrilovmp1 A-STRAHOVANIE 03/22/2015 17:23:52
iagent-gnevanova2 ДОМ-ПК 03/22/2015 17:35:31
iagent-gnevanova1 SUPER-PC 03/22/2015 18:25:54
iagent-zavalishina ВЛАДЕЛЕЦ-DNS 03/22/2015 18:30:25
iagent-gnevanova2 ДОМ-ПК 03/22/2015 21:20:45
iagent-tishenko WORK 03/22/2015 23:48:09
iagent-kot KOT 03/23/2015 07:59:26
iagent-ciomenko F17301EB6DDD44C 03/23/2015 08:09:34
iagent-gavro FOMINA 03/23/2015 08:41:15
iagent-tishenko WORK 03/23/2015 08:51:25
iagent-gavrilovmp2 USER-PK 03/23/2015 09:26:38
iagent-kot KOT 03/23/2015 09:40:58
iagent-gavrilovmp1 A-STRAHOVANIE 03/23/2015 10:32:35
iagent-tishenko WORK 03/23/2015 10:34:22
iagent-kosatkina VALERYKASATKIN 03/23/2015 10:56:26
iagent-gnevanova ИННА-ПК 03/23/2015 11:01:08
iagent-gavrilovmp3 DNS-ПК 03/23/2015 11:25:55
iagent-gavrilovmp3 DNS-ПК 03/23/2015 12:32:40
iagent-kot KOT 03/23/2015 12:56:40
iagent-tishenko WORK 03/23/2015 13:11:29
iagent-gavrilovmp2 USER-PK 03/23/2015 13:24:23
iagent-skoreva ЦЕНТРУСЛУГ4-ПК 03/23/2015 14:19:27
iagent-kosatkina VALERYKASATKIN 03/23/2015 14:35:05
iagent-narzukovse SA-ZAL1 03/23/2015 14:58:49
iagent-gnevanova1 SUPER-PC 03/23/2015 15:03:01
iagent-gavrilovmp3 DNS-ПК 03/23/2015 15:05:10
iagent-ciomenko F17301EB6DDD44C 03/23/2015 15:10:02
iagent-sokolov AGENT-3 03/23/2015 15:25:46
iagent-gavrilovmp1 A-STRAHOVANIE 03/23/2015 16:42:10
iagent-gnevanova ИННА-ПК 03/23/2015 16:56:25
iagent-zavalishina ВЛАДЕЛЕЦ-DNS 03/23/2015 20:28:21
iagent-gavro FOMINA 03/24/2015 07:53:31
iagent-zavalishina ВЛАДЕЛЕЦ-DNS 03/24/2015 08:09:27
iagent-kot KOT 03/24/2015 08:21:03
iagent-gnevanova1 SUPER-PC 03/24/2015 08:32:51
iagent-tishenko WORK 03/24/2015 08:48:40
iagent-skoreva ЦЕНТРУСЛУГ4-ПК 03/24/2015 09:18:31
iagent-gnevanova ИННА-ПК 03/24/2015 09:23:33
iagent-kosatkina VALERYKASATKIN 03/24/2015 09:49:54
iagent-skoreva ЦЕНТРУСЛУГ4-ПК 03/24/2015 09:56:23
iagent-sokolov AGENT-3 03/24/2015 10:02:31
iagent-servicetraid РАБОЧИЙ 03/24/2015 10:05:41
iagent-kosatkina VALERYKASATKIN 03/24/2015 10:06:07
iagent-gavrilovmp2 USER-PK 03/24/2015 10:27:42
iagent-gnevanova ИННА-ПК 03/24/2015 10:51:01
iagent-servicetraid РАБОЧИЙ 03/24/2015 10:55:12
iagent-bruhanova MYCOMP 03/24/2015 11:25:02
iagent-narzukovse SA-ZAL1 03/24/2015 11:28:53
iagent-gnevanova INNA-NOTE 03/24/2015 11:44:03
iagent-gnevanova1 SUPER-PC 03/24/2015 11:44:37
iagent-gavro FOMINA 03/24/2015 11:55:32
iagent-servicetraid РАБОЧИЙ 03/24/2015 12:03:00
iagent-rudneva STOL-ПК 03/24/2015 12:11:28
iagent-zaporojec WINDOWS-DTSA7AR 03/24/2015 12:38:03
iagent-gnevanova INNA-NOTE 03/24/2015 12:46:08
iagent-gnevanova2 ДОМ-ПК 03/24/2015 12:49:47
iagent-gavrilovmp1 A-STRAHOVANIE 03/24/2015 12:50:49
iagent-servicetraid РАБОЧИЙ 03/24/2015 12:53:07
iagent-kot KOT 03/24/2015 14:05:25
iagent-kosatkina VALERYKASATKIN 03/24/2015 14:05:53
iagent-gavrilovmp3 DNS-ПК 03/24/2015 14:15:41
iagent-muhina PC 03/24/2015 14:35:32
iagent-gavrilovmp3 DNS-ПК 03/24/2015 14:50:45
iagent-servicetraid РАБОЧИЙ 03/24/2015 14:54:09
iagent-gnevanova2 ДОМ-ПК 03/24/2015 15:09:44
iagent-gnevanova ИННА-ПК 03/24/2015 15:26:25
iagent-gavrilovmp2 USER-PK 03/24/2015 15:36:05
iagent-gavrilovmp3 DNS-ПК 03/24/2015 16:30:32
iagent-zavalishina ВЛАДЕЛЕЦ-DNS 03/24/2015 18:38:43
iagent-gavrilovmp1 A-STRAHOVANIE 03/24/2015 18:47:48
iagent-tishenko VLB01 03/24/2015 18:58:22
iagent-ciomenko F17301EB6DDD44C 03/24/2015 19:52:46
iagent-zavalishina ВЛАДЕЛЕЦ-DNS 03/24/2015 20:01:54
iagent-tishenko WORK 03/24/2015 22:41:47
iagent-gavro FOMINA 03/25/2015 07:52:58
iagent-kot KOT 03/25/2015 08:31:45
iagent-gavrilovmp2 USER-PK 03/25/2015 08:48:30
iagent-rudneva STOL-ПК 03/25/2015 08:59:47
iagent-gnevanova ИННА-ПК 03/25/2015 09:09:24
iagent-gnevanova1 SUPER-PC 03/25/2015 09:20:58
iagent-zavalishina ВЛАДЕЛЕЦ-DNS 03/25/2015 09:23:59
iagent-tishenko WORK 03/25/2015 09:29:37
iagent-zaporojec WINDOWS-DTSA7AR 03/25/2015 09:30:06
iagent-narzukovse SA-ZAL1 03/25/2015 09:36:04
iagent-gavrilovmp1 A-STRAHOVANIE 03/25/2015 09:56:44
iagent-sokolov AGENT-3 03/25/2015 10:05:24
iagent-muhina PC 03/25/2015 10:28:17
iagent-kosatkina VALERYKASATKIN 03/25/2015 10:43:24
iagent-sokolov AGENT-3 03/25/2015 10:50:08
iagent-muhina PC 03/25/2015 10:58:16
iagent-gnevanova1 SUPER-PC 03/25/2015 10:59:01
iagent-gnevanova1 SUPER-PC 03/25/2015 11:08:58
iagent-sokolov AGENT-3 03/25/2015 11:52:07
iagent-gnevanova1 SUPER-PC 03/25/2015 12:08:40
iagent-gnevanova1 SUPER-PC 03/25/2015 12:27:33
iagent-gnevanova2 ДОМ-ПК 03/25/2015 13:05:17
iagent-gnevanova1 SUPER-PC 03/25/2015 13:16:22
iagent-gavrilovmp2 USER-PK 03/25/2015 13:21:20
iagent-kot KOT 03/25/2015 14:04:28
iagent-kosatkina VALERYKASATKIN 03/25/2015 15:15:03
iagent-gnevanova2 ДОМ-ПК 03/25/2015 16:26:11
iagent-muhina PC 03/25/2015 16:27:22
iagent-gavrilovmp2 USER-PK 03/25/2015 16:57:32
iagent-ciomenko F17301EB6DDD44C 03/25/2015 17:13:03
iagent-gavrilovmp1 A-STRAHOVANIE 03/25/2015 18:29:18
iagent-kosatkina LENOVO 03/25/2015 18:31:32
iagent-servicetraid РАБОЧИЙ 03/25/2015 19:06:40
iagent-gnevanova2 ДОМ-ПК 03/25/2015 19:08:44
iagent-servicetraid РАБОЧИЙ 03/25/2015 19:51:16
iagent-gnevanova2 ДОМ-ПК 03/25/2015 19:56:11
iagent-kosatkina LENOVO 03/25/2015 20:11:46
iagent-gavrilovmp1 A-STRAHOVANIE 03/25/2015 21:46:36
iagent-zavalishina ВЛАДЕЛЕЦ-DNS 03/25/2015 22:22:22
iagent-zavalishina ВЛАДЕЛЕЦ-DNS 03/26/2015 05:29:35
iagent-gavro FOMINA 03/26/2015 07:31:00
iagent-ciomenko F17301EB6DDD44C 03/26/2015 07:32:27
iagent-kot KOT 03/26/2015 08:13:59
iagent-gnevanova2 ДОМ-ПК 03/26/2015 08:49:02
iagent-muhina PC 03/26/2015 09:07:28
iagent-gavrilovmp2 USER-PK 03/26/2015 09:09:44
iagent-gnevanova1 SUPER-PC 03/26/2015 09:12:20
iagent-tishenko WORK 03/26/2015 09:16:14
iagent-narzukovse SA-ZAL1 03/26/2015 09:35:52
iagent-gnevanova ИННА-ПК 03/26/2015 09:47:41
iagent-gnevanova1 SUPER-PC 03/26/2015 09:47:57
iagent-servicetraid РАБОЧИЙ 03/26/2015 09:48:25
iagent-gnevanova1 SUPER-PC 03/26/2015 09:50:06
iagent-gavrilovmp1 A-STRAHOVANIE 03/26/2015 10:07:15
iagent-gnevanova1 SUPER-PC 03/26/2015 10:29:50
iagent-gavro FOMINA 03/26/2015 10:31:32
iagent-gavrilovmp3 DNS-ПК 03/26/2015 10:34:31
iagent-kosatkina VALERYKASATKIN 03/26/2015 10:39:45
iagent-zaporojec WINDOWS-DTSA7AR 03/26/2015 11:37:48
iagent-narzukovse SA-ZAL1 03/26/2015 12:37:27
iagent-ciomenko F17301EB6DDD44C 03/26/2015 13:46:32
iagent-rudneva STOL-ПК 03/26/2015 14:04:45
iagent-kot KOT 03/26/2015 14:11:54
iagent-kosatkina VALERYKASATKIN 03/26/2015 14:20:23
iagent-narzukovse SA-ZAL1 03/26/2015 14:23:42
iagent-gavrilovmp2 USER-PK 03/26/2015 14:57:08
iagent-gavrilovmp2 USER-PK 03/26/2015 14:57:52
iagent-gnevanova ИННА-ПК 03/26/2015 15:08:19
iagent-muhina PC 03/26/2015 15:23:01
iagent-kosatkina VALERYKASATKIN 03/26/2015 15:48:50
iagent-gavrilovmp1 A-STRAHOVANIE 03/26/2015 16:02:23
iagent-gavrilovmp3 DNS-ПК 03/26/2015 16:07:13
iagent-narzukovse SA-ZAL1 03/26/2015 16:08:56
iagent-gavrilovmp2 USER-PK 03/26/2015 16:15:26
iagent-gnevanova2 ДОМ-ПК 03/26/2015 16:26:42
iagent-servicetraid РАБОЧИЙ 03/26/2015 16:47:18
iagent-gavrilovmp2 USER-PK 03/26/2015 18:16:33
iagent-ciomenko F17301EB6DDD44C 03/26/2015 18:24:37
iagent-zavalishina ВЛАДЕЛЕЦ-DNS 03/26/2015 19:02:16
iagent-gavrilovmp2 USER-PK 03/26/2015 19:06:30
iagent-gavrilovmp3 DNS-ПК 03/26/2015 19:09:18
iagent-tishenko WORK 03/26/2015 19:31:21
iagent-gnevanova2 ДОМ-ПК 03/26/2015 20:16:05
iagent-gavrilovmp2 USER-PK 03/26/2015 20:16:14
iagent-zavalishina ВЛАДЕЛЕЦ-DNS 03/27/2015 06:59:34
iagent-gavro FOMINA 03/27/2015 07:40:28
iagent-gavro FOMINA 03/27/2015 08:21:03
iagent-kot KOT 03/27/2015 08:32:51
iagent-tishenko WORK 03/27/2015 08:59:15
iagent-zaporojec WINDOWS-DTSA7AR 03/27/2015 09:02:27
iagent-gavrilovmp2 USER-PK 03/27/2015 09:09:31
iagent-gnevanova ИННА-ПК 03/27/2015 09:15:16
iagent-gavro FOMINA 03/27/2015 09:23:01
iagent-gnevanova ИННА-ПК 03/27/2015 09:41:14
iagent-gavrilovmp3 DNS-ПК 03/27/2015 09:55:51
iagent-gavrilovmp1 A-STRAHOVANIE 03/27/2015 10:35:09
iagent-gavrilovmp3 DNS-ПК 03/27/2015 10:41:37
iagent-gavrilovmp2 USER-PK 03/27/2015 11:26:14
iagent-narzukovse SA-ZAL1 03/27/2015 11:53:25
iagent-bruhanova MYCOMP 03/27/2015 12:28:25
iagent-serkova ULANOV-2 03/27/2015 13:07:40
iagent-bruhanova MYCOMP 03/27/2015 13:25:02
iagent-rudneva STOL-ПК 03/27/2015 13:25:37
iagent-zaporojec WINDOWS-DTSA7AR 03/27/2015 14:07:16
iagent-gnevanova ИННА-ПК 03/27/2015 14:13:56
iagent-zavalishina ВЛАДЕЛЕЦ-DNS 03/27/2015 14:14:19
iagent-zavalishina ВЛАДЕЛЕЦ-DNS 03/27/2015 15:33:09
iagent-gnevanova1 SUPER-PC 03/27/2015 15:54:09
iagent-gavro FOMINA 03/27/2015 16:15:08
iagent-gavrilovmp2 USER-PK 03/27/2015 16:44:05
iagent-gnevanova ИННА-ПК 03/27/2015 16:51:50
iagent-tishenko WORK 03/27/2015 16:54:59
iagent-gnevanova1 SUPER-PC 03/27/2015 17:16:00
iagent-zavalishina ВЛАДЕЛЕЦ-DNS 03/27/2015 19:00:23
iagent-zavalishina ВЛАДЕЛЕЦ-DNS 03/27/2015 19:56:30
iagent-gavrilovmp1 A-STRAHOVANIE 03/27/2015 20:00:06
iagent-zavalishina ВЛАДЕЛЕЦ-DNS 03/28/2015 07:20:14
iagent-gnevanova1 SUPER-PC 03/28/2015 09:27:46
iagent-narzukovse SA-ZAL1 03/28/2015 09:39:38
iagent-rudneva STOL-ПК 03/28/2015 09:40:51
iagent-gnevanova1 SUPER-PC 03/28/2015 09:50:40
iagent-kot KOT 03/28/2015 10:07:34
iagent-gnevanova1 SUPER-PC 03/28/2015 10:18:32
iagent-narzukovse SA-ZAL1 03/28/2015 10:31:25
iagent-gavro FOMINA 03/28/2015 11:08:33
iagent-gavrilovmp3 DNS-ПК 03/28/2015 12:00:33
iagent-tishenko VLB01 03/28/2015 12:32:23
iagent-narzukovse SA-ZAL1 03/28/2015 14:32:16
iagent-narzukovse SA-ZAL1 03/28/2015 16:25:53
iagent-gavrilovmp1 A-STRAHOVANIE 03/28/2015 17:48:44
iagent-gavrilovmp1 A-STRAHOVANIE 03/28/2015 18:49:48
iagent-zavalishina ВЛАДЕЛЕЦ-DNS 03/29/2015 07:55:02
iagent-gavrilovmp1 A-STRAHOVANIE 03/29/2015 09:27:41
iagent-gavrilovmp1 A-STRAHOVANIE 03/29/2015 09:42:44
iagent-gnevanova2 ДОМ-ПК 03/29/2015 10:54:59
iagent-narzukovse SA-ZAL1 03/29/2015 11:33:55
iagent-gnevanova2 ДОМ-ПК 03/29/2015 11:41:56
iagent-gavrilovmp1 A-STRAHOVANIE 03/29/2015 12:15:52
iagent-gavrilovmp1 A-STRAHOVANIE 03/29/2015 12:51:01
iagent-gnevanova1 SUPER-PC 03/29/2015 16:26:04
iagent-tishenko WORK 03/29/2015 19:16:11
iagent-gnevanova2 ДОМ-ПК 03/29/2015 19:27:27
iagent-gavro FOMINA 03/30/2015 08:05:26
iagent-kot KOT 03/30/2015 08:18:29
iagent-gavro FOMINA 03/30/2015 08:40:02
iagent-tishenko WORK 03/30/2015 08:57:29
iagent-gavro FOMINA 03/30/2015 09:00:36
iagent-narzukovse SA-ZAL1 03/30/2015 09:26:49
iagent-ciomenko F17301EB6DDD44C 03/30/2015 09:28:18
iagent-ciomenko F17301EB6DDD44C 03/30/2015 09:35:11
iagent-gavrilovmp1 A-STRAHOVANIE 03/30/2015 09:39:07
iagent-ciomenko F17301EB6DDD44C 03/30/2015 09:40:03
iagent-skoreva ЦЕНТРУСЛУГ4-ПК 03/30/2015 09:46:30
iagent-kosatkina LENOVO 03/30/2015 09:50:47
iagent-kot KOT 03/30/2015 09:54:00
iagent-narzukovse SA-ZAL1 03/30/2015 09:54:16
iagent-ciomenko F17301EB6DDD44C 03/30/2015 10:21:38
iagent-skoreva ЦЕНТРУСЛУГ4-ПК 03/30/2015 10:21:50
iagent-gavrilovmp1 A-STRAHOVANIE 03/30/2015 10:55:12
iagent-gavro FOMINA 03/30/2015 11:04:23
iagent-tishenko WORK 03/30/2015 11:07:42
iagent-kot KOT 03/30/2015 11:09:46
iagent-ciomenko F17301EB6DDD44C 03/30/2015 11:13:31
iagent-gnevanova ИННА-ПК 03/30/2015 11:14:44
iagent-kosatkina VALERYKASATKIN 03/30/2015 11:16:33
iagent-gavrilovmp3 DNS-ПК 03/30/2015 11:43:28
iagent-narzukovse SA-ZAL1 03/30/2015 11:49:20
iagent-gavrilovmp1 A-STRAHOVANIE 03/30/2015 12:04:52
iagent-skoreva ЦЕНТРУСЛУГ4-ПК 03/30/2015 12:34:14
iagent-skoreva ЦЕНТРУСЛУГ4-ПК 03/30/2015 14:17:22
iagent-tishenko WORK 03/30/2015 14:26:06
iagent-narzukovse SA-ZAL1 03/30/2015 14:30:44
iagent-sokolov AGENT-3 03/30/2015 14:59:22
iagent-gavrilovmp2 USER-PK 03/30/2015 14:59:32
iagent-kosatkina VALERYKASATKIN 03/30/2015 15:00:50
iagent-kot KOT 03/30/2015 15:15:03
iagent-tishenko WORK 03/30/2015 15:59:47
iagent-gavro FOMINA 03/30/2015 16:58:54
iagent-ciomenko F17301EB6DDD44C 03/30/2015 17:07:37
iagent-zavalishina ВЛАДЕЛЕЦ-DNS 03/31/2015 07:46:33
iagent-gavro FOMINA 03/31/2015 08:22:31
iagent-kot KOT 03/31/2015 08:42:17
iagent-zavalishina ВЛАДЕЛЕЦ-DNS 03/31/2015 09:06:27
iagent-gavro FOMINA 03/31/2015 09:12:06
iagent-narzukovse SA-ZAL1 03/31/2015 09:13:49
iagent-zaporojec WINDOWS-DTSA7AR 03/31/2015 09:16:40
iagent-skoreva ЦЕНТРУСЛУГ4-ПК 03/31/2015 09:22:27
iagent-rudneva STOL-ПК 03/31/2015 09:29:21
iagent-gnevanova ИННА-ПК 03/31/2015 09:37:05
iagent-tishenko WORK 03/31/2015 09:42:39
iagent-gavro FOMINA 03/31/2015 10:16:55
iagent-gavrilovmp1 A-STRAHOVANIE 03/31/2015 10:19:18
iagent-kosatkina VALERYKASATKIN 03/31/2015 10:26:49
iagent-rudneva STOL-ПК 03/31/2015 11:01:02
iagent-gavrilovmp2 USER-PK 03/31/2015 12:08:36
iagent-kasko22-11 PAVEL 03/31/2015 13:06:04
iagent-kasko22-11 PAVEL 03/31/2015 13:06:27
iagent-kasko22-9 VERA-DNS 03/31/2015 13:20:39
iagent-kasko22-10 GALINA-DNS 03/31/2015 13:31:11
iagent-kasko22-11 1-ПК 03/31/2015 13:35:53
iagent-skoreva ЦЕНТРУСЛУГ4-ПК 03/31/2015 14:05:29
iagent-kasko22-9 VERA-DNS 03/31/2015 14:10:13
iagent-kasko22-10 GALINA-DNS 03/31/2015 14:15:13
iagent-kasko22-5 PAVEL 03/31/2015 14:26:32
iagent-karmisheva PAVEL 03/31/2015 14:39:08
iagent-kasko22-11 1-ПК 03/31/2015 14:42:45
iagent-kasko22-11 1-ПК 03/31/2015 15:01:13
iagent-kosatkina VALERYKASATKIN 03/31/2015 15:17:46
iagent-bruhanova MYCOMP 03/31/2015 15:23:05
iagent-gnevanova ИННА-ПК 03/31/2015 15:29:18
iagent-kasko22-5 IDEA-PC 03/31/2015 15:45:40
iagent-karmisheva NOTEBOOK-1 03/31/2015 16:08:17
iagent-tishenko WORK 03/31/2015 16:12:05
iagent-kasko22-11 1-ПК 03/31/2015 16:27:01
iagent-kasko22-5 IDEA-PC 03/31/2015 16:28:10
iagent-gnevanova2 ДОМ-ПК 03/31/2015 20:47:27
iagent-gavro FOMINA 04/01/2015 07:39:15
iagent-kot KOT 04/01/2015 08:41:23
iagent-kasko22-10 GALINA-DNS 04/01/2015 08:56:34
iagent-kasko22-11 1-ПК 04/01/2015 09:02:04
iagent-kasko22-9 VERA-DNS 04/01/2015 09:03:26
iagent-gnevanova ИННА-ПК 04/01/2015 09:10:06
iagent-kasko22-5 IDEA-PC 04/01/2015 09:13:59
iagent-muhina PC 04/01/2015 09:14:59
iagent-skoreva ЦЕНТРУСЛУГ4-ПК 04/01/2015 09:15:37
iagent-gavrilovmp3 DNS-ПК 04/01/2015 09:22:01
iagent-zaporojec WINDOWS-DTSA7AR 04/01/2015 09:30:38
iagent-tishenko WORK 04/01/2015 09:30:39
iagent-gavrilovmp1 A-STRAHOVANIE 04/01/2015 09:45:11
iagent-kasko22-5 IDEA-PC 04/01/2015 09:45:29
iagent-gnevanova2 ДОМ-ПК 04/01/2015 09:46:36
iagent-kasko22-2 PAVEL 04/01/2015 09:54:52
iagent-kasko22-6 PAVEL 04/01/2015 09:56:45
iagent-kazancevma PAVEL 04/01/2015 09:57:58
iagent-kasko22-6 SZ1 04/01/2015 10:10:36
iagent-kazancevma СВЕТЛАНА-ПК 04/01/2015 10:16:26
iagent-kosatkina VALERYKASATKIN 04/01/2015 10:30:50
iagent-kasko22-2 ASUS 04/01/2015 10:35:57
iagent-karmisheva NOTEBOOK-1 04/01/2015 10:41:22
iagent-narzukovse SA-ZAL1 04/01/2015 10:45:10
iagent-kasko22-11 1-ПК 04/01/2015 10:49:06
iagent-zavalishina ВЛАДЕЛЕЦ-DNS 04/01/2015 12:08:06
iagent-karmisheva NOTEBOOK-1 04/01/2015 12:36:07
iagent-gavrilovmp2 USER-PK 04/01/2015 13:11:34
iagent-zaporojec WINDOWS-DTSA7AR 04/01/2015 13:57:12
iagent-kot KOT 04/01/2015 14:03:59
iagent-kasko22-9 VERA-DNS 04/01/2015 14:06:10
iagent-karmisheva NOTEBOOK-1 04/01/2015 14:26:40
iagent-gnevanova1 SUPER-PC 04/01/2015 14:34:34
iagent-kosatkina VALERYKASATKIN 04/01/2015 14:49:47
iagent-rudneva STOL-ПК 04/01/2015 15:25:08
iagent-kot KOT 04/01/2015 15:48:14
iagent-kasko22-9 VERA-DNS 04/01/2015 15:58:13
iagent-gnevanova1 SUPER-PC 04/01/2015 16:00:57
iagent-kasko22-6 SZ1 04/01/2015 16:08:48
iagent-kasko22-5 IDEA-PC 04/01/2015 16:13:47
iagent-karmisheva NOTEBOOK-1 04/01/2015 16:14:02
iagent-gnevanova2 ДОМ-ПК 04/01/2015 16:33:51
iagent-muhina PC 04/01/2015 17:17:57
iagent-kasko22-6 SZ1 04/01/2015 17:53:04
iagent-zhemch PAVEL 04/01/2015 17:53:32
iagent-zavalishina ВЛАДЕЛЕЦ-DNS 04/01/2015 19:01:16
iagent-gavrilovmp1 A-STRAHOVANIE 04/01/2015 19:50:53
iagent-gnevanova2 ДОМ-ПК 04/02/2015 06:32:39
iagent-ciomenko F17301EB6DDD44C 04/02/2015 08:27:29
iagent-kot KOT 04/02/2015 08:32:54
iagent-gavro FOMINA 04/02/2015 08:44:49
iagent-gnevanova ИННА-ПК 04/02/2015 08:57:31
iagent-karmisheva NOTEBOOK-1 04/02/2015 08:58:48
iagent-tishenko WORK 04/02/2015 09:00:57
iagent-kazancevma СВЕТЛАНА-ПК 04/02/2015 09:04:35
iagent-kasko22-5 IDEA-PC 04/02/2015 09:06:34
iagent-zaporojec WINDOWS-DTSA7AR 04/02/2015 09:11:16
iagent-kasko22-6 SZ1 04/02/2015 09:22:08
iagent-narzukovse SA-ZAL1 04/02/2015 09:25:37
iagent-kasko22-9 VERA-DNS 04/02/2015 09:55:46
iagent-gavrilovmp2 USER-PK 04/02/2015 09:59:06
iagent-servicetraid РАБОЧИЙ 04/02/2015 10:03:10
iagent-kot KOT 04/02/2015 10:14:58
iagent-kasko22-10 GALINA-DNS 04/02/2015 10:15:58
iagent-kasko22-6 SZ1 04/02/2015 10:26:19
iagent-kasko22-2 ASUS 04/02/2015 10:30:43
iagent-skoreva ЦЕНТРУСЛУГ4-ПК 04/02/2015 10:31:57
iagent-kosatkina VALERYKASATKIN 04/02/2015 10:41:12
iagent-zhemch HOME 04/02/2015 10:53:19
iagent-servicetraid РАБОЧИЙ 04/02/2015 11:14:06
iagent-gavrilovmp1 A-STRAHOVANIE 04/02/2015 11:27:50
iagent-kasko22-6 SZ1 04/02/2015 11:44:18
iagent-kasko22-11 1-ПК 04/02/2015 11:48:36
iagent-kasko22-6 SZ1 04/02/2015 11:53:01
iagent-karmisheva NOTEBOOK-1 04/02/2015 13:24:07
iagent-kasko22-5 IDEA-PC 04/02/2015 13:30:46
iagent-karmisheva NOTEBOOK-1 04/02/2015 13:32:02
iagent-kazancevma СВЕТЛАНА-ПК 04/02/2015 13:32:04
iagent-narzukovse SA-ZAL1 04/02/2015 13:33:19
iagent-karmisheva NOTEBOOK-1 04/02/2015 13:40:20
iagent-kasko22-11 1-ПК 04/02/2015 13:40:45
iagent-kazancevma СВЕТЛАНА-ПК 04/02/2015 13:41:11
iagent-kasko22-2 ASUS 04/02/2015 13:41:50
iagent-gavro FOMINA 04/02/2015 13:42:55
iagent-gavro FOMINA 04/02/2015 13:43:46
iagent-kasko22-2 ASUS 04/02/2015 13:43:50
iagent-kasko22-11 1-ПК 04/02/2015 13:44:12
iagent-gnevanova2 ДОМ-ПК 04/02/2015 13:46:53
iagent-gavro FOMINA 04/02/2015 13:48:57
iagent-kasko22-11 1-ПК 04/02/2015 13:49:01
iagent-gavro FOMINA 04/02/2015 13:49:56
iagent-kasko22-11 1-ПК 04/02/2015 13:50:44
iagent-kazancevma СВЕТЛАНА-ПК 04/02/2015 13:51:05
iagent-tishenko WORK 04/02/2015 13:54:46
iagent-kasko22-6 SZ1 04/02/2015 13:57:43
iagent-kasko22-9 VERA-DNS 04/02/2015 13:58:33
iagent-kasko22-5 IDEA-PC 04/02/2015 14:02:09
iagent-kosatkina VALERYKASATKIN 04/02/2015 14:04:21
iagent-gavro FOMINA 04/02/2015 14:05:29
iagent-kasko22-2 ASUS 04/02/2015 14:08:59
iagent-gnevanova2 ДОМ-ПК 04/02/2015 14:09:54
iagent-kasko22-10 GALINA-DNS 04/02/2015 14:14:31
iagent-zhemch HOME 04/02/2015 14:20:16
iagent-karmisheva NOTEBOOK-1 04/02/2015 14:45:50
iagent-gavro FOMINA 04/02/2015 14:53:11
iagent-gnevanova ИННА-ПК 04/02/2015 15:07:55
iagent-kasko22-10 GALINA-DNS 04/02/2015 15:12:41
iagent-gavro FOMINA 04/02/2015 15:21:23
iagent-servicetraid РАБОЧИЙ 04/02/2015 15:40:17
iagent-narzukovse SA-ZAL1 04/02/2015 15:46:44
iagent-kasko22-6 SZ1 04/02/2015 15:48:50
iagent-kasko22-11 1-ПК 04/02/2015 15:52:37
iagent-ciomenko F17301EB6DDD44C 04/02/2015 16:12:21
iagent-kasko22-9 VERA-DNS 04/02/2015 16:29:37
iagent-gnevanova1 SUPER-PC 04/02/2015 17:36:07
iagent-gavrilovmp1 A-STRAHOVANIE 04/02/2015 17:36:21
iagent-gnevanova2 ДОМ-ПК 04/02/2015 19:40:20
iagent-zavalishina ВЛАДЕЛЕЦ-DNS 04/02/2015 20:03:47
iagent-gnevanova1 SUPER-PC 04/02/2015 20:31:08
iagent-zavalishina ВЛАДЕЛЕЦ-DNS 04/02/2015 21:21:08
iagent-zavalishina ВЛАДЕЛЕЦ-DNS 04/02/2015 22:17:46
iagent-zavalishina ВЛАДЕЛЕЦ-DNS 04/03/2015 05:10:49
iagent-kot KOT 04/03/2015 08:18:53
iagent-gnevanova1 SUPER-PC 04/03/2015 08:25:29
iagent-kasko22-9 VERA-DNS 04/03/2015 08:34:45
iagent-kazancevma СВЕТЛАНА-ПК 04/03/2015 08:47:12
iagent-zaporojec WINDOWS-DTSA7AR 04/03/2015 08:55:36
iagent-gavro FOMINA 04/03/2015 08:55:42
iagent-gnevanova ИННА-ПК 04/03/2015 09:01:56
iagent-kasko22-2 ASUS 04/03/2015 09:03:42
iagent-rudneva STOL-ПК 04/03/2015 09:05:55
iagent-kasko22-5 IDEA-PC 04/03/2015 09:09:57
iagent-gavrilovmp1 A-STRAHOVANIE 04/03/2015 09:23:14
iagent-kasko22-6 SZ1 04/03/2015 09:26:49
iagent-kasko22-10 GALINA-DNS 04/03/2015 09:28:36
iagent-kasko22-9 VERA-DNS 04/03/2015 09:31:17
iagent-kot KOT 04/03/2015 09:34:16
iagent-kasko22-11 1-ПК 04/03/2015 09:37:28
iagent-karmisheva NOTEBOOK-1 04/03/2015 09:38:10
iagent-gnevanova1 SUPER-PC 04/03/2015 09:48:47
iagent-tishenko WORK 04/03/2015 10:02:13
iagent-skoreva ЦЕНТРУСЛУГ4-ПК 04/03/2015 10:20:29
iagent-narzukovse SA-ZAL1 04/03/2015 10:31:19
iagent-gnevanova3 IDEA-PC 04/03/2015 10:46:06
iagent-kasko22-11 1-ПК 04/03/2015 10:49:01
iagent-gnevanova3 IDEA-PC 04/03/2015 10:49:43
iagent-gnevanova3 IDEA-PC 04/03/2015 10:53:32
iagent-kasko22-7 PAVEL 04/03/2015 11:08:21
iagent-kasko22-8 PAVEL 04/03/2015 11:09:00
iagent-kosatkina VALERYKASATKIN 04/03/2015 11:10:07
iagent-muhina PC 04/03/2015 11:31:46
iagent-gnevanova1 SUPER-PC 04/03/2015 11:44:30
iagent-zaporojec WINDOWS-DTSA7AR 04/03/2015 12:05:34
iagent-skoreva ЦЕНТРУСЛУГ4-ПК 04/03/2015 12:18:24
iagent-kasko22-5 IDEA-PC 04/03/2015 12:18:34
iagent-kazancevma СВЕТЛАНА-ПК 04/03/2015 12:32:48
iagent-kasko22-6 SZ1 04/03/2015 12:32:53
iagent-kasko22-10 GALINA-DNS 04/03/2015 12:34:10
iagent-kasko22-11 1-ПК 04/03/2015 12:34:10
iagent-rudneva STOL-ПК 04/03/2015 12:36:57
iagent-narzukovse SA-ZAL1 04/03/2015 12:39:51
iagent-zaporojec WINDOWS-DTSA7AR 04/03/2015 12:43:19
iagent-karmisheva NOTEBOOK-1 04/03/2015 12:43:32
iagent-kasko22-9 VERA-DNS 04/03/2015 13:03:13
iagent-gavro FOMINA 04/03/2015 13:03:15
iagent-gnevanova1 SUPER-PC 04/03/2015 13:05:14
iagent-gavrilovmp1 A-STRAHOVANIE 04/03/2015 13:16:03
iagent-muhina PC 04/03/2015 13:16:20
iagent-zaporojec WINDOWS-DTSA7AR 04/03/2015 13:18:19
iagent-narzukovse SA-ZAL1 04/03/2015 13:20:40
iagent-kasko22-10 GALINA-DNS 04/03/2015 13:24:57
iagent-karmisheva NOTEBOOK-1 04/03/2015 13:45:24
iagent-kazancevma СВЕТЛАНА-ПК 04/03/2015 13:45:41
iagent-tishenko WORK 04/03/2015 13:48:25
iagent-zhemch HOME 04/03/2015 13:53:08
iagent-kasko22-10 GALINA-DNS 04/03/2015 13:59:39
iagent-kasko22-9 VERA-DNS 04/03/2015 13:59:50
iagent-kasko22-11 1-ПК 04/03/2015 14:09:29
iagent-skoreva ЦЕНТРУСЛУГ4-ПК 04/03/2015 14:14:47
iagent-kasko22-6 SZ1 04/03/2015 14:16:25
iagent-gnevanova2 ДОМ-ПК 04/03/2015 14:24:14
iagent-gnevanova INNA-NOTE 04/03/2015 14:35:05
iagent-kasko22-3 PAVEL 04/03/2015 14:35:56
iagent-zavalishina ВЛАДЕЛЕЦ-DNS 04/03/2015 14:38:31
iagent-kosatkina VALERYKASATKIN 04/03/2015 14:51:29
iagent-kosatkina VALERYKASATKIN 04/03/2015 14:55:13
iagent-muhina PC 04/03/2015 14:58:56
iagent-narzukovse SA-ZAL1 04/03/2015 14:58:59
iagent-kasko22-3 VLB01 04/03/2015 14:59:40
iagent-kasko22-9 VERA-DNS 04/03/2015 15:24:01
iagent-tishenko WORK 04/03/2015 15:30:54
iagent-kasko22-10 GALINA-DNS 04/03/2015 15:30:57
iagent-karmisheva NOTEBOOK-1 04/03/2015 15:40:27
iagent-gavrilovmp1 A-STRAHOVANIE 04/03/2015 16:20:45
iagent-karmisheva NOTEBOOK-1 04/03/2015 16:25:20
iagent-tishenko WORK 04/03/2015 16:30:31
iagent-kasko22-3 VLB01 04/03/2015 16:31:35
iagent-kasko22-6 SZ 04/03/2015 17:14:28
iagent-kasko22-3 VLB01 04/03/2015 17:26:08
iagent-tishenko WORK 04/03/2015 18:09:43
iagent-zavalishina ВЛАДЕЛЕЦ-DNS 04/03/2015 19:24:51
iagent-gnevanova2 ДОМ-ПК 04/03/2015 20:07:59
iagent-kasko22-3 VLB01 04/03/2015 22:04:08
iagent-gnevanova2 ДОМ-ПК 04/03/2015 22:58:59
iagent-tishenko WORK 04/04/2015 07:54:25
iagent-kasko22-9 VERA-DNS 04/04/2015 08:28:48
iagent-kazancevma СВЕТЛАНА-ПК 04/04/2015 08:46:28
iagent-narzukovse SA-ZAL1 04/04/2015 08:56:28
iagent-zaporojec WINDOWS-DTSA7AR 04/04/2015 08:57:07
iagent-gnevanova1 SUPER-PC 04/04/2015 08:57:26
iagent-karmisheva NOTEBOOK-1 04/04/2015 09:08:05
iagent-gnevanova ИННА-ПК 04/04/2015 09:11:16
iagent-gnevanova2 ДОМ-ПК 04/04/2015 09:12:39
iagent-kasko22-2 ASUS 04/04/2015 09:13:06
iagent-rudneva STOL-ПК 04/04/2015 09:14:13
iagent-kasko22-10 GALINA-DNS 04/04/2015 09:15:02
iagent-gavrilovmp1 A-STRAHOVANIE 04/04/2015 09:16:40
iagent-kasko22-6 SZ 04/04/2015 09:26:21
iagent-muhina PC 04/04/2015 09:31:09
iagent-ciomenko F17301EB6DDD44C 04/04/2015 09:33:02
iagent-karmisheva NOTEBOOK-1 04/04/2015 09:48:37
iagent-servicetraid РАБОЧИЙ 04/04/2015 10:14:21
iagent-kasko22-5 IDEA-PC 04/04/2015 10:14:27
iagent-kasko22-10 GALINA-DNS 04/04/2015 10:36:12
iagent-kasko22-9 VERA-DNS 04/04/2015 10:45:16
iagent-gnevanova1 SUPER-PC 04/04/2015 11:24:35
iagent-karmisheva NOTEBOOK-1 04/04/2015 11:46:08
iagent-servicetraid РАБОЧИЙ 04/04/2015 11:56:31
iagent-gnevanova1 SUPER-PC 04/04/2015 12:10:38
iagent-narzukovse SA-ZAL1 04/04/2015 12:13:24
iagent-kasko22-10 GALINA-DNS 04/04/2015 12:22:39
iagent-muhina PC 04/04/2015 12:38:23
iagent-gnevanova1 SUPER-PC 04/04/2015 12:41:07
iagent-gavrilovmp3 DNS-ПК 04/04/2015 13:02:43
iagent-muhina PC 04/04/2015 13:12:49
iagent-servicetraid РАБОЧИЙ 04/04/2015 13:28:57
iagent-kasko22-6 SZ 04/04/2015 13:30:28
iagent-servicetraid РАБОЧИЙ 04/04/2015 13:55:12
iagent-kasko22-11 1-ПК 04/04/2015 14:01:32
iagent-karmisheva NOTEBOOK-1 04/04/2015 14:06:51
iagent-narzukovse SA-ZAL1 04/04/2015 14:16:24
iagent-muhina PC 04/04/2015 14:17:47
iagent-rudneva STOL-ПК 04/04/2015 14:18:04
iagent-gnevanova1 SUPER-PC 04/04/2015 14:43:36
iagent-gavro FOMINA 04/04/2015 14:57:25
iagent-gnevanova1 SUPER-PC 04/04/2015 15:14:47
iagent-kasko22-11 1-ПК 04/04/2015 15:37:13
iagent-gnevanova2 ДОМ-ПК 04/04/2015 15:57:24
iagent-muhina PC 04/04/2015 15:59:57
iagent-kosatkina VALERYKASATKIN 04/04/2015 16:01:33
iagent-rudneva STOL-ПК 04/04/2015 16:05:27
iagent-kasko22-9 VERA-DNS 04/04/2015 16:53:14
iagent-kazancevma СВЕТЛАНА-ПК 04/04/2015 17:42:16
iagent-gnevanova2 ДОМ-ПК 04/04/2015 17:55:47
iagent-tishenko WORK 04/04/2015 17:58:02
iagent-gnevanova2 ДОМ-ПК 04/04/2015 19:27:41
iagent-gnevanova2 ДОМ-ПК 04/04/2015 20:03:17
iagent-zavalishina ВЛАДЕЛЕЦ-DNS 04/04/2015 20:14:05
iagent-tishenko WORK 04/04/2015 22:35:16
iagent-zavalishina ВЛАДЕЛЕЦ-DNS 04/05/2015 06:16:24
iagent-gnevanova2 ДОМ-ПК 04/05/2015 07:45:54
iagent-tishenko WORK 04/05/2015 09:28:30
iagent-kasko22-6 SZ 04/05/2015 09:34:50
iagent-kasko22-10 GALINA-DNS 04/05/2015 09:51:28
iagent-gavrilovmp1 A-STRAHOVANIE 04/05/2015 10:11:07
iagent-gnevanova1 SUPER-PC 04/05/2015 10:51:58
iagent-narzukovse SA-ZAL1 04/05/2015 11:16:12
iagent-sokolov AGENT-3 04/05/2015 11:33:03
iagent-kasko22-2 ASUS 04/05/2015 11:40:34
iagent-kazancevma СВЕТЛАНА-ПК 04/05/2015 11:58:36
iagent-narzukovse SA-ZAL1 04/05/2015 14:42:07
iagent-zavalishina ВЛАДЕЛЕЦ-DNS 04/05/2015 14:47:17
iagent-zavalishina ВЛАДЕЛЕЦ-DNS 04/05/2015 15:34:24
iagent-gnevanova1 SUPER-PC 04/05/2015 16:39:31
iagent-tishenko WORK 04/05/2015 17:05:00
iagent-gnevanova1 SUPER-PC 04/05/2015 17:20:17
iagent-sokolov AGENT-3 04/05/2015 17:22:53
iagent-gnevanova1 SUPER-PC 04/05/2015 18:43:46
iagent-kasko22-2 ASUS 04/05/2015 20:22:15
iagent-gavro FOMINA 04/06/2015 07:54:00
iagent-kazancevma СВЕТЛАНА-ПК 04/06/2015 08:09:52
iagent-kasko22-9 VERA-DNS 04/06/2015 08:39:35
iagent-tishenko WORK 04/06/2015 09:02:10
iagent-gavro FOMINA 04/06/2015 09:05:11
iagent-kasko22-2 ASUS 04/06/2015 09:08:09
iagent-skoreva ЦЕНТРУСЛУГ4-ПК 04/06/2015 09:12:53
iagent-gavro FOMINA 04/06/2015 09:22:08
iagent-gnevanova ИННА-ПК 04/06/2015 09:25:23
iagent-kasko22-6 SZ 04/06/2015 09:38:53
iagent-gavrilovmp1 A-STRAHOVANIE 04/06/2015 09:48:47
iagent-kasko22-11 1-ПК 04/06/2015 09:49:21
iagent-kasko22-3 VLB01 04/06/2015 10:01:57
iagent-kasko22-10 GALINA-DNS 04/06/2015 10:05:31
iagent-skoreva ЦЕНТРУСЛУГ4-ПК 04/06/2015 10:06:16
iagent-kasko22-9 VERA-DNS 04/06/2015 10:08:11
iagent-zhemch HOME 04/06/2015 10:21:28
iagent-kosatkina VALERYKASATKIN 04/06/2015 10:24:22
iagent-kasko22-6 SZ 04/06/2015 10:29:54
iagent-gnevanova2 ДОМ-ПК 04/06/2015 10:32:36
iagent-ciomenko F17301EB6DDD44C 04/06/2015 10:38:04
iagent-kasko22-5 IDEA-PC 04/06/2015 11:02:17
iagent-karmisheva NOTEBOOK-1 04/06/2015 11:08:31
iagent-gavrilovmp2 USER-PK 04/06/2015 11:13:42
iagent-narzukovse SA-ZAL1 04/06/2015 11:19:47
iagent-kasko22-9 VERA-DNS 04/06/2015 11:26:46
iagent-gavrilovmp2 USER-PK 04/06/2015 11:31:16
iagent-gnevanova1 SUPER-PC 04/06/2015 11:36:49
iagent-kasko22-10 GALINA-DNS 04/06/2015 11:41:31
iagent-gnevanova ИННА-ПК 04/06/2015 11:43:35
iagent-gavrilovmp2 USER-PK 04/06/2015 11:52:03
iagent-gnevanova2 ДОМ-ПК 04/06/2015 13:08:40
iagent-gavro FOMINA 04/06/2015 13:30:25
iagent-zavalishina ВЛАДЕЛЕЦ-DNS 04/06/2015 14:26:03
iagent-kasko22-11 1-ПК 04/06/2015 14:49:05
iagent-zavalishina ВЛАДЕЛЕЦ-DNS 04/06/2015 14:56:00
iagent-kosatkina VALERYKASATKIN 04/06/2015 16:03:08
iagent-narzukovse SA-ZAL1 04/06/2015 16:19:29
iagent-kasko22-11 1-ПК 04/06/2015 16:43:34
iagent-gnevanova1 SUPER-PC 04/06/2015 17:59:03
iagent-gavrilovmp1 A-STRAHOVANIE 04/06/2015 18:03:17
iagent-ciomenko F17301EB6DDD44C 04/06/2015 18:13:00
iagent-gnevanova2 ДОМ-ПК 04/06/2015 18:41:18
iagent-zavalishina ВЛАДЕЛЕЦ-DNS 04/06/2015 19:41:15
iagent-kosatkina LENOVO 04/06/2015 19:43:42
iagent-gnevanova1 SUPER-PC 04/06/2015 19:59:24
iagent-gavrilovmp1 A-STRAHOVANIE 04/06/2015 20:06:58
iagent-ciomenko F17301EB6DDD44C 04/06/2015 20:45:30
iagent-zavalishina ВЛАДЕЛЕЦ-DNS 04/06/2015 21:05:07
iagent-zavalishina ВЛАДЕЛЕЦ-DNS 04/07/2015 06:16:57
iagent-gnevanova1 SUPER-PC 04/07/2015 07:26:59
iagent-kot KOT 04/07/2015 08:12:54
iagent-ciomenko F17301EB6DDD44C 04/07/2015 08:31:31
iagent-kazancevma СВЕТЛАНА-ПК 04/07/2015 08:45:17
iagent-tishenko WORK 04/07/2015 08:49:56
iagent-gnevanova1 SUPER-PC 04/07/2015 08:57:31
iagent-kasko22-2 ASUS 04/07/2015 09:08:16
iagent-gavrilovmp1 A-STRAHOVANIE 04/07/2015 09:13:26
iagent-kasko22-6 SZ 04/07/2015 09:13:57
iagent-gavro FOMINA 04/07/2015 09:14:25
iagent-muhina PC 04/07/2015 09:20:25
iagent-gnevanova ИННА-ПК 04/07/2015 09:20:55
iagent-kasko22-5 IDEA-PC 04/07/2015 09:21:08
iagent-servicetraid РАБОЧИЙ 04/07/2015 09:23:41
iagent-rudneva STOL-ПК 04/07/2015 09:24:20
iagent-gavrilovmp2 USER-PK 04/07/2015 09:31:25
iagent-kasko22-3 VLB01 04/07/2015 09:35:36
iagent-kasko22-10 GALINA-DNS 04/07/2015 09:39:31
iagent-kasko22-11 1-ПК 04/07/2015 09:45:15
iagent-kasko22-9 VERA-DNS 04/07/2015 09:56:10
iagent-gnevanova1 SUPER-PC 04/07/2015 10:00:07
iagent-narzukovse SA-ZAL1 04/07/2015 10:01:35
iagent-gnevanova3 IDEA-PC 04/07/2015 10:08:05
iagent-skoreva ЦЕНТРУСЛУГ4-ПК 04/07/2015 10:10:24
iagent-zhemch HOME 04/07/2015 10:32:33
iagent-karmisheva NOTEBOOK-1 04/07/2015 11:07:24
iagent-gnevanova1 SUPER-PC 04/07/2015 11:43:24
iagent-zhemch HOME 04/07/2015 11:49:38
iagent-kasko22-3 VLB01 04/07/2015 12:03:15
iagent-gavrilovmp2 USER-PK 04/07/2015 12:38:33
iagent-gnevanova1 SUPER-PC 04/07/2015 13:06:22
iagent-narzukovse SA-ZAL1 04/07/2015 13:17:34
iagent-gnevanova3 IDEA-PC 04/07/2015 13:40:26
iagent-gavrilovmp1 A-STRAHOVANIE 04/07/2015 13:52:34
iagent-kot KOT 04/07/2015 14:04:29
iagent-gnevanova3 IDEA-PC 04/07/2015 14:13:38
iagent-zaporojec WINDOWS-DTSA7AR 04/07/2015 14:18:25
iagent-rudneva STOL-ПК 04/07/2015 14:59:26
iagent-kasko22-11 1-ПК 04/07/2015 15:04:16
iagent-kot KOT 04/07/2015 16:25:29
iagent-karmisheva NOTEBOOK-1 04/07/2015 16:50:30
iagent-kasko22-11 1-ПК 04/07/2015 17:28:50
iagent-zavalishina ВЛАДЕЛЕЦ-DNS 04/07/2015 17:34:18
iagent-kasko22-10 GALINA-DNS 04/07/2015 17:39:06
iagent-ciomenko F17301EB6DDD44C 04/07/2015 18:01:04
iagent-rudneva STOL-ПК 04/07/2015 18:25:30
iagent-gnevanova2 ДОМ-ПК 04/07/2015 19:15:34
iagent-gavrilovmp1 A-STRAHOVANIE 04/07/2015 19:18:42
iagent-tishenko WORK 04/07/2015 20:42:34
iagent-gavro FOMINA 04/08/2015 08:09:49
iagent-kot KOT 04/08/2015 08:21:31
iagent-kazancevma СВЕТЛАНА-ПК 04/08/2015 08:29:36
iagent-gnevanova3 IDEA-PC 04/08/2015 08:47:06
iagent-kasko22-3 VLB01 04/08/2015 09:10:29
iagent-kazancevma СВЕТЛАНА-ПК 04/08/2015 09:11:08
iagent-tishenko WORK 04/08/2015 09:16:13
iagent-narzukovse SA-ZAL1 04/08/2015 09:17:53
iagent-kasko22-11 1-ПК 04/08/2015 09:18:58
iagent-gnevanova ИННА-ПК 04/08/2015 09:22:10
iagent-kasko22-10 GALINA-DNS 04/08/2015 09:34:00
iagent-kasko22-9 VERA-DNS 04/08/2015 09:45:37
iagent-kosatkina VALERYKASATKIN 04/08/2015 09:53:03
iagent-kasko22-2 ASUS 04/08/2015 10:00:06
iagent-zaporojec WINDOWS-DTSA7AR 04/08/2015 10:01:37
iagent-kasko22-5 IDEA-PC 04/08/2015 10:03:44
iagent-karmisheva NOTEBOOK-1 04/08/2015 10:06:30
iagent-gavro FOMINA 04/08/2015 10:06:43
iagent-gnevanova3 IDEA-PC 04/08/2015 10:15:53
iagent-zhemch HOME 04/08/2015 10:34:48
iagent-rudneva STOL-ПК 04/08/2015 10:41:25
iagent-kasko22-11 1-ПК 04/08/2015 11:37:58
iagent-kasko22-5 IDEA-PC 04/08/2015 11:51:52
iagent-gnevanova2 ДОМ-ПК 04/08/2015 11:56:21
iagent-gnevanova3 IDEA-PC 04/08/2015 12:12:35
iagent-kot KOT 04/08/2015 12:33:31
iagent-kasko22-10 GALINA-DNS 04/08/2015 12:50:39
iagent-gnevanova1 SUPER-PC 04/08/2015 12:55:29
iagent-muhina PC 04/08/2015 12:56:59
iagent-sokolov AGENT-3 04/08/2015 13:57:42
iagent-kosatkina VALERYKASATKIN 04/08/2015 14:14:08
iagent-gnevanova ИННА-ПК 04/08/2015 14:34:10
iagent-kasko22-9 VERA-DNS 04/08/2015 14:38:05
iagent-kot KOT 04/08/2015 14:39:29
iagent-rudneva STOL-ПК 04/08/2015 15:12:55
iagent-gnevanova1 SUPER-PC 04/08/2015 15:44:19
iagent-muhina PC 04/08/2015 15:45:34
iagent-narzukovse SA-ZAL1 04/08/2015 16:12:47
iagent-tishenko WORK 04/08/2015 16:15:46
iagent-gnevanova1 SUPER-PC 04/08/2015 16:45:02
iagent-gnevanova2 ДОМ-ПК 04/08/2015 17:17:01
iagent-gnevanova1 SUPER-PC 04/08/2015 17:26:17
iagent-zavalishina ВЛАДЕЛЕЦ-DNS 04/08/2015 17:45:51
iagent-karmisheva NOTEBOOK-1 04/08/2015 17:49:03
iagent-gavrilovmp1 A-STRAHOVANIE 04/08/2015 18:29:15
iagent-gnevanova1 SUPER-PC 04/08/2015 18:34:21
iagent-zavalishina ВЛАДЕЛЕЦ-DNS 04/08/2015 20:13:50
iagent-gnevanova2 ДОМ-ПК 04/08/2015 20:48:52
iagent-kazancevma СВЕТЛАНА-ПК 04/09/2015 07:41:11
iagent-gavro FOMINA 04/09/2015 07:55:05
iagent-kot KOT 04/09/2015 08:36:42
iagent-kasko22-6 SZ 04/09/2015 08:45:50
iagent-sokolov AGENT-3 04/09/2015 08:47:32
iagent-ciomenko F17301EB6DDD44C 04/09/2015 08:56:55
iagent-karmisheva NOTEBOOK-1 04/09/2015 08:59:51
iagent-tishenko WORK 04/09/2015 09:00:23
iagent-kasko22-5 IDEA-PC 04/09/2015 09:04:25
iagent-kasko22-2 ASUS 04/09/2015 09:07:43
iagent-kasko22-11 1-ПК 04/09/2015 09:09:54
iagent-gnevanova1 SUPER-PC 04/09/2015 09:10:15
iagent-gnevanova3 IDEA-PC 04/09/2015 09:18:51
iagent-gavrilovmp1 A-STRAHOVANIE 04/09/2015 09:24:39
iagent-muhina PC 04/09/2015 09:31:40
iagent-kasko22-3 VLB01 04/09/2015 09:37:53
iagent-kasko22-11 1-ПК 04/09/2015 09:39:07
iagent-kasko22-9 VERA-DNS 04/09/2015 09:39:25
iagent-kasko22-10 GALINA-DNS 04/09/2015 09:41:28
iagent-rudneva STOL-ПК 04/09/2015 09:50:04
iagent-gnevanova ИННА-ПК 04/09/2015 09:50:04
iagent-gnevanova1 SUPER-PC 04/09/2015 09:52:08
iagent-kasko22-5 IDEA-PC 04/09/2015 09:58:18
iagent-karmisheva NOTEBOOK-1 04/09/2015 10:02:39
iagent-zaporojec WINDOWS-DTSA7AR 04/09/2015 10:08:38
iagent-kosatkina VALERYKASATKIN 04/09/2015 10:25:31
iagent-zhemch HOME 04/09/2015 12:08:47
iagent-sokolov AGENT-3 04/09/2015 12:10:17
iagent-skoreva ЦЕНТРУСЛУГ4-ПК 04/09/2015 13:50:24
iagent-servicetraid РАБОЧИЙ 04/09/2015 13:54:36
iagent-gnevanova1 SUPER-PC 04/09/2015 14:15:51
iagent-kasko22-11 1-ПК 04/09/2015 14:36:05
iagent-zhemch HOME 04/09/2015 14:42:33
iagent-kasko22-10 GALINA-DNS 04/09/2015 14:45:02
iagent-gnevanova3 IDEA-PC 04/09/2015 14:49:25
iagent-gnevanova2 ДОМ-ПК 04/09/2015 14:50:49
iagent-kasko22-9 VERA-DNS 04/09/2015 15:19:48
iagent-gnevanova3 IDEA-PC 04/09/2015 15:34:49
iagent-kasko22-11 1-ПК 04/09/2015 15:35:03
iagent-narzukovse SA-ZAL1 04/09/2015 16:19:13
iagent-karmisheva NOTEBOOK-1 04/09/2015 16:33:05
iagent-kosatkina VALERYKASATKIN 04/09/2015 16:37:53
iagent-narzukovse SA-ZAL1 04/09/2015 16:52:21
iagent-sokolov AGENT-3 04/09/2015 16:52:37
iagent-kasko22-9 VERA-DNS 04/09/2015 16:59:54
iagent-zavalishina ВЛАДЕЛЕЦ-DNS 04/09/2015 17:15:59
iagent-ciomenko F17301EB6DDD44C 04/09/2015 17:40:42
iagent-gavrilovmp1 A-STRAHOVANIE 04/09/2015 18:07:15
iagent-gnevanova2 ДОМ-ПК 04/09/2015 19:37:37
iagent-gavrilovmp1 A-STRAHOVANIE 04/09/2015 20:41:37
iagent-zavalishina ВЛАДЕЛЕЦ-DNS 04/09/2015 21:16:37
iagent-kazancevma СВЕТЛАНА-ПК 04/09/2015 21:24:53
iagent-gnevanova2 ДОМ-ПК 04/09/2015 21:47:32
iagent-zavalishina ВЛАДЕЛЕЦ-DNS 04/09/2015 22:32:38
iagent-servicetraid РАБОЧИЙ 04/09/2015 22:42:17
iagent-gnevanova2 ДОМ-ПК 04/09/2015 22:56:32
iagent-zavalishina ВЛАДЕЛЕЦ-DNS 04/10/2015 05:12:35
iagent-zavalishina ВЛАДЕЛЕЦ-DNS 04/10/2015 06:00:07
iagent-zavalishina ВЛАДЕЛЕЦ-DNS 04/10/2015 06:27:05
iagent-kazancevma СВЕТЛАНА-ПК 04/10/2015 07:54:24
iagent-kasko22-6 SZ 04/10/2015 08:00:55
iagent-gavro FOMINA 04/10/2015 08:22:54
iagent-zaporojec WINDOWS-DTSA7AR 04/10/2015 08:51:53
iagent-tishenko WORK 04/10/2015 08:56:48
iagent-gnevanova2 ДОМ-ПК 04/10/2015 08:57:08
iagent-kasko22-2 ASUS 04/10/2015 09:02:10
iagent-kasko22-5 IDEA-PC 04/10/2015 09:03:19
iagent-kasko22-11 1-ПК 04/10/2015 09:04:33
iagent-narzukovse SA-ZAL2 04/10/2015 09:17:57
iagent-gavrilovmp1 A-STRAHOVANIE 04/10/2015 09:21:14
iagent-kasko22-3 VLB01 04/10/2015 09:21:23
iagent-kasko22-10 GALINA-DNS 04/10/2015 09:42:27
iagent-muhina PC 04/10/2015 09:45:09
iagent-kasko22-6 SZ 04/10/2015 09:47:07
iagent-kasko22-9 VERA-DNS 04/10/2015 09:50:40
iagent-gnevanova3 IDEA-PC 04/10/2015 09:52:57
iagent-gnevanova2 ДОМ-ПК 04/10/2015 09:53:43
iagent-gavro FOMINA 04/10/2015 09:56:08
iagent-zavalishina ВЛАДЕЛЕЦ-DNS 04/10/2015 10:01:32
iagent-kosatkina VALERYKASATKIN 04/10/2015 10:17:53
iagent-gavrilovmp1 A-STRAHOVANIE 04/10/2015 10:21:18
iagent-zhemch HOME 04/10/2015 10:27:45
iagent-kasko22-11 1-ПК 04/10/2015 10:31:03
iagent-rudneva STOL-ПК 04/10/2015 10:33:34
iagent-zaporojec WINDOWS-DTSA7AR 04/10/2015 10:41:16
iagent-ciomenko F17301EB6DDD44C 04/10/2015 10:46:59
iagent-zavalishina ВЛАДЕЛЕЦ-DNS 04/10/2015 10:51:20
iagent-gavro FOMINA 04/10/2015 11:04:50
iagent-zavalishina ВЛАДЕЛЕЦ-DNS 04/10/2015 11:10:21
iagent-karmisheva NOTEBOOK-1 04/10/2015 11:15:05
iagent-kasko22-11 1-ПК 04/10/2015 11:27:31
iagent-zhemch HOME 04/10/2015 11:38:16
iagent-gnevanova INNA-NOTE 04/10/2015 11:48:36
iagent-gnevanova2 ДОМ-ПК 04/10/2015 11:54:16
iagent-zaporojec WINDOWS-DTSA7AR 04/10/2015 12:03:52
iagent-zavalishina ВЛАДЕЛЕЦ-DNS 04/10/2015 12:25:48
iagent-zavalishina ВЛАДЕЛЕЦ-DNS 04/10/2015 12:39:22
iagent-zavalishina ВЛАДЕЛЕЦ-DNS 04/10/2015 12:52:16
iagent-karmisheva NOTEBOOK-1 04/10/2015 12:55:04
iagent-zavalishina ВЛАДЕЛЕЦ-DNS 04/10/2015 13:11:34
iagent-zhemch HOME 04/10/2015 13:21:10
iagent-zaporojec WINDOWS-DTSA7AR 04/10/2015 13:41:34
iagent-kasko22-11 1-ПК 04/10/2015 13:49:11
iagent-ciomenko F17301EB6DDD44C 04/10/2015 13:53:17
iagent-rudneva STOL-ПК 04/10/2015 14:02:19
iagent-karmisheva NOTEBOOK-1 04/10/2015 14:05:11
iagent-gavro FOMINA 04/10/2015 14:05:25
iagent-kasko22-10 GALINA-DNS 04/10/2015 14:25:18
iagent-kasko22-11 1-ПК 04/10/2015 14:25:36
iagent-kosatkina VALERYKASATKIN 04/10/2015 14:32:12
iagent-gavro FOMINA 04/10/2015 14:46:37
iagent-karmisheva NOTEBOOK-1 04/10/2015 15:43:48
iagent-kasko22-2 ASUS 04/10/2015 15:44:09
iagent-kasko22-9 VERA-DNS 04/10/2015 15:49:54
iagent-bruhanova MYCOMP 04/10/2015 15:50:52
iagent-gnevanova1 SUPER-PC 04/10/2015 16:06:38
iagent-kasko22-10 GALINA-DNS 04/10/2015 16:11:02
iagent-kasko22-6 SZ 04/10/2015 16:18:12
iagent-gavrilovmp2 USER-PK 04/10/2015 16:53:22
iagent-gavrilovmp2 USER-PK 04/10/2015 16:56:15
iagent-zavalishina ВЛАДЕЛЕЦ-DNS 04/10/2015 16:57:23
iagent-gnevanova1 SUPER-PC 04/10/2015 17:01:39
iagent-ciomenko F17301EB6DDD44C 04/10/2015 17:05:30
iagent-gnevanova1 SUPER-PC 04/10/2015 17:45:31
iagent-zavalishina ВЛАДЕЛЕЦ-DNS 04/10/2015 19:13:23
iagent-gavrilovmp1 A-STRAHOVANIE 04/10/2015 19:28:12
iagent-gnevanova2 ДОМ-ПК 04/10/2015 19:36:01
iagent-tishenko WORK 04/10/2015 19:38:07
iagent-zavalishina ВЛАДЕЛЕЦ-DNS 04/10/2015 20:12:58
iagent-gnevanova1 SUPER-PC 04/10/2015 20:14:59
iagent-kasko22-3 VLB01 04/10/2015 23:16:57
iagent-ciomenko F17301EB6DDD44C 04/11/2015 08:15:00
iagent-gnevanova2 ДОМ-ПК 04/11/2015 08:18:19
iagent-kasko22-9 VERA-DNS 04/11/2015 08:41:01
iagent-muhina PC 04/11/2015 09:01:27
iagent-kasko22-6 SZ 04/11/2015 09:02:41
iagent-karmisheva NOTEBOOK-1 04/11/2015 09:08:32
iagent-kasko22-10 GALINA-DNS 04/11/2015 09:10:49
iagent-kasko22-9 VERA-DNS 04/11/2015 09:13:53
iagent-kasko22-5 IDEA-PC 04/11/2015 09:14:01
iagent-kasko22-11 1-ПК 04/11/2015 09:23:48
iagent-zaporojec WINDOWS-DTSA7AR 04/11/2015 09:27:20
iagent-gnevanova ИННА-ПК 04/11/2015 09:28:31
iagent-tishenko VLB01 04/11/2015 09:42:35
iagent-zavalishina ВЛАДЕЛЕЦ-DNS 04/11/2015 09:42:42
iagent-gnevanova3 IDEA-PC 04/11/2015 09:47:35
iagent-rudneva STOL-ПК 04/11/2015 10:09:07
iagent-karmisheva NOTEBOOK-1 04/11/2015 10:14:35
iagent-gnevanova1 SUPER-PC 04/11/2015 10:25:03
iagent-kasko22-11 1-ПК 04/11/2015 10:40:31
iagent-sokolov AGENT-3 04/11/2015 11:14:45
iagent-gnevanova3 IDEA-PC 04/11/2015 11:15:17
iagent-narzukovse SA-ZAL2 04/11/2015 11:22:05
iagent-kasko22-11 1-ПК 04/11/2015 11:40:18
iagent-sokolov AGENT-3 04/11/2015 12:40:45
iagent-gnevanova3 IDEA-PC 04/11/2015 12:50:43
iagent-kasko22-10 GALINA-DNS 04/11/2015 13:09:10
iagent-kasko22-6 SZ 04/11/2015 13:43:08
iagent-skoreva ЦЕНТРУСЛУГ4-ПК 04/11/2015 13:46:43
iagent-gnevanova2 ДОМ-ПК 04/11/2015 14:15:13
iagent-zavalishina ВЛАДЕЛЕЦ-DNS 04/11/2015 14:22:56
iagent-zavalishina ВЛАДЕЛЕЦ-DNS 04/11/2015 15:12:04
iagent-kosatkina VALERYKASATKIN 04/11/2015 15:19:59
iagent-gnevanova1 SUPER-PC 04/11/2015 15:42:04
iagent-kasko22-9 VERA-DNS 04/11/2015 16:10:45
iagent-muhina PC 04/11/2015 16:18:38
iagent-zavalishina ВЛАДЕЛЕЦ-DNS 04/11/2015 16:18:42
iagent-gnevanova1 SUPER-PC 04/11/2015 16:30:47
iagent-sokolov AGENT-3 04/11/2015 16:32:49
iagent-kasko22-3 VLB01 04/11/2015 17:35:24
iagent-gavrilovmp3 DNS-ПК 04/11/2015 17:43:24
iagent-ciomenko F17301EB6DDD44C 04/11/2015 18:19:37
iagent-kasko22-3 VLB01 04/11/2015 20:46:06
iagent-zavalishina ВЛАДЕЛЕЦ-DNS 04/11/2015 21:47:58
iagent-zavalishina ВЛАДЕЛЕЦ-DNS 04/11/2015 22:42:52
iagent-gnevanova2 ДОМ-ПК 04/11/2015 23:14:11
iagent-zavalishina ВЛАДЕЛЕЦ-DNS 04/12/2015 06:58:22
iagent-kasko22-5 IDEA-PC 04/12/2015 10:05:29
iagent-kasko22-6 SZ 04/12/2015 10:38:10
iagent-kasko22-6 SZ 04/12/2015 12:49:36
iagent-sokolov AGENT-3 04/12/2015 13:39:03
iagent-zavalishina ВЛАДЕЛЕЦ-DNS 04/12/2015 13:44:37
iagent-kasko22-6 SZ 04/12/2015 14:08:58
iagent-ciomenko F17301EB6DDD44C 04/12/2015 17:19:32
iagent-zhemch HOME 04/12/2015 17:30:56
iagent-kot KOT 04/13/2015 08:29:16
iagent-kot KOT 04/13/2015 08:47:24
iagent-tishenko WORK 04/13/2015 09:29:47
iagent-kasko22-3 VLB01 04/13/2015 09:37:08
iagent-kasko22-6 SZ 04/13/2015 09:53:36
iagent-gnevanova2 ДОМ-ПК 04/13/2015 09:58:46
iagent-skoreva ЦЕНТРУСЛУГ4-ПК 04/13/2015 10:04:38
iagent-kosatkina VALERYKASATKIN 04/13/2015 10:15:24
iagent-zhemch HOME 04/13/2015 10:27:28
iagent-narzukovse SA-ZAL2 04/13/2015 10:45:40
iagent-kazancevma СВЕТЛАНА-ПК 04/13/2015 10:53:22
iagent-gnevanova3 IDEA-PC 04/13/2015 10:53:57
iagent-kasko22-5 IDEA-PC 04/13/2015 11:06:41
iagent-tishenko VLB01 04/13/2015 11:10:47
iagent-kasko22-11 1-ПК 04/13/2015 11:13:06
iagent-gnevanova ИННА-ПК 04/13/2015 11:21:41
iagent-tishenko VLB01 04/13/2015 11:25:17
iagent-kosatkina VALERYKASATKIN 04/13/2015 12:07:36
iagent-ciomenko F17301EB6DDD44C 04/13/2015 12:10:11
iagent-gavrilovmp1 A-STRAHOVANIE 04/13/2015 12:20:52
iagent-gavro FOMINA 04/13/2015 12:21:29
iagent-zhemch HOME 04/13/2015 12:55:36
iagent-gnevanova3 IDEA-PC 04/13/2015 13:16:23
iagent-kasko22-2 ASUS 04/13/2015 13:28:52
iagent-kot KOT 04/13/2015 14:07:59
iagent-kasko22-3 VLB01 04/13/2015 14:25:55
iagent-kasko22-2 ASUS 04/13/2015 14:32:21
iagent-zhemch HOME 04/13/2015 15:06:35
iagent-kasko22-6 SZ 04/13/2015 16:06:24
iagent-kasko22-5 IDEA-PC 04/13/2015 16:22:20
iagent-zhemch HOME 04/13/2015 17:10:43
iagent-zhemch HOME 04/13/2015 17:47:48
iagent-gavrilovmp1 A-STRAHOVANIE 04/13/2015 17:53:57
iagent-kasko22-3 VLB01 04/13/2015 18:49:43
iagent-zavalishina ВЛАДЕЛЕЦ-DNS 04/13/2015 19:53:00
iagent-kasko22-3 VLB01 04/13/2015 20:57:39
iagent-servicetraid РАБОЧИЙ 04/13/2015 21:25:16
iagent-kasko22-3 VLB01 04/14/2015 00:23:08
iagent-gnevanova2 ДОМ-ПК 04/14/2015 06:38:44
iagent-kasko22-3 VLB01 04/14/2015 06:50:10
iagent-servicetraid РАБОЧИЙ 04/14/2015 08:11:46
iagent-kot KOT 04/14/2015 08:28:56
iagent-kot KOT 04/14/2015 08:50:20
iagent-kasko22-5 IDEA-PC 04/14/2015 09:00:45
iagent-kazancevma СВЕТЛАНА-ПК 04/14/2015 09:01:27
iagent-kasko22-3 VLB01 04/14/2015 09:04:55
iagent-gavro FOMINA 04/14/2015 09:05:48
iagent-muhina PC 04/14/2015 09:10:46
iagent-gnevanova2 ДОМ-ПК 04/14/2015 09:29:46
iagent-kasko22-6 SZ 04/14/2015 09:33:43
iagent-gnevanova3 IDEA-PC 04/14/2015 09:36:02
iagent-kasko22-5 IDEA-PC 04/14/2015 09:54:22
iagent-servicetraid РАБОЧИЙ 04/14/2015 10:06:35
iagent-rudneva STOL-ПК 04/14/2015 10:07:03
iagent-tishenko VLB01 04/14/2015 10:07:55
iagent-kasko22-6 SZ 04/14/2015 10:20:50
iagent-gnevanova ИННА-ПК 04/14/2015 10:23:13
iagent-kasko22-5 IDEA-PC 04/14/2015 10:43:28
iagent-zaporojec WINDOWS-DTSA7AR 04/14/2015 10:52:45
iagent-kosatkina VALERYKASATKIN 04/14/2015 10:52:50
iagent-gnevanova1 SUPER-PC 04/14/2015 11:01:58
iagent-zhemch HOME 04/14/2015 11:20:27
iagent-kot KOT 04/14/2015 11:43:17
iagent-kasko22-11 1-ПК 04/14/2015 11:55:43
iagent-kasko22-6 SZ 04/14/2015 12:26:41
iagent-gnevanova3 IDEA-PC 04/14/2015 13:52:13
iagent-kasko22-9 VERA-DNS 04/14/2015 14:00:41
iagent-gnevanova1 SUPER-PC 04/14/2015 14:02:38
iagent-gnevanova ИННА-ПК 04/14/2015 14:18:37
iagent-kot KOT 04/14/2015 14:20:34
iagent-rudneva STOL-ПК 04/14/2015 14:39:28
iagent-kasko22-5 IDEA-PC 04/14/2015 14:53:08
iagent-tishenko VLB01 04/14/2015 15:02:03
iagent-kosatkina VALERYKASATKIN 04/14/2015 15:12:55
iagent-gavrilovmp1 A-STRAHOVANIE 04/14/2015 15:21:05
iagent-kot KOT 04/14/2015 16:01:28
iagent-kasko22-5 IDEA-PC 04/14/2015 17:25:27
iagent-zavalishina ВЛАДЕЛЕЦ-DNS 04/14/2015 19:46:39
iagent-zavalishina ВЛАДЕЛЕЦ-DNS 04/15/2015 06:20:31
iagent-kasko22-3 VLB01 04/15/2015 06:43:31
iagent-gavro FOMINA 04/15/2015 08:01:28
iagent-kot KOT 04/15/2015 08:23:16
iagent-tishenko WORK 04/15/2015 08:57:50
iagent-zaporojec WINDOWS-DTSA7AR 04/15/2015 09:03:13
iagent-gnevanova3 IDEA-PC 04/15/2015 09:23:25
iagent-kot KOT 04/15/2015 09:25:44
iagent-rudneva STOL-ПК 04/15/2015 09:26:05
iagent-muhina PC 04/15/2015 09:31:03
iagent-kasko22-3 VLB01 04/15/2015 09:31:57
iagent-kasko22-6 SZ 04/15/2015 09:45:40
iagent-servicetraid РАБОЧИЙ 04/15/2015 09:52:13
iagent-kasko22-6 SZ 04/15/2015 10:17:12
iagent-kosatkina VALERYKASATKIN 04/15/2015 10:38:55
iagent-kasko22-6 SZ 04/15/2015 11:22:11
iagent-gnevanova3 IDEA-PC 04/15/2015 11:28:03
iagent-ciomenko F17301EB6DDD44C 04/15/2015 11:37:51
iagent-tishenko WORK 04/15/2015 11:39:21
iagent-narzukovse SA-ZAL2 04/15/2015 11:41:43
iagent-ciomenko F17301EB6DDD44C 04/15/2015 11:54:34
iagent-kot KOT 04/15/2015 12:06:43
iagent-tishenko WORK 04/15/2015 13:40:04
iagent-gnevanova3 IDEA-PC 04/15/2015 13:57:25
iagent-kot KOT 04/15/2015 14:20:37
iagent-rudneva STOL-ПК 04/15/2015 14:21:29
iagent-gnevanova ИННА-ПК 04/15/2015 14:23:58
iagent-gnevanova3 IDEA-PC 04/15/2015 14:25:32
iagent-sokolov AGENT-3 04/15/2015 15:06:24
iagent-volga PAVEL 04/15/2015 15:08:08
iagent-nagaeva PAVEL 04/15/2015 15:10:00
iagent-nagaeva PAVEL 04/15/2015 15:11:08
iagent-kot KOT 04/15/2015 15:41:30
iagent-kasko22-6 SZ 04/15/2015 16:03:24
iagent-kasko22-6 SZ 04/15/2015 17:05:22
iagent-rudneva STOL-ПК 04/15/2015 17:26:17
iagent-tishenko VLB01 04/15/2015 18:06:42
iagent-ciomenko F17301EB6DDD44C 04/15/2015 18:11:42
iagent-zavalishina ВЛАДЕЛЕЦ-DNS 04/15/2015 19:07:23
iagent-zavalishina ВЛАДЕЛЕЦ-DNS 04/16/2015 06:50:15
iagent-gavro FOMINA 04/16/2015 08:00:24
iagent-ciomenko F17301EB6DDD44C 04/16/2015 08:19:04
iagent-kot KOT 04/16/2015 09:04:24
iagent-zavalishina ВЛАДЕЛЕЦ-DNS 04/16/2015 09:09:42
iagent-zaporojec WINDOWS-DTSA7AR 04/16/2015 09:14:18
iagent-gnevanova ИННА-ПК 04/16/2015 09:29:51
iagent-tishenko WORK 04/16/2015 09:33:55
iagent-kasko22-3 VLB01 04/16/2015 09:41:16
iagent-kasko22-6 SZ 04/16/2015 09:42:03
iagent-ciomenko F17301EB6DDD44C 04/16/2015 10:04:54
iagent-kot KOT 04/16/2015 10:42:19
iagent-rudneva STOL-ПК 04/16/2015 10:56:25
iagent-kasko22-6 SZ 04/16/2015 11:04:06
iagent-kosatkina VALERYKASATKIN 04/16/2015 11:36:15
iagent-gavrilovmp1 A-STRAHOVANIE 04/16/2015 11:55:44
iagent-kasko22-6 SZ 04/16/2015 11:55:58
iagent-karmisheva NOTEBOOK-1 04/16/2015 12:00:02
iagent-kot KOT 04/16/2015 12:05:15
