iagent-kasko22-3 TNOTEBOOK 02/09/2015 14:49:54
iagent-kasko22-3 TNOTEBOOK 02/09/2015 15:26:33
iagent-kasko22-9 VERA-DNS 02/09/2015 15:49:05
iagent-kasko22-10 COMPUTER-4D5174 02/09/2015 15:50:35
iagent-kazancevma СВЕТЛАНА-ПК 02/09/2015 15:58:02
iagent-kasko22-5 IDEA-PC 02/09/2015 16:26:39
iagent-kazancevma СВЕТЛАНА-ПК 02/10/2015 09:18:36
iagent-kasko22-9 VERA-DNS 02/10/2015 09:18:43
iagent-kasko22-11 1-ПК 02/10/2015 09:26:43
iagent-kasko22-2 ASUS 02/10/2015 09:29:57
iagent-karmisheva NOTEBOOK-1 02/10/2015 09:44:23
iagent-kasko22-6 FIRST-ПК 02/10/2015 09:44:49
iagent-kasko22-5 IDEA-PC 02/10/2015 10:35:02
iagent-kasko22-9 VERA-DNS 02/10/2015 10:40:11
iagent-kasko22-6 FIRST-ПК 02/10/2015 11:10:50
iagent-karmisheva NOTEBOOK-1 02/10/2015 12:19:09
iagent-kasko22-5 IDEA-PC 02/10/2015 13:14:13
iagent-kasko22-11 1-ПК 02/10/2015 13:41:10
iagent-kasko22-7 PC 02/10/2015 13:49:21
iagent-kasko22-8 WINDOWS-DTSA7AR 02/10/2015 13:49:58
iagent-kasko22-4 LARACOMP 02/10/2015 14:37:52
iagent-kasko22-3 TNOTEBOOK 02/10/2015 15:09:36
iagent-kasko22-6 FIRST-ПК 02/10/2015 15:26:22
iagent-kasko22-8 WINDOWS-DTSA7AR 02/10/2015 15:34:54
iagent-kasko22-2 ASUS 02/10/2015 15:41:07
iagent-karmisheva NOTEBOOK-1 02/10/2015 15:50:56
iagent-kazancevma СВЕТЛАНА-ПК 02/10/2015 15:58:35
iagent-karmisheva NOTEBOOK-1 02/10/2015 16:13:54
iagent-kasko22-11 1-ПК 02/10/2015 16:19:10
iagent-kasko22-10 COMPUTER-4D5174 02/10/2015 16:40:44
iagent-kasko22-9 VERA-DNS 02/10/2015 16:55:44
iagent-kasko22-5 IDEA-PC 02/10/2015 16:59:53
iagent-kasko22-4 LARACOMP 02/10/2015 17:43:34
iagent-kasko22-7 PC 02/10/2015 17:56:17
iagent-kasko22-7 TEH-3-PC 02/10/2015 18:27:53
iagent-kasko22-7 PC 02/11/2015 08:57:34
iagent-kasko22-11 1-ПК 02/11/2015 09:03:17
iagent-kasko22-9 VERA-DNS 02/11/2015 09:03:54
iagent-kasko22-8 WINDOWS-DTSA7AR 02/11/2015 09:04:48
iagent-karmisheva NOTEBOOK-1 02/11/2015 09:10:25
iagent-kazancevma СВЕТЛАНА-ПК 02/11/2015 09:20:08
iagent-kasko22-5 IDEA-PC 02/11/2015 09:26:10
iagent-kasko22-5 IDEA-PC 02/11/2015 10:09:59
iagent-karmisheva NOTEBOOK-1 02/11/2015 10:59:24
iagent-kasko22-2 ASUS 02/11/2015 11:20:53
iagent-kasko22-6 FIRST-ПК 02/11/2015 12:13:46
iagent-karmisheva NOTEBOOK-1 02/11/2015 13:44:14
iagent-kasko22-9 VERA-DNS 02/11/2015 15:03:10
iagent-kazancevma СВЕТЛАНА-ПК 02/11/2015 15:58:47
iagent-kasko22-5 IDEA-PC 02/11/2015 16:21:37
iagent-kasko22-7 PC 02/11/2015 16:21:48
iagent-kasko22-7 TEH-3-PC 02/11/2015 16:39:33
iagent-kasko22-9 VERA-DNS 02/12/2015 08:53:52
iagent-kasko22-11 1-ПК 02/12/2015 08:59:05
iagent-kasko22-2 ASUS 02/12/2015 09:23:57
iagent-kasko22-7 TEH-3-PC 02/12/2015 09:30:51
iagent-kazancevma СВЕТЛАНА-ПК 02/12/2015 09:37:10
iagent-kasko22-8 WINDOWS-DTSA7AR 02/12/2015 10:17:05
iagent-kasko22-11 1-ПК 02/12/2015 11:04:50
iagent-kasko22-9 VERA-DNS 02/12/2015 11:43:27
iagent-kasko22-7 PC 02/12/2015 12:13:30
iagent-kasko22-8 WINDOWS-DTSA7AR 02/12/2015 13:00:14
iagent-kasko22-5 IDEA-PC 02/12/2015 13:24:22
iagent-kasko22-4 LARACOMP 02/12/2015 13:35:18
iagent-kasko22-7 TEH-3-PC 02/12/2015 14:40:59
iagent-kasko22-7 TEH-3-PC 02/12/2015 15:13:10
iagent-kasko22-9 VERA-DNS 02/12/2015 15:22:44
iagent-kasko22-7 TEH-3-PC 02/12/2015 15:39:25
iagent-kasko22-3 TNOTEBOOK 02/12/2015 15:47:40
iagent-kasko22-5 IDEA-PC 02/12/2015 16:15:18
iagent-kasko22-3 TNOTEBOOK 02/12/2015 16:15:45
iagent-kasko22-11 1-ПК 02/12/2015 16:31:28
iagent-karmisheva NOTEBOOK-1 02/12/2015 16:43:08
iagent-kasko22-9 VERA-DNS 02/13/2015 08:46:39
iagent-kasko22-4 LARACOMP 02/13/2015 09:05:00
iagent-kazancevma СВЕТЛАНА-ПК 02/13/2015 09:16:00
iagent-kasko22-11 1-ПК 02/13/2015 09:26:44
iagent-kasko22-7 PC 02/13/2015 09:36:38
iagent-kasko22-2 ASUS 02/13/2015 10:01:56
iagent-kasko22-10 COMPUTER-4D5174 02/13/2015 11:10:16
iagent-kasko22-2 ASUS 02/13/2015 11:43:25
iagent-kasko22-7 PC 02/13/2015 12:05:11
iagent-kasko22-6 SZ 02/13/2015 12:21:00
iagent-kasko22-7 PC 02/13/2015 14:32:27
iagent-kasko22-11 1-ПК 02/13/2015 14:50:49
iagent-kasko22-8 WINDOWS-DTSA7AR 02/13/2015 15:32:53
iagent-kasko22-4 LARACOMP 02/13/2015 15:54:41
iagent-kasko22-4 LARACOMP 02/13/2015 15:55:34
iagent-kasko22-6 SZ 02/13/2015 17:20:01
iagent-kasko22-6 SZ 02/13/2015 17:34:13
iagent-kazancevma СВЕТЛАНА-ПК 02/14/2015 09:11:04
iagent-kasko22-6 SZ 02/14/2015 09:44:06
iagent-kasko22-5 IDEA-PC 02/14/2015 10:07:56
iagent-kasko22-2 ASUS 02/14/2015 10:23:31
iagent-kasko22-7 PC 02/14/2015 10:38:48
iagent-kasko22-9 VERA-DNS 02/14/2015 11:30:41
iagent-kazancevma СВЕТЛАНА-ПК 02/14/2015 13:26:52
iagent-kasko22-9 VERA-DNS 02/14/2015 14:36:12
iagent-kazancevma СВЕТЛАНА-ПК 02/14/2015 14:37:40
iagent-kasko22-3 TNOTEBOOK 02/14/2015 22:20:20
iagent-kasko22-9 VERA-DNS 02/15/2015 08:48:20
iagent-kasko22-6 SZ 02/15/2015 09:23:53
iagent-kasko22-3 TNOTEBOOK 02/15/2015 10:17:48
iagent-kasko22-4 LARACOMP 02/15/2015 13:12:04
iagent-kasko22-6 SZ 02/15/2015 14:34:01
iagent-kasko22-3 TNOTEBOOK 02/15/2015 20:53:56
iagent-kasko22-3 TNOTEBOOK 02/15/2015 21:05:46
iagent-kasko22-4 LARACOMP 02/16/2015 08:57:08
iagent-kazancevma СВЕТЛАНА-ПК 02/16/2015 09:22:25
iagent-kasko22-6 SZ 02/16/2015 09:23:45
iagent-kasko22-6 SZ 02/16/2015 10:20:25
iagent-kasko22-4 LARACOMP 02/16/2015 11:08:28
iagent-kasko22-2 ASUS 02/16/2015 11:45:38
iagent-kasko22-11 1-ПК 02/16/2015 11:56:52
iagent-kasko22-7 ИННА-ПК 02/16/2015 12:36:33
iagent-kasko22-6 SZ 02/16/2015 13:25:41
iagent-kasko22-11 1-ПК 02/16/2015 13:26:12
iagent-kasko22-9 VERA-DNS 02/16/2015 13:47:23
iagent-kasko22-6 SZ 02/16/2015 14:46:44
iagent-kasko22-7 ИННА-ПК 02/16/2015 14:56:00
iagent-kasko22-5 IDEA-PC 02/16/2015 17:05:28
iagent-karmisheva NOTEBOOK-1 02/17/2015 08:50:25
iagent-kasko22-6 SZ 02/17/2015 09:20:08
iagent-kazancevma СВЕТЛАНА-ПК 02/17/2015 09:21:17
iagent-kasko22-9 VERA-DNS 02/17/2015 09:24:32
iagent-kasko22-11 1-ПК 02/17/2015 09:33:55
iagent-kasko22-4 LARACOMP 02/17/2015 09:39:04
iagent-kasko22-5 IDEA-PC 02/17/2015 10:08:30
iagent-kasko22-7 TEH-3-PC 02/17/2015 10:59:55
iagent-kasko22-6 SZ 02/17/2015 11:24:17
iagent-kasko22-2 ASUS 02/17/2015 11:34:53
iagent-karmisheva NOTEBOOK-1 02/17/2015 11:36:08
iagent-kasko22-4 LARACOMP 02/17/2015 11:46:01
iagent-kasko22-10 COMPUTER-4D5174 02/17/2015 12:18:55
iagent-kasko22-4 LARACOMP 02/17/2015 12:20:46
iagent-kasko22-6 SZ 02/17/2015 13:07:27
iagent-karmisheva NOTEBOOK-1 02/17/2015 13:20:48
iagent-kasko22-4 LARACOMP 02/17/2015 13:37:51
iagent-kasko22-11 1-ПК 02/17/2015 13:57:32
iagent-kasko22-7 PC 02/17/2015 13:59:27
iagent-kasko22-9 VERA-DNS 02/17/2015 14:25:02
iagent-kasko22-7 TEH-3-PC 02/17/2015 14:43:23
iagent-kasko22-2 ASUS 02/17/2015 14:56:38
iagent-kasko22-5 IDEA-PC 02/17/2015 15:15:51
iagent-kazancevma СВЕТЛАНА-ПК 02/17/2015 15:53:54
iagent-kasko22-7 TEH-3-PC 02/17/2015 16:06:42
iagent-kasko22-11 1-ПК 02/17/2015 17:10:27
iagent-kasko22-3 TNETBOOK 02/17/2015 17:20:34
iagent-kasko22-9 VERA-DNS 02/18/2015 08:56:39
iagent-kasko22-11 1-ПК 02/18/2015 09:13:49
iagent-kasko22-6 SZ 02/18/2015 09:18:47
iagent-kazancevma СВЕТЛАНА-ПК 02/18/2015 09:21:40
iagent-kasko22-2 ASUS 02/18/2015 09:39:19
iagent-kasko22-4 LARACOMP 02/18/2015 10:32:00
iagent-kasko22-5 IDEA-PC 02/18/2015 10:32:11
iagent-zhemch FIRST 02/18/2015 10:52:04
iagent-kasko22-11 1-ПК 02/18/2015 11:32:42
iagent-kasko22-9 VERA-DNS 02/18/2015 12:32:59
iagent-kasko22-4 LARACOMP 02/18/2015 12:35:14
iagent-karmisheva NOTEBOOK-1 02/18/2015 12:35:47
iagent-kasko22-5 IDEA-PC 02/18/2015 13:15:35
iagent-kasko22-3 VLB01 02/18/2015 13:20:25
iagent-kasko22-5 IDEA-PC 02/18/2015 14:37:41
iagent-kasko22-4 LARACOMP 02/18/2015 15:02:08
iagent-kasko22-6 SZ 02/18/2015 16:58:50
iagent-zhemch FIRST 02/18/2015 17:16:43
iagent-kasko22-6 SZ 02/19/2015 09:01:09
iagent-kasko22-4 LARACOMP 02/19/2015 09:19:26
iagent-kazancevma СВЕТЛАНА-ПК 02/19/2015 09:21:57
iagent-kasko22-11 1-ПК 02/19/2015 09:43:49
iagent-kasko22-5 IDEA-PC 02/19/2015 09:52:53
iagent-kasko22-2 ASUS 02/19/2015 11:27:21
iagent-kasko22-4 LARACOMP 02/19/2015 11:41:43
iagent-kasko22-5 IDEA-PC 02/19/2015 12:23:09
iagent-kasko22-11 1-ПК 02/19/2015 13:34:31
iagent-kasko22-5 IDEA-PC 02/19/2015 13:38:23
iagent-kasko22-7 TEH-3-PC 02/19/2015 15:04:44
iagent-kasko22-5 IDEA-PC 02/19/2015 15:45:55
iagent-kasko22-2 ASUS 02/19/2015 15:55:37
iagent-kasko22-11 1-ПК 02/19/2015 16:15:56
iagent-karmisheva NOTEBOOK-1 02/19/2015 16:20:58
iagent-kasko22-5 IDEA-PC 02/19/2015 16:41:23
iagent-kasko22-11 1-ПК 02/20/2015 09:14:04
iagent-kasko22-6 SZ 02/20/2015 09:21:39
iagent-kazancevma СВЕТЛАНА-ПК 02/20/2015 09:25:54
iagent-kasko22-5 IDEA-PC 02/20/2015 09:33:48
iagent-kasko22-4 LARACOMP 02/20/2015 09:43:36
iagent-kasko22-7 TEH-3-PC 02/20/2015 09:51:59
iagent-kasko22-9 VERA-DNS 02/20/2015 09:54:34
iagent-kasko22-11 1-ПК 02/20/2015 11:49:12
iagent-kasko22-2 ASUS 02/20/2015 12:32:35
iagent-kasko22-4 LARACOMP 02/20/2015 12:42:58
iagent-kasko22-6 SZ 02/20/2015 12:54:10
iagent-kasko22-7 PC 02/20/2015 13:00:59
iagent-karmisheva NOTEBOOK-1 02/20/2015 13:17:41
iagent-kazancevma СВЕТЛАНА-ПК 02/20/2015 13:19:32
iagent-kasko22-6 SZ 02/20/2015 13:31:01
iagent-kasko22-7 PC 02/20/2015 13:54:13
iagent-kasko22-3 TNOTEBOOK 02/20/2015 14:04:30
iagent-kasko22-11 1-ПК 02/20/2015 14:21:03
iagent-zhemch HOME 02/20/2015 15:30:12
iagent-kasko22-8 WINDOWS-DTSA7AR 02/20/2015 16:14:33
iagent-kasko22-7 PC 02/20/2015 16:18:49
iagent-kasko22-7 TEH-3-PC 02/20/2015 16:42:48
iagent-kasko22-4 LARACOMP 02/20/2015 17:26:05
iagent-kasko22-2 ASUS 02/20/2015 17:33:15
iagent-kasko22-3 TNOTEBOOK 02/20/2015 17:47:37
iagent-kasko22-9 VERA-DNS 02/21/2015 09:03:33
iagent-kazancevma СВЕТЛАНА-ПК 02/21/2015 09:07:36
iagent-kasko22-7 PC 02/21/2015 09:12:16
iagent-kasko22-11 1-ПК 02/21/2015 09:13:27
iagent-kasko22-2 ASUS 02/21/2015 09:24:18
iagent-kasko22-7 PC 02/21/2015 09:36:51
iagent-kasko22-5 IDEA-PC 02/21/2015 09:47:42
iagent-kasko22-6 SZ 02/21/2015 09:58:02
iagent-kasko22-7 PC 02/21/2015 13:11:01
iagent-kasko22-6 SZ 02/21/2015 13:25:19
iagent-kasko22-5 IDEA-PC 02/21/2015 14:47:36
iagent-kasko22-9 VERA-DNS 02/21/2015 16:12:48
iagent-kasko22-6 SZ 02/21/2015 16:44:21
iagent-kasko22-5 IDEA-PC 02/22/2015 09:28:07
iagent-kasko22-6 SZ 02/22/2015 09:29:34
iagent-kasko22-5 IDEA-PC 02/22/2015 11:44:45
iagent-kasko22-9 VERA-DNS 02/22/2015 12:23:55
iagent-kasko22-11 1-ПК 02/22/2015 12:55:36
iagent-kasko22-5 IDEA-PC 02/22/2015 13:43:18
iagent-kasko22-9 VERA-DNS 02/22/2015 16:04:53
iagent-kasko22-5 IDEA-PC 02/22/2015 17:00:33
iagent-kasko22-9 VERA-DNS 02/26/2015 08:56:51
iagent-karmisheva NOTEBOOK-1 02/26/2015 09:04:59
iagent-kazancevma СВЕТЛАНА-ПК 02/26/2015 09:18:55
iagent-kasko22-5 IDEA-PC 02/26/2015 09:20:19
iagent-kasko22-4 LARACOMP 02/26/2015 09:23:28
iagent-kasko22-6 SZ 02/26/2015 09:48:29
iagent-kasko22-9 VERA-DNS 02/26/2015 10:00:34
iagent-kasko22-11 1-ПК 02/26/2015 10:01:08
iagent-kasko22-2 ASUS 02/26/2015 10:50:49
iagent-kasko22-6 SZ 02/26/2015 12:07:12
iagent-kasko22-7 PC 02/26/2015 12:07:46
iagent-kasko22-2 ASUS 02/26/2015 13:45:48
iagent-kasko22-3 TNOTEBOOK 02/26/2015 14:18:19
iagent-kasko22-7 PC 02/26/2015 15:03:22
iagent-kasko22-7 PC 02/26/2015 15:08:49
iagent-kazancevma СВЕТЛАНА-ПК 02/26/2015 15:20:10
iagent-karmisheva NOTEBOOK-1 02/26/2015 15:55:40
iagent-kasko22-5 IDEA-PC 02/26/2015 16:42:44
iagent-kasko22-2 ASUS 02/26/2015 17:10:45
iagent-kasko22-3 TNETBOOK 02/26/2015 17:24:42
iagent-kasko22-4 LARACOMP 02/26/2015 17:35:16
iagent-kasko22-4 LARACOMP 02/26/2015 19:25:59
iagent-kasko22-4 LARACOMP 02/26/2015 22:16:50
iagent-kasko22-9 VERA-DNS 02/27/2015 08:30:17
iagent-kazancevma СВЕТЛАНА-ПК 02/27/2015 09:13:04
iagent-kasko22-5 IDEA-PC 02/27/2015 09:15:49
iagent-kasko22-11 1-ПК 02/27/2015 09:21:24
iagent-kasko22-4 LARACOMP 02/27/2015 09:38:57
iagent-kasko22-7 PC 02/27/2015 10:04:06
iagent-kasko22-9 VERA-DNS 02/27/2015 10:51:47
iagent-kasko22-11 1-ПК 02/27/2015 11:43:01
iagent-kasko22-11 1-ПК 02/27/2015 11:59:40
iagent-kasko22-2 ASUS 02/27/2015 12:55:33
iagent-karmisheva NOTEBOOK-1 02/27/2015 13:53:01
iagent-kasko22-4 LARACOMP 02/27/2015 14:14:54
iagent-kasko22-2 ASUS 02/27/2015 14:29:04
iagent-kazancevma СВЕТЛАНА-ПК 02/27/2015 14:48:37
iagent-kazancevma СВЕТЛАНА-ПК 02/27/2015 15:19:01
iagent-kasko22-4 LARACOMP 02/27/2015 15:33:40
iagent-kasko22-7 TEH-3-PC 02/27/2015 16:57:08
iagent-kazancevma СВЕТЛАНА-ПК 02/28/2015 09:11:21
iagent-kasko22-5 IDEA-PC 02/28/2015 09:13:55
iagent-kasko22-6 SZ 02/28/2015 09:24:08
iagent-kasko22-9 VERA-DNS 02/28/2015 09:31:36
iagent-kasko22-3 VLB01 02/28/2015 10:04:12
iagent-karmisheva NOTEBOOK-1 02/28/2015 10:08:15
iagent-kasko22-7 PC 02/28/2015 11:05:10
iagent-kasko22-9 VERA-DNS 02/28/2015 11:05:11
iagent-kasko22-5 IDEA-PC 02/28/2015 11:43:44
iagent-kasko22-7 PC 02/28/2015 13:53:34
iagent-kasko22-4 LARACOMP 02/28/2015 14:14:55
iagent-kasko22-5 IDEA-PC 02/28/2015 14:34:32
iagent-kasko22-11 1-ПК 02/28/2015 14:44:34
iagent-kasko22-9 VERA-DNS 02/28/2015 15:01:54
iagent-kasko22-8 WINDOWS-DTSA7AR 02/28/2015 15:11:15
iagent-kasko22-9 VERA-DNS 02/28/2015 15:48:29
iagent-kasko22-4 LARACOMP 02/28/2015 15:49:05
iagent-karmisheva NOTEBOOK-1 02/28/2015 15:53:03
iagent-kasko22-9 VERA-DNS 03/01/2015 08:56:09
iagent-kasko22-6 SZ 03/01/2015 09:46:41
iagent-kasko22-5 IDEA-PC 03/01/2015 10:17:51
iagent-kasko22-6 SZ 03/01/2015 10:46:11
iagent-kasko22-5 IDEA-PC 03/01/2015 11:27:23
iagent-kasko22-9 VERA-DNS 03/01/2015 11:54:41
iagent-kasko22-8 WINDOWS-DTSA7AR 03/01/2015 11:58:18
iagent-kasko22-3 VLB01 03/01/2015 13:16:50
iagent-kasko22-9 VERA-DNS 03/01/2015 16:15:05
iagent-kasko22-5 IDEA-PC 03/01/2015 16:35:39
iagent-kazancevma СВЕТЛАНА-ПК 03/02/2015 09:04:06
iagent-kasko22-9 VERA-DNS 03/02/2015 09:20:19
iagent-kasko22-11 1-ПК 03/02/2015 09:22:47
iagent-kasko22-5 IDEA-PC 03/02/2015 09:30:43
iagent-kasko22-6 SZ 03/02/2015 09:35:34
iagent-kasko22-4 LARACOMP 03/02/2015 09:57:49
iagent-kasko22-5 IDEA-PC 03/02/2015 11:55:59
iagent-kasko22-3 VLB01 03/02/2015 12:48:24
iagent-kasko22-3 TNETBOOK 03/02/2015 12:50:32
iagent-kasko22-2 ASUS 03/02/2015 13:07:05
iagent-kasko22-5 IDEA-PC 03/02/2015 13:09:17
iagent-kasko22-11 1-ПК 03/02/2015 13:40:58
iagent-kasko22-9 VERA-DNS 03/02/2015 13:49:59
iagent-kasko22-3 TNETBOOK 03/02/2015 13:59:43
iagent-kasko22-5 IDEA-PC 03/02/2015 14:19:42
iagent-kasko22-4 LARACOMP 03/02/2015 17:46:55
iagent-kazancevma СВЕТЛАНА-ПК 03/03/2015 08:46:57
iagent-kasko22-2 ASUS 03/03/2015 08:48:21
iagent-kasko22-11 1-ПК 03/03/2015 08:55:21
iagent-kasko22-9 VERA-DNS 03/03/2015 09:33:35
iagent-kasko22-5 IDEA-PC 03/03/2015 09:47:26
iagent-karmisheva NOTEBOOK-1 03/03/2015 10:13:42
iagent-kasko22-4 LARACOMP 03/03/2015 10:44:30
iagent-kasko22-6 SZ 03/03/2015 10:59:35
iagent-kasko22-6 SZ 03/03/2015 12:02:56
iagent-kasko22-3 TNOTEBOOK 03/03/2015 12:39:40
iagent-kasko22-9 VERA-DNS 03/03/2015 14:43:26
iagent-kasko22-3 TNOTEBOOK 03/03/2015 15:40:10
iagent-kasko22-8 WINDOWS-DTSA7AR 03/03/2015 15:51:55
iagent-kasko22-11 1-ПК 03/03/2015 16:07:02
iagent-kasko22-2 ASUS 03/03/2015 17:09:28
iagent-kasko22-6 SZ 03/03/2015 17:09:46
iagent-kasko22-4 LARACOMP 03/03/2015 21:19:21
iagent-kasko22-3 TNOTEBOOK 03/04/2015 05:57:30
iagent-kasko22-6 SZ 03/04/2015 08:30:31
iagent-kasko22-5 IDEA-PC 03/04/2015 09:12:40
iagent-kazancevma СВЕТЛАНА-ПК 03/04/2015 09:20:38
iagent-karmisheva NOTEBOOK-1 03/04/2015 09:22:03
iagent-kasko22-4 LARACOMP 03/04/2015 10:04:08
iagent-kasko22-9 VERA-DNS 03/04/2015 10:21:40
iagent-kasko22-6 SZ 03/04/2015 10:32:11
iagent-kasko22-11 1-ПК 03/04/2015 10:38:01
iagent-karmisheva NOTEBOOK-1 03/04/2015 10:43:01
iagent-zhemch FIRST 03/04/2015 10:59:44
iagent-kasko22-2 ASUS 03/04/2015 11:09:00
iagent-kasko22-4 LARACOMP 03/04/2015 11:16:26
iagent-kasko22-11 1-ПК 03/04/2015 12:18:50
iagent-kasko22-8 WINDOWS-DTSA7AR 03/04/2015 12:55:39
iagent-kasko22-4 LARACOMP 03/04/2015 13:05:05
iagent-karmisheva NOTEBOOK-1 03/04/2015 13:37:55
iagent-kasko22-2 ASUS 03/04/2015 13:57:47
iagent-kasko22-8 WINDOWS-DTSA7AR 03/04/2015 15:01:25
iagent-kasko22-2 ASUS 03/04/2015 16:04:44
iagent-karmisheva NOTEBOOK-1 03/04/2015 16:17:19
iagent-kasko22-11 1-ПК 03/04/2015 17:03:59
iagent-kasko22-5 IDEA-PC 03/05/2015 09:05:11
iagent-kasko22-11 1-ПК 03/05/2015 09:08:09
iagent-karmisheva NOTEBOOK-1 03/05/2015 09:10:53
iagent-kazancevma СВЕТЛАНА-ПК 03/05/2015 09:23:38
iagent-kasko22-6 SZ 03/05/2015 09:36:25
iagent-kasko22-9 VERA-DNS 03/05/2015 09:56:19
iagent-kasko22-4 LARACOMP 03/05/2015 10:30:06
iagent-kasko22-2 ASUS 03/05/2015 11:10:08
iagent-kasko22-11 1-ПК 03/05/2015 11:57:36
iagent-karmisheva NOTEBOOK-1 03/05/2015 12:03:11
iagent-kasko22-4 LARACOMP 03/05/2015 12:17:10
iagent-kasko22-11 1-ПК 03/05/2015 12:20:48
iagent-kasko22-8 WINDOWS-DTSA7AR 03/05/2015 14:23:15
iagent-kasko22-5 IDEA-PC 03/05/2015 14:32:36
iagent-karmisheva NOTEBOOK-1 03/05/2015 15:20:45
iagent-kasko22-3 TNOTEBOOK 03/05/2015 15:51:42
iagent-kasko22-9 VERA-DNS 03/05/2015 16:05:05
iagent-kasko22-6 SZ 03/05/2015 16:16:15
iagent-kasko22-6 SZ 03/05/2015 16:38:23
iagent-kasko22-9 VERA-DNS 03/06/2015 08:47:35
iagent-kasko22-6 SZ 03/06/2015 09:05:37
iagent-kasko22-5 IDEA-PC 03/06/2015 09:07:34
iagent-kasko22-11 1-ПК 03/06/2015 09:12:43
iagent-kazancevma СВЕТЛАНА-ПК 03/06/2015 09:26:58
iagent-kasko22-4 LARACOMP 03/06/2015 10:06:58
iagent-kasko22-6 SZ 03/06/2015 11:13:22
iagent-kasko22-9 VERA-DNS 03/06/2015 11:45:26
iagent-kasko22-11 1-ПК 03/06/2015 12:56:25
iagent-kasko22-2 ASUS 03/06/2015 13:15:43
iagent-kasko22-3 TNOTEBOOK 03/06/2015 13:25:23
iagent-kasko22-8 WINDOWS-DTSA7AR 03/06/2015 14:09:17
iagent-kasko22-7 PC 03/06/2015 14:30:12
iagent-kasko22-8 WINDOWS-DTSA7AR 03/06/2015 14:43:47
iagent-kasko22-7 PC 03/06/2015 15:19:14
iagent-kasko22-6 SZ 03/06/2015 16:04:24
iagent-kasko22-2 ASUS 03/06/2015 16:57:50
iagent-kasko22-6 SZ 03/06/2015 17:16:43
iagent-kasko22-6 SZ 03/07/2015 08:58:49
iagent-kazancevma СВЕТЛАНА-ПК 03/07/2015 09:10:51
iagent-kasko22-9 VERA-DNS 03/07/2015 09:13:07
iagent-kasko22-5 IDEA-PC 03/07/2015 09:38:26
iagent-kasko22-7 TEH-3-PC 03/07/2015 09:54:02
iagent-karmisheva NOTEBOOK-1 03/07/2015 10:30:56
iagent-kasko22-4 LARACOMP 03/07/2015 11:28:44
iagent-karmisheva NOTEBOOK-1 03/07/2015 12:28:14
iagent-kasko22-4 LARACOMP 03/07/2015 13:42:52
iagent-karmisheva NOTEBOOK-1 03/07/2015 14:44:16
iagent-kasko22-8 WINDOWS-DTSA7AR 03/07/2015 15:02:37
iagent-kasko22-4 LARACOMP 03/07/2015 15:04:22
iagent-kasko22-6 SZ 03/07/2015 16:00:07
iagent-karmisheva NOTEBOOK-1 03/07/2015 16:30:35
iagent-kasko22-9 VERA-DNS 03/07/2015 17:21:43
iagent-kasko22-4 LARACOMP 03/07/2015 21:14:48
iagent-kasko22-6 SZ 03/08/2015 11:36:03
iagent-kasko22-6 SZ 03/09/2015 09:01:25
iagent-kasko22-9 VERA-DNS 03/09/2015 09:29:07
iagent-kasko22-11 1-ПК 03/09/2015 09:29:20
iagent-kasko22-5 IDEA-PC 03/09/2015 09:31:23
iagent-kazancevma СВЕТЛАНА-ПК 03/09/2015 09:46:28
iagent-kasko22-2 ASUS 03/09/2015 10:21:06
iagent-kasko22-11 1-ПК 03/09/2015 11:13:17
iagent-kasko22-5 IDEA-PC 03/09/2015 11:25:39
iagent-kasko22-6 SZ 03/09/2015 12:53:56
iagent-kasko22-5 IDEA-PC 03/09/2015 13:11:00
iagent-kasko22-2 ASUS 03/09/2015 14:21:20
iagent-kasko22-11 1-ПК 03/09/2015 15:32:27
iagent-kasko22-6 SZ 03/09/2015 15:59:46
iagent-kasko22-11 1-ПК 03/09/2015 17:19:04
iagent-kasko22-9 VERA-DNS 03/10/2015 09:03:24
iagent-karmisheva NOTEBOOK-1 03/10/2015 09:15:30
iagent-kasko22-5 IDEA-PC 03/10/2015 09:16:43
iagent-kasko22-6 SZ 03/10/2015 09:19:17
iagent-kasko22-11 1-ПК 03/10/2015 09:25:50
iagent-kazancevma СВЕТЛАНА-ПК 03/10/2015 09:32:03
iagent-kasko22-4 LARACOMP 03/10/2015 09:40:56
iagent-kasko22-2 ASUS 03/10/2015 10:54:49
iagent-kasko22-3 TNOTEBOOK 03/10/2015 10:56:06
iagent-kasko22-2 ASUS 03/10/2015 13:18:49
iagent-karmisheva NOTEBOOK-1 03/10/2015 13:41:43
iagent-kazancevma СВЕТЛАНА-ПК 03/10/2015 14:41:16
iagent-kasko22-5 IDEA-PC 03/10/2015 15:33:06
iagent-kasko22-3 TNETBOOK 03/10/2015 15:42:09
iagent-kasko22-9 VERA-DNS 03/10/2015 15:49:59
iagent-karmisheva NOTEBOOK-1 03/10/2015 17:28:35
iagent-kasko22-5 IDEA-PC 03/11/2015 09:01:56
iagent-kasko22-6 SZ 03/11/2015 09:09:13
iagent-kasko22-2 ASUS 03/11/2015 09:22:53
iagent-kazancevma СВЕТЛАНА-ПК 03/11/2015 09:24:01
iagent-kasko22-4 LARACOMP 03/11/2015 09:24:26
iagent-kazancevma СВЕТЛАНА-ПК 03/11/2015 09:26:31
iagent-karmisheva NOTEBOOK-1 03/11/2015 09:41:33
iagent-kasko22-5 IDEA-PC 03/11/2015 10:06:43
iagent-kasko22-9 VERA-DNS 03/11/2015 11:33:34
iagent-kasko22-3 TNETBOOK 03/11/2015 11:34:14
iagent-kasko22-11 1-ПК 03/11/2015 11:34:54
iagent-kasko22-5 IDEA-PC 03/11/2015 12:33:24
iagent-karmisheva NOTEBOOK-1 03/11/2015 12:33:44
iagent-kasko22-7 TEH-3-PC 03/11/2015 12:39:40
iagent-kasko22-2 ASUS 03/11/2015 13:11:30
iagent-karmisheva NOTEBOOK-1 03/11/2015 14:03:41
iagent-kasko22-3 TNETBOOK 03/11/2015 15:58:20
iagent-kasko22-9 VERA-DNS 03/11/2015 16:36:01
iagent-kasko22-3 TNETBOOK 03/11/2015 16:43:11
iagent-kasko22-8 WINDOWS-DTSA7AR 03/11/2015 16:55:33
iagent-karmisheva NOTEBOOK-1 03/11/2015 16:56:28
iagent-kasko22-3 TNETBOOK 03/11/2015 17:36:39
iagent-kasko22-6 SZ 03/12/2015 08:49:01
iagent-kasko22-2 ASUS 03/12/2015 09:14:52
iagent-kazancevma СВЕТЛАНА-ПК 03/12/2015 09:15:48
iagent-kasko22-5 IDEA-PC 03/12/2015 09:21:52
iagent-kasko22-11 1-ПК 03/12/2015 09:24:23
iagent-kasko22-4 LARACOMP 03/12/2015 09:49:42
iagent-kasko22-7 TEH-3-PC 03/12/2015 10:07:41
iagent-kasko22-9 VERA-DNS 03/12/2015 10:53:21
iagent-karmisheva NOTEBOOK-1 03/12/2015 11:02:15
iagent-kasko22-2 ASUS 03/12/2015 11:06:14
iagent-kasko22-6 SZ 03/12/2015 11:40:41
iagent-karmisheva NOTEBOOK-1 03/12/2015 12:35:42
iagent-kasko22-3 TNETBOOK 03/12/2015 12:51:07
iagent-kasko22-6 SZ 03/12/2015 13:09:38
iagent-kasko22-5 IDEA-PC 03/12/2015 14:11:46
iagent-zhemch HOME 03/12/2015 14:25:06
iagent-kasko22-3 TNOTEBOOK 03/12/2015 14:27:49
iagent-zhemch HOME 03/12/2015 14:39:57
iagent-kasko22-6 SZ 03/12/2015 14:42:13
iagent-kasko22-8 WINDOWS-DTSA7AR 03/12/2015 15:04:49
iagent-zhemch HOME 03/12/2015 15:29:50
iagent-karmisheva NOTEBOOK-1 03/12/2015 16:30:35
iagent-kasko22-2 ASUS 03/12/2015 16:50:26
iagent-kasko22-6 SZ 03/12/2015 17:05:38
iagent-kasko22-8 WINDOWS-DTSA7AR 03/13/2015 08:55:48
iagent-kasko22-5 IDEA-PC 03/13/2015 09:02:25
iagent-kazancevma СВЕТЛАНА-ПК 03/13/2015 09:07:22
iagent-karmisheva NOTEBOOK-1 03/13/2015 09:11:37
iagent-kasko22-4 LARACOMP 03/13/2015 09:15:55
iagent-kasko22-6 SZ 03/13/2015 09:19:51
iagent-kazancevma СВЕТЛАНА-ПК 03/13/2015 09:30:50
iagent-kasko22-8 WINDOWS-DTSA7AR 03/13/2015 10:27:06
iagent-kasko22-7 PC 03/13/2015 10:31:52
iagent-kasko22-2 ASUS 03/13/2015 10:36:17
iagent-karmisheva NOTEBOOK-1 03/13/2015 11:42:31
iagent-karmisheva NOTEBOOK-1 03/13/2015 13:15:42
iagent-kasko22-2 ASUS 03/13/2015 13:43:56
iagent-kasko22-3 TNETBOOK 03/13/2015 14:14:20
iagent-kasko22-7 TEH-3-PC 03/13/2015 14:43:31
iagent-zhemch HOME 03/13/2015 15:08:54
iagent-kasko22-11 1-ПК 03/13/2015 15:17:24
iagent-kasko22-9 VERA-DNS 03/13/2015 15:44:28
iagent-kasko22-8 WINDOWS-DTSA7AR 03/13/2015 16:03:16
iagent-kasko22-8 WINDOWS-DTSA7AR 03/13/2015 16:14:34
iagent-kasko22-7 PC 03/13/2015 16:38:25
iagent-kasko22-11 1-ПК 03/13/2015 17:00:07
iagent-kasko22-6 SZ 03/14/2015 08:55:20
iagent-kasko22-9 VERA-DNS 03/14/2015 09:00:19
iagent-kasko22-11 1-ПК 03/14/2015 09:00:43
iagent-kasko22-8 WINDOWS-DTSA7AR 03/14/2015 09:10:02
iagent-kazancevma СВЕТЛАНА-ПК 03/14/2015 09:10:55
iagent-kasko22-6 SZ 03/14/2015 09:18:59
iagent-kasko22-5 IDEA-PC 03/14/2015 09:34:03
iagent-kasko22-7 PC 03/14/2015 10:21:38
iagent-kasko22-4 LARACOMP 03/14/2015 10:54:38
iagent-kasko22-2 ASUS 03/14/2015 10:57:21
iagent-kasko22-7 PC 03/14/2015 12:15:00
iagent-kasko22-9 VERA-DNS 03/14/2015 12:27:18
iagent-kasko22-9 VERA-DNS 03/14/2015 13:05:15
iagent-kasko22-7 TEH-3-PC 03/14/2015 13:21:36
iagent-kasko22-4 LARACOMP 03/14/2015 14:12:20
iagent-kasko22-7 TEH-3-PC 03/14/2015 15:00:58
iagent-kasko22-4 LARACOMP 03/14/2015 15:50:46
iagent-kasko22-4 LARACOMP 03/14/2015 15:51:30
iagent-kasko22-9 VERA-DNS 03/14/2015 16:14:30
iagent-kasko22-5 IDEA-PC 03/15/2015 09:16:14
iagent-kasko22-9 VERA-DNS 03/15/2015 09:24:35
iagent-kasko22-11 1-ПК 03/15/2015 09:25:08
iagent-kasko22-9 VERA-DNS 03/15/2015 09:52:53
iagent-kasko22-9 VERA-DNS 03/15/2015 10:31:16
iagent-kasko22-5 IDEA-PC 03/15/2015 10:41:06
iagent-kasko22-9 VERA-DNS 03/15/2015 15:22:45
iagent-kasko22-9 VERA-DNS 03/15/2015 17:29:18
iagent-kasko22-5 IDEA-PC 03/16/2015 09:11:33
iagent-kasko22-6 SZ 03/16/2015 09:12:31
iagent-kasko22-4 LARACOMP 03/16/2015 09:14:42
iagent-kasko22-11 1-ПК 03/16/2015 09:20:22
iagent-kazancevma СВЕТЛАНА-ПК 03/16/2015 09:37:55
iagent-kasko22-9 VERA-DNS 03/16/2015 09:40:10
iagent-kasko22-4 LARACOMP 03/16/2015 09:47:39
iagent-kasko22-2 ASUS 03/16/2015 11:05:16
iagent-kasko22-3 TNOTEBOOK 03/16/2015 11:46:14
iagent-kasko22-9 VERA-DNS 03/16/2015 12:08:59
iagent-zhemch HOME 03/16/2015 13:10:07
iagent-kasko22-5 IDEA-PC 03/16/2015 13:29:04
iagent-kasko22-2 ASUS 03/16/2015 14:12:42
iagent-kasko22-11 1-ПК 03/16/2015 14:15:40
iagent-kasko22-6 SZ 03/16/2015 14:20:45
iagent-kasko22-3 TNOTEBOOK 03/16/2015 14:33:06
iagent-karmisheva NOTEBOOK-1 03/16/2015 14:47:19
iagent-kasko22-9 VERA-DNS 03/16/2015 17:01:16
iagent-kasko22-6 SZ 03/16/2015 17:18:13
iagent-kasko22-9 VERA-DNS 03/16/2015 18:32:42
iagent-kasko22-3 VLB01 03/16/2015 21:46:46
iagent-kasko22-5 IDEA-PC 03/17/2015 09:15:05
iagent-kazancevma СВЕТЛАНА-ПК 03/17/2015 09:17:02
iagent-kasko22-6 SZ 03/17/2015 09:17:41
iagent-kasko22-9 VERA-DNS 03/17/2015 09:26:26
iagent-karmisheva NOTEBOOK-1 03/17/2015 09:36:24
iagent-kasko22-2 ASUS 03/17/2015 09:48:37
iagent-kasko22-4 LARACOMP 03/17/2015 09:51:54
iagent-kasko22-3 TNETBOOK 03/17/2015 10:08:21
iagent-kasko22-11 1-ПК 03/17/2015 10:45:04
iagent-kasko22-3 VLB01 03/17/2015 11:09:05
iagent-kasko22-3 VLB01 03/17/2015 11:10:29
iagent-kasko22-3 VLB01 03/17/2015 11:12:13
iagent-kasko22-3 VLB01 03/17/2015 11:39:21
iagent-kasko22-3 TNOTEBOOK 03/17/2015 12:26:11
iagent-kasko22-10 GALINA-DNS 03/17/2015 12:29:08
iagent-kasko22-10 GALINA-DNS 03/17/2015 12:40:18
iagent-kasko22-11 1-ПК 03/17/2015 15:29:08
iagent-kasko22-9 VERA-DNS 03/17/2015 15:45:58
iagent-kasko22-10 GALINA-DNS 03/17/2015 15:54:53
iagent-karmisheva NOTEBOOK-1 03/17/2015 16:26:24
iagent-kasko22-9 VERA-DNS 03/17/2015 16:38:38
iagent-kasko22-11 1-ПК 03/17/2015 16:45:32
iagent-kasko22-3 VLB01 03/17/2015 17:20:53
iagent-kasko22-3 TNOTEBOOK 03/17/2015 18:51:35
iagent-kasko22-10 GALINA-DNS 03/18/2015 08:57:21
iagent-kasko22-6 SZ 03/18/2015 09:00:35
iagent-karmisheva NOTEBOOK-1 03/18/2015 09:01:15
iagent-kasko22-5 IDEA-PC 03/18/2015 09:03:22
iagent-kasko22-9 VERA-DNS 03/18/2015 09:06:23
iagent-kazancevma СВЕТЛАНА-ПК 03/18/2015 09:36:25
iagent-kasko22-4 LARACOMP 03/18/2015 09:36:40
iagent-kasko22-11 1-ПК 03/18/2015 09:42:08
iagent-kasko22-10 GALINA-DNS 03/18/2015 09:51:20
iagent-kasko22-2 ASUS 03/18/2015 09:53:22
iagent-kasko22-10 GALINA-DNS 03/18/2015 10:53:45
iagent-kasko22-9 VERA-DNS 03/18/2015 11:05:44
iagent-kasko22-2 ASUS 03/18/2015 11:12:26
iagent-zhemch FIRST 03/18/2015 11:39:05
iagent-kazancevma СВЕТЛАНА-ПК 03/18/2015 11:51:33
iagent-kasko22-10 GALINA-DNS 03/18/2015 11:58:07
iagent-kasko22-9 VERA-DNS 03/18/2015 12:58:15
iagent-zhemch HOME 03/18/2015 13:11:16
iagent-kasko22-10 GALINA-DNS 03/18/2015 13:46:54
iagent-kasko22-7 PC 03/18/2015 13:50:10
iagent-kasko22-8 WINDOWS-DTSA7AR 03/18/2015 14:14:26
iagent-kasko22-6 SZ 03/18/2015 15:34:17
iagent-kasko22-7 TEH-3-PC 03/18/2015 16:11:08
iagent-kasko22-11 1-ПК 03/18/2015 16:21:44
iagent-kasko22-8 WINDOWS-DTSA7AR 03/18/2015 16:25:47
iagent-karmisheva NOTEBOOK-1 03/18/2015 16:28:01
iagent-kasko22-10 GALINA-DNS 03/18/2015 16:39:58
iagent-kasko22-3 VLB01 03/18/2015 17:44:22
iagent-kasko22-8 WINDOWS-DTSA7AR 03/18/2015 18:48:00
iagent-kasko22-4 LARACOMP 03/18/2015 19:33:16
iagent-kasko22-9 VERA-DNS 03/19/2015 08:58:29
iagent-kasko22-5 IDEA-PC 03/19/2015 09:03:38
iagent-kazancevma СВЕТЛАНА-ПК 03/19/2015 09:10:36
iagent-kasko22-8 WINDOWS-DTSA7AR 03/19/2015 09:11:07
iagent-kasko22-4 LARACOMP 03/19/2015 09:24:05
iagent-kasko22-11 1-ПК 03/19/2015 09:32:07
iagent-kasko22-2 ASUS 03/19/2015 09:49:59
iagent-kasko22-10 GALINA-DNS 03/19/2015 10:04:05
iagent-kazancevma СВЕТЛАНА-ПК 03/19/2015 10:17:52
iagent-kasko22-6 SZ 03/19/2015 10:49:40
iagent-karmisheva NOTEBOOK-1 03/19/2015 10:51:03
iagent-kasko22-11 1-ПК 03/19/2015 11:02:27
iagent-kasko22-5 IDEA-PC 03/19/2015 11:04:17
iagent-zhemch HOME 03/19/2015 12:20:04
iagent-karmisheva NOTEBOOK-1 03/19/2015 12:39:46
iagent-kasko22-10 GALINA-DNS 03/19/2015 12:42:58
iagent-kasko22-11 1-ПК 03/19/2015 13:28:05
iagent-kasko22-5 IDEA-PC 03/19/2015 13:28:44
iagent-kazancevma СВЕТЛАНА-ПК 03/19/2015 14:07:28
iagent-kasko22-2 ASUS 03/19/2015 14:42:30
iagent-kasko22-3 VLB01 03/19/2015 15:04:41
iagent-kasko22-5 IDEA-PC 03/19/2015 16:13:33
iagent-kasko22-4 LARACOMP 03/19/2015 17:17:52
iagent-kasko22-3 TNETBOOK 03/19/2015 17:32:40
iagent-kasko22-9 VERA-DNS 03/20/2015 08:49:43
iagent-kazancevma СВЕТЛАНА-ПК 03/20/2015 08:58:58
iagent-kasko22-5 IDEA-PC 03/20/2015 09:03:17
iagent-kasko22-2 ASUS 03/20/2015 09:10:53
iagent-kazancevma СВЕТЛАНА-ПК 03/20/2015 09:32:27
iagent-kasko22-11 1-ПК 03/20/2015 09:40:34
iagent-kasko22-5 IDEA-PC 03/20/2015 09:44:26
iagent-kasko22-10 GALINA-DNS 03/20/2015 09:49:35
iagent-kasko22-9 VERA-DNS 03/20/2015 10:16:54
iagent-kasko22-7 TEH-3-PC 03/20/2015 10:35:20
iagent-kasko22-11 1-ПК 03/20/2015 11:07:57
iagent-kasko22-4 LARACOMP 03/20/2015 11:20:24
iagent-kasko22-2 ASUS 03/20/2015 12:40:28
iagent-zhemch HOME 03/20/2015 12:41:01
iagent-kasko22-5 IDEA-PC 03/20/2015 12:59:55
iagent-kazancevma СВЕТЛАНА-ПК 03/20/2015 13:00:44
iagent-kasko22-5 IDEA-PC 03/20/2015 13:07:17
iagent-kasko22-9 VERA-DNS 03/20/2015 13:37:55
iagent-kasko22-7 PC 03/20/2015 13:42:41
iagent-kasko22-10 GALINA-DNS 03/20/2015 14:17:10
iagent-karmisheva NOTEBOOK-1 03/20/2015 14:29:58
iagent-kasko22-7 PC 03/20/2015 15:06:16
iagent-kasko22-8 WINDOWS-DTSA7AR 03/20/2015 15:30:58
iagent-zhemch HOME 03/20/2015 15:33:50
iagent-kasko22-2 ASUS 03/20/2015 15:52:51
iagent-kasko22-4 LARACOMP 03/20/2015 15:55:41
iagent-kasko22-10 GALINA-DNS 03/20/2015 16:02:38
iagent-karmisheva NOTEBOOK-1 03/20/2015 16:16:14
iagent-kasko22-11 1-ПК 03/20/2015 16:59:16
iagent-kasko22-3 TNETBOOK 03/20/2015 17:15:31
iagent-kasko22-4 LARACOMP 03/21/2015 08:25:28
iagent-kasko22-10 GALINA-DNS 03/21/2015 08:57:05
iagent-kazancevma СВЕТЛАНА-ПК 03/21/2015 09:00:25
iagent-kasko22-5 IDEA-PC 03/21/2015 09:06:49
iagent-kasko22-9 VERA-DNS 03/21/2015 09:15:47
iagent-kasko22-3 TNETBOOK 03/21/2015 10:15:24
iagent-kasko22-2 ASUS 03/21/2015 10:37:13
iagent-kasko22-3 TNETBOOK 03/21/2015 11:25:21
iagent-karmisheva NOTEBOOK-1 03/21/2015 12:03:41
iagent-kasko22-3 TNETBOOK 03/21/2015 12:10:47
iagent-zhemch HOME 03/21/2015 12:54:49
iagent-kasko22-11 1-ПК 03/21/2015 13:35:47
iagent-kasko22-7 TEH-3-PC 03/21/2015 13:37:58
iagent-kasko22-8 WINDOWS-DTSA7AR 03/21/2015 13:55:31
iagent-kasko22-5 IDEA-PC 03/21/2015 14:21:52
iagent-kasko22-4 LARACOMP 03/21/2015 14:25:27
iagent-kasko22-7 TEH-3-PC 03/21/2015 14:41:07
iagent-karmisheva NOTEBOOK-1 03/21/2015 15:18:11
iagent-kasko22-10 GALINA-DNS 03/21/2015 15:41:54
iagent-karmisheva NOTEBOOK-1 03/21/2015 15:45:36
iagent-kasko22-8 WINDOWS-DTSA7AR 03/21/2015 16:35:18
iagent-kasko22-5 IDEA-PC 03/22/2015 09:09:03
iagent-kasko22-6 SZ 03/22/2015 09:15:33
iagent-kasko22-10 GALINA-DNS 03/22/2015 09:32:43
iagent-kasko22-9 VERA-DNS 03/22/2015 09:50:13
iagent-kasko22-5 IDEA-PC 03/22/2015 11:03:46
iagent-kasko22-10 GALINA-DNS 03/22/2015 11:16:40
iagent-kasko22-10 GALINA-DNS 03/22/2015 12:11:33
iagent-kasko22-6 SZ 03/22/2015 13:21:59
iagent-kasko22-9 VERA-DNS 03/22/2015 16:13:33
iagent-kasko22-4 LARACOMP 03/22/2015 22:42:19
iagent-kasko22-6 SZ 03/23/2015 09:01:09
iagent-kazancevma СВЕТЛАНА-ПК 03/23/2015 09:06:24
iagent-kasko22-5 IDEA-PC 03/23/2015 09:09:56
iagent-karmisheva NOTEBOOK-1 03/23/2015 09:11:20
iagent-kasko22-2 ASUS 03/23/2015 09:38:54
iagent-kasko22-4 LARACOMP 03/23/2015 09:45:31
iagent-kasko22-3 TNETBOOK 03/23/2015 10:18:21
iagent-zhemch HOME 03/23/2015 10:33:40
iagent-kasko22-10 GALINA-DNS 03/23/2015 10:55:54
iagent-kasko22-9 VERA-DNS 03/23/2015 11:02:39
iagent-kasko22-10 GALINA-DNS 03/23/2015 12:14:22
iagent-karmisheva NOTEBOOK-1 03/23/2015 12:22:31
iagent-kasko22-11 1-ПК 03/23/2015 12:22:40
iagent-zhemch HOME 03/23/2015 12:42:57
iagent-karmisheva NOTEBOOK-1 03/23/2015 15:35:58
iagent-kasko22-3 TNETBOOK 03/23/2015 15:57:48
iagent-kasko22-3 TNOTEBOOK 03/23/2015 16:17:33
iagent-kasko22-11 1-ПК 03/23/2015 16:52:39
iagent-kasko22-3 TNETBOOK 03/23/2015 18:30:19
iagent-kasko22-4 LARACOMP 03/23/2015 21:53:07
iagent-kasko22-6 SZ 03/24/2015 08:57:45
iagent-kasko22-8 WINDOWS-DTSA7AR 03/24/2015 09:04:28
iagent-kasko22-7 PC 03/24/2015 09:11:34
iagent-kasko22-5 IDEA-PC 03/24/2015 09:12:31
iagent-kasko22-4 LARACOMP 03/24/2015 09:18:07
iagent-kasko22-5 IDEA-PC 03/24/2015 09:22:18
iagent-karmisheva NOTEBOOK-1 03/24/2015 10:03:07
iagent-kasko22-11 1-ПК 03/24/2015 10:18:46
iagent-karmisheva NOTEBOOK-1 03/24/2015 12:25:14
iagent-kasko22-5 IDEA-PC 03/24/2015 12:32:44
iagent-kasko22-7 PC 03/24/2015 12:41:09
iagent-kasko22-3 TNETBOOK 03/24/2015 12:46:18
iagent-kazancevma СВЕТЛАНА-ПК 03/24/2015 12:54:17
iagent-kasko22-11 1-ПК 03/24/2015 13:23:44
iagent-kasko22-4 LARACOMP 03/24/2015 14:21:28
iagent-kasko22-2 ASUS 03/24/2015 14:46:27
iagent-kasko22-8 WINDOWS-DTSA7AR 03/24/2015 15:25:25
iagent-kasko22-11 1-ПК 03/24/2015 15:27:41
iagent-kasko22-9 VERA-DNS 03/24/2015 15:30:15
iagent-kasko22-10 GALINA-DNS 03/24/2015 15:35:17
iagent-kasko22-7 PC 03/24/2015 16:37:31
iagent-kasko22-3 TNOTEBOOK 03/24/2015 18:36:40
iagent-kasko22-9 VERA-DNS 03/24/2015 18:47:25
iagent-kasko22-4 LARACOMP 03/24/2015 18:50:04
iagent-kasko22-9 VERA-DNS 03/25/2015 08:41:30
iagent-kasko22-4 LARACOMP 03/25/2015 08:46:23
iagent-kasko22-11 1-ПК 03/25/2015 09:02:31
iagent-kazancevma СВЕТЛАНА-ПК 03/25/2015 09:07:19
iagent-kasko22-5 IDEA-PC 03/25/2015 09:11:19
iagent-kasko22-10 GALINA-DNS 03/25/2015 09:16:28
iagent-kazancevma СВЕТЛАНА-ПК 03/25/2015 09:32:13
iagent-kasko22-6 SZ 03/25/2015 09:32:24
iagent-kasko22-5 IDEA-PC 03/25/2015 12:21:46
iagent-zhemch HOME 03/25/2015 12:54:24
iagent-kasko22-2 ASUS 03/25/2015 13:06:47
iagent-kasko22-4 LARACOMP 03/25/2015 13:18:56
iagent-kasko22-11 1-ПК 03/25/2015 14:17:21
iagent-kasko22-9 VERA-DNS 03/25/2015 14:48:40
iagent-kasko22-10 GALINA-DNS 03/25/2015 14:52:57
iagent-kasko22-10 GALINA-DNS 03/25/2015 17:00:39
iagent-karmisheva NOTEBOOK-1 03/25/2015 17:25:17
iagent-kasko22-10 GALINA-DNS 03/26/2015 09:01:39
iagent-kasko22-5 IDEA-PC 03/26/2015 09:30:19
iagent-kasko22-9 VERA-DNS 03/26/2015 09:31:20
iagent-kasko22-11 1-ПК 03/26/2015 09:37:58
iagent-kasko22-4 LARACOMP 03/26/2015 09:39:41
iagent-kazancevma СВЕТЛАНА-ПК 03/26/2015 09:41:37
iagent-kasko22-9 VERA-DNS 03/26/2015 10:49:56
iagent-kasko22-6 SZ 03/26/2015 11:22:54
iagent-zhemch HOME 03/26/2015 11:34:03
iagent-kasko22-9 VERA-DNS 03/26/2015 12:31:20
iagent-kasko22-2 ASUS 03/26/2015 12:31:37
iagent-kasko22-11 1-ПК 03/26/2015 13:13:17
iagent-kasko22-10 GALINA-DNS 03/26/2015 13:20:12
iagent-kasko22-10 GALINA-DNS 03/26/2015 14:36:46
iagent-karmisheva NOTEBOOK-1 03/26/2015 14:48:38
iagent-kasko22-9 VERA-DNS 03/26/2015 15:13:43
iagent-zhemch HOME 03/26/2015 15:30:21
iagent-zhemch HOME 03/26/2015 15:49:40
iagent-kasko22-9 VERA-DNS 03/26/2015 15:53:32
iagent-kasko22-2 ASUS 03/26/2015 16:37:19
iagent-kasko22-2 ASUS 03/26/2015 16:41:45
iagent-kazancevma СВЕТЛАНА-ПК 03/27/2015 09:02:55
iagent-kasko22-5 IDEA-PC 03/27/2015 09:10:40
iagent-kasko22-2 ASUS 03/27/2015 09:10:46
iagent-kasko22-4 LARACOMP 03/27/2015 09:11:05
iagent-kazancevma СВЕТЛАНА-ПК 03/27/2015 09:34:32
iagent-zhemch HOME 03/27/2015 10:56:47
iagent-karmisheva NOTEBOOK-1 03/27/2015 11:43:58
iagent-kasko22-5 IDEA-PC 03/27/2015 11:44:19
iagent-kasko22-3 TNETBOOK 03/27/2015 11:56:33
iagent-kasko22-3 TNETBOOK 03/27/2015 13:39:31
iagent-zhemch HOME 03/27/2015 14:45:45
iagent-kasko22-4 LARACOMP 03/27/2015 16:09:36
iagent-kasko22-9 VERA-DNS 03/27/2015 16:15:42
iagent-kasko22-10 GALINA-DNS 03/27/2015 16:27:08
iagent-karmisheva NOTEBOOK-1 03/27/2015 16:44:23
iagent-kasko22-11 1-ПК 03/27/2015 16:50:16
iagent-kasko22-6 SZ1 03/27/2015 17:33:12
iagent-kasko22-10 GALINA-DNS 03/27/2015 17:34:43
iagent-kasko22-3 TNETBOOK 03/27/2015 17:38:44
iagent-kasko22-6 SZ1 03/28/2015 08:53:35
iagent-kazancevma СВЕТЛАНА-ПК 03/28/2015 09:09:15
iagent-kasko22-5 IDEA-PC 03/28/2015 09:10:49
iagent-kasko22-10 GALINA-DNS 03/28/2015 09:13:56
iagent-kasko22-9 VERA-DNS 03/28/2015 09:34:27
iagent-kazancevma СВЕТЛАНА-ПК 03/28/2015 09:40:14
iagent-kasko22-2 ASUS 03/28/2015 10:15:30
iagent-kasko22-7 PC 03/28/2015 11:40:18
iagent-kasko22-10 GALINA-DNS 03/28/2015 11:53:59
iagent-kasko22-2 ASUS 03/28/2015 12:19:01
iagent-kasko22-4 LARACOMP 03/28/2015 12:26:11
iagent-kasko22-4 LARACOMP 03/28/2015 12:27:00
iagent-kasko22-4 LARACOMP 03/28/2015 12:28:00
iagent-kasko22-4 LARACOMP 03/28/2015 12:29:02
iagent-kasko22-4 LARACOMP 03/28/2015 12:30:24
iagent-kasko22-3 TNETBOOK 03/28/2015 12:30:51
iagent-kasko22-2 ASUS 03/28/2015 12:30:55
iagent-kasko22-6 SZ 03/28/2015 13:44:31
iagent-kasko22-3 TNETBOOK 03/28/2015 13:53:16
iagent-kasko22-6 SZ1 03/28/2015 14:11:58
iagent-kasko22-10 GALINA-DNS 03/28/2015 14:21:15
iagent-kasko22-9 VERA-DNS 03/28/2015 15:39:22
iagent-kasko22-9 VERA-DNS 03/29/2015 08:43:26
iagent-kasko22-5 IDEA-PC 03/29/2015 09:00:45
iagent-kasko22-6 SZ1 03/29/2015 09:12:28
iagent-kasko22-6 SZ1 03/29/2015 09:20:28
iagent-kasko22-9 VERA-DNS 03/29/2015 09:46:44
iagent-kasko22-6 SZ1 03/29/2015 10:00:18
iagent-kasko22-6 SZ1 03/29/2015 10:09:50
iagent-kasko22-6 SZ1 03/29/2015 10:19:40
iagent-kasko22-5 IDEA-PC 03/29/2015 10:28:39
iagent-kasko22-9 VERA-DNS 03/29/2015 11:44:37
iagent-kasko22-9 VERA-DNS 03/29/2015 12:07:23
iagent-kasko22-9 VERA-DNS 03/29/2015 12:58:34
iagent-kasko22-5 IDEA-PC 03/29/2015 13:05:13
iagent-kasko22-10 GALINA-DNS 03/29/2015 13:46:06
iagent-kazancevma СВЕТЛАНА-ПК 03/29/2015 16:21:54
iagent-kasko22-2 ASUS 03/29/2015 16:41:39
iagent-kasko22-10 GALINA-DNS 03/29/2015 17:02:18
iagent-kasko22-9 VERA-DNS 03/30/2015 08:48:19
iagent-kasko22-6 SZ1 03/30/2015 09:03:06
iagent-kazancevma СВЕТЛАНА-ПК 03/30/2015 09:04:48
iagent-kasko22-6 SZ1 03/30/2015 09:09:29
iagent-kasko22-5 IDEA-PC 03/30/2015 09:10:36
iagent-kasko22-4 LARACOMP 03/30/2015 09:17:29
iagent-kasko22-4 LARACOMP 03/30/2015 09:18:23
iagent-kasko22-4 LARACOMP 03/30/2015 09:19:06
iagent-kasko22-5 IDEA-PC 03/30/2015 09:21:30
iagent-kasko22-6 SZ1 03/30/2015 09:26:19
iagent-kasko22-4 LARACOMP 03/30/2015 09:29:25
iagent-kasko22-6 SZ1 03/30/2015 09:40:37
iagent-kazancevma СВЕТЛАНА-ПК 03/30/2015 09:48:56
iagent-kasko22-2 ASUS 03/30/2015 09:51:24
iagent-kasko22-6 SZ1 03/30/2015 09:56:11
iagent-kasko22-5 IDEA-PC 03/30/2015 09:59:46
iagent-kasko22-9 VERA-DNS 03/30/2015 10:03:03
iagent-kasko22-4 LARACOMP 03/30/2015 10:03:56
iagent-kasko22-4 LARACOMP 03/30/2015 10:04:54
iagent-kasko22-4 LARACOMP 03/30/2015 10:07:09
iagent-kasko22-6 SZ1 03/30/2015 10:08:03
iagent-kazancevma СВЕТЛАНА-ПК 03/30/2015 10:10:11
iagent-kasko22-4 LARACOMP 03/30/2015 10:12:51
iagent-kasko22-4 LARACOMP 03/30/2015 10:14:51
iagent-kasko22-4 LARACOMP 03/30/2015 10:15:38
iagent-kasko22-5 IDEA-PC 03/30/2015 10:17:19
iagent-kasko22-4 LARACOMP 03/30/2015 10:17:42
iagent-kasko22-2 ASUS 03/30/2015 10:19:34
iagent-kasko22-6 SZ1 03/30/2015 10:20:38
iagent-kasko22-4 LARACOMP 03/30/2015 10:23:48
iagent-kasko22-4 LARACOMP 03/30/2015 10:26:49
iagent-kasko22-4 LARACOMP 03/30/2015 10:29:06
iagent-kasko22-4 LARACOMP 03/30/2015 10:32:22
iagent-kasko22-6 SZ1 03/30/2015 10:34:04
iagent-kasko22-2 ASUS 03/30/2015 10:34:44
iagent-kasko22-9 VERA-DNS 03/30/2015 10:36:06
iagent-kasko22-4 LARACOMP 03/30/2015 10:47:29
iagent-kasko22-2 ASUS 03/30/2015 10:49:39
iagent-kasko22-6 SZ1 03/30/2015 10:52:22
iagent-kasko22-4 LARACOMP 03/30/2015 10:53:52
iagent-kasko22-9 VERA-DNS 03/30/2015 10:54:23
iagent-kasko22-4 LARACOMP 03/30/2015 10:54:42
iagent-kazancevma СВЕТЛАНА-ПК 03/30/2015 10:54:42
iagent-kasko22-6 SZ1 03/30/2015 11:00:01
iagent-kazancevma СВЕТЛАНА-ПК 03/30/2015 11:03:04
iagent-kasko22-2 ASUS 03/30/2015 11:08:05
iagent-zhemch HOME 03/30/2015 11:31:44
iagent-kasko22-2 ASUS 03/30/2015 11:41:06
iagent-kasko22-5 IDEA-PC 03/30/2015 11:43:42
iagent-kasko22-9 VERA-DNS 03/30/2015 11:53:04
iagent-kasko22-2 ASUS 03/30/2015 11:54:30
iagent-kasko22-6 SZ1 03/30/2015 11:58:00
iagent-kasko22-4 LARACOMP 03/30/2015 12:04:49
iagent-kasko22-2 ASUS 03/30/2015 12:07:57
iagent-kasko22-11 1-ПК 03/30/2015 12:15:35
iagent-kasko22-2 ASUS 03/30/2015 12:33:24
iagent-kasko22-3 TNETBOOK 03/30/2015 12:40:56
iagent-kasko22-11 1-ПК 03/30/2015 13:12:05
iagent-kasko22-4 LARACOMP 03/30/2015 13:59:05
iagent-kasko22-4 LARACOMP 03/30/2015 15:19:14
iagent-kasko22-9 VERA-DNS 03/30/2015 15:58:02
iagent-kasko22-5 IDEA-PC 03/30/2015 16:16:00
iagent-kasko22-11 1-ПК 03/30/2015 16:58:01
iagent-kasko22-11 1-ПК 03/30/2015 17:27:42
iagent-kasko22-10 GALINA-DNS 03/30/2015 17:43:55
iagent-kasko22-6 SZ1 03/31/2015 08:49:57
iagent-kasko22-9 VERA-DNS 03/31/2015 09:02:57
iagent-kasko22-4 LARACOMP 03/31/2015 09:07:42
iagent-kasko22-8 WINDOWS-DTSA7AR 03/31/2015 09:15:16
iagent-kazancevma СВЕТЛАНА-ПК 03/31/2015 09:17:20
iagent-kasko22-7 PC 03/31/2015 09:53:11
iagent-kasko22-2 ASUS 03/31/2015 10:08:23
iagent-zhemch HOME 03/31/2015 10:38:48
iagent-kasko22-7 PC 03/31/2015 10:57:39
iagent-kasko22-4 LARACOMP 03/31/2015 11:12:48
iagent-zhemch HOME 03/31/2015 12:09:28
iagent-kasko22-4 LARACOMP 03/31/2015 13:30:44
iagent-karmisheva NOTEBOOK-1 03/31/2015 13:44:17
iagent-kasko22-3 TNOTEBOOK 03/31/2015 16:32:51
iagent-kasko22-6 SZ1 03/31/2015 16:44:34
iagent-kasko22-6 SZ1 04/01/2015 08:33:37
iagent-kasko22-7 PC 04/01/2015 09:13:14
iagent-kazancevma СВЕТЛАНА-ПК 04/01/2015 09:16:17
iagent-kasko22-4 LARACOMP 04/01/2015 09:41:38
iagent-kasko22-6 SZ1 04/01/2015 09:52:29
iagent-kasko22-7 PC 04/01/2015 11:41:46
iagent-zhemch HOME 04/01/2015 15:52:51
iagent-kasko22-4 LARACOMP 04/01/2015 16:51:41
iagent-kasko22-4 LARACOMP 04/02/2015 10:52:14
iagent-kasko22-4 LARACOMP 04/02/2015 14:09:17
iagent-kasko22-3 TNOTEBOOK 04/02/2015 15:06:07
iagent-kasko22-4 LARACOMP 04/03/2015 11:23:49
iagent-kasko22-8 WINDOWS-DTSA7AR 04/03/2015 12:00:52
iagent-kasko22-3 TNETBOOK 04/03/2015 12:16:56
iagent-kasko22-7 TEH-3-PC 04/03/2015 13:24:49
iagent-kasko22-4 LARACOMP 04/03/2015 14:33:50
iagent-kasko22-4 LARACOMP 04/09/2015 09:07:23
iagent-lider SAMOHINA 04/10/2015 10:23:02
iagent-lider SAMOHINA 04/10/2015 10:23:49
iagent-ravl U1 04/10/2015 13:43:18
iagent-ravl U1 04/10/2015 13:45:30
iagent-lider SAMOHINA 04/10/2015 13:45:51
iagent-ravl U1 04/10/2015 14:03:32
iagent-ravl U1 04/10/2015 14:08:26
iagent-kasko22-4 LARACOMP 04/13/2015 09:29:56
iagent-ravl U1 04/13/2015 12:05:37
iagent-lider SAMOHINA 04/14/2015 14:18:06
