iagent-korjavina20 SAMSUNG 02/09/2015 15:06:33
iagent-korjavina25 LENOVO-PC 02/09/2015 15:13:30
iagent-korjavina21 USER-TOSH 02/09/2015 15:20:22
iagent-korjavina8 RCDK-PC 02/09/2015 15:37:48
iagent-korjavina17 РАБОЧИЙ 02/10/2015 08:11:12
iagent-korjavina6 OMSK12 02/10/2015 09:36:04
iagent-korjavina5 OMSK05 02/10/2015 10:16:44
iagent-korjavina2 OTDSTRPC2 02/10/2015 10:23:50
iagent-korjavina25 LENOVO-PC 02/10/2015 11:46:39
iagent-korjavina8 RCDK-PC 02/10/2015 11:50:12
iagent-korjavina23 ГАЛИНА-ПК 02/10/2015 13:07:06
iagent-korjavina2 OTDSTRPC2 02/10/2015 13:20:44
iagent-korjavina23 ГАЛИНА-ПК 02/10/2015 14:17:39
iagent-korjavina20 SAMSUNG 02/10/2015 14:51:09
iagent-urenko1 ADMIN-ПК 02/10/2015 14:54:40
iagent-omsk02 USER-PC 02/10/2015 15:22:34
iagent-korjavina20 SAMSUNG 02/10/2015 16:17:56
iagent-korjavina25 LENOVO-PC 02/11/2015 00:50:11
iagent-korjavina24 X-ПК 02/11/2015 00:54:55
iagent-korjavina17 РАБОЧИЙ 02/11/2015 08:37:20
iagent-korjavina2 OTDSTRPC2 02/11/2015 09:03:03
iagent-korjavina6 OMSK12 02/11/2015 10:10:39
iagent-urenko1 ADMIN-ПК 02/11/2015 10:28:18
iagent-korjavina2 OTDSTRPC2 02/11/2015 11:22:50
iagent-korjavina2 OTDSTRPC2 02/11/2015 13:52:13
iagent-korjavina21 USER-TOSH 02/11/2015 14:00:47
iagent-korjavina17 РАБОЧИЙ 02/11/2015 14:20:12
iagent-korjavina8 RCDK-PC 02/11/2015 15:48:21
iagent-korjavina2 OTDSTRPC2 02/11/2015 16:13:09
iagent-korjavina20 SAMSUNG 02/11/2015 16:15:45
iagent-korjavina2 OTDSTRPC2 02/11/2015 17:16:01
iagent-korjavina23 ГАЛИНА-ПК 02/11/2015 17:54:11
iagent-korjavina23 ГАЛИНА-ПК 02/11/2015 17:55:26
iagent-korjavina23 ГАЛИНА-ПК 02/11/2015 19:44:05
iagent-korjavina17 РАБОЧИЙ 02/12/2015 08:21:41
iagent-korjavina25 LENOVO-PC 02/12/2015 09:07:32
iagent-korjavina6 OMSK12 02/12/2015 09:17:59
iagent-korjavina8 RCDK-PC 02/12/2015 09:23:31
iagent-korjavina2 OTDSTRPC2 02/12/2015 09:31:20
iagent-urenko1 ADMIN-ПК 02/12/2015 09:32:45
iagent-korjavina5 OMSK05 02/12/2015 09:51:11
iagent-korjavina21 USER-TOSH 02/12/2015 11:18:39
iagent-korjavina21 USER-TOSH 02/12/2015 11:56:04
iagent-korjavina26 HOME 02/12/2015 12:07:31
iagent-korjavina20 SAMSUNG 02/12/2015 12:32:22
iagent-korjavina23 ГАЛИНА-ПК 02/12/2015 13:57:01
iagent-korjavina6 OMSK12 02/12/2015 14:31:18
iagent-korjavina5 OMSK05 02/12/2015 14:34:02
iagent-korjavina21 USER-TOSH 02/12/2015 14:47:56
iagent-korjavina21 USER-TOSH 02/12/2015 15:04:43
iagent-korjavina21 USER-TOSH 02/12/2015 15:53:09
iagent-korjavina20 SAMSUNG 02/12/2015 16:40:06
iagent-korjavina21 USER-TOSH 02/12/2015 17:19:57
iagent-korjavina20 SAMSUNG 02/12/2015 17:40:06
iagent-korjavina25 LENOVO-PC 02/12/2015 17:46:40
iagent-korjavina23 ГАЛИНА-ПК 02/12/2015 18:07:59
iagent-korjavina26 HOME 02/12/2015 20:32:46
iagent-korjavina25 LENOVO-PC 02/13/2015 08:08:29
iagent-korjavina17 РАБОЧИЙ 02/13/2015 08:08:57
iagent-korjavina6 OMSK12 02/13/2015 09:31:32
iagent-korjavina2 OTDSTRPC2 02/13/2015 10:25:41
iagent-korjavina21 USER-TOSH 02/13/2015 10:43:44
iagent-korjavina20 SAMSUNG 02/13/2015 11:37:17
iagent-korjavina21 USER-TOSH 02/13/2015 11:53:29
iagent-korjavina20 SAMSUNG 02/13/2015 12:02:50
iagent-korjavina21 USER-TOSH 02/13/2015 13:07:05
iagent-korjavina20 SAMSUNG 02/13/2015 13:37:21
iagent-korjavina6 OMSK12 02/13/2015 15:24:23
iagent-korjavina2 OTDSTRPC2 02/13/2015 16:42:42
iagent-korjavina25 LENOVO-PC 02/13/2015 17:18:49
iagent-korjavina23 ГАЛИНА-ПК 02/13/2015 17:19:25
iagent-korjavina2 OTDSTRPC2 02/13/2015 17:27:13
iagent-korjavina21 USER-TOSH 02/13/2015 18:08:08
iagent-omsk01 КОМПЬЮТЕР 02/13/2015 22:46:01
iagent-korjavina17 РАБОЧИЙ 02/14/2015 08:42:21
iagent-korjavina23 ГАЛИНА-ПК 02/14/2015 10:59:50
iagent-korjavina21 USER-TOSH 02/14/2015 11:13:09
iagent-korjavina20 SAMSUNG 02/14/2015 11:46:57
iagent-korjavina21 USER-TOSH 02/14/2015 12:48:37
iagent-korjavina2 OTDSTRPC2 02/14/2015 13:02:57
iagent-korjavina21 USER-TOSH 02/14/2015 15:01:57
iagent-korjavina2 OTDSTRPC2 02/14/2015 15:05:01
iagent-korjavina20 SAMSUNG 02/14/2015 15:11:10
iagent-korjavina23 ГАЛИНА-ПК 02/14/2015 15:15:58
iagent-korjavina21 USER-TOSH 02/14/2015 15:19:15
iagent-korjavina21 USER-TOSH 02/14/2015 16:31:22
iagent-korjavina20 SAMSUNG 02/14/2015 16:51:15
iagent-korjavina25 LENOVO-PC 02/14/2015 18:58:29
iagent-omsk02 USER-PC 02/15/2015 10:17:13
iagent-korjavina23 ГАЛИНА-ПК 02/15/2015 11:10:56
iagent-korjavina23 ГАЛИНА-ПК 02/15/2015 11:38:26
iagent-korjavina2 OTDSTRPC2 02/15/2015 12:21:48
iagent-korjavina20 SAMSUNG 02/15/2015 12:55:15
iagent-korjavina4 PC012APC 02/15/2015 13:38:09
iagent-korjavina2 OTDSTRPC2 02/15/2015 14:13:39
iagent-korjavina20 SAMSUNG 02/15/2015 18:17:59
iagent-korjavina25 LENOVO-PC 02/16/2015 09:42:53
iagent-urenko1 ADMIN-ПК 02/16/2015 09:51:34
iagent-korjavina2 OTDSTRPC2 02/16/2015 10:17:23
iagent-korjavina6 OMSK12 02/16/2015 10:52:27
iagent-korjavina2 OTDSTRPC2 02/16/2015 11:49:58
iagent-korjavina5 OMSK05 02/16/2015 12:21:51
iagent-korjavina21 USER-TOSH 02/16/2015 13:28:47
iagent-korjavina20 SAMSUNG 02/16/2015 13:47:06
iagent-korjavina21 USER-TOSH 02/16/2015 14:41:03
iagent-korjavina23 ГАЛИНА-ПК 02/16/2015 15:02:12
iagent-korjavina20 SAMSUNG 02/16/2015 15:06:19
iagent-korjavina21 USER-TOSH 02/16/2015 15:31:44
iagent-korjavina2 OTDSTRPC2 02/16/2015 15:38:02
iagent-korjavina20 SAMSUNG 02/16/2015 15:53:19
iagent-korjavina2 OTDSTRPC2 02/16/2015 15:58:39
iagent-korjavina21 USER-TOSH 02/16/2015 16:24:13
iagent-korjavina20 SAMSUNG 02/16/2015 16:47:01
iagent-korjavina21 USER-TOSH 02/16/2015 16:51:31
iagent-korjavina20 SAMSUNG 02/16/2015 17:34:10
iagent-korjavina25 LENOVO-PC 02/16/2015 22:06:15
iagent-korjavina17 РАБОЧИЙ 02/17/2015 08:32:05
iagent-korjavina8 RCDK-PC 02/17/2015 09:15:42
iagent-korjavina6 OMSK12 02/17/2015 09:17:59
iagent-urenko8 ВЛАДИМИР-ПК 02/17/2015 09:29:21
iagent-korjavina5 OMSK05 02/17/2015 09:42:52
iagent-korjavina2 OTDSTRPC2 02/17/2015 10:14:51
iagent-korjavina21 USER-TOSH 02/17/2015 11:17:29
iagent-korjavina20 SAMSUNG 02/17/2015 11:22:28
iagent-korjavina20 SAMSUNG 02/17/2015 12:35:32
iagent-korjavina21 USER-TOSH 02/17/2015 12:44:00
iagent-korjavina20 SAMSUNG 02/17/2015 12:49:06
iagent-korjavina21 USER-TOSH 02/17/2015 12:57:35
iagent-korjavina2 OTDSTRPC2 02/17/2015 13:23:26
iagent-korjavina20 SAMSUNG 02/17/2015 14:17:43
iagent-korjavina21 USER-TOSH 02/17/2015 14:35:41
iagent-korjavina20 SAMSUNG 02/17/2015 15:16:08
iagent-korjavina2 OTDSTRPC2 02/17/2015 15:29:51
iagent-korjavina21 USER-TOSH 02/17/2015 16:32:32
iagent-korjavina20 SAMSUNG 02/17/2015 17:18:03
iagent-korjavina21 USER-TOSH 02/17/2015 17:53:23
iagent-korjavina20 SAMSUNG 02/17/2015 17:55:09
iagent-korjavina2 OTDSTRPC2 02/17/2015 18:07:01
iagent-korjavina17 РАБОЧИЙ 02/18/2015 08:21:09
iagent-korjavina20 SAMSUNG 02/18/2015 10:04:10
iagent-korjavina2 OTDSTRPC2 02/18/2015 10:07:48
iagent-korjavina5 OMSK05 02/18/2015 10:36:38
iagent-korjavina23 ГАЛИНА-ПК 02/18/2015 10:41:47
iagent-korjavina6 OMSK12 02/18/2015 10:45:24
iagent-korjavina2 OTDSTRPC2 02/18/2015 12:13:29
iagent-korjavina21 USER-TOSH 02/18/2015 13:11:55
iagent-korjavina2 OTDSTRPC2 02/18/2015 13:31:51
iagent-korjavina20 SAMSUNG 02/18/2015 13:36:09
iagent-omsk02 USER-PC 02/18/2015 14:21:00
iagent-korjavina2 OTDSTRPC2 02/18/2015 15:16:27
iagent-korjavina21 USER-TOSH 02/18/2015 15:49:31
iagent-korjavina2 OTDSTRPC2 02/18/2015 16:42:17
iagent-korjavina23 ГАЛИНА-ПК 02/18/2015 18:59:30
iagent-korjavina5 OMSK05 02/19/2015 09:41:51
iagent-korjavina6 OMSK12 02/19/2015 10:01:14
iagent-korjavina23 ГАЛИНА-ПК 02/19/2015 10:31:27
iagent-korjavina17 РАБОЧИЙ 02/19/2015 10:32:42
iagent-korjavina8 RCDK-PC 02/19/2015 12:16:57
iagent-korjavina20 SAMSUNG 02/19/2015 13:32:14
iagent-korjavina21 USER-TOSH 02/19/2015 13:40:36
iagent-korjavina20 SAMSUNG 02/19/2015 13:49:44
iagent-korjavina21 USER-TOSH 02/19/2015 15:24:56
iagent-korjavina21 USER-TOSH 02/19/2015 16:19:08
iagent-korjavina21 USER-TOSH 02/19/2015 16:49:22
iagent-korjavina20 SAMSUNG 02/19/2015 17:11:41
iagent-korjavina21 USER-TOSH 02/19/2015 18:21:50
iagent-korjavina20 SAMSUNG 02/19/2015 18:56:49
iagent-korjavina17 РАБОЧИЙ 02/20/2015 08:24:57
iagent-korjavina8 RCDK-PC 02/20/2015 09:31:32
iagent-korjavina2 OTDSTRPC2 02/20/2015 09:51:39
iagent-korjavina6 OMSK12 02/20/2015 10:19:20
iagent-korjavina21 USER-TOSH 02/20/2015 10:26:17
iagent-korjavina21 USER-TOSH 02/20/2015 10:50:20
iagent-korjavina23 ГАЛИНА-ПК 02/20/2015 11:52:34
iagent-korjavina5 OMSK05 02/20/2015 12:10:51
iagent-korjavina17 РАБОЧИЙ 02/20/2015 12:33:21
iagent-korjavina25 LENOVO-PC 02/20/2015 12:43:28
iagent-korjavina20 SAMSUNG 02/20/2015 13:15:12
iagent-korjavina6 OMSK12 02/20/2015 14:23:17
iagent-korjavina21 USER-TOSH 02/20/2015 14:32:03
iagent-korjavina2 OTDSTRPC2 02/20/2015 14:45:33
iagent-korjavina20 SAMSUNG 02/20/2015 15:52:35
iagent-urenko1 ADMIN-ПК 02/20/2015 15:54:03
iagent-korjavina21 USER-TOSH 02/20/2015 16:24:48
iagent-korjavina25 LENOVO-PC 02/20/2015 18:06:47
iagent-korjavina23 ГАЛИНА-ПК 02/20/2015 21:07:52
iagent-korjavina17 РАБОЧИЙ 02/21/2015 08:13:38
iagent-omsk02 USER-PC 02/21/2015 08:40:08
iagent-korjavina23 ГАЛИНА-ПК 02/21/2015 10:37:04
iagent-korjavina2 OTDSTRPC2 02/21/2015 10:41:16
iagent-korjavina21 USER-TOSH 02/21/2015 11:14:13
iagent-korjavina21 USER-TOSH 02/21/2015 12:48:21
iagent-omsk02 USER-PC 02/21/2015 13:29:50
iagent-korjavina21 USER-TOSH 02/21/2015 14:31:01
iagent-korjavina21 USER-TOSH 02/21/2015 15:41:27
iagent-korjavina21 USER-TOSH 02/21/2015 16:04:57
iagent-korjavina23 ГАЛИНА-ПК 02/21/2015 16:06:34
iagent-korjavina21 USER-TOSH 02/21/2015 17:03:41
iagent-korjavina23 ГАЛИНА-ПК 02/21/2015 19:52:02
iagent-korjavina20 SAMSUNG 02/21/2015 20:09:19
iagent-korjavina20 SAMSUNG 02/21/2015 20:25:23
iagent-korjavina20 SAMSUNG 02/22/2015 12:19:33
iagent-korjavina20 SAMSUNG 02/22/2015 13:33:46
iagent-korjavina2 OTDSTRPC2 02/22/2015 15:40:39
iagent-korjavina2 OTDSTRPC2 02/23/2015 11:54:13
iagent-korjavina23 ГАЛИНА-ПК 02/23/2015 14:53:35
iagent-korjavina20 SAMSUNG 02/23/2015 18:04:52
iagent-korjavina23 ГАЛИНА-ПК 02/23/2015 18:15:43
iagent-korjavina20 SAMSUNG 02/23/2015 18:50:54
iagent-korjavina25 LENOVO-PC 02/24/2015 00:59:16
iagent-korjavina17 РАБОЧИЙ 02/24/2015 08:33:49
iagent-korjavina17 РАБОЧИЙ 02/24/2015 09:09:04
iagent-urenko1 ADMIN-ПК 02/24/2015 09:40:06
iagent-korjavina25 LENOVO-PC 02/24/2015 09:52:14
iagent-korjavina6 OMSK12 02/24/2015 10:06:03
iagent-korjavina7 USER-ПК 02/24/2015 10:06:19
iagent-korjavina2 OTDSTRPC2 02/24/2015 10:08:29
iagent-korjavina5 OMSK05 02/24/2015 10:33:09
iagent-korjavina8 RCDK-PC 02/24/2015 10:39:32
iagent-korjavina21 USER-TOSH 02/24/2015 10:47:24
iagent-korjavina8 RCDK-PC 02/24/2015 11:42:04
iagent-korjavina21 USER-TOSH 02/24/2015 11:42:56
iagent-korjavina20 SAMSUNG 02/24/2015 12:09:22
iagent-korjavina21 USER-TOSH 02/24/2015 12:45:18
iagent-korjavina21 USER-TOSH 02/24/2015 13:21:18
iagent-korjavina20 SAMSUNG 02/24/2015 13:26:52
iagent-urenko1 ADMIN-ПК 02/24/2015 14:44:07
iagent-korjavina2 OTDSTRPC2 02/24/2015 14:46:15
iagent-korjavina5 OMSK05 02/24/2015 15:03:29
iagent-korjavina21 USER-TOSH 02/24/2015 16:14:58
iagent-korjavina25 LENOVO-PC 02/24/2015 16:35:11
iagent-korjavina20 SAMSUNG 02/24/2015 17:57:38
iagent-korjavina23 ГАЛИНА-ПК 02/24/2015 19:41:00
iagent-korjavina6 OMSK12 02/25/2015 10:21:14
iagent-korjavina17 РАБОЧИЙ 02/25/2015 10:49:03
iagent-urenko1 ADMIN-ПК 02/25/2015 11:07:47
iagent-korjavina20 SAMSUNG 02/25/2015 12:48:50
iagent-korjavina17 РАБОЧИЙ 02/25/2015 13:26:36
iagent-omsk02 USER-PC 02/25/2015 13:29:25
iagent-omsk02 USER-PC 02/25/2015 13:52:23
iagent-omsk02 USER-PC 02/25/2015 13:58:53
iagent-korjavina20 SAMSUNG 02/25/2015 14:03:56
iagent-korjavina8 RCDK-PC 02/25/2015 14:30:04
iagent-korjavina20 SAMSUNG 02/25/2015 16:04:14
iagent-korjavina23 ГАЛИНА-ПК 02/25/2015 17:10:00
iagent-korjavina21 USER-TOSH 02/25/2015 17:33:15
iagent-korjavina20 SAMSUNG 02/25/2015 17:34:19
iagent-korjavina21 USER-TOSH 02/25/2015 18:21:27
iagent-korjavina25 LENOVO-PC 02/25/2015 18:22:14
iagent-korjavina23 ГАЛИНА-ПК 02/25/2015 18:27:57
iagent-omsk01 КОМПЬЮТЕР 02/25/2015 18:32:33
iagent-urenko1 ADMIN-ПК 02/25/2015 20:17:25
iagent-korjavina8 RCDK-PC 02/26/2015 08:13:37
iagent-korjavina17 РАБОЧИЙ 02/26/2015 08:31:14
iagent-korjavina6 OMSK12 02/26/2015 09:28:11
iagent-korjavina20 SAMSUNG 02/26/2015 09:34:51
iagent-korjavina25 LENOVO-PC 02/26/2015 09:41:24
iagent-korjavina2 OTDSTRPC2 02/26/2015 10:02:51
iagent-omsk01 КОМПЬЮТЕР 02/26/2015 10:03:42
iagent-korjavina20 SAMSUNG 02/26/2015 11:20:47
iagent-korjavina25 LENOVO-PC 02/26/2015 12:14:13
iagent-korjavina21 USER-TOSH 02/26/2015 12:17:46
iagent-korjavina8 RCDK-PC 02/26/2015 12:35:30
iagent-korjavina21 USER-TOSH 02/26/2015 13:09:34
iagent-korjavina20 SAMSUNG 02/26/2015 13:30:56
iagent-korjavina2 OTDSTRPC2 02/26/2015 14:12:23
iagent-korjavina20 SAMSUNG 02/26/2015 14:24:21
iagent-korjavina20 SAMSUNG 02/26/2015 15:14:45
iagent-korjavina20 SAMSUNG 02/26/2015 15:44:15
iagent-korjavina21 USER-TOSH 02/26/2015 15:52:20
iagent-korjavina20 SAMSUNG 02/26/2015 16:28:14
iagent-korjavina2 OTDSTRPC2 02/26/2015 17:50:45
iagent-korjavina23 ГАЛИНА-ПК 02/26/2015 19:06:58
iagent-korjavina25 LENOVO-PC 02/26/2015 20:28:01
iagent-korjavina17 РАБОЧИЙ 02/27/2015 08:39:23
iagent-korjavina20 SAMSUNG 02/27/2015 09:21:20
iagent-korjavina OMSKTEMP02 02/27/2015 09:42:34
iagent-korjavina8 RCDK-PC 02/27/2015 09:45:06
iagent-korjavina6 OMSK12 02/27/2015 09:49:48
iagent-urenko8 ВЛАДИМИР-ПК 02/27/2015 09:52:04
iagent-korjavina5 OMSK05 02/27/2015 10:27:32
iagent-korjavina2 OTDSTRPC2 02/27/2015 10:39:13
iagent-korjavina21 USER-TOSH 02/27/2015 11:12:28
iagent-korjavina20 SAMSUNG 02/27/2015 11:19:56
iagent-korjavina21 USER-TOSH 02/27/2015 11:33:36
iagent-korjavina25 LENOVO-PC 02/27/2015 12:15:21
iagent-korjavina20 SAMSUNG 02/27/2015 13:27:30
iagent-korjavina21 USER-TOSH 02/27/2015 13:55:18
iagent-korjavina25 LENOVO-PC 02/27/2015 14:19:57
iagent-korjavina21 USER-TOSH 02/27/2015 14:32:17
iagent-korjavina2 OTDSTRPC2 02/27/2015 15:36:30
iagent-korjavina20 SAMSUNG 02/27/2015 16:24:08
iagent-korjavina23 ГАЛИНА-ПК 02/27/2015 18:08:29
iagent-omsk01 КОМПЬЮТЕР 02/27/2015 19:23:54
iagent-korjavina26 HOME 02/27/2015 19:39:26
iagent-korjavina23 ГАЛИНА-ПК 02/27/2015 21:11:24
iagent-korjavina17 РАБОЧИЙ 02/28/2015 08:47:58
iagent-korjavina2 OTDSTRPC2 02/28/2015 09:28:14
iagent-korjavina20 SAMSUNG 02/28/2015 10:33:10
iagent-omsk02 USER-PC 02/28/2015 10:47:52
iagent-korjavina21 USER-TOSH 02/28/2015 12:30:21
iagent-omsk02 USER-PC 02/28/2015 13:03:18
iagent-korjavina20 SAMSUNG 02/28/2015 13:54:21
iagent-korjavina21 USER-TOSH 02/28/2015 14:16:36
iagent-korjavina4 PC012APC 02/28/2015 14:20:32
iagent-korjavina21 USER-TOSH 02/28/2015 14:40:08
iagent-korjavina23 ГАЛИНА-ПК 02/28/2015 15:06:52
iagent-korjavina20 SAMSUNG 02/28/2015 15:44:01
iagent-korjavina25 LENOVO-PC 02/28/2015 15:58:11
iagent-korjavina21 USER-TOSH 02/28/2015 16:33:18
iagent-korjavina20 SAMSUNG 02/28/2015 16:57:45
iagent-korjavina23 ГАЛИНА-ПК 02/28/2015 17:08:46
iagent-korjavina23 ГАЛИНА-ПК 02/28/2015 17:11:23
iagent-korjavina23 ГАЛИНА-ПК 02/28/2015 18:40:54
iagent-omsk01 КОМПЬЮТЕР 03/01/2015 09:01:03
iagent-omsk02 USER-PC 03/01/2015 13:00:50
iagent-korjavina20 SAMSUNG 03/01/2015 13:03:32
iagent-omsk01 КОМПЬЮТЕР 03/01/2015 13:49:20
iagent-korjavina20 SAMSUNG 03/01/2015 14:20:28
iagent-omsk01 КОМПЬЮТЕР 03/01/2015 14:35:11
iagent-omsk01 КОМПЬЮТЕР 03/01/2015 14:52:30
iagent-korjavina25 LENOVO-PC 03/02/2015 00:00:44
iagent-korjavina6 OMSK12 03/02/2015 10:07:57
iagent-korjavina20 SAMSUNG 03/02/2015 10:35:55
iagent-korjavina2 OTDSTRPC2 03/02/2015 11:11:48
iagent-korjavina20 SAMSUNG 03/02/2015 11:39:15
iagent-korjavina2 OTDSTRPC2 03/02/2015 12:13:19
iagent-korjavina20 SAMSUNG 03/02/2015 15:09:24
iagent-korjavina21 USER-TOSH 03/02/2015 15:24:28
iagent-korjavina20 SAMSUNG 03/02/2015 15:47:33
iagent-korjavina2 OTDSTRPC2 03/02/2015 16:25:02
iagent-korjavina21 USER-TOSH 03/02/2015 16:35:07
iagent-korjavina23 ГАЛИНА-ПК 03/02/2015 16:43:29
iagent-korjavina24 X-ПК 03/02/2015 16:48:16
iagent-korjavina23 ГАЛИНА-ПК 03/02/2015 17:34:24
iagent-korjavina20 SAMSUNG 03/02/2015 19:17:42
iagent-korjavina17 РАБОЧИЙ 03/03/2015 08:34:36
iagent-korjavina8 RCDK-PC 03/03/2015 09:00:20
iagent-korjavina6 OMSK12 03/03/2015 09:48:33
iagent-korjavina5 OMSK05 03/03/2015 10:21:45
iagent-korjavina23 ГАЛИНА-ПК 03/03/2015 10:29:45
iagent-korjavina25 LENOVO-PC 03/03/2015 11:05:22
iagent-omsk01 КОМПЬЮТЕР 03/03/2015 12:07:38
iagent-korjavina2 OTDSTRPC2 03/03/2015 12:33:41
iagent-korjavina20 SAMSUNG 03/03/2015 12:45:24
iagent-korjavina6 OMSK12 03/03/2015 12:46:22
iagent-korjavina21 USER-TOSH 03/03/2015 13:04:13
iagent-korjavina20 SAMSUNG 03/03/2015 13:07:12
iagent-omsk02 USER-PC 03/03/2015 13:32:08
iagent-omsk02 USER-PC 03/03/2015 13:46:18
iagent-korjavina21 USER-TOSH 03/03/2015 14:30:27
iagent-korjavina8 RCDK-PC 03/03/2015 14:34:00
iagent-urenko1 ADMIN-ПК 03/03/2015 14:40:16
iagent-korjavina23 ГАЛИНА-ПК 03/03/2015 14:53:06
iagent-korjavina2 OTDSTRPC2 03/03/2015 15:37:20
iagent-korjavina2 OTDSTRPC2 03/03/2015 17:28:39
iagent-omsk01 КОМПЬЮТЕР 03/03/2015 17:35:55
iagent-korjavina21 USER-TOSH 03/03/2015 17:49:25
iagent-korjavina23 ГАЛИНА-ПК 03/03/2015 23:35:21
iagent-korjavina17 РАБОЧИЙ 03/04/2015 08:36:55
iagent-korjavina8 RCDK-PC 03/04/2015 08:56:11
iagent-korjavina6 OMSK12 03/04/2015 09:17:34
iagent-korjavina7 USER-ПК 03/04/2015 10:00:26
iagent-urenko1 ADMIN-ПК 03/04/2015 10:20:39
iagent-korjavina23 ГАЛИНА-ПК 03/04/2015 10:45:35
iagent-korjavina20 SAMSUNG 03/04/2015 10:54:21
iagent-urenko1 ADMIN-ПК 03/04/2015 11:03:19
iagent-korjavina21 USER-TOSH 03/04/2015 11:11:45
iagent-korjavina21 USER-TOSH 03/04/2015 11:47:29
iagent-urenko1 ADMIN-ПК 03/04/2015 12:16:24
iagent-korjavina20 SAMSUNG 03/04/2015 12:37:39
iagent-korjavina23 ГАЛИНА-ПК 03/04/2015 13:20:02
iagent-korjavina21 USER-TOSH 03/04/2015 15:08:46
iagent-korjavina17 РАБОЧИЙ 03/04/2015 16:31:37
iagent-korjavina21 USER-TOSH 03/04/2015 17:52:41
iagent-omsk01 КОМПЬЮТЕР 03/04/2015 19:57:55
iagent-korjavina23 ГАЛИНА-ПК 03/04/2015 20:23:06
iagent-korjavina17 РАБОЧИЙ 03/05/2015 08:03:51
iagent-korjavina8 RCDK-PC 03/05/2015 09:32:17
iagent-korjavina5 OMSK05 03/05/2015 09:54:24
iagent-korjavina6 OMSK12 03/05/2015 09:59:11
iagent-korjavina23 ГАЛИНА-ПК 03/05/2015 11:34:44
iagent-korjavina20 SAMSUNG 03/05/2015 12:15:21
iagent-korjavina23 ГАЛИНА-ПК 03/05/2015 12:58:10
iagent-korjavina2 OTDSTRPC2 03/05/2015 13:00:27
iagent-korjavina20 SAMSUNG 03/05/2015 13:15:11
iagent-korjavina21 USER-TOSH 03/05/2015 15:12:25
iagent-korjavina20 SAMSUNG 03/05/2015 15:58:54
iagent-korjavina20 SAMSUNG 03/05/2015 18:23:09
iagent-korjavina25 LENOVO-PC 03/05/2015 18:26:49
iagent-korjavina23 ГАЛИНА-ПК 03/05/2015 19:35:20
iagent-korjavina17 РАБОЧИЙ 03/06/2015 08:31:41
iagent-korjavina8 RCDK-PC 03/06/2015 08:56:17
iagent-urenko1 ADMIN-ПК 03/06/2015 09:27:14
iagent-korjavina6 OMSK12 03/06/2015 09:49:14
iagent-korjavina23 ГАЛИНА-ПК 03/06/2015 09:56:54
iagent-korjavina OMSKTEMP02 03/06/2015 10:16:38
iagent-korjavina8 RCDK-PC 03/06/2015 10:21:43
iagent-korjavina4 PC012APC 03/06/2015 10:39:17
iagent-korjavina2 OTDSTRPC2 03/06/2015 11:01:12
iagent-korjavina21 USER-TOSH 03/06/2015 11:30:05
iagent-korjavina23 ГАЛИНА-ПК 03/06/2015 11:34:14
iagent-korjavina21 USER-TOSH 03/06/2015 12:00:03
iagent-korjavina21 USER-TOSH 03/06/2015 12:26:54
iagent-omsk02 USER-PC 03/06/2015 12:30:52
iagent-omsk02 USER-PC 03/06/2015 12:52:03
iagent-omsk02 USER-PC 03/06/2015 13:02:11
iagent-omsk02 USER-PC 03/06/2015 13:20:09
iagent-korjavina21 USER-TOSH 03/06/2015 14:10:52
iagent-korjavina2 OTDSTRPC2 03/06/2015 14:34:37
iagent-korjavina20 SAMSUNG 03/06/2015 14:49:53
iagent-urenko1 ADMIN-ПК 03/06/2015 15:25:01
iagent-korjavina20 SAMSUNG 03/06/2015 15:34:03
iagent-korjavina6 OMSK12 03/06/2015 15:35:52
iagent-korjavina21 USER-TOSH 03/06/2015 16:01:02
iagent-korjavina23 ГАЛИНА-ПК 03/06/2015 17:57:08
iagent-korjavina8 RCDK-PC 03/06/2015 18:56:09
iagent-korjavina17 РАБОЧИЙ 03/07/2015 08:42:15
iagent-omsk02 USER-PC 03/07/2015 09:02:17
iagent-omsk02 USER-PC 03/07/2015 09:28:21
iagent-korjavina2 OTDSTRPC2 03/07/2015 09:36:13
iagent-korjavina23 ГАЛИНА-ПК 03/07/2015 09:37:46
iagent-korjavina20 SAMSUNG 03/07/2015 10:46:28
iagent-korjavina2 OTDSTRPC2 03/07/2015 11:58:22
iagent-omsk02 USER-PC 03/07/2015 14:10:45
iagent-omsk02 USER-PC 03/07/2015 14:28:53
iagent-korjavina4 PC012APC 03/07/2015 14:49:13
iagent-omsk02 USER-PC 03/07/2015 15:00:11
iagent-korjavina21 USER-TOSH 03/07/2015 15:26:34
iagent-korjavina2 OTDSTRPC2 03/07/2015 15:58:11
iagent-omsk01 КОМПЬЮТЕР 03/07/2015 17:52:15
iagent-korjavina20 SAMSUNG 03/08/2015 17:56:39
iagent-korjavina21 USER-TOSH 03/09/2015 11:55:58
iagent-korjavina21 USER-TOSH 03/09/2015 13:28:25
iagent-korjavina23 ГАЛИНА-ПК 03/09/2015 14:10:25
iagent-korjavina23 ГАЛИНА-ПК 03/09/2015 14:54:24
iagent-korjavina21 USER-TOSH 03/09/2015 17:37:28
iagent-korjavina20 SAMSUNG 03/09/2015 19:36:29
iagent-korjavina17 РАБОЧИЙ 03/10/2015 08:37:54
iagent-korjavina8 RCDK-PC 03/10/2015 09:03:18
iagent-korjavina5 OMSK05 03/10/2015 09:52:32
iagent-urenko1 ADMIN-ПК 03/10/2015 10:02:05
iagent-korjavina20 SAMSUNG 03/10/2015 10:06:59
iagent-korjavina21 USER-TOSH 03/10/2015 11:24:09
iagent-korjavina21 USER-TOSH 03/10/2015 12:00:19
iagent-korjavina21 USER-TOSH 03/10/2015 13:49:29
iagent-korjavina17 РАБОЧИЙ 03/10/2015 13:54:09
iagent-omsk02 USER-PC 03/10/2015 14:20:18
iagent-korjavina21 USER-TOSH 03/10/2015 15:08:00
iagent-urenko1 ADMIN-ПК 03/10/2015 15:09:17
iagent-korjavina20 SAMSUNG 03/10/2015 15:15:13
iagent-korjavina23 ГАЛИНА-ПК 03/10/2015 19:28:54
iagent-korjavina17 РАБОЧИЙ 03/11/2015 08:31:37
iagent-korjavina6 OMSK12 03/11/2015 09:33:40
iagent-korjavina2 OTDSTRPC2 03/11/2015 10:08:22
iagent-korjavina25 LENOVO-PC 03/11/2015 10:16:05
iagent-urenko1 ADMIN-ПК 03/11/2015 10:40:54
iagent-urenko1 ADMIN-ПК 03/11/2015 12:02:39
iagent-korjavina17 РАБОЧИЙ 03/11/2015 12:58:46
iagent-korjavina23 ГАЛИНА-ПК 03/11/2015 13:02:47
iagent-urenko1 ADMIN-ПК 03/11/2015 16:04:16
iagent-korjavina23 ГАЛИНА-ПК 03/11/2015 16:17:23
iagent-korjavina21 USER-TOSH 03/11/2015 16:55:22
iagent-korjavina23 ГАЛИНА-ПК 03/11/2015 17:39:14
iagent-korjavina21 USER-TOSH 03/11/2015 17:58:16
iagent-korjavina24 X-ПК 03/11/2015 20:10:05
iagent-korjavina17 РАБОЧИЙ 03/12/2015 08:37:58
iagent-korjavina23 ГАЛИНА-ПК 03/12/2015 09:58:31
iagent-korjavina21 USER-TOSH 03/12/2015 10:09:48
iagent-korjavina6 OMSK12 03/12/2015 10:46:18
iagent-korjavina17 РАБОЧИЙ 03/12/2015 10:53:33
iagent-korjavina4 PC012APC 03/12/2015 10:58:41
iagent-korjavina2 OTDSTRPC2 03/12/2015 11:23:24
iagent-korjavina21 USER-TOSH 03/12/2015 11:39:22
iagent-urenko1 ADMIN-ПК 03/12/2015 12:05:07
iagent-korjavina2 OTDSTRPC2 03/12/2015 12:17:26
iagent-korjavina21 USER-TOSH 03/12/2015 12:36:26
iagent-omsk01 КОМПЬЮТЕР 03/12/2015 12:50:18
iagent-korjavina23 ГАЛИНА-ПК 03/12/2015 13:46:35
iagent-korjavina20 SAMSUNG 03/12/2015 14:07:16
iagent-korjavina2 OTDSTRPC2 03/12/2015 14:24:33
iagent-korjavina21 USER-TOSH 03/12/2015 15:21:36
iagent-korjavina8 RCDK-PC 03/12/2015 17:18:01
iagent-korjavina2 OTDSTRPC2 03/12/2015 17:37:32
iagent-omsk01 КОМПЬЮТЕР 03/12/2015 18:05:28
iagent-korjavina20 SAMSUNG 03/12/2015 19:01:52
iagent-korjavina17 РАБОЧИЙ 03/13/2015 08:19:01
iagent-korjavina6 OMSK12 03/13/2015 09:52:33
iagent-omsk02 USER-PC 03/13/2015 10:33:22
iagent-omsk02 USER-PC 03/13/2015 10:56:48
iagent-korjavina21 USER-TOSH 03/13/2015 11:48:14
iagent-omsk02 USER-PC 03/13/2015 11:48:29
iagent-korjavina20 SAMSUNG 03/13/2015 12:05:24
iagent-korjavina21 USER-TOSH 03/13/2015 12:12:05
iagent-omsk02 USER-PC 03/13/2015 12:20:02
iagent-korjavina24 X-ПК 03/13/2015 12:22:57
iagent-omsk01 КОМПЬЮТЕР 03/13/2015 12:26:25
iagent-korjavina6 OMSK12 03/13/2015 13:05:45
iagent-korjavina24 X-ПК 03/13/2015 13:35:57
iagent-korjavina7 USER-ПК 03/13/2015 14:12:27
iagent-korjavina23 ГАЛИНА-ПК 03/13/2015 14:14:57
iagent-korjavina21 USER-TOSH 03/13/2015 14:16:39
iagent-urenko1 ADMIN-ПК 03/13/2015 14:34:32
iagent-korjavina20 SAMSUNG 03/13/2015 14:56:01
iagent-korjavina21 USER-TOSH 03/13/2015 15:01:45
iagent-korjavina17 РАБОЧИЙ 03/13/2015 15:23:21
iagent-omsk02 USER-PC 03/13/2015 15:41:56
iagent-korjavina2 OTDSTRPC2 03/13/2015 15:53:11
iagent-korjavina21 USER-TOSH 03/13/2015 15:55:25
iagent-korjavina20 SAMSUNG 03/13/2015 16:01:49
iagent-omsk02 USER-PC 03/13/2015 16:15:30
iagent-urenko1 ADMIN-ПК 03/13/2015 16:35:17
iagent-omsk02 USER-PC 03/13/2015 16:39:38
iagent-korjavina21 USER-TOSH 03/13/2015 17:00:46
iagent-korjavina21 USER-TOSH 03/13/2015 17:36:52
iagent-korjavina23 ГАЛИНА-ПК 03/13/2015 17:37:58
iagent-korjavina20 SAMSUNG 03/13/2015 17:59:37
iagent-omsk01 КОМПЬЮТЕР 03/13/2015 18:42:29
iagent-korjavina25 LENOVO-PC 03/13/2015 18:48:12
iagent-korjavina17 РАБОЧИЙ 03/14/2015 08:39:21
iagent-omsk02 USER-PC 03/14/2015 09:47:13
iagent-omsk02 USER-PC 03/14/2015 10:20:28
iagent-korjavina21 USER-TOSH 03/14/2015 10:22:59
iagent-korjavina23 ГАЛИНА-ПК 03/14/2015 10:36:24
iagent-omsk02 USER-PC 03/14/2015 10:44:55
iagent-korjavina17 РАБОЧИЙ 03/14/2015 10:55:57
iagent-omsk02 USER-PC 03/14/2015 11:00:59
iagent-korjavina2 OTDSTRPC2 03/14/2015 11:30:18
iagent-omsk02 USER-PC 03/14/2015 11:33:21
iagent-korjavina21 USER-TOSH 03/14/2015 12:39:11
iagent-korjavina20 SAMSUNG 03/14/2015 12:57:26
iagent-korjavina21 USER-TOSH 03/14/2015 13:34:58
iagent-korjavina21 USER-TOSH 03/14/2015 14:39:46
iagent-korjavina21 USER-TOSH 03/14/2015 15:22:15
iagent-korjavina21 USER-TOSH 03/14/2015 15:55:45
iagent-omsk02 USER-PC 03/15/2015 08:42:42
iagent-omsk02 USER-PC 03/15/2015 09:08:27
iagent-omsk02 USER-PC 03/15/2015 11:59:51
iagent-omsk02 USER-PC 03/15/2015 12:22:28
iagent-omsk01 КОМПЬЮТЕР 03/15/2015 21:25:38
iagent-korjavina6 OMSK12 03/16/2015 09:58:08
iagent-korjavina5 OMSK05 03/16/2015 10:03:40
iagent-korjavina8 RCDK-PC 03/16/2015 10:41:47
iagent-korjavina20 SAMSUNG 03/16/2015 13:26:15
iagent-korjavina20 SAMSUNG 03/16/2015 13:54:19
iagent-korjavina20 SAMSUNG 03/16/2015 14:14:00
iagent-urenko1 ADMIN-ПК 03/16/2015 14:55:54
iagent-korjavina23 ГАЛИНА-ПК 03/16/2015 16:02:25
iagent-korjavina26 HOME 03/16/2015 16:06:30
iagent-korjavina25 LENOVO-PC 03/16/2015 18:38:56
iagent-korjavina25 LENOVO-PC 03/16/2015 19:01:48
iagent-korjavina25 LENOVO-PC 03/16/2015 19:53:51
iagent-korjavina23 ГАЛИНА-ПК 03/16/2015 20:11:12
iagent-korjavina17 РАБОЧИЙ 03/17/2015 08:31:42
iagent-korjavina20 SAMSUNG 03/17/2015 08:56:38
iagent-urenko1 ADMIN-ПК 03/17/2015 09:27:49
iagent-korjavina7 USER-ПК 03/17/2015 09:34:09
iagent-korjavina25 LENOVO-PC 03/17/2015 09:38:19
iagent-korjavina8 RCDK-PC 03/17/2015 09:43:00
iagent-korjavina20 SAMSUNG 03/17/2015 10:10:08
iagent-korjavina6 OMSK12 03/17/2015 10:17:40
iagent-korjavina23 ГАЛИНА-ПК 03/17/2015 12:38:20
iagent-korjavina21 USER-TOSH 03/17/2015 14:21:55
iagent-korjavina17 РАБОЧИЙ 03/17/2015 14:38:57
iagent-korjavina21 USER-TOSH 03/17/2015 15:13:39
iagent-omsk01 КОМПЬЮТЕР 03/17/2015 15:18:09
iagent-korjavina20 SAMSUNG 03/17/2015 15:28:59
iagent-urenko1 ADMIN-ПК 03/17/2015 15:35:50
iagent-omsk02 USER-PC 03/17/2015 15:40:22
iagent-omsk01 КОМПЬЮТЕР 03/17/2015 16:04:42
iagent-korjavina6 OMSK12 03/17/2015 16:10:58
iagent-korjavina8 RCDK-PC 03/17/2015 16:56:11
iagent-korjavina26 HOME 03/17/2015 17:00:01
iagent-korjavina20 SAMSUNG 03/17/2015 17:06:36
iagent-korjavina20 SAMSUNG 03/17/2015 17:53:35
iagent-korjavina21 USER-TOSH 03/17/2015 18:35:49
iagent-korjavina20 SAMSUNG 03/17/2015 21:03:39
iagent-korjavina25 LENOVO-PC 03/17/2015 22:51:06
iagent-korjavina17 РАБОЧИЙ 03/18/2015 08:18:46
iagent-korjavina23 ГАЛИНА-ПК 03/18/2015 09:51:38
iagent-urenko1 ADMIN-ПК 03/18/2015 09:59:51
iagent-korjavina6 OMSK12 03/18/2015 10:34:24
iagent-korjavina20 SAMSUNG 03/18/2015 10:49:30
iagent-urenko1 ADMIN-ПК 03/18/2015 10:57:13
iagent-korjavina20 SAMSUNG 03/18/2015 11:39:46
iagent-korjavina20 SAMSUNG 03/18/2015 11:51:42
iagent-korjavina21 USER-TOSH 03/18/2015 12:41:03
iagent-korjavina20 SAMSUNG 03/18/2015 13:17:41
iagent-korjavina21 USER-TOSH 03/18/2015 13:30:52
iagent-korjavina20 SAMSUNG 03/18/2015 14:15:46
iagent-urenko1 ADMIN-ПК 03/18/2015 15:00:13
iagent-korjavina26 HOME 03/18/2015 15:50:39
iagent-omsk02 USER-PC 03/18/2015 16:05:04
iagent-korjavina23 ГАЛИНА-ПК 03/18/2015 16:14:53
iagent-korjavina21 USER-TOSH 03/18/2015 16:31:11
iagent-omsk02 USER-PC 03/18/2015 16:48:25
iagent-korjavina25 LENOVO-PC 03/18/2015 17:21:42
iagent-korjavina20 SAMSUNG 03/18/2015 17:30:53
iagent-korjavina21 USER-TOSH 03/18/2015 18:15:56
iagent-korjavina23 ГАЛИНА-ПК 03/19/2015 08:30:30
iagent-korjavina17 РАБОЧИЙ 03/19/2015 08:31:40
iagent-korjavina6 OMSK12 03/19/2015 09:31:13
iagent-korjavina25 LENOVO-PC 03/19/2015 10:02:45
iagent-korjavina20 SAMSUNG 03/19/2015 10:03:32
iagent-omsk01 КОМПЬЮТЕР 03/19/2015 10:50:27
iagent-korjavina7 USER-ПК 03/19/2015 11:21:57
iagent-korjavina23 ГАЛИНА-ПК 03/19/2015 12:02:11
iagent-korjavina21 USER-TOSH 03/19/2015 12:46:49
iagent-korjavina21 USER-TOSH 03/19/2015 13:05:58
iagent-urenko1 ADMIN-ПК 03/19/2015 14:28:26
iagent-korjavina8 RCDK-PC 03/19/2015 14:44:38
iagent-korjavina5 OMSK05 03/19/2015 15:17:11
iagent-korjavina23 ГАЛИНА-ПК 03/19/2015 15:28:13
iagent-korjavina20 SAMSUNG 03/19/2015 16:12:13
iagent-korjavina21 USER-TOSH 03/19/2015 16:32:01
iagent-korjavina21 USER-TOSH 03/19/2015 17:34:01
iagent-korjavina20 SAMSUNG 03/19/2015 17:35:36
iagent-korjavina20 SAMSUNG 03/19/2015 18:19:28
iagent-omsk02 USER-PC 03/19/2015 18:44:28
iagent-korjavina23 ГАЛИНА-ПК 03/19/2015 20:53:12
iagent-korjavina17 РАБОЧИЙ 03/20/2015 08:26:20
iagent-korjavina17 РАБОЧИЙ 03/20/2015 09:17:34
iagent-urenko1 ADMIN-ПК 03/20/2015 09:42:07
iagent-korjavina5 OMSK05 03/20/2015 09:52:11
iagent-korjavina20 SAMSUNG 03/20/2015 09:57:11
iagent-korjavina6 OMSK12 03/20/2015 10:03:58
iagent-korjavina20 SAMSUNG 03/20/2015 10:21:47
iagent-urenko8 ВЛАДИМИР-ПК 03/20/2015 10:32:05
iagent-omsk02 USER-PC 03/20/2015 11:17:51
iagent-korjavina21 USER-TOSH 03/20/2015 11:51:20
iagent-korjavina17 РАБОЧИЙ 03/20/2015 11:56:25
iagent-korjavina20 SAMSUNG 03/20/2015 12:20:03
iagent-korjavina21 USER-TOSH 03/20/2015 13:13:17
iagent-korjavina23 ГАЛИНА-ПК 03/20/2015 13:48:03
iagent-korjavina14 BLACK 03/20/2015 13:50:59
iagent-urenko1 ADMIN-ПК 03/20/2015 14:33:53
iagent-omsk02 USER-PC 03/20/2015 15:44:31
iagent-korjavina8 RCDK-PC 03/20/2015 15:51:32
iagent-korjavina21 USER-TOSH 03/20/2015 15:52:09
iagent-urenko1 ADMIN-ПК 03/20/2015 16:12:22
iagent-korjavina20 SAMSUNG 03/20/2015 16:32:18
iagent-omsk01 КОМПЬЮТЕР 03/20/2015 17:10:05
iagent-korjavina25 LENOVO-PC 03/20/2015 17:44:05
iagent-omsk01 КОМПЬЮТЕР 03/20/2015 17:57:23
iagent-korjavina23 ГАЛИНА-ПК 03/20/2015 18:59:16
iagent-korjavina17 РАБОЧИЙ 03/21/2015 08:08:06
iagent-korjavina23 ГАЛИНА-ПК 03/21/2015 08:49:55
iagent-korjavina23 ГАЛИНА-ПК 03/21/2015 10:11:16
iagent-urenko1 ADMIN-ПК 03/21/2015 12:04:22
iagent-korjavina23 ГАЛИНА-ПК 03/21/2015 12:26:11
iagent-korjavina21 USER-TOSH 03/21/2015 12:28:27
iagent-korjavina21 USER-TOSH 03/21/2015 14:06:07
iagent-omsk02 USER-PC 03/21/2015 15:42:36
iagent-omsk02 USER-PC 03/21/2015 16:23:04
iagent-omsk02 USER-PC 03/21/2015 16:25:49
iagent-korjavina21 USER-TOSH 03/21/2015 17:00:11
iagent-omsk02 USER-PC 03/21/2015 17:00:48
iagent-omsk02 USER-PC 03/21/2015 17:40:35
iagent-korjavina20 SAMSUNG 03/21/2015 17:51:20
iagent-korjavina23 ГАЛИНА-ПК 03/21/2015 20:36:27
iagent-korjavina23 ГАЛИНА-ПК 03/21/2015 20:37:39
iagent-korjavina23 ГАЛИНА-ПК 03/22/2015 15:43:35
iagent-korjavina6 OMSK12 03/22/2015 21:14:54
iagent-korjavina7 USER-ПК 03/23/2015 09:53:44
iagent-urenko1 ADMIN-ПК 03/23/2015 10:06:43
iagent-korjavina6 OMSK12 03/23/2015 10:14:31
iagent-korjavina25 LENOVO-PC 03/23/2015 10:16:58
iagent-korjavina23 ГАЛИНА-ПК 03/23/2015 10:25:56
iagent-korjavina5 OMSK05 03/23/2015 10:42:14
iagent-korjavina20 SAMSUNG 03/23/2015 11:10:10
iagent-korjavina23 ГАЛИНА-ПК 03/23/2015 11:18:17
iagent-korjavina21 USER-TOSH 03/23/2015 12:28:13
iagent-korjavina20 SAMSUNG 03/23/2015 13:04:07
iagent-korjavina21 USER-TOSH 03/23/2015 13:17:20
iagent-korjavina20 SAMSUNG 03/23/2015 13:28:54
iagent-korjavina8 RCDK-PC 03/23/2015 13:32:30
iagent-korjavina20 SAMSUNG 03/23/2015 13:48:22
iagent-korjavina20 SAMSUNG 03/23/2015 14:02:31
iagent-omsk01 КОМПЬЮТЕР 03/23/2015 14:23:28
iagent-korjavina20 SAMSUNG 03/23/2015 14:53:28
iagent-korjavina21 USER-TOSH 03/23/2015 15:09:01
iagent-korjavina8 RCDK-PC 03/23/2015 15:56:48
iagent-korjavina20 SAMSUNG 03/23/2015 15:58:38
iagent-korjavina21 USER-TOSH 03/23/2015 16:23:09
iagent-korjavina20 SAMSUNG 03/23/2015 16:26:30
iagent-omsk01 КОМПЬЮТЕР 03/23/2015 19:16:52
iagent-korjavina25 LENOVO-PC 03/23/2015 20:05:57
iagent-korjavina17 РАБОЧИЙ 03/24/2015 08:25:29
iagent-korjavina6 OMSK12 03/24/2015 08:41:48
iagent-korjavina8 RCDK-PC 03/24/2015 09:17:28
iagent-korjavina20 SAMSUNG 03/24/2015 09:45:51
iagent-korjavina6 OMSK12 03/24/2015 10:03:18
iagent-korjavina17 РАБОЧИЙ 03/24/2015 10:49:20
iagent-korjavina8 RCDK-PC 03/24/2015 11:20:23
iagent-korjavina20 SAMSUNG 03/24/2015 11:20:59
iagent-korjavina17 РАБОЧИЙ 03/24/2015 12:10:37
iagent-korjavina20 SAMSUNG 03/24/2015 14:13:18
iagent-korjavina21 USER-TOSH 03/24/2015 14:15:05
iagent-korjavina21 USER-TOSH 03/24/2015 15:06:35
iagent-korjavina21 USER-TOSH 03/24/2015 16:13:16
iagent-korjavina20 SAMSUNG 03/24/2015 17:29:12
iagent-korjavina23 ГАЛИНА-ПК 03/24/2015 17:48:07
iagent-korjavina21 USER-TOSH 03/24/2015 18:10:02
iagent-korjavina23 ГАЛИНА-ПК 03/24/2015 20:06:00
iagent-korjavina17 РАБОЧИЙ 03/25/2015 08:20:29
iagent-urenko8 ВЛАДИМИР-ПК 03/25/2015 09:18:32
iagent-korjavina8 RCDK-PC 03/25/2015 10:00:09
iagent-korjavina6 OMSK12 03/25/2015 10:26:15
iagent-korjavina20 SAMSUNG 03/25/2015 10:49:29
iagent-korjavina23 ГАЛИНА-ПК 03/25/2015 11:10:15
iagent-korjavina5 OMSK05 03/25/2015 11:24:24
iagent-korjavina20 SAMSUNG 03/25/2015 12:27:40
iagent-korjavina21 USER-TOSH 03/25/2015 13:08:42
iagent-korjavina21 USER-TOSH 03/25/2015 13:29:03
iagent-omsk02 USER-PC 03/25/2015 13:33:40
iagent-omsk02 USER-PC 03/25/2015 13:38:30
iagent-korjavina20 SAMSUNG 03/25/2015 13:53:52
iagent-omsk02 USER-PC 03/25/2015 14:09:45
iagent-urenko1 ADMIN-ПК 03/25/2015 14:36:33
iagent-omsk02 USER-PC 03/25/2015 14:46:03
iagent-korjavina20 SAMSUNG 03/25/2015 14:48:06
iagent-korjavina23 ГАЛИНА-ПК 03/25/2015 15:16:10
iagent-korjavina20 SAMSUNG 03/25/2015 15:47:24
iagent-omsk02 USER-PC 03/25/2015 16:11:48
iagent-korjavina20 SAMSUNG 03/25/2015 16:29:16
iagent-korjavina21 USER-TOSH 03/25/2015 17:44:32
iagent-korjavina20 SAMSUNG 03/25/2015 17:45:23
iagent-korjavina23 ГАЛИНА-ПК 03/25/2015 17:52:28
iagent-korjavina21 USER-TOSH 03/25/2015 19:38:56
iagent-korjavina23 ГАЛИНА-ПК 03/25/2015 20:37:48
iagent-korjavina17 РАБОЧИЙ 03/26/2015 08:34:49
iagent-urenko1 ADMIN-ПК 03/26/2015 09:04:08
iagent-korjavina6 OMSK12 03/26/2015 09:49:14
iagent-korjavina23 ГАЛИНА-ПК 03/26/2015 09:58:39
iagent-korjavina20 SAMSUNG 03/26/2015 10:30:06
iagent-korjavina5 OMSK05 03/26/2015 11:04:32
iagent-urenko1 ADMIN-ПК 03/26/2015 11:27:19
iagent-korjavina20 SAMSUNG 03/26/2015 12:13:34
iagent-korjavina20 SAMSUNG 03/26/2015 12:27:51
iagent-korjavina21 USER-TOSH 03/26/2015 12:29:26
iagent-korjavina23 ГАЛИНА-ПК 03/26/2015 12:59:19
iagent-urenko1 ADMIN-ПК 03/26/2015 14:26:10
iagent-korjavina20 SAMSUNG 03/26/2015 16:31:09
iagent-korjavina6 OMSK12 03/26/2015 16:46:06
iagent-korjavina26 HOME 03/26/2015 16:51:40
iagent-korjavina21 USER-TOSH 03/26/2015 16:52:33
iagent-korjavina21 USER-TOSH 03/26/2015 17:45:58
iagent-korjavina23 ГАЛИНА-ПК 03/26/2015 18:11:52
iagent-korjavina20 SAMSUNG 03/26/2015 19:31:25
iagent-korjavina23 ГАЛИНА-ПК 03/26/2015 19:44:26
iagent-korjavina20 SAMSUNG 03/26/2015 20:09:33
iagent-korjavina25 LENOVO-PC 03/26/2015 20:11:47
iagent-korjavina25 LENOVO-PC 03/26/2015 23:30:14
iagent-korjavina17 РАБОЧИЙ 03/27/2015 08:26:16
iagent-korjavina23 ГАЛИНА-ПК 03/27/2015 09:33:50
iagent-korjavina6 OMSK12 03/27/2015 09:51:59
iagent-korjavina20 SAMSUNG 03/27/2015 11:21:37
iagent-korjavina26 HOME 03/27/2015 11:32:57
iagent-urenko1 ADMIN-ПК 03/27/2015 11:39:33
iagent-korjavina21 USER-TOSH 03/27/2015 12:06:13
iagent-korjavina21 USER-TOSH 03/27/2015 12:54:56
iagent-korjavina23 ГАЛИНА-ПК 03/27/2015 13:22:38
iagent-korjavina21 USER-TOSH 03/27/2015 14:42:51
iagent-korjavina23 ГАЛИНА-ПК 03/27/2015 14:57:26
iagent-korjavina20 SAMSUNG 03/27/2015 16:30:54
iagent-korjavina21 USER-TOSH 03/27/2015 18:09:17
iagent-korjavina23 ГАЛИНА-ПК 03/27/2015 21:00:36
iagent-korjavina17 РАБОЧИЙ 03/28/2015 09:00:44
iagent-omsk02 USER-PC 03/28/2015 09:32:14
iagent-omsk02 USER-PC 03/28/2015 10:23:35
iagent-urenko1 ADMIN-ПК 03/28/2015 10:40:59
iagent-omsk02 USER-PC 03/28/2015 10:42:06
iagent-korjavina23 ГАЛИНА-ПК 03/28/2015 11:00:35
iagent-korjavina21 USER-TOSH 03/28/2015 11:51:06
iagent-korjavina20 SAMSUNG 03/28/2015 12:19:42
iagent-omsk02 USER-PC 03/28/2015 12:29:02
iagent-omsk02 USER-PC 03/28/2015 12:29:44
iagent-omsk02 USER-PC 03/28/2015 12:30:44
iagent-omsk02 USER-PC 03/28/2015 12:31:43
iagent-omsk02 USER-PC 03/28/2015 12:32:52
iagent-omsk02 USER-PC 03/28/2015 12:34:41
iagent-omsk02 USER-PC 03/28/2015 12:35:56
iagent-omsk02 USER-PC 03/28/2015 12:43:37
iagent-korjavina21 USER-TOSH 03/28/2015 12:44:17
iagent-omsk02 USER-PC 03/28/2015 12:46:27
iagent-omsk02 USER-PC 03/28/2015 12:47:15
iagent-omsk02 USER-PC 03/28/2015 12:48:10
iagent-omsk02 USER-PC 03/28/2015 12:48:52
iagent-omsk02 USER-PC 03/28/2015 12:51:14
iagent-korjavina21 USER-TOSH 03/28/2015 13:10:41
iagent-korjavina21 USER-TOSH 03/28/2015 13:31:02
iagent-korjavina20 SAMSUNG 03/28/2015 13:31:49
iagent-korjavina21 USER-TOSH 03/28/2015 13:38:38
iagent-omsk02 USER-PC 03/28/2015 13:53:32
iagent-korjavina23 ГАЛИНА-ПК 03/28/2015 14:32:49
iagent-korjavina23 ГАЛИНА-ПК 03/28/2015 15:45:33
iagent-korjavina21 USER-TOSH 03/28/2015 16:04:16
iagent-korjavina21 USER-TOSH 03/28/2015 16:35:53
iagent-korjavina23 ГАЛИНА-ПК 03/28/2015 17:02:36
iagent-korjavina23 ГАЛИНА-ПК 03/28/2015 19:23:45
iagent-korjavina23 ГАЛИНА-ПК 03/28/2015 22:58:24
iagent-korjavina23 ГАЛИНА-ПК 03/29/2015 06:27:27
iagent-omsk02 USER-PC 03/29/2015 09:01:22
iagent-omsk02 USER-PC 03/29/2015 09:02:11
iagent-omsk02 USER-PC 03/29/2015 09:37:18
iagent-omsk02 USER-PC 03/29/2015 09:40:01
iagent-omsk02 USER-PC 03/29/2015 09:42:26
iagent-omsk02 USER-PC 03/29/2015 09:43:13
iagent-omsk02 USER-PC 03/29/2015 09:45:36
iagent-omsk02 USER-PC 03/29/2015 09:47:12
iagent-omsk02 USER-PC 03/29/2015 09:51:14
iagent-omsk02 USER-PC 03/29/2015 09:52:03
iagent-omsk02 USER-PC 03/29/2015 09:53:02
iagent-omsk02 USER-PC 03/29/2015 09:54:36
iagent-omsk02 USER-PC 03/29/2015 09:55:29
iagent-korjavina23 ГАЛИНА-ПК 03/29/2015 10:01:11
iagent-korjavina20 SAMSUNG 03/29/2015 11:51:17
iagent-korjavina23 ГАЛИНА-ПК 03/29/2015 12:45:34
iagent-korjavina20 SAMSUNG 03/29/2015 12:47:46
iagent-korjavina23 ГАЛИНА-ПК 03/29/2015 14:27:54
iagent-omsk02 USER-PC 03/29/2015 15:58:17
iagent-korjavina23 ГАЛИНА-ПК 03/29/2015 16:27:25
iagent-korjavina25 LENOVO-PC 03/29/2015 19:38:09
iagent-korjavina20 SAMSUNG 03/29/2015 19:48:51
iagent-omsk02 USER-PC 03/29/2015 20:55:13
iagent-omsk02 USER-PC 03/29/2015 21:30:47
iagent-korjavina8 RCDK-PC 03/30/2015 08:54:14
iagent-korjavina8 RCDK-PC 03/30/2015 09:30:13
iagent-korjavina6 OMSK12 03/30/2015 09:51:04
iagent-korjavina6 OMSK12 03/30/2015 10:00:16
iagent-korjavina8 RCDK-PC 03/30/2015 10:03:22
iagent-korjavina6 OMSK12 03/30/2015 10:14:53
iagent-korjavina6 OMSK12 03/30/2015 10:33:30
iagent-omsk02 USER-PC 03/30/2015 10:39:03
iagent-korjavina20 SAMSUNG 03/30/2015 10:42:54
iagent-korjavina20 SAMSUNG 03/30/2015 10:52:38
iagent-korjavina20 SAMSUNG 03/30/2015 11:01:05
iagent-korjavina6 OMSK12 03/30/2015 11:02:09
iagent-korjavina20 SAMSUNG 03/30/2015 11:35:05
iagent-korjavina25 LENOVO-PC 03/30/2015 11:47:13
iagent-korjavina23 ГАЛИНА-ПК 03/30/2015 11:49:22
iagent-korjavina20 SAMSUNG 03/30/2015 12:27:39
iagent-korjavina20 SAMSUNG 03/30/2015 13:03:24
iagent-korjavina20 SAMSUNG 03/30/2015 13:51:57
iagent-omsk02 USER-PC 03/30/2015 13:58:43
iagent-korjavina20 SAMSUNG 03/30/2015 14:58:25
iagent-korjavina20 SAMSUNG 03/30/2015 15:34:28
iagent-korjavina20 SAMSUNG 03/30/2015 16:00:43
iagent-korjavina8 RCDK-PC 03/30/2015 16:24:44
iagent-korjavina20 SAMSUNG 03/30/2015 17:35:04
iagent-korjavina20 SAMSUNG 03/30/2015 18:09:48
iagent-korjavina25 LENOVO-PC 03/30/2015 21:05:40
iagent-omsk02 USER-PC 03/30/2015 21:15:39
iagent-korjavina17 РАБОЧИЙ 03/31/2015 08:38:36
iagent-korjavina8 RCDK-PC 03/31/2015 08:51:38
iagent-korjavina5 OMSK05 03/31/2015 09:13:31
iagent-korjavina20 SAMSUNG 03/31/2015 09:19:47
iagent-korjavina6 OMSK12 03/31/2015 09:39:04
iagent-korjavina6 OMSK12 03/31/2015 10:32:07
iagent-korjavina23 ГАЛИНА-ПК 03/31/2015 10:49:33
iagent-korjavina8 RCDK-PC 03/31/2015 13:31:11
iagent-korjavina21 USER-TOSH 03/31/2015 13:34:58
iagent-korjavina2 OTDSTRPC2 03/31/2015 14:12:04
iagent-korjavina20 SAMSUNG 03/31/2015 14:16:39
iagent-korjavina20 SAMSUNG 03/31/2015 14:30:47
iagent-omsk01 КОМПЬЮТЕР 03/31/2015 14:54:18
iagent-korjavina20 SAMSUNG 03/31/2015 15:53:00
iagent-omsk02 USER-PC 03/31/2015 16:25:02
iagent-omsk02 USER-PC 03/31/2015 16:42:05
iagent-korjavina23 ГАЛИНА-ПК 03/31/2015 16:55:01
iagent-omsk02 USER-PC 03/31/2015 17:06:18
iagent-korjavina6 OMSK12 03/31/2015 17:47:33
iagent-korjavina21 USER-TOSH 03/31/2015 18:13:50
iagent-korjavina20 SAMSUNG 03/31/2015 18:15:44
iagent-korjavina23 ГАЛИНА-ПК 03/31/2015 18:52:38
iagent-korjavina20 SAMSUNG 03/31/2015 19:08:51
iagent-omsk01 КОМПЬЮТЕР 03/31/2015 20:12:26
iagent-korjavina23 ГАЛИНА-ПК 04/01/2015 00:03:41
iagent-korjavina23 ГАЛИНА-ПК 04/01/2015 08:32:09
iagent-korjavina8 RCDK-PC 04/01/2015 09:10:39
iagent-korjavina17 РАБОЧИЙ 04/01/2015 09:54:01
iagent-korjavina6 OMSK12 04/01/2015 09:57:49
iagent-omsk02 USER-PC 04/01/2015 10:37:46
iagent-korjavina5 OMSK05 04/01/2015 10:38:31
iagent-urenko1 ADMIN-ПК 04/01/2015 10:52:35
iagent-omsk02 USER-PC 04/01/2015 10:54:56
iagent-omsk02 USER-PC 04/01/2015 11:02:42
iagent-omsk02 USER-PC 04/01/2015 11:21:05
iagent-omsk02 USER-PC 04/01/2015 11:27:48
iagent-omsk02 USER-PC 04/01/2015 11:43:47
iagent-korjavina25 LENOVO-PC 04/01/2015 11:46:55
iagent-omsk02 USER-PC 04/01/2015 11:49:50
iagent-omsk02 USER-PC 04/01/2015 11:57:06
iagent-korjavina23 ГАЛИНА-ПК 04/01/2015 13:14:42
iagent-korjavina21 USER-TOSH 04/01/2015 13:43:32
iagent-korjavina17 РАБОЧИЙ 04/01/2015 13:48:42
iagent-korjavina20 SAMSUNG 04/01/2015 14:02:47
iagent-omsk02 USER-PC 04/01/2015 15:06:31
iagent-omsk02 USER-PC 04/01/2015 15:33:27
iagent-korjavina20 SAMSUNG 04/01/2015 15:33:34
iagent-korjavina24 X-ПК 04/01/2015 15:41:52
iagent-korjavina20 SAMSUNG 04/01/2015 16:01:25
iagent-korjavina21 USER-TOSH 04/01/2015 16:13:02
iagent-omsk02 USER-PC 04/01/2015 16:42:25
iagent-korjavina8 RCDK-PC 04/01/2015 17:19:48
iagent-korjavina21 USER-TOSH 04/01/2015 17:48:07
iagent-korjavina23 ГАЛИНА-ПК 04/01/2015 17:56:07
iagent-korjavina20 SAMSUNG 04/01/2015 17:56:42
iagent-omsk01 КОМПЬЮТЕР 04/01/2015 19:16:26
iagent-korjavina23 ГАЛИНА-ПК 04/01/2015 20:56:24
iagent-omsk02 USER-PC 04/01/2015 21:04:59
iagent-korjavina17 РАБОЧИЙ 04/02/2015 08:27:04
iagent-korjavina8 RCDK-PC 04/02/2015 08:31:14
iagent-korjavina9 РАБОЧИЙ-ПК 04/02/2015 09:21:21
iagent-korjavina6 OMSK12 04/02/2015 09:24:37
iagent-korjavina20 SAMSUNG 04/02/2015 10:40:25
iagent-korjavina17 РАБОЧИЙ 04/02/2015 12:08:51
iagent-korjavina20 SAMSUNG 04/02/2015 12:11:09
iagent-korjavina20 SAMSUNG 04/02/2015 12:53:25
iagent-korjavina21 USER-TOSH 04/02/2015 13:08:43
iagent-korjavina23 ГАЛИНА-ПК 04/02/2015 13:37:41
iagent-korjavina9 РАБОЧИЙ-ПК 04/02/2015 14:54:21
iagent-omsk01 КОМПЬЮТЕР 04/02/2015 15:32:11
iagent-omsk01 КОМПЬЮТЕР 04/02/2015 15:44:54
iagent-korjavina21 USER-TOSH 04/02/2015 16:02:34
iagent-korjavina20 SAMSUNG 04/02/2015 17:17:29
iagent-korjavina23 ГАЛИНА-ПК 04/02/2015 17:51:00
iagent-korjavina20 SAMSUNG 04/02/2015 18:09:40
iagent-korjavina20 SAMSUNG 04/02/2015 18:20:05
iagent-korjavina21 USER-TOSH 04/02/2015 18:25:25
iagent-korjavina24 X-ПК 04/02/2015 20:21:28
iagent-korjavina17 РАБОЧИЙ 04/03/2015 08:32:27
iagent-korjavina20 SAMSUNG 04/03/2015 09:30:12
iagent-korjavina6 OMSK12 04/03/2015 09:32:37
iagent-korjavina5 OMSK05 04/03/2015 09:36:14
iagent-korjavina23 ГАЛИНА-ПК 04/03/2015 09:58:53
iagent-omsk02 USER-PC 04/03/2015 10:31:18
iagent-omsk02 USER-PC 04/03/2015 11:17:15
iagent-korjavina20 SAMSUNG 04/03/2015 11:24:31
iagent-korjavina23 ГАЛИНА-ПК 04/03/2015 12:16:59
iagent-korjavina20 SAMSUNG 04/03/2015 13:10:52
iagent-korjavina17 РАБОЧИЙ 04/03/2015 13:12:38
iagent-korjavina24 X-ПК 04/03/2015 13:44:05
iagent-omsk01 КОМПЬЮТЕР 04/03/2015 14:16:43
iagent-korjavina20 SAMSUNG 04/03/2015 14:39:53
iagent-urenko1 ADMIN-ПК 04/03/2015 15:06:48
iagent-korjavina23 ГАЛИНА-ПК 04/03/2015 15:32:59
iagent-omsk02 USER-PC 04/03/2015 15:57:34
iagent-omsk02 USER-PC 04/03/2015 16:27:57
iagent-korjavina17 РАБОЧИЙ 04/03/2015 16:47:25
iagent-omsk02 USER-PC 04/03/2015 17:02:19
iagent-korjavina20 SAMSUNG 04/03/2015 17:46:24
iagent-korjavina23 ГАЛИНА-ПК 04/03/2015 18:37:36
iagent-korjavina17 РАБОЧИЙ 04/04/2015 08:35:37
iagent-omsk02 USER-PC 04/04/2015 09:04:39
iagent-omsk02 USER-PC 04/04/2015 09:45:16
iagent-omsk02 USER-PC 04/04/2015 09:58:30
iagent-urenko1 ADMIN-ПК 04/04/2015 10:22:45
iagent-omsk02 USER-PC 04/04/2015 10:32:27
iagent-korjavina20 SAMSUNG 04/04/2015 10:34:05
iagent-omsk02 USER-PC 04/04/2015 10:46:17
iagent-urenko1 ADMIN-ПК 04/04/2015 11:14:43
iagent-omsk02 USER-PC 04/04/2015 11:22:03
iagent-korjavina20 SAMSUNG 04/04/2015 11:27:18
iagent-korjavina21 USER-TOSH 04/04/2015 11:28:12
iagent-korjavina20 SAMSUNG 04/04/2015 11:53:09
iagent-korjavina21 USER-TOSH 04/04/2015 12:01:57
iagent-omsk02 USER-PC 04/04/2015 12:03:16
iagent-omsk01 КОМПЬЮТЕР 04/04/2015 12:12:29
iagent-korjavina23 ГАЛИНА-ПК 04/04/2015 12:24:31
iagent-omsk02 USER-PC 04/04/2015 12:24:45
iagent-omsk02 USER-PC 04/04/2015 12:54:18
iagent-korjavina21 USER-TOSH 04/04/2015 13:07:54
iagent-korjavina20 SAMSUNG 04/04/2015 14:02:30
iagent-omsk02 USER-PC 04/04/2015 14:53:21
iagent-korjavina21 USER-TOSH 04/04/2015 15:10:21
iagent-omsk02 USER-PC 04/04/2015 15:58:43
iagent-omsk02 USER-PC 04/04/2015 16:09:51
iagent-omsk02 USER-PC 04/04/2015 16:25:35
iagent-omsk02 USER-PC 04/04/2015 17:23:35
iagent-omsk02 USER-PC 04/04/2015 17:35:10
iagent-korjavina26 HOME 04/04/2015 20:12:04
iagent-omsk01 КОМПЬЮТЕР 04/04/2015 22:01:21
iagent-korjavina23 ГАЛИНА-ПК 04/05/2015 09:27:45
iagent-omsk02 USER-PC 04/05/2015 10:00:39
iagent-omsk02 USER-PC 04/05/2015 11:58:36
iagent-omsk02 USER-PC 04/05/2015 12:57:13
iagent-omsk02 USER-PC 04/05/2015 13:22:19
iagent-omsk01 КОМПЬЮТЕР 04/05/2015 14:27:40
iagent-korjavina23 ГАЛИНА-ПК 04/05/2015 18:54:37
iagent-korjavina23 ГАЛИНА-ПК 04/05/2015 21:34:08
iagent-korjavina23 ГАЛИНА-ПК 04/05/2015 22:28:48
iagent-korjavina25 LENOVO-PC 04/06/2015 00:13:04
iagent-omsk01 КОМПЬЮТЕР 04/06/2015 08:41:08
iagent-korjavina8 RCDK-PC 04/06/2015 08:46:13
iagent-urenko1 ADMIN-ПК 04/06/2015 09:29:30
iagent-korjavina21 USER-TOSH 04/06/2015 10:10:05
iagent-korjavina6 OMSK12 04/06/2015 10:11:09
iagent-korjavina20 SAMSUNG 04/06/2015 10:16:36
iagent-korjavina23 ГАЛИНА-ПК 04/06/2015 10:18:44
iagent-korjavina20 SAMSUNG 04/06/2015 10:50:42
iagent-korjavina20 SAMSUNG 04/06/2015 11:50:15
iagent-korjavina21 USER-TOSH 04/06/2015 12:40:23
iagent-korjavina21 USER-TOSH 04/06/2015 13:15:31
iagent-korjavina23 ГАЛИНА-ПК 04/06/2015 13:21:55
iagent-korjavina5 OMSK05 04/06/2015 13:31:13
iagent-korjavina20 SAMSUNG 04/06/2015 14:09:51
iagent-omsk01 КОМПЬЮТЕР 04/06/2015 14:33:37
iagent-korjavina8 RCDK-PC 04/06/2015 14:38:14
iagent-korjavina20 SAMSUNG 04/06/2015 14:48:22
iagent-korjavina21 USER-TOSH 04/06/2015 16:16:56
iagent-korjavina23 ГАЛИНА-ПК 04/06/2015 16:19:35
iagent-korjavina23 ГАЛИНА-ПК 04/06/2015 16:21:20
iagent-korjavina20 SAMSUNG 04/06/2015 16:57:32
iagent-korjavina20 SAMSUNG 04/06/2015 17:05:56
iagent-korjavina21 USER-TOSH 04/06/2015 17:31:53
iagent-omsk01 КОМПЬЮТЕР 04/06/2015 19:34:29
iagent-korjavina23 ГАЛИНА-ПК 04/06/2015 23:40:52
iagent-korjavina8 RCDK-PC 04/07/2015 08:07:33
iagent-korjavina17 РАБОЧИЙ 04/07/2015 08:38:33
iagent-korjavina5 OMSK05 04/07/2015 09:14:21
iagent-korjavina6 OMSK12 04/07/2015 09:15:16
iagent-omsk01 КОМПЬЮТЕР 04/07/2015 09:43:28
iagent-urenko1 ADMIN-ПК 04/07/2015 09:57:12
iagent-korjavina20 SAMSUNG 04/07/2015 10:00:17
iagent-korjavina21 USER-TOSH 04/07/2015 10:41:59
iagent-korjavina20 SAMSUNG 04/07/2015 10:48:34
iagent-korjavina23 ГАЛИНА-ПК 04/07/2015 11:13:49
iagent-korjavina21 USER-TOSH 04/07/2015 11:17:22
iagent-omsk02 USER-PC 04/07/2015 11:33:27
iagent-korjavina25 LENOVO-PC 04/07/2015 11:47:22
iagent-omsk01 КОМПЬЮТЕР 04/07/2015 11:51:58
iagent-omsk02 USER-PC 04/07/2015 11:59:38
iagent-korjavina25 LENOVO-PC 04/07/2015 12:22:13
iagent-korjavina21 USER-TOSH 04/07/2015 12:46:04
iagent-korjavina8 RCDK-PC 04/07/2015 12:50:23
iagent-urenko1 ADMIN-ПК 04/07/2015 14:18:39
iagent-korjavina20 SAMSUNG 04/07/2015 15:11:40
iagent-korjavina21 USER-TOSH 04/07/2015 15:24:35
iagent-omsk01 КОМПЬЮТЕР 04/07/2015 17:47:48
iagent-omsk01 КОМПЬЮТЕР 04/07/2015 19:42:30
iagent-korjavina24 X-ПК 04/07/2015 21:16:11
iagent-korjavina17 РАБОЧИЙ 04/08/2015 08:30:38
iagent-korjavina8 RCDK-PC 04/08/2015 08:40:58
iagent-urenko1 ADMIN-ПК 04/08/2015 08:44:02
iagent-korjavina6 OMSK12 04/08/2015 09:12:45
iagent-korjavina OMSKTEMP02 04/08/2015 09:36:10
iagent-korjavina20 SAMSUNG 04/08/2015 11:23:12
iagent-omsk01 КОМПЬЮТЕР 04/08/2015 11:32:40
iagent-omsk02 USER-PC 04/08/2015 11:36:00
iagent-korjavina24 X-ПК 04/08/2015 12:13:43
iagent-omsk02 USER-PC 04/08/2015 12:44:42
iagent-omsk02 USER-PC 04/08/2015 13:05:19
iagent-korjavina20 SAMSUNG 04/08/2015 14:11:45
iagent-urenko1 ADMIN-ПК 04/08/2015 14:51:54
iagent-korjavina21 USER-TOSH 04/08/2015 16:23:40
iagent-korjavina20 SAMSUNG 04/08/2015 16:34:19
iagent-korjavina21 USER-TOSH 04/08/2015 17:51:08
iagent-korjavina26 HOME 04/08/2015 20:54:55
iagent-omsk02 USER-PC 04/08/2015 21:19:39
iagent-korjavina24 X-ПК 04/08/2015 23:18:28
iagent-korjavina17 РАБОЧИЙ 04/09/2015 08:19:15
iagent-korjavina6 OMSK12 04/09/2015 09:00:50
iagent-korjavina8 RCDK-PC 04/09/2015 09:17:58
iagent-urenko1 ADMIN-ПК 04/09/2015 09:25:17
iagent-korjavina20 SAMSUNG 04/09/2015 10:08:10
iagent-urenko1 ADMIN-ПК 04/09/2015 10:22:55
iagent-korjavina20 SAMSUNG 04/09/2015 11:03:07
iagent-omsk01 КОМПЬЮТЕР 04/09/2015 11:41:41
iagent-korjavina21 USER-TOSH 04/09/2015 12:11:30
iagent-korjavina20 SAMSUNG 04/09/2015 12:18:09
iagent-urenko1 ADMIN-ПК 04/09/2015 12:18:33
iagent-korjavina21 USER-TOSH 04/09/2015 13:27:42
iagent-korjavina20 SAMSUNG 04/09/2015 13:35:05
iagent-korjavina21 USER-TOSH 04/09/2015 13:44:08
iagent-korjavina24 X-ПК 04/09/2015 13:57:12
iagent-urenko1 ADMIN-ПК 04/09/2015 14:29:07
iagent-omsk01 КОМПЬЮТЕР 04/09/2015 15:08:45
iagent-korjavina20 SAMSUNG 04/09/2015 15:15:44
iagent-korjavina21 USER-TOSH 04/09/2015 15:38:51
iagent-korjavina25 LENOVO-PC 04/09/2015 16:03:18
iagent-korjavina21 USER-TOSH 04/09/2015 16:06:21
iagent-korjavina20 SAMSUNG 04/09/2015 16:25:40
iagent-korjavina21 USER-TOSH 04/09/2015 17:01:34
iagent-korjavina20 SAMSUNG 04/09/2015 17:19:16
iagent-korjavina21 USER-TOSH 04/09/2015 17:28:00
iagent-korjavina25 LENOVO-PC 04/09/2015 17:54:22
iagent-omsk01 КОМПЬЮТЕР 04/09/2015 19:06:33
iagent-korjavina25 LENOVO-PC 04/09/2015 19:52:13
iagent-omsk01 КОМПЬЮТЕР 04/09/2015 22:10:58
iagent-korjavina25 LENOVO-PC 04/10/2015 01:20:53
iagent-korjavina17 РАБОЧИЙ 04/10/2015 08:34:19
iagent-korjavina8 RCDK-PC 04/10/2015 08:41:20
iagent-korjavina25 LENOVO-PC 04/10/2015 08:44:29
iagent-korjavina20 SAMSUNG 04/10/2015 09:02:51
iagent-omsk01 КОМПЬЮТЕР 04/10/2015 09:03:48
iagent-korjavina6 OMSK12 04/10/2015 09:05:16
iagent-korjavina20 SAMSUNG 04/10/2015 09:14:27
iagent-korjavina21 USER-TOSH 04/10/2015 09:42:43
iagent-urenko1 ADMIN-ПК 04/10/2015 09:46:27
iagent-omsk02 USER-PC 04/10/2015 10:13:08
iagent-korjavina20 SAMSUNG 04/10/2015 10:36:19
iagent-korjavina20 SAMSUNG 04/10/2015 11:29:12
iagent-korjavina6 OMSK12 04/10/2015 11:44:46
iagent-omsk01 КОМПЬЮТЕР 04/10/2015 11:54:46
iagent-korjavina20 SAMSUNG 04/10/2015 13:05:19
iagent-korjavina20 SAMSUNG 04/10/2015 13:45:22
iagent-korjavina20 SAMSUNG 04/10/2015 14:03:02
iagent-korjavina6 OMSK12 04/10/2015 14:05:26
iagent-korjavina20 SAMSUNG 04/10/2015 14:09:48
iagent-urenko1 ADMIN-ПК 04/10/2015 14:24:07
iagent-korjavina5 OMSK05 04/10/2015 14:32:01
iagent-omsk02 USER-PC 04/10/2015 14:37:35
iagent-omsk01 КОМПЬЮТЕР 04/10/2015 15:13:25
iagent-omsk02 USER-PC 04/10/2015 15:43:41
iagent-korjavina8 RCDK-PC 04/10/2015 15:44:09
iagent-omsk02 USER-PC 04/10/2015 16:03:11
iagent-omsk02 USER-PC 04/10/2015 16:40:02
iagent-korjavina21 USER-TOSH 04/10/2015 16:41:28
iagent-korjavina20 SAMSUNG 04/10/2015 16:49:56
iagent-omsk01 КОМПЬЮТЕР 04/10/2015 17:34:47
iagent-korjavina25 LENOVO-PC 04/10/2015 17:58:22
iagent-korjavina21 USER-TOSH 04/10/2015 18:25:59
iagent-korjavina20 SAMSUNG 04/10/2015 19:40:47
iagent-omsk02 USER-PC 04/10/2015 20:09:33
iagent-korjavina25 LENOVO-PC 04/10/2015 20:42:03
iagent-omsk02 USER-PC 04/10/2015 22:56:04
iagent-korjavina24 X-ПК 04/10/2015 23:36:06
iagent-korjavina20 SAMSUNG 04/11/2015 08:32:14
iagent-omsk02 USER-PC 04/11/2015 08:54:41
iagent-korjavina17 РАБОЧИЙ 04/11/2015 09:12:52
iagent-korjavina21 USER-TOSH 04/11/2015 09:48:12
iagent-omsk02 USER-PC 04/11/2015 10:01:29
iagent-omsk02 USER-PC 04/11/2015 11:12:26
iagent-korjavina21 USER-TOSH 04/11/2015 11:42:43
iagent-korjavina25 LENOVO-PC 04/11/2015 12:03:20
iagent-omsk02 USER-PC 04/11/2015 12:37:24
iagent-korjavina21 USER-TOSH 04/11/2015 12:49:28
iagent-korjavina21 USER-TOSH 04/11/2015 12:57:08
iagent-omsk02 USER-PC 04/11/2015 13:07:25
iagent-omsk02 USER-PC 04/11/2015 13:34:00
iagent-korjavina8 RCDK-PC 04/11/2015 13:42:38
iagent-korjavina20 SAMSUNG 04/11/2015 14:04:28
iagent-omsk02 USER-PC 04/11/2015 14:59:58
iagent-omsk02 USER-PC 04/11/2015 15:05:21
iagent-korjavina21 USER-TOSH 04/11/2015 15:20:13
iagent-korjavina21 USER-TOSH 04/11/2015 16:06:11
iagent-korjavina21 USER-TOSH 04/11/2015 17:25:46
iagent-korjavina24 X-ПК 04/11/2015 20:49:07
iagent-omsk01 КОМПЬЮТЕР 04/11/2015 20:50:33
iagent-omsk01 КОМПЬЮТЕР 04/11/2015 21:20:23
iagent-korjavina23 ГАЛИНА-ПК 04/12/2015 13:28:23
iagent-korjavina26 HOME 04/12/2015 14:11:45
iagent-korjavina24 X-ПК 04/12/2015 15:50:01
iagent-omsk01 КОМПЬЮТЕР 04/12/2015 20:15:59
iagent-korjavina23 ГАЛИНА-ПК 04/12/2015 20:52:39
iagent-korjavina25 LENOVO-PC 04/12/2015 21:23:42
iagent-korjavina8 RCDK-PC 04/13/2015 08:12:06
iagent-korjavina4 PC012APC 04/13/2015 08:53:15
iagent-korjavina5 OMSK05 04/13/2015 08:54:39
iagent-korjavina6 OMSK12 04/13/2015 09:08:08
iagent-urenko1 ADMIN-ПК 04/13/2015 09:27:44
iagent-korjavina2 OTDSTRPC2 04/13/2015 10:33:08
iagent-korjavina21 USER-TOSH 04/13/2015 11:19:55
iagent-korjavina26 HOME 04/13/2015 11:24:36
iagent-korjavina23 ГАЛИНА-ПК 04/13/2015 11:45:01
iagent-korjavina21 USER-TOSH 04/13/2015 12:47:13
iagent-korjavina24 X-ПК 04/13/2015 13:03:11
iagent-korjavina20 SAMSUNG 04/13/2015 13:07:53
iagent-korjavina20 SAMSUNG 04/13/2015 13:36:07
iagent-korjavina20 SAMSUNG 04/13/2015 14:06:51
iagent-korjavina20 SAMSUNG 04/13/2015 15:16:31
iagent-urenko1 ADMIN-ПК 04/13/2015 16:16:06
iagent-korjavina21 USER-TOSH 04/13/2015 17:35:51
iagent-korjavina21 USER-TOSH 04/13/2015 18:25:35
iagent-korjavina26 HOME 04/13/2015 18:51:02
iagent-korjavina20 SAMSUNG 04/14/2015 08:50:34
iagent-korjavina6 OMSK12 04/14/2015 08:57:55
iagent-korjavina17 РАБОЧИЙ 04/14/2015 09:03:31
iagent-korjavina5 OMSK05 04/14/2015 09:07:17
iagent-urenko1 ADMIN-ПК 04/14/2015 09:20:49
iagent-omsk02 USER-PC 04/14/2015 10:07:23
iagent-korjavina20 SAMSUNG 04/14/2015 10:25:48
iagent-urenko1 ADMIN-ПК 04/14/2015 10:36:19
iagent-korjavina2 OTDSTRPC2 04/14/2015 11:06:02
iagent-korjavina23 ГАЛИНА-ПК 04/14/2015 11:23:30
iagent-korjavina21 USER-TOSH 04/14/2015 11:24:41
iagent-urenko1 ADMIN-ПК 04/14/2015 11:46:02
iagent-korjavina21 USER-TOSH 04/14/2015 13:11:21
iagent-korjavina8 RCDK-PC 04/14/2015 13:16:55
iagent-omsk02 USER-PC 04/14/2015 13:38:39
iagent-korjavina20 SAMSUNG 04/14/2015 14:06:53
iagent-korjavina23 ГАЛИНА-ПК 04/14/2015 15:58:14
iagent-korjavina20 SAMSUNG 04/14/2015 18:44:54
iagent-korjavina20 SAMSUNG 04/14/2015 18:57:01
iagent-korjavina25 LENOVO-PC 04/14/2015 20:49:00
iagent-korjavina17 РАБОЧИЙ 04/15/2015 08:19:31
iagent-korjavina6 OMSK12 04/15/2015 09:13:48
iagent-korjavina20 SAMSUNG 04/15/2015 09:17:13
iagent-korjavina5 OMSK05 04/15/2015 11:05:07
iagent-korjavina2 OTDSTRPC2 04/15/2015 11:06:12
iagent-korjavina20 SAMSUNG 04/15/2015 11:59:43
iagent-korjavina2 OTDSTRPC2 04/15/2015 12:29:11
iagent-korjavina21 USER-TOSH 04/15/2015 12:41:31
iagent-korjavina20 SAMSUNG 04/15/2015 12:43:40
iagent-korjavina23 ГАЛИНА-ПК 04/15/2015 13:16:34
iagent-korjavina21 USER-TOSH 04/15/2015 13:30:53
iagent-korjavina20 SAMSUNG 04/15/2015 13:55:23
iagent-korjavina21 USER-TOSH 04/15/2015 15:17:41
iagent-urenko1 ADMIN-ПК 04/15/2015 15:27:35
iagent-korjavina20 SAMSUNG 04/15/2015 15:44:20
iagent-korjavina21 USER-TOSH 04/15/2015 16:26:26
iagent-korjavina20 SAMSUNG 04/15/2015 17:00:37
iagent-korjavina20 SAMSUNG 04/15/2015 18:20:24
iagent-korjavina21 USER-TOSH 04/15/2015 18:20:33
iagent-korjavina26 HOME 04/15/2015 19:50:08
iagent-korjavina23 ГАЛИНА-ПК 04/15/2015 19:55:41
iagent-korjavina17 РАБОЧИЙ 04/16/2015 08:25:54
iagent-korjavina20 SAMSUNG 04/16/2015 08:56:11
iagent-korjavina20 SAMSUNG 04/16/2015 09:20:08
iagent-urenko1 ADMIN-ПК 04/16/2015 09:48:36
iagent-korjavina2 OTDSTRPC2 04/16/2015 10:05:58
